[2025-07-17 22:58:15.509] [info] Loaded model Athlete_03_MRI_scaled_updated_masses from file c:\Git\1_current_projects\powerlifing_model\models\Athlete_03_MRI_scaled_scaledMasses_increased_3.00.osim
[2025-07-17 22:58:16.791] [cout] [info] 
               MODEL: Athlete_03_MRI_scaled_updated_masses
         coordinates: 26
              forces: 80
           actuators: 80
             muscles: 80
            analyses: 0
              probes: 0
              bodies: 14
              joints: 14
         constraints: 2
             markers: 33
         controllers: 0
  contact geometries: 0
misc modelcomponents: 0
[2025-07-17 22:58:16.792] [info] Running tool .
[2025-07-17 22:58:17.264] [info] Frame 783 (t = 3.915):	 total squared error = 0.00134036, marker error: RMS = 0.00839914, max = 0.0146899 (LTOE)
[2025-07-17 22:58:17.311] [info] Frame 784 (t = 3.92):	 total squared error = 0.00136881, marker error: RMS = 0.00848779, max = 0.0148442 (LTOE)
[2025-07-17 22:58:17.374] [info] Frame 785 (t = 3.925):	 total squared error = 0.00139133, marker error: RMS = 0.00855732, max = 0.0148655 (LTOE)
[2025-07-17 22:58:17.413] [info] Frame 786 (t = 3.93):	 total squared error = 0.00142144, marker error: RMS = 0.00864942, max = 0.0149924 (RM5)
[2025-07-17 22:58:17.457] [info] Frame 787 (t = 3.935):	 total squared error = 0.00144987, marker error: RMS = 0.00873551, max = 0.0150991 (RM5)
[2025-07-17 22:58:17.530] [info] Frame 788 (t = 3.94):	 total squared error = 0.00147278, marker error: RMS = 0.00880424, max = 0.0153241 (SACROL)
[2025-07-17 22:58:17.559] [info] Frame 789 (t = 3.945):	 total squared error = 0.00151823, marker error: RMS = 0.00893906, max = 0.0160501 (SACROL)
[2025-07-17 22:58:17.649] [info] Frame 790 (t = 3.95):	 total squared error = 0.00152668, marker error: RMS = 0.00896390, max = 0.0161683 (SACROL)
[2025-07-17 22:58:17.705] [info] Frame 791 (t = 3.955):	 total squared error = 0.00155570, marker error: RMS = 0.00904869, max = 0.0165062 (SACROL)
[2025-07-17 22:58:17.764] [info] Frame 792 (t = 3.96):	 total squared error = 0.00158168, marker error: RMS = 0.00912395, max = 0.0169023 (SACROL)
[2025-07-17 22:58:17.824] [info] Frame 793 (t = 3.965):	 total squared error = 0.00160942, marker error: RMS = 0.00920359, max = 0.0173211 (SACROL)
[2025-07-17 22:58:17.901] [info] Frame 794 (t = 3.97):	 total squared error = 0.00163812, marker error: RMS = 0.00928531, max = 0.017774 (SACROL)
[2025-07-17 22:58:17.944] [info] Frame 795 (t = 3.975):	 total squared error = 0.00167020, marker error: RMS = 0.00937579, max = 0.0182159 (SACROL)
[2025-07-17 22:58:17.971] [info] Frame 796 (t = 3.98):	 total squared error = 0.00173069, marker error: RMS = 0.00954406, max = 0.018719 (SACROL)
[2025-07-17 22:58:18.013] [info] Frame 797 (t = 3.985):	 total squared error = 0.00173753, marker error: RMS = 0.00956288, max = 0.0190864 (SACROL)
[2025-07-17 22:58:18.119] [info] Frame 798 (t = 3.99):	 total squared error = 0.00176412, marker error: RMS = 0.00963579, max = 0.0195627 (SACROL)
[2025-07-17 22:58:18.165] [info] Frame 799 (t = 3.995):	 total squared error = 0.00180059, marker error: RMS = 0.00973489, max = 0.0200230 (SACROL)
[2025-07-17 22:58:18.209] [info] Frame 800 (t = 4.0):	 total squared error = 0.00186039, marker error: RMS = 0.00989522, max = 0.0202325 (SACROL)
[2025-07-17 22:58:18.249] [info] Frame 801 (t = 4.00500):	 total squared error = 0.00187853, marker error: RMS = 0.00994334, max = 0.0209397 (SACROL)
[2025-07-17 22:58:18.315] [info] Frame 802 (t = 4.01):	 total squared error = 0.00191591, marker error: RMS = 0.0100418, max = 0.0212684 (SACROL)
[2025-07-17 22:58:18.388] [info] Frame 803 (t = 4.015):	 total squared error = 0.00195881, marker error: RMS = 0.0101536, max = 0.021818 (SACROL)
[2025-07-17 22:58:18.436] [info] Frame 804 (t = 4.02):	 total squared error = 0.00200525, marker error: RMS = 0.0102732, max = 0.0223068 (SACROL)
[2025-07-17 22:58:18.479] [info] Frame 805 (t = 4.025):	 total squared error = 0.00205367, marker error: RMS = 0.0103965, max = 0.0227176 (SACROL)
[2025-07-17 22:58:18.517] [info] Frame 806 (t = 4.03):	 total squared error = 0.00210614, marker error: RMS = 0.0105285, max = 0.0231818 (SACROL)
[2025-07-17 22:58:18.598] [info] Frame 807 (t = 4.035):	 total squared error = 0.00215544, marker error: RMS = 0.0106510, max = 0.0235338 (SACROL)
[2025-07-17 22:58:18.649] [info] Frame 808 (t = 4.04):	 total squared error = 0.00221149, marker error: RMS = 0.0107886, max = 0.023839 (SACROL)
[2025-07-17 22:58:18.694] [info] Frame 809 (t = 4.045):	 total squared error = 0.00226875, marker error: RMS = 0.0109274, max = 0.024113 (SACROL)
[2025-07-17 22:58:18.748] [info] Frame 810 (t = 4.05):	 total squared error = 0.00232912, marker error: RMS = 0.0110718, max = 0.024381 (SACROL)
[2025-07-17 22:58:18.782] [info] Frame 811 (t = 4.055):	 total squared error = 0.00240035, marker error: RMS = 0.0112398, max = 0.0248095 (SACROL)
[2025-07-17 22:58:18.835] [info] Frame 812 (t = 4.06):	 total squared error = 0.00245751, marker error: RMS = 0.0113729, max = 0.0249908 (SACROL)
[2025-07-17 22:58:18.875] [info] Frame 813 (t = 4.065):	 total squared error = 0.00259702, marker error: RMS = 0.0116912, max = 0.0248646 (SACROL)
[2025-07-17 22:58:18.921] [info] Frame 814 (t = 4.07):	 total squared error = 0.00259768, marker error: RMS = 0.0116927, max = 0.0253741 (SACROL)
[2025-07-17 22:58:18.958] [info] Frame 815 (t = 4.075):	 total squared error = 0.00267239, marker error: RMS = 0.0118597, max = 0.0254282 (SACROL)
[2025-07-17 22:58:19.002] [info] Frame 816 (t = 4.08):	 total squared error = 0.00283111, marker error: RMS = 0.0122068, max = 0.0254593 (SACROL)
[2025-07-17 22:58:19.051] [info] Frame 817 (t = 4.085):	 total squared error = 0.00283112, marker error: RMS = 0.0122068, max = 0.0258834 (SACROL)
[2025-07-17 22:58:19.091] [info] Frame 818 (t = 4.09):	 total squared error = 0.00291927, marker error: RMS = 0.0123954, max = 0.0258214 (SACROL)
[2025-07-17 22:58:19.137] [info] Frame 819 (t = 4.095):	 total squared error = 0.00300717, marker error: RMS = 0.0125806, max = 0.0261518 (SACROL)
[2025-07-17 22:58:19.194] [info] Frame 820 (t = 4.1):	 total squared error = 0.00310229, marker error: RMS = 0.012778, max = 0.0263075 (SACROL)
[2025-07-17 22:58:19.292] [info] Frame 821 (t = 4.10500):	 total squared error = 0.00320168, marker error: RMS = 0.0129811, max = 0.0264092 (SACROL)
[2025-07-17 22:58:19.340] [info] Frame 822 (t = 4.11):	 total squared error = 0.00342357, marker error: RMS = 0.0134234, max = 0.0263542 (SACROL)
[2025-07-17 22:58:19.403] [info] Frame 823 (t = 4.115):	 total squared error = 0.00341703, marker error: RMS = 0.0134106, max = 0.0266307 (SACROL)
[2025-07-17 22:58:19.456] [info] Frame 824 (t = 4.12):	 total squared error = 0.00353255, marker error: RMS = 0.0136354, max = 0.0266549 (SACROL)
[2025-07-17 22:58:19.518] [info] Frame 825 (t = 4.125):	 total squared error = 0.00365331, marker error: RMS = 0.0138665, max = 0.0268663 (SACROL)
[2025-07-17 22:58:19.545] [info] Frame 826 (t = 4.13):	 total squared error = 0.00389968, marker error: RMS = 0.0143264, max = 0.0264734 (SACROL)
[2025-07-17 22:58:19.598] [info] Frame 827 (t = 4.135):	 total squared error = 0.00390457, marker error: RMS = 0.0143354, max = 0.0270560 (SACROL)
[2025-07-17 22:58:19.645] [info] Frame 828 (t = 4.14):	 total squared error = 0.00413482, marker error: RMS = 0.014752, max = 0.0268496 (SACROL)
[2025-07-17 22:58:19.689] [info] Frame 829 (t = 4.145):	 total squared error = 0.00416402, marker error: RMS = 0.0148040, max = 0.0272375 (SACROL)
[2025-07-17 22:58:19.750] [info] Frame 830 (t = 4.15):	 total squared error = 0.00429571, marker error: RMS = 0.0150363, max = 0.0273617 (SACROL)
[2025-07-17 22:58:19.810] [info] Frame 831 (t = 4.155):	 total squared error = 0.00442628, marker error: RMS = 0.0152631, max = 0.0274758 (SACROL)
[2025-07-17 22:58:19.862] [info] Frame 832 (t = 4.16):	 total squared error = 0.00455573, marker error: RMS = 0.0154847, max = 0.0275536 (SACROL)
[2025-07-17 22:58:19.915] [info] Frame 833 (t = 4.165):	 total squared error = 0.00468335, marker error: RMS = 0.0157001, max = 0.0276659 (SACROL)
[2025-07-17 22:58:19.962] [info] Frame 834 (t = 4.17):	 total squared error = 0.00480908, marker error: RMS = 0.0159094, max = 0.0277661 (SACROL)
[2025-07-17 22:58:20.008] [info] Frame 835 (t = 4.175):	 total squared error = 0.00503589, marker error: RMS = 0.0162803, max = 0.0274951 (SACROL)
[2025-07-17 22:58:20.061] [info] Frame 836 (t = 4.18):	 total squared error = 0.00505278, marker error: RMS = 0.0163075, max = 0.0279439 (SACROL)
[2025-07-17 22:58:20.098] [info] Frame 837 (t = 4.185):	 total squared error = 0.00527363, marker error: RMS = 0.0166601, max = 0.0275174 (SACROL)
[2025-07-17 22:58:20.154] [info] Frame 838 (t = 4.19):	 total squared error = 0.00528633, marker error: RMS = 0.0166802, max = 0.0280513 (SACROL)
[2025-07-17 22:58:20.210] [info] Frame 839 (t = 4.195):	 total squared error = 0.00539983, marker error: RMS = 0.0168583, max = 0.0280943 (SACROL)
[2025-07-17 22:58:20.253] [info] Frame 840 (t = 4.2):	 total squared error = 0.00561403, marker error: RMS = 0.0171894, max = 0.0276814 (SACROL)
[2025-07-17 22:58:20.300] [info] Frame 841 (t = 4.20500):	 total squared error = 0.00562159, marker error: RMS = 0.0172010, max = 0.0282022 (SACROL)
[2025-07-17 22:58:20.351] [info] Frame 842 (t = 4.21):	 total squared error = 0.00573045, marker error: RMS = 0.0173667, max = 0.0282927 (SACROL)
[2025-07-17 22:58:20.454] [info] Frame 843 (t = 4.215):	 total squared error = 0.00594170, marker error: RMS = 0.0176839, max = 0.0276466 (SACROL)
[2025-07-17 22:58:20.545] [info] Frame 844 (t = 4.22):	 total squared error = 0.00594588, marker error: RMS = 0.0176901, max = 0.0282408 (SACROL)
[2025-07-17 22:58:20.615] [info] Frame 845 (t = 4.225):	 total squared error = 0.00605374, marker error: RMS = 0.0178499, max = 0.0282565 (SACROL)
[2025-07-17 22:58:20.675] [info] Frame 846 (t = 4.23):	 total squared error = 0.00616178, marker error: RMS = 0.0180085, max = 0.0282296 (SACROL)
[2025-07-17 22:58:20.727] [info] Frame 847 (t = 4.235):	 total squared error = 0.00627025, marker error: RMS = 0.0181663, max = 0.0282238 (SACROL)
[2025-07-17 22:58:20.765] [info] Frame 848 (t = 4.24):	 total squared error = 0.00648349, marker error: RMS = 0.0184726, max = 0.0281755 (RSHAOL)
[2025-07-17 22:58:20.816] [info] Frame 849 (t = 4.245):	 total squared error = 0.00648972, marker error: RMS = 0.0184815, max = 0.0281969 (SACROL)
[2025-07-17 22:58:20.867] [info] Frame 850 (t = 4.25):	 total squared error = 0.00660002, marker error: RMS = 0.0186378, max = 0.0284261 (RSHAOL)
[2025-07-17 22:58:20.919] [info] Frame 851 (t = 4.255):	 total squared error = 0.00671073, marker error: RMS = 0.0187935, max = 0.0287375 (RSHAOL)
[2025-07-17 22:58:20.956] [info] Frame 852 (t = 4.26):	 total squared error = 0.00692427, marker error: RMS = 0.0190902, max = 0.0294001 (RSHAOL)
[2025-07-17 22:58:20.997] [info] Frame 853 (t = 4.265):	 total squared error = 0.00693478, marker error: RMS = 0.0191047, max = 0.029275 (RSHAOL)
[2025-07-17 22:58:21.039] [info] Frame 854 (t = 4.27):	 total squared error = 0.00714868, marker error: RMS = 0.0193971, max = 0.0299847 (RSHAOL)
[2025-07-17 22:58:21.085] [info] Frame 855 (t = 4.275):	 total squared error = 0.00716134, marker error: RMS = 0.0194142, max = 0.0298832 (RSHAOL)
[2025-07-17 22:58:21.145] [info] Frame 856 (t = 4.28):	 total squared error = 0.00727537, marker error: RMS = 0.0195682, max = 0.0302137 (RSHAOL)
[2025-07-17 22:58:21.189] [info] Frame 857 (t = 4.285):	 total squared error = 0.00739071, marker error: RMS = 0.0197227, max = 0.0305087 (RSHAOL)
[2025-07-17 22:58:21.242] [info] Frame 858 (t = 4.29):	 total squared error = 0.00750539, marker error: RMS = 0.0198751, max = 0.0307828 (RSHAOL)
[2025-07-17 22:58:21.285] [info] Frame 859 (t = 4.295):	 total squared error = 0.00771891, marker error: RMS = 0.0201558, max = 0.0314134 (RSHAOL)
[2025-07-17 22:58:21.329] [info] Frame 860 (t = 4.3):	 total squared error = 0.00773647, marker error: RMS = 0.0201788, max = 0.0313556 (RSHAOL)
[2025-07-17 22:58:21.367] [info] Frame 861 (t = 4.30500):	 total squared error = 0.00795283, marker error: RMS = 0.0204590, max = 0.0319838 (RSHAOL)
[2025-07-17 22:58:21.405] [info] Frame 862 (t = 4.31):	 total squared error = 0.00796926, marker error: RMS = 0.0204801, max = 0.0319654 (RSHAOL)
[2025-07-17 22:58:21.450] [info] Frame 863 (t = 4.315):	 total squared error = 0.00808526, marker error: RMS = 0.0206286, max = 0.0322599 (RSHAOL)
[2025-07-17 22:58:21.494] [info] Frame 864 (t = 4.32):	 total squared error = 0.00829717, marker error: RMS = 0.0208972, max = 0.0328345 (RSHAOL)
[2025-07-17 22:58:21.542] [info] Frame 865 (t = 4.325):	 total squared error = 0.00831791, marker error: RMS = 0.0209233, max = 0.0327923 (RSHAOL)
[2025-07-17 22:58:21.587] [info] Frame 866 (t = 4.33):	 total squared error = 0.00843337, marker error: RMS = 0.0210680, max = 0.0330667 (RSHAOL)
[2025-07-17 22:58:21.635] [info] Frame 867 (t = 4.335):	 total squared error = 0.00854811, marker error: RMS = 0.0212109, max = 0.0333248 (RSHAOL)
[2025-07-17 22:58:21.696] [info] Frame 868 (t = 4.34):	 total squared error = 0.00866188, marker error: RMS = 0.0213515, max = 0.0336037 (RSHAOL)
[2025-07-17 22:58:21.734] [info] Frame 869 (t = 4.345):	 total squared error = 0.00886647, marker error: RMS = 0.0216022, max = 0.0341486 (RSHAOL)
[2025-07-17 22:58:21.780] [info] Frame 870 (t = 4.35):	 total squared error = 0.00888421, marker error: RMS = 0.0216238, max = 0.0340529 (RSHAOL)
[2025-07-17 22:58:21.833] [info] Frame 871 (t = 4.355):	 total squared error = 0.00899307, marker error: RMS = 0.0217559, max = 0.0343685 (RSHAOL)
[2025-07-17 22:58:21.887] [info] Frame 872 (t = 4.36):	 total squared error = 0.00919094, marker error: RMS = 0.0219939, max = 0.0348951 (RSHAOL)
[2025-07-17 22:58:21.931] [info] Frame 873 (t = 4.365):	 total squared error = 0.00920683, marker error: RMS = 0.0220129, max = 0.0348172 (RSHAOL)
[2025-07-17 22:58:21.983] [info] Frame 874 (t = 4.37):	 total squared error = 0.00931193, marker error: RMS = 0.0221382, max = 0.0350386 (RSHAOL)
[2025-07-17 22:58:22.036] [info] Frame 875 (t = 4.375):	 total squared error = 0.00941713, marker error: RMS = 0.0222629, max = 0.03525 (RSHAOL)
[2025-07-17 22:58:22.084] [info] Frame 876 (t = 4.38):	 total squared error = 0.00952243, marker error: RMS = 0.0223871, max = 0.0354803 (RSHAOL)
[2025-07-17 22:58:22.128] [info] Frame 877 (t = 4.385):	 total squared error = 0.00971405, marker error: RMS = 0.0226112, max = 0.0359684 (RSHAOL)
[2025-07-17 22:58:22.176] [info] Frame 878 (t = 4.39):	 total squared error = 0.00973739, marker error: RMS = 0.0226383, max = 0.0359455 (RSHAOL)
[2025-07-17 22:58:22.222] [info] Frame 879 (t = 4.395):	 total squared error = 0.00984454, marker error: RMS = 0.0227625, max = 0.0361698 (RSHAOL)
[2025-07-17 22:58:22.266] [info] Frame 880 (t = 4.4):	 total squared error = 0.00995529, marker error: RMS = 0.0228902, max = 0.0364314 (RSHAOL)
[2025-07-17 22:58:22.316] [info] Frame 881 (t = 4.40500):	 total squared error = 0.0100686, marker error: RMS = 0.0230201, max = 0.0366788 (RSHAOL)
[2025-07-17 22:58:22.371] [info] Frame 882 (t = 4.41):	 total squared error = 0.0101848, marker error: RMS = 0.0231525, max = 0.0369274 (RSHAOL)
[2025-07-17 22:58:22.417] [info] Frame 883 (t = 4.415):	 total squared error = 0.0103036, marker error: RMS = 0.0232872, max = 0.0371931 (RSHAOL)
[2025-07-17 22:58:22.467] [info] Frame 884 (t = 4.42):	 total squared error = 0.0104245, marker error: RMS = 0.0234235, max = 0.0374554 (RSHAOL)
[2025-07-17 22:58:22.509] [info] Frame 885 (t = 4.425):	 total squared error = 0.0106262, marker error: RMS = 0.023649, max = 0.0379613 (RSHAOL)
[2025-07-17 22:58:22.550] [info] Frame 886 (t = 4.43):	 total squared error = 0.0106743, marker error: RMS = 0.0237025, max = 0.0380109 (RSHAOL)
[2025-07-17 22:58:22.595] [info] Frame 887 (t = 4.435):	 total squared error = 0.0108777, marker error: RMS = 0.0239272, max = 0.0385117 (RSHAOL)
[2025-07-17 22:58:22.643] [info] Frame 888 (t = 4.44):	 total squared error = 0.0109312, marker error: RMS = 0.0239859, max = 0.0385703 (RSHAOL)
[2025-07-17 22:58:22.706] [info] Frame 889 (t = 4.445):	 total squared error = 0.0110612, marker error: RMS = 0.0241282, max = 0.0388772 (RSHAOL)
[2025-07-17 22:58:22.757] [info] Frame 890 (t = 4.45):	 total squared error = 0.0111922, marker error: RMS = 0.0242707, max = 0.0391694 (RSHAOL)
[2025-07-17 22:58:22.821] [info] Frame 891 (t = 4.455):	 total squared error = 0.0113233, marker error: RMS = 0.0244124, max = 0.0394651 (RSHAOL)
[2025-07-17 22:58:22.860] [info] Frame 892 (t = 4.46):	 total squared error = 0.0114552, marker error: RMS = 0.0245541, max = 0.0397488 (RSHAOL)
[2025-07-17 22:58:22.914] [info] Frame 893 (t = 4.465):	 total squared error = 0.0115851, marker error: RMS = 0.024693, max = 0.0400590 (RSHAOL)
[2025-07-17 22:58:22.958] [info] Frame 894 (t = 4.47):	 total squared error = 0.0117137, marker error: RMS = 0.0248296, max = 0.0403289 (RSHAOL)
[2025-07-17 22:58:22.999] [info] Frame 895 (t = 4.475):	 total squared error = 0.0118415, marker error: RMS = 0.0249647, max = 0.0406318 (RSHAOL)
[2025-07-17 22:58:23.045] [info] Frame 896 (t = 4.48):	 total squared error = 0.011966, marker error: RMS = 0.0250956, max = 0.0408905 (RSHAOL)
[2025-07-17 22:58:23.090] [info] Frame 897 (t = 4.485):	 total squared error = 0.0120880, marker error: RMS = 0.0252232, max = 0.0411612 (RSHAOL)
[2025-07-17 22:58:23.145] [info] Frame 898 (t = 4.49):	 total squared error = 0.0122066, marker error: RMS = 0.0253466, max = 0.0414174 (RSHAOL)
[2025-07-17 22:58:23.194] [info] Frame 899 (t = 4.495):	 total squared error = 0.0123211, marker error: RMS = 0.0254652, max = 0.0416664 (RSHAOL)
[2025-07-17 22:58:23.245] [info] Frame 900 (t = 4.5):	 total squared error = 0.0124318, marker error: RMS = 0.0255794, max = 0.0419186 (RSHAOL)
[2025-07-17 22:58:23.297] [info] Frame 901 (t = 4.50500):	 total squared error = 0.0125365, marker error: RMS = 0.0256868, max = 0.0421592 (RSHAOL)
[2025-07-17 22:58:23.341] [info] Frame 902 (t = 4.51):	 total squared error = 0.012637, marker error: RMS = 0.0257897, max = 0.0423716 (RSHAOL)
[2025-07-17 22:58:23.389] [info] Frame 903 (t = 4.515):	 total squared error = 0.0127324, marker error: RMS = 0.0258868, max = 0.0426035 (RSHAOL)
[2025-07-17 22:58:23.441] [info] Frame 904 (t = 4.52):	 total squared error = 0.0128233, marker error: RMS = 0.025979, max = 0.0428297 (RSHAOL)
[2025-07-17 22:58:23.504] [info] Frame 905 (t = 4.525):	 total squared error = 0.0129095, marker error: RMS = 0.0260662, max = 0.0430283 (RSHAOL)
[2025-07-17 22:58:23.548] [info] Frame 906 (t = 4.53):	 total squared error = 0.012992, marker error: RMS = 0.0261494, max = 0.0432141 (RSHAOL)
[2025-07-17 22:58:23.601] [info] Frame 907 (t = 4.535):	 total squared error = 0.0130706, marker error: RMS = 0.0262284, max = 0.0433885 (RSHAOL)
[2025-07-17 22:58:23.652] [info] Frame 908 (t = 4.54):	 total squared error = 0.0131461, marker error: RMS = 0.0263040, max = 0.0435832 (RSHAOL)
[2025-07-17 22:58:23.703] [info] Frame 909 (t = 4.545):	 total squared error = 0.0132191, marker error: RMS = 0.0263769, max = 0.043765 (RSHAOL)
[2025-07-17 22:58:23.772] [info] Frame 910 (t = 4.55):	 total squared error = 0.0132893, marker error: RMS = 0.0264468, max = 0.0439292 (RSHAOL)
[2025-07-17 22:58:23.821] [info] Frame 911 (t = 4.555):	 total squared error = 0.0133584, marker error: RMS = 0.0265155, max = 0.0440815 (RSHAOL)
[2025-07-17 22:58:23.882] [info] Frame 912 (t = 4.56):	 total squared error = 0.0134262, marker error: RMS = 0.0265827, max = 0.0442548 (RSHAOL)
[2025-07-17 22:58:23.934] [info] Frame 913 (t = 4.565):	 total squared error = 0.013494, marker error: RMS = 0.0266498, max = 0.0444037 (RSHAOL)
[2025-07-17 22:58:23.982] [info] Frame 914 (t = 4.57):	 total squared error = 0.0135616, marker error: RMS = 0.0267165, max = 0.0445526 (RSHAOL)
[2025-07-17 22:58:24.035] [info] Frame 915 (t = 4.575):	 total squared error = 0.013629, marker error: RMS = 0.0267827, max = 0.0447169 (RSHAOL)
[2025-07-17 22:58:24.090] [info] Frame 916 (t = 4.58):	 total squared error = 0.013697, marker error: RMS = 0.0268495, max = 0.0448697 (RSHAOL)
[2025-07-17 22:58:24.144] [info] Frame 917 (t = 4.585):	 total squared error = 0.0137647, marker error: RMS = 0.0269157, max = 0.0450049 (RSHAOL)
[2025-07-17 22:58:24.199] [info] Frame 918 (t = 4.59):	 total squared error = 0.0138313, marker error: RMS = 0.0269808, max = 0.0451622 (RSHAOL)
[2025-07-17 22:58:24.281] [info] Frame 919 (t = 4.595):	 total squared error = 0.0138973, marker error: RMS = 0.0270451, max = 0.0453080 (RSHAOL)
[2025-07-17 22:58:24.336] [info] Frame 920 (t = 4.6):	 total squared error = 0.0139622, marker error: RMS = 0.0271081, max = 0.0454485 (RSHAOL)
[2025-07-17 22:58:24.388] [info] Frame 921 (t = 4.60500):	 total squared error = 0.0140257, marker error: RMS = 0.0271698, max = 0.045573 (RSHAOL)
[2025-07-17 22:58:24.439] [info] Frame 922 (t = 4.61):	 total squared error = 0.0140866, marker error: RMS = 0.0272286, max = 0.0457049 (RSHAOL)
[2025-07-17 22:58:24.509] [info] Frame 923 (t = 4.615):	 total squared error = 0.0141449, marker error: RMS = 0.0272849, max = 0.0458256 (RSHAOL)
[2025-07-17 22:58:24.554] [info] Frame 924 (t = 4.62):	 total squared error = 0.0142009, marker error: RMS = 0.0273389, max = 0.0459318 (RSHAOL)
[2025-07-17 22:58:24.614] [info] Frame 925 (t = 4.625):	 total squared error = 0.0142533, marker error: RMS = 0.0273893, max = 0.0460278 (RSHAOL)
[2025-07-17 22:58:24.674] [info] Frame 926 (t = 4.63):	 total squared error = 0.0143029, marker error: RMS = 0.0274369, max = 0.046136 (RSHAOL)
[2025-07-17 22:58:24.724] [info] Frame 927 (t = 4.635):	 total squared error = 0.014349, marker error: RMS = 0.0274811, max = 0.046236 (RSHAOL)
[2025-07-17 22:58:24.788] [info] Frame 928 (t = 4.64):	 total squared error = 0.0143917, marker error: RMS = 0.027522, max = 0.046296 (RSHAOL)
[2025-07-17 22:58:24.837] [info] Frame 929 (t = 4.645):	 total squared error = 0.0144325, marker error: RMS = 0.0275609, max = 0.0464005 (RSHAOL)
[2025-07-17 22:58:24.899] [info] Frame 930 (t = 4.65):	 total squared error = 0.0144695, marker error: RMS = 0.0275963, max = 0.0464699 (RSHAOL)
[2025-07-17 22:58:24.963] [info] Frame 931 (t = 4.655):	 total squared error = 0.0145053, marker error: RMS = 0.0276303, max = 0.0465222 (RSHAOL)
[2025-07-17 22:58:25.012] [info] Frame 932 (t = 4.66):	 total squared error = 0.0145396, marker error: RMS = 0.027663, max = 0.0465899 (RSHAOL)
[2025-07-17 22:58:25.070] [info] Frame 933 (t = 4.665):	 total squared error = 0.0145707, marker error: RMS = 0.0276926, max = 0.046655 (RSHAOL)
[2025-07-17 22:58:25.131] [info] Frame 934 (t = 4.67):	 total squared error = 0.0146024, marker error: RMS = 0.0277227, max = 0.0467291 (RSHAOL)
[2025-07-17 22:58:25.182] [info] Frame 935 (t = 4.675):	 total squared error = 0.0146369, marker error: RMS = 0.0277554, max = 0.0468252 (RSHAOL)
[2025-07-17 22:58:25.250] [info] Frame 936 (t = 4.68):	 total squared error = 0.0146666, marker error: RMS = 0.0277836, max = 0.0468736 (RSHAOL)
[2025-07-17 22:58:25.317] [info] Frame 937 (t = 4.685):	 total squared error = 0.0147008, marker error: RMS = 0.0278159, max = 0.0469503 (RSHAOL)
[2025-07-17 22:58:25.374] [info] Frame 938 (t = 4.69):	 total squared error = 0.0147378, marker error: RMS = 0.0278509, max = 0.0470144 (RSHAOL)
[2025-07-17 22:58:25.455] [info] Frame 939 (t = 4.695):	 total squared error = 0.0147768, marker error: RMS = 0.0278877, max = 0.0471112 (RSHAOL)
[2025-07-17 22:58:25.543] [info] Frame 940 (t = 4.7):	 total squared error = 0.0148199, marker error: RMS = 0.0279284, max = 0.0472002 (RSHAOL)
[2025-07-17 22:58:25.647] [info] Frame 941 (t = 4.70500):	 total squared error = 0.0148669, marker error: RMS = 0.0279727, max = 0.0472736 (RSHAOL)
[2025-07-17 22:58:25.722] [info] Frame 942 (t = 4.71):	 total squared error = 0.0149172, marker error: RMS = 0.0280199, max = 0.0473767 (RSHAOL)
[2025-07-17 22:58:25.820] [info] Frame 943 (t = 4.715):	 total squared error = 0.0149709, marker error: RMS = 0.0280703, max = 0.0475089 (RSHAOL)
[2025-07-17 22:58:25.906] [info] Frame 944 (t = 4.72):	 total squared error = 0.0150285, marker error: RMS = 0.0281242, max = 0.0476096 (RSHAOL)
[2025-07-17 22:58:26.006] [info] Frame 945 (t = 4.725):	 total squared error = 0.0150895, marker error: RMS = 0.0281813, max = 0.047714 (RSHAOL)
[2025-07-17 22:58:26.090] [info] Frame 946 (t = 4.73):	 total squared error = 0.0151542, marker error: RMS = 0.0282417, max = 0.0478147 (RSHAOL)
[2025-07-17 22:58:26.205] [info] Frame 947 (t = 4.735):	 total squared error = 0.0152211, marker error: RMS = 0.0283039, max = 0.0479362 (RSHAOL)
[2025-07-17 22:58:26.291] [info] Frame 948 (t = 4.74):	 total squared error = 0.0152913, marker error: RMS = 0.0283691, max = 0.0480270 (RSHAOL)
[2025-07-17 22:58:26.379] [info] Frame 949 (t = 4.745):	 total squared error = 0.0153627, marker error: RMS = 0.0284352, max = 0.0481435 (RSHAOL)
[2025-07-17 22:58:26.453] [info] Frame 950 (t = 4.75):	 total squared error = 0.0154373, marker error: RMS = 0.0285042, max = 0.0482579 (RSHAOL)
[2025-07-17 22:58:26.534] [info] Frame 951 (t = 4.755):	 total squared error = 0.0155116, marker error: RMS = 0.0285727, max = 0.0483956 (RSHAOL)
[2025-07-17 22:58:26.621] [info] Frame 952 (t = 4.76):	 total squared error = 0.0155883, marker error: RMS = 0.0286432, max = 0.0485238 (RSHAOL)
[2025-07-17 22:58:26.694] [info] Frame 953 (t = 4.765):	 total squared error = 0.0156674, marker error: RMS = 0.0287158, max = 0.048628 (RSHAOL)
[2025-07-17 22:58:26.791] [info] Frame 954 (t = 4.77):	 total squared error = 0.0157465, marker error: RMS = 0.0287882, max = 0.0487863 (RSHAOL)
[2025-07-17 22:58:26.883] [info] Frame 955 (t = 4.775):	 total squared error = 0.0158267, marker error: RMS = 0.0288614, max = 0.0488985 (RSHAOL)
[2025-07-17 22:58:26.979] [info] Frame 956 (t = 4.78):	 total squared error = 0.0159079, marker error: RMS = 0.0289354, max = 0.0490119 (RSHAOL)
[2025-07-17 22:58:27.052] [info] Frame 957 (t = 4.785):	 total squared error = 0.0159882, marker error: RMS = 0.0290083, max = 0.0491252 (RSHAOL)
[2025-07-17 22:58:27.126] [info] Frame 958 (t = 4.79):	 total squared error = 0.0160677, marker error: RMS = 0.0290804, max = 0.0492487 (RSHAOL)
[2025-07-17 22:58:27.196] [info] Frame 959 (t = 4.795):	 total squared error = 0.0161471, marker error: RMS = 0.0291522, max = 0.0493455 (RSHAOL)
[2025-07-17 22:58:27.277] [info] Frame 960 (t = 4.8):	 total squared error = 0.0162237, marker error: RMS = 0.0292212, max = 0.0494258 (RSHAOL)
[2025-07-17 22:58:27.398] [info] Frame 961 (t = 4.80500):	 total squared error = 0.0162983, marker error: RMS = 0.0292883, max = 0.049551 (RSHAOL)
[2025-07-17 22:58:27.501] [info] Frame 962 (t = 4.81):	 total squared error = 0.0163703, marker error: RMS = 0.0293529, max = 0.0496383 (RSHAOL)
[2025-07-17 22:58:27.571] [info] Frame 963 (t = 4.815):	 total squared error = 0.0164408, marker error: RMS = 0.0294161, max = 0.0497099 (RSHAOL)
[2025-07-17 22:58:27.669] [info] Frame 964 (t = 4.82):	 total squared error = 0.0165085, marker error: RMS = 0.0294765, max = 0.0498121 (RSHAOL)
[2025-07-17 22:58:27.749] [info] Frame 965 (t = 4.825):	 total squared error = 0.0165757, marker error: RMS = 0.0295365, max = 0.0498558 (RSHAOL)
[2025-07-17 22:58:27.878] [info] Frame 966 (t = 4.83):	 total squared error = 0.0166411, marker error: RMS = 0.0295947, max = 0.049949 (RSHAOL)
[2025-07-17 22:58:27.969] [info] Frame 967 (t = 4.835):	 total squared error = 0.0167066, marker error: RMS = 0.0296529, max = 0.0499952 (RSHAOL)
[2025-07-17 22:58:28.107] [info] Frame 968 (t = 4.84):	 total squared error = 0.0167733, marker error: RMS = 0.0297121, max = 0.0500964 (RSHAOL)
[2025-07-17 22:58:28.229] [info] Frame 969 (t = 4.845):	 total squared error = 0.0168414, marker error: RMS = 0.0297722, max = 0.0501688 (RSHAOL)
[2025-07-17 22:58:28.324] [info] Frame 970 (t = 4.85):	 total squared error = 0.0169117, marker error: RMS = 0.0298344, max = 0.0502592 (RSHAOL)
[2025-07-17 22:58:28.405] [info] Frame 971 (t = 4.855):	 total squared error = 0.0169855, marker error: RMS = 0.0298994, max = 0.0503680 (RSHAOL)
[2025-07-17 22:58:28.478] [info] Frame 972 (t = 4.86):	 total squared error = 0.0170623, marker error: RMS = 0.0299669, max = 0.0504011 (RSHAOL)
[2025-07-17 22:58:28.551] [info] Frame 973 (t = 4.865):	 total squared error = 0.0171436, marker error: RMS = 0.0300382, max = 0.0504957 (RSHAOL)
[2025-07-17 22:58:28.650] [info] Frame 974 (t = 4.87):	 total squared error = 0.0172276, marker error: RMS = 0.0301117, max = 0.0506222 (RSHAOL)
[2025-07-17 22:58:28.727] [info] Frame 975 (t = 4.875):	 total squared error = 0.0173172, marker error: RMS = 0.0301899, max = 0.0507569 (LSHAOL)
[2025-07-17 22:58:28.800] [info] Frame 976 (t = 4.88):	 total squared error = 0.0174080, marker error: RMS = 0.0302690, max = 0.0508872 (LSHAOL)
[2025-07-17 22:58:28.874] [info] Frame 977 (t = 4.885):	 total squared error = 0.0175020, marker error: RMS = 0.0303506, max = 0.0510338 (LSHAOL)
[2025-07-17 22:58:28.982] [info] Frame 978 (t = 4.89):	 total squared error = 0.0175977, marker error: RMS = 0.0304335, max = 0.0511646 (LSHAOL)
[2025-07-17 22:58:29.092] [info] Frame 979 (t = 4.895):	 total squared error = 0.0176959, marker error: RMS = 0.0305183, max = 0.0513077 (LSHAOL)
[2025-07-17 22:58:29.177] [info] Frame 980 (t = 4.9):	 total squared error = 0.0177971, marker error: RMS = 0.0306054, max = 0.0515045 (LSHAOL)
[2025-07-17 22:58:29.290] [info] Frame 981 (t = 4.90500):	 total squared error = 0.0178958, marker error: RMS = 0.0306902, max = 0.0515833 (LSHAOL)
[2025-07-17 22:58:29.409] [info] Frame 982 (t = 4.91):	 total squared error = 0.0179973, marker error: RMS = 0.0307771, max = 0.0517403 (LSHAOL)
[2025-07-17 22:58:29.511] [info] Frame 983 (t = 4.915):	 total squared error = 0.0180995, marker error: RMS = 0.0308643, max = 0.0518978 (LSHAOL)
[2025-07-17 22:58:29.611] [info] Frame 984 (t = 4.92):	 total squared error = 0.0182016, marker error: RMS = 0.0309512, max = 0.0520247 (LSHAOL)
[2025-07-17 22:58:29.704] [info] Frame 985 (t = 4.925):	 total squared error = 0.0183038, marker error: RMS = 0.0310380, max = 0.0521511 (LSHAOL)
[2025-07-17 22:58:29.796] [info] Frame 986 (t = 4.93):	 total squared error = 0.0184061, marker error: RMS = 0.0311246, max = 0.0522882 (LSHAOL)
[2025-07-17 22:58:29.893] [info] Frame 987 (t = 4.935):	 total squared error = 0.0185089, marker error: RMS = 0.0312114, max = 0.0524433 (LSHAOL)
[2025-07-17 22:58:29.974] [info] Frame 988 (t = 4.94):	 total squared error = 0.018611, marker error: RMS = 0.0312974, max = 0.0525841 (LSHAOL)
[2025-07-17 22:58:30.068] [info] Frame 989 (t = 4.945):	 total squared error = 0.0187115, marker error: RMS = 0.0313817, max = 0.0526935 (LSHAOL)
[2025-07-17 22:58:30.150] [info] Frame 990 (t = 4.95):	 total squared error = 0.0188125, marker error: RMS = 0.0314664, max = 0.0528351 (LSHAOL)
[2025-07-17 22:58:30.239] [info] Frame 991 (t = 4.955):	 total squared error = 0.0189118, marker error: RMS = 0.0315493, max = 0.0529486 (LSHAOL)
[2025-07-17 22:58:30.334] [info] Frame 992 (t = 4.96):	 total squared error = 0.0190108, marker error: RMS = 0.0316317, max = 0.0530773 (LSHAOL)
[2025-07-17 22:58:30.437] [info] Frame 993 (t = 4.965):	 total squared error = 0.0191089, marker error: RMS = 0.0317133, max = 0.0532107 (LSHAOL)
[2025-07-17 22:58:30.534] [info] Frame 994 (t = 4.97):	 total squared error = 0.0192057, marker error: RMS = 0.0317935, max = 0.0533295 (LSHAOL)
[2025-07-17 22:58:30.611] [info] Frame 995 (t = 4.975):	 total squared error = 0.0193032, marker error: RMS = 0.0318741, max = 0.0535121 (LSHAOL)
[2025-07-17 22:58:30.710] [info] Frame 996 (t = 4.98):	 total squared error = 0.0193964, marker error: RMS = 0.0319509, max = 0.053575 (LSHAOL)
[2025-07-17 22:58:30.802] [info] Frame 997 (t = 4.985):	 total squared error = 0.0194897, marker error: RMS = 0.0320277, max = 0.0536678 (LSHAOL)
[2025-07-17 22:58:30.872] [info] Frame 998 (t = 4.99):	 total squared error = 0.019585, marker error: RMS = 0.0321059, max = 0.0538492 (LSHAOL)
[2025-07-17 22:58:30.968] [info] Frame 999 (t = 4.995):	 total squared error = 0.0196743, marker error: RMS = 0.032179, max = 0.0539019 (LSHAOL)
[2025-07-17 22:58:31.062] [info] Frame 1000 (t = 5.0):	 total squared error = 0.0197657, marker error: RMS = 0.0322537, max = 0.0540226 (LSHAOL)
[2025-07-17 22:58:31.142] [info] Frame 1001 (t = 5.00500):	 total squared error = 0.0198563, marker error: RMS = 0.0323275, max = 0.0541439 (LSHAOL)
[2025-07-17 22:58:31.229] [info] Frame 1002 (t = 5.01):	 total squared error = 0.019946, marker error: RMS = 0.0324004, max = 0.0542371 (LSHAOL)
[2025-07-17 22:58:31.314] [info] Frame 1003 (t = 5.015):	 total squared error = 0.0200344, marker error: RMS = 0.0324722, max = 0.0543207 (LSHAOL)
[2025-07-17 22:58:31.408] [info] Frame 1004 (t = 5.02):	 total squared error = 0.0201223, marker error: RMS = 0.0325433, max = 0.0544185 (LSHAOL)
[2025-07-17 22:58:31.517] [info] Frame 1005 (t = 5.025):	 total squared error = 0.0202094, marker error: RMS = 0.0326137, max = 0.0545172 (LSHAOL)
[2025-07-17 22:58:31.595] [info] Frame 1006 (t = 5.03):	 total squared error = 0.0202948, marker error: RMS = 0.0326825, max = 0.054596 (LSHAOL)
[2025-07-17 22:58:31.674] [info] Frame 1007 (t = 5.035):	 total squared error = 0.0203791, marker error: RMS = 0.0327503, max = 0.0546949 (LSHAOL)
[2025-07-17 22:58:31.756] [info] Frame 1008 (t = 5.04):	 total squared error = 0.0204613, marker error: RMS = 0.0328163, max = 0.0547731 (LSHAOL)
[2025-07-17 22:58:31.829] [info] Frame 1009 (t = 5.045):	 total squared error = 0.0205414, marker error: RMS = 0.0328805, max = 0.0548576 (LSHAOL)
[2025-07-17 22:58:31.918] [info] Frame 1010 (t = 5.05):	 total squared error = 0.0206198, marker error: RMS = 0.0329432, max = 0.0549373 (LSHAOL)
[2025-07-17 22:58:31.992] [info] Frame 1011 (t = 5.055):	 total squared error = 0.0206955, marker error: RMS = 0.0330036, max = 0.0550037 (LSHAOL)
[2025-07-17 22:58:32.105] [info] Frame 1012 (t = 5.06):	 total squared error = 0.0207690, marker error: RMS = 0.0330621, max = 0.0550539 (LSHAOL)
[2025-07-17 22:58:32.205] [info] Frame 1013 (t = 5.065):	 total squared error = 0.0208406, marker error: RMS = 0.0331191, max = 0.0551283 (LSHAOL)
[2025-07-17 22:58:32.294] [info] Frame 1014 (t = 5.07):	 total squared error = 0.0209104, marker error: RMS = 0.0331745, max = 0.0551656 (LSHAOL)
[2025-07-17 22:58:32.395] [info] Frame 1015 (t = 5.075):	 total squared error = 0.0209791, marker error: RMS = 0.0332289, max = 0.0552558 (LSHAOL)
[2025-07-17 22:58:32.503] [info] Frame 1016 (t = 5.08):	 total squared error = 0.0210461, marker error: RMS = 0.033282, max = 0.0553026 (LSHAOL)
[2025-07-17 22:58:32.592] [info] Frame 1017 (t = 5.085):	 total squared error = 0.0211117, marker error: RMS = 0.0333338, max = 0.0553299 (LSHAOL)
[2025-07-17 22:58:32.672] [info] Frame 1018 (t = 5.09):	 total squared error = 0.0211764, marker error: RMS = 0.0333848, max = 0.0553806 (LSHAOL)
[2025-07-17 22:58:32.759] [info] Frame 1019 (t = 5.095):	 total squared error = 0.0212397, marker error: RMS = 0.0334347, max = 0.0554313 (LSHAOL)
[2025-07-17 22:58:32.839] [info] Frame 1020 (t = 5.1):	 total squared error = 0.0213020, marker error: RMS = 0.0334837, max = 0.0554885 (LSHAOL)
[2025-07-17 22:58:32.936] [info] Frame 1021 (t = 5.10500):	 total squared error = 0.0213625, marker error: RMS = 0.0335312, max = 0.0555449 (LSHAOL)
[2025-07-17 22:58:33.020] [info] Frame 1022 (t = 5.11):	 total squared error = 0.0214215, marker error: RMS = 0.0335775, max = 0.0555853 (LSHAOL)
[2025-07-17 22:58:33.119] [info] Frame 1023 (t = 5.115):	 total squared error = 0.0214791, marker error: RMS = 0.0336226, max = 0.0556511 (LSHAOL)
[2025-07-17 22:58:33.204] [info] Frame 1024 (t = 5.12):	 total squared error = 0.0215342, marker error: RMS = 0.0336657, max = 0.0556925 (LSHAOL)
[2025-07-17 22:58:33.297] [info] Frame 1025 (t = 5.125):	 total squared error = 0.0215875, marker error: RMS = 0.0337073, max = 0.0557393 (LSHAOL)
[2025-07-17 22:58:33.385] [info] Frame 1026 (t = 5.13):	 total squared error = 0.0216382, marker error: RMS = 0.0337469, max = 0.055789 (LSHAOL)
[2025-07-17 22:58:33.479] [info] Frame 1027 (t = 5.135):	 total squared error = 0.021686, marker error: RMS = 0.0337842, max = 0.0558185 (LSHAOL)
[2025-07-17 22:58:33.574] [info] Frame 1028 (t = 5.14):	 total squared error = 0.0217309, marker error: RMS = 0.0338191, max = 0.0558367 (LSHAOL)
[2025-07-17 22:58:33.674] [info] Frame 1029 (t = 5.145):	 total squared error = 0.0217723, marker error: RMS = 0.0338513, max = 0.0558917 (LSHAOL)
[2025-07-17 22:58:33.803] [info] Frame 1030 (t = 5.15):	 total squared error = 0.0218102, marker error: RMS = 0.0338807, max = 0.0559342 (LSHAOL)
[2025-07-17 22:58:33.898] [info] Frame 1031 (t = 5.155):	 total squared error = 0.021844, marker error: RMS = 0.0339070, max = 0.0559449 (LSHAOL)
[2025-07-17 22:58:33.997] [info] Frame 1032 (t = 5.16):	 total squared error = 0.0218741, marker error: RMS = 0.0339304, max = 0.0559688 (LSHAOL)
[2025-07-17 22:58:34.107] [info] Frame 1033 (t = 5.165):	 total squared error = 0.0219004, marker error: RMS = 0.0339508, max = 0.0560031 (LSHAOL)
[2025-07-17 22:58:34.205] [info] Frame 1034 (t = 5.17):	 total squared error = 0.0219222, marker error: RMS = 0.0339676, max = 0.0560113 (LSHAOL)
[2025-07-17 22:58:34.305] [info] Frame 1035 (t = 5.175):	 total squared error = 0.02194, marker error: RMS = 0.0339814, max = 0.0560213 (LSHAOL)
[2025-07-17 22:58:34.389] [info] Frame 1036 (t = 5.18):	 total squared error = 0.021953, marker error: RMS = 0.0339915, max = 0.0560116 (LSHAOL)
[2025-07-17 22:58:34.475] [info] Frame 1037 (t = 5.185):	 total squared error = 0.0219619, marker error: RMS = 0.0339984, max = 0.0560133 (LSHAOL)
[2025-07-17 22:58:34.582] [info] Frame 1038 (t = 5.19):	 total squared error = 0.0219656, marker error: RMS = 0.0340013, max = 0.0560322 (LSHAOL)
[2025-07-17 22:58:34.682] [info] Frame 1039 (t = 5.195):	 total squared error = 0.0219644, marker error: RMS = 0.0340003, max = 0.0560191 (LSHAOL)
[2025-07-17 22:58:34.781] [info] Frame 1040 (t = 5.2):	 total squared error = 0.0219576, marker error: RMS = 0.033995, max = 0.0560032 (LSHAOL)
[2025-07-17 22:58:34.871] [info] Frame 1041 (t = 5.20500):	 total squared error = 0.0219449, marker error: RMS = 0.0339852, max = 0.0559654 (LSHAOL)
[2025-07-17 22:58:34.967] [info] Frame 1042 (t = 5.21):	 total squared error = 0.0219263, marker error: RMS = 0.0339708, max = 0.0559481 (LSHAOL)
[2025-07-17 22:58:35.050] [info] Frame 1043 (t = 5.215):	 total squared error = 0.0219015, marker error: RMS = 0.0339516, max = 0.0559023 (LSHAOL)
[2025-07-17 22:58:35.144] [info] Frame 1044 (t = 5.22):	 total squared error = 0.0218696, marker error: RMS = 0.0339269, max = 0.0558621 (LSHAOL)
[2025-07-17 22:58:35.232] [info] Frame 1045 (t = 5.225):	 total squared error = 0.0218311, marker error: RMS = 0.033897, max = 0.0557954 (LSHAOL)
[2025-07-17 22:58:35.333] [info] Frame 1046 (t = 5.23):	 total squared error = 0.0217851, marker error: RMS = 0.0338612, max = 0.0557409 (LSHAOL)
[2025-07-17 22:58:35.426] [info] Frame 1047 (t = 5.235):	 total squared error = 0.0217315, marker error: RMS = 0.0338195, max = 0.0556815 (LSHAOL)
[2025-07-17 22:58:35.534] [info] Frame 1048 (t = 5.24):	 total squared error = 0.0216702, marker error: RMS = 0.0337718, max = 0.0556329 (LSHAOL)
[2025-07-17 22:58:35.626] [info] Frame 1049 (t = 5.245):	 total squared error = 0.0216006, marker error: RMS = 0.0337176, max = 0.0555255 (LSHAOL)
[2025-07-17 22:58:35.719] [info] Frame 1050 (t = 5.25):	 total squared error = 0.0215234, marker error: RMS = 0.0336573, max = 0.0554403 (LSHAOL)
[2025-07-17 22:58:35.806] [info] Frame 1051 (t = 5.255):	 total squared error = 0.0214381, marker error: RMS = 0.0335905, max = 0.0553275 (LSHAOL)
[2025-07-17 22:58:35.923] [info] Frame 1052 (t = 5.26):	 total squared error = 0.0213454, marker error: RMS = 0.0335178, max = 0.055223 (LSHAOL)
[2025-07-17 22:58:36.044] [info] Frame 1053 (t = 5.265):	 total squared error = 0.0212452, marker error: RMS = 0.033439, max = 0.0551020 (LSHAOL)
[2025-07-17 22:58:36.189] [info] Frame 1054 (t = 5.27):	 total squared error = 0.0211378, marker error: RMS = 0.0333544, max = 0.0549717 (LSHAOL)
[2025-07-17 22:58:36.287] [info] Frame 1055 (t = 5.275):	 total squared error = 0.0210239, marker error: RMS = 0.0332644, max = 0.0547942 (LSHAOL)
[2025-07-17 22:58:36.401] [info] Frame 1056 (t = 5.28):	 total squared error = 0.0209034, marker error: RMS = 0.033169, max = 0.0546855 (LSHAOL)
[2025-07-17 22:58:36.503] [info] Frame 1057 (t = 5.285):	 total squared error = 0.0207769, marker error: RMS = 0.0330684, max = 0.0545207 (LSHAOL)
[2025-07-17 22:58:36.604] [info] Frame 1058 (t = 5.29):	 total squared error = 0.0206447, marker error: RMS = 0.0329631, max = 0.0543587 (LSHAOL)
[2025-07-17 22:58:36.688] [info] Frame 1059 (t = 5.295):	 total squared error = 0.0205075, marker error: RMS = 0.0328533, max = 0.0541576 (LSHAOL)
[2025-07-17 22:58:36.795] [info] Frame 1060 (t = 5.3):	 total squared error = 0.0203647, marker error: RMS = 0.0327388, max = 0.0540260 (LSHAOL)
[2025-07-17 22:58:36.905] [info] Frame 1061 (t = 5.30500):	 total squared error = 0.0202171, marker error: RMS = 0.0326199, max = 0.0538458 (LSHAOL)
[2025-07-17 22:58:36.992] [info] Frame 1062 (t = 5.31):	 total squared error = 0.0200647, marker error: RMS = 0.0324967, max = 0.0536277 (LSHAOL)
[2025-07-17 22:58:37.067] [info] Frame 1063 (t = 5.315):	 total squared error = 0.0199073, marker error: RMS = 0.032369, max = 0.0534678 (LSHAOL)
[2025-07-17 22:58:37.147] [info] Frame 1064 (t = 5.32):	 total squared error = 0.0197449, marker error: RMS = 0.0322367, max = 0.0532725 (LSHAOL)
[2025-07-17 22:58:37.239] [info] Frame 1065 (t = 5.325):	 total squared error = 0.0195772, marker error: RMS = 0.0320995, max = 0.0530632 (LSHAOL)
[2025-07-17 22:58:37.347] [info] Frame 1066 (t = 5.33):	 total squared error = 0.0194042, marker error: RMS = 0.0319574, max = 0.0528762 (LSHAOL)
[2025-07-17 22:58:37.453] [info] Frame 1067 (t = 5.335):	 total squared error = 0.0192255, marker error: RMS = 0.0318099, max = 0.0526208 (LSHAOL)
[2025-07-17 22:58:37.551] [info] Frame 1068 (t = 5.34):	 total squared error = 0.0190407, marker error: RMS = 0.0316567, max = 0.052445 (LSHAOL)
[2025-07-17 22:58:37.636] [info] Frame 1069 (t = 5.345):	 total squared error = 0.0188512, marker error: RMS = 0.0314987, max = 0.0521693 (LSHAOL)
[2025-07-17 22:58:37.731] [info] Frame 1070 (t = 5.35):	 total squared error = 0.0186557, marker error: RMS = 0.0313349, max = 0.0519622 (LSHAOL)
[2025-07-17 22:58:37.843] [info] Frame 1071 (t = 5.355):	 total squared error = 0.0184556, marker error: RMS = 0.0311665, max = 0.0517101 (LSHAOL)
[2025-07-17 22:58:37.941] [info] Frame 1072 (t = 5.36):	 total squared error = 0.0182512, marker error: RMS = 0.0309934, max = 0.0514471 (LSHAOL)
[2025-07-17 22:58:38.048] [info] Frame 1073 (t = 5.365):	 total squared error = 0.0180427, marker error: RMS = 0.0308159, max = 0.051193 (LSHAOL)
[2025-07-17 22:58:38.150] [info] Frame 1074 (t = 5.37):	 total squared error = 0.0178312, marker error: RMS = 0.0306347, max = 0.0509147 (LSHAOL)
[2025-07-17 22:58:38.262] [info] Frame 1075 (t = 5.375):	 total squared error = 0.0176171, marker error: RMS = 0.0304502, max = 0.0506295 (LSHAOL)
[2025-07-17 22:58:38.362] [info] Frame 1076 (t = 5.38):	 total squared error = 0.0174007, marker error: RMS = 0.0302626, max = 0.0503418 (LSHAOL)
[2025-07-17 22:58:38.480] [info] Frame 1077 (t = 5.385):	 total squared error = 0.0171827, marker error: RMS = 0.0300724, max = 0.0500452 (LSHAOL)
[2025-07-17 22:58:38.605] [info] Frame 1078 (t = 5.39):	 total squared error = 0.016963, marker error: RMS = 0.0298796, max = 0.0497821 (LSHAOL)
[2025-07-17 22:58:38.711] [info] Frame 1079 (t = 5.395):	 total squared error = 0.0167421, marker error: RMS = 0.0296844, max = 0.0494486 (LSHAOL)
[2025-07-17 22:58:38.805] [info] Frame 1080 (t = 5.4):	 total squared error = 0.0165206, marker error: RMS = 0.0294873, max = 0.049149 (LSHAOL)
[2025-07-17 22:58:38.924] [info] Frame 1081 (t = 5.40500):	 total squared error = 0.0162981, marker error: RMS = 0.0292881, max = 0.048874 (LSHAOL)
[2025-07-17 22:58:39.025] [info] Frame 1082 (t = 5.41):	 total squared error = 0.0160760, marker error: RMS = 0.0290879, max = 0.0485625 (LSHAOL)
[2025-07-17 22:58:39.116] [info] Frame 1083 (t = 5.415):	 total squared error = 0.0158536, marker error: RMS = 0.028886, max = 0.0482237 (LSHAOL)
[2025-07-17 22:58:39.230] [info] Frame 1084 (t = 5.42):	 total squared error = 0.0156321, marker error: RMS = 0.0286835, max = 0.047913 (LSHAOL)
[2025-07-17 22:58:39.313] [info] Frame 1085 (t = 5.425):	 total squared error = 0.0154109, marker error: RMS = 0.0284798, max = 0.0475743 (LSHAOL)
[2025-07-17 22:58:39.400] [info] Frame 1086 (t = 5.43):	 total squared error = 0.0151912, marker error: RMS = 0.0282761, max = 0.0472632 (LSHAOL)
[2025-07-17 22:58:39.512] [info] Frame 1087 (t = 5.435):	 total squared error = 0.014973, marker error: RMS = 0.0280722, max = 0.0469431 (LSHAOL)
[2025-07-17 22:58:39.602] [info] Frame 1088 (t = 5.44):	 total squared error = 0.0147561, marker error: RMS = 0.0278682, max = 0.0465906 (LSHAOL)
[2025-07-17 22:58:39.694] [info] Frame 1089 (t = 5.445):	 total squared error = 0.0145416, marker error: RMS = 0.0276649, max = 0.0462507 (LSHAOL)
[2025-07-17 22:58:39.810] [info] Frame 1090 (t = 5.45):	 total squared error = 0.0143297, marker error: RMS = 0.0274626, max = 0.0459401 (LSHAOL)
[2025-07-17 22:58:39.923] [info] Frame 1091 (t = 5.455):	 total squared error = 0.0141207, marker error: RMS = 0.0272616, max = 0.0455887 (LSHAOL)
[2025-07-17 22:58:40.035] [info] Frame 1092 (t = 5.46):	 total squared error = 0.0139151, marker error: RMS = 0.0270624, max = 0.0452299 (LSHAOL)
[2025-07-17 22:58:40.152] [info] Frame 1093 (t = 5.465):	 total squared error = 0.013714, marker error: RMS = 0.0268662, max = 0.0448998 (LSHAOL)
[2025-07-17 22:58:40.255] [info] Frame 1094 (t = 5.47):	 total squared error = 0.0135176, marker error: RMS = 0.026673, max = 0.0445547 (LSHAOL)
[2025-07-17 22:58:40.353] [info] Frame 1095 (t = 5.475):	 total squared error = 0.0133267, marker error: RMS = 0.026484, max = 0.0442179 (LSHAOL)
[2025-07-17 22:58:40.450] [info] Frame 1096 (t = 5.48):	 total squared error = 0.0131417, marker error: RMS = 0.0262996, max = 0.0438678 (LSHAOL)
[2025-07-17 22:58:40.548] [info] Frame 1097 (t = 5.485):	 total squared error = 0.0129638, marker error: RMS = 0.026121, max = 0.0435414 (LSHAOL)
[2025-07-17 22:58:40.642] [info] Frame 1098 (t = 5.49):	 total squared error = 0.0127919, marker error: RMS = 0.0259472, max = 0.0431997 (LSHAOL)
[2025-07-17 22:58:40.739] [info] Frame 1099 (t = 5.495):	 total squared error = 0.0126271, marker error: RMS = 0.0257795, max = 0.042893 (LSHAOL)
[2025-07-17 22:58:40.846] [info] Frame 1100 (t = 5.5):	 total squared error = 0.0124681, marker error: RMS = 0.0256167, max = 0.0425472 (LSHAOL)
[2025-07-17 22:58:40.937] [info] Frame 1101 (t = 5.50500):	 total squared error = 0.0123155, marker error: RMS = 0.0254595, max = 0.0422307 (LSHAOL)
[2025-07-17 22:58:41.030] [info] Frame 1102 (t = 5.51):	 total squared error = 0.0121691, marker error: RMS = 0.0253077, max = 0.0419168 (LSHAOL)
[2025-07-17 22:58:41.122] [info] Frame 1103 (t = 5.515):	 total squared error = 0.0120277, marker error: RMS = 0.0251603, max = 0.0416007 (LSHAOL)
[2025-07-17 22:58:41.217] [info] Frame 1104 (t = 5.52):	 total squared error = 0.0118911, marker error: RMS = 0.0250170, max = 0.0412979 (LSHAOL)
[2025-07-17 22:58:41.306] [info] Frame 1105 (t = 5.525):	 total squared error = 0.0117588, marker error: RMS = 0.0248774, max = 0.0410220 (LSHAOL)
[2025-07-17 22:58:41.398] [info] Frame 1106 (t = 5.53):	 total squared error = 0.0116282, marker error: RMS = 0.0247389, max = 0.0406941 (LSHAOL)
[2025-07-17 22:58:41.499] [info] Frame 1107 (t = 5.535):	 total squared error = 0.0115009, marker error: RMS = 0.0246030, max = 0.0404132 (LSHAOL)
[2025-07-17 22:58:41.605] [info] Frame 1108 (t = 5.54):	 total squared error = 0.0113747, marker error: RMS = 0.0244677, max = 0.0401164 (LSHAOL)
[2025-07-17 22:58:41.703] [info] Frame 1109 (t = 5.545):	 total squared error = 0.0112488, marker error: RMS = 0.0243319, max = 0.0398225 (LSHAOL)
[2025-07-17 22:58:41.797] [info] Frame 1110 (t = 5.55):	 total squared error = 0.0111232, marker error: RMS = 0.0241957, max = 0.0395178 (LSHAOL)
[2025-07-17 22:58:41.890] [info] Frame 1111 (t = 5.555):	 total squared error = 0.0109972, marker error: RMS = 0.0240583, max = 0.0392333 (LSHAOL)
[2025-07-17 22:58:41.974] [info] Frame 1112 (t = 5.56):	 total squared error = 0.0108698, marker error: RMS = 0.0239185, max = 0.0389326 (LSHAOL)
[2025-07-17 22:58:42.059] [info] Frame 1113 (t = 5.565):	 total squared error = 0.0107419, marker error: RMS = 0.0237774, max = 0.0386269 (LSHAOL)
[2025-07-17 22:58:42.166] [info] Frame 1114 (t = 5.57):	 total squared error = 0.0106129, marker error: RMS = 0.0236342, max = 0.038313 (LSHAOL)
[2025-07-17 22:58:42.252] [info] Frame 1115 (t = 5.575):	 total squared error = 0.0104834, marker error: RMS = 0.0234895, max = 0.0380121 (LSHAOL)
[2025-07-17 22:58:42.343] [info] Frame 1116 (t = 5.58):	 total squared error = 0.0103530, marker error: RMS = 0.023343, max = 0.0376953 (LSHAOL)
[2025-07-17 22:58:42.437] [info] Frame 1117 (t = 5.585):	 total squared error = 0.0102231, marker error: RMS = 0.0231961, max = 0.0373769 (LSHAOL)
[2025-07-17 22:58:42.523] [info] Frame 1118 (t = 5.59):	 total squared error = 0.0100943, marker error: RMS = 0.0230495, max = 0.0370781 (LSHAOL)
[2025-07-17 22:58:42.619] [info] Frame 1119 (t = 5.595):	 total squared error = 0.00996668, marker error: RMS = 0.0229033, max = 0.036766 (LSHAOL)
[2025-07-17 22:58:42.729] [info] Frame 1120 (t = 5.6):	 total squared error = 0.00984154, marker error: RMS = 0.0227591, max = 0.0365078 (RSHAOL)
[2025-07-17 22:58:42.821] [info] Frame 1121 (t = 5.60500):	 total squared error = 0.00971822, marker error: RMS = 0.022616, max = 0.0363 (RSHAOL)
[2025-07-17 22:58:42.931] [info] Frame 1122 (t = 5.61):	 total squared error = 0.00959808, marker error: RMS = 0.0224758, max = 0.0360716 (RSHAOL)
[2025-07-17 22:58:43.022] [info] Frame 1123 (t = 5.615):	 total squared error = 0.00948124, marker error: RMS = 0.0223386, max = 0.0358257 (RSHAOL)
[2025-07-17 22:58:43.107] [info] Frame 1124 (t = 5.62):	 total squared error = 0.00936750, marker error: RMS = 0.0222042, max = 0.0356107 (RSHAOL)
[2025-07-17 22:58:43.190] [info] Frame 1125 (t = 5.625):	 total squared error = 0.00925743, marker error: RMS = 0.0220734, max = 0.0353962 (RSHAOL)
[2025-07-17 22:58:43.272] [info] Frame 1126 (t = 5.63):	 total squared error = 0.00915089, marker error: RMS = 0.021946, max = 0.0351696 (RSHAOL)
[2025-07-17 22:58:43.352] [info] Frame 1127 (t = 5.635):	 total squared error = 0.00904781, marker error: RMS = 0.021822, max = 0.0349463 (RSHAOL)
[2025-07-17 22:58:43.463] [info] Frame 1128 (t = 5.64):	 total squared error = 0.00894805, marker error: RMS = 0.0217014, max = 0.0347281 (RSHAOL)
[2025-07-17 22:58:43.550] [info] Frame 1129 (t = 5.645):	 total squared error = 0.00885136, marker error: RMS = 0.0215838, max = 0.034492 (RSHAOL)
[2025-07-17 22:58:43.634] [info] Frame 1130 (t = 5.65):	 total squared error = 0.00875672, marker error: RMS = 0.0214681, max = 0.0343155 (RSHAOL)
[2025-07-17 22:58:43.734] [info] Frame 1131 (t = 5.655):	 total squared error = 0.00866546, marker error: RMS = 0.021356, max = 0.0340852 (RSHAOL)
[2025-07-17 22:58:43.823] [info] Frame 1132 (t = 5.66):	 total squared error = 0.00863901, marker error: RMS = 0.0213233, max = 0.0340286 (RSHAOL)
[2025-07-17 22:58:43.918] [info] Frame 1133 (t = 5.665):	 total squared error = 0.00848784, marker error: RMS = 0.021136, max = 0.0337090 (RSHAOL)
[2025-07-17 22:58:44.011] [info] Frame 1134 (t = 5.67):	 total squared error = 0.00846580, marker error: RMS = 0.0211085, max = 0.0336183 (RSHAOL)
[2025-07-17 22:58:44.121] [info] Frame 1135 (t = 5.675):	 total squared error = 0.00831821, marker error: RMS = 0.0209237, max = 0.0332591 (RSHAOL)
[2025-07-17 22:58:44.216] [info] Frame 1136 (t = 5.68):	 total squared error = 0.00823538, marker error: RMS = 0.0208192, max = 0.0330722 (RSHAOL)
[2025-07-17 22:58:44.330] [info] Frame 1137 (t = 5.685):	 total squared error = 0.00815453, marker error: RMS = 0.0207168, max = 0.0328603 (RSHAOL)
[2025-07-17 22:58:44.415] [info] Frame 1138 (t = 5.69):	 total squared error = 0.00813883, marker error: RMS = 0.0206968, max = 0.0328178 (RSHAOL)
[2025-07-17 22:58:44.496] [info] Frame 1139 (t = 5.695):	 total squared error = 0.00799686, marker error: RMS = 0.0205155, max = 0.0324754 (RSHAOL)
[2025-07-17 22:58:44.608] [info] Frame 1140 (t = 5.7):	 total squared error = 0.00798561, marker error: RMS = 0.0205011, max = 0.0324224 (RSHAOL)
[2025-07-17 22:58:44.690] [info] Frame 1141 (t = 5.70500):	 total squared error = 0.00784775, marker error: RMS = 0.0203234, max = 0.0321325 (RSHAOL)
[2025-07-17 22:58:44.763] [info] Frame 1142 (t = 5.71):	 total squared error = 0.00784033, marker error: RMS = 0.0203138, max = 0.0320867 (RSHAOL)
[2025-07-17 22:58:44.854] [info] Frame 1143 (t = 5.715):	 total squared error = 0.00770771, marker error: RMS = 0.0201412, max = 0.0317836 (RSHAOL)
[2025-07-17 22:58:44.959] [info] Frame 1144 (t = 5.72):	 total squared error = 0.00764184, marker error: RMS = 0.0200550, max = 0.0316125 (RSHAOL)
[2025-07-17 22:58:45.030] [info] Frame 1145 (t = 5.725):	 total squared error = 0.00764424, marker error: RMS = 0.0200581, max = 0.0315787 (RSHAOL)
[2025-07-17 22:58:45.121] [info] Frame 1146 (t = 5.73):	 total squared error = 0.00751649, marker error: RMS = 0.0198898, max = 0.0313161 (RSHAOL)
[2025-07-17 22:58:45.238] [info] Frame 1147 (t = 5.735):	 total squared error = 0.00745818, marker error: RMS = 0.0198125, max = 0.0311762 (RSHAOL)
[2025-07-17 22:58:45.330] [info] Frame 1148 (t = 5.74):	 total squared error = 0.00740150, marker error: RMS = 0.0197371, max = 0.0310727 (RSHAOL)
[2025-07-17 22:58:45.417] [info] Frame 1149 (t = 5.745):	 total squared error = 0.00734806, marker error: RMS = 0.0196657, max = 0.0309168 (RSHAOL)
[2025-07-17 22:58:45.493] [info] Frame 1150 (t = 5.75):	 total squared error = 0.00736067, marker error: RMS = 0.0196826, max = 0.0309544 (RSHAOL)
[2025-07-17 22:58:45.572] [info] Frame 1151 (t = 5.755):	 total squared error = 0.00724608, marker error: RMS = 0.0195288, max = 0.0307102 (RSHAOL)
[2025-07-17 22:58:45.670] [info] Frame 1152 (t = 5.76):	 total squared error = 0.00719847, marker error: RMS = 0.0194645, max = 0.0305739 (RSHAOL)
[2025-07-17 22:58:45.767] [info] Frame 1153 (t = 5.765):	 total squared error = 0.00715215, marker error: RMS = 0.0194018, max = 0.0304665 (RSHAOL)
[2025-07-17 22:58:45.865] [info] Frame 1154 (t = 5.77):	 total squared error = 0.00710724, marker error: RMS = 0.0193408, max = 0.0303699 (RSHAOL)
[2025-07-17 22:58:45.967] [info] Frame 1155 (t = 5.775):	 total squared error = 0.00706347, marker error: RMS = 0.0192811, max = 0.0302673 (RSHAOL)
[2025-07-17 22:58:46.067] [info] Frame 1156 (t = 5.78):	 total squared error = 0.00702085, marker error: RMS = 0.0192229, max = 0.0301433 (RSHAOL)
[2025-07-17 22:58:46.165] [info] Frame 1157 (t = 5.785):	 total squared error = 0.00697895, marker error: RMS = 0.0191654, max = 0.0300436 (RSHAOL)
[2025-07-17 22:58:46.237] [info] Frame 1158 (t = 5.79):	 total squared error = 0.00693759, marker error: RMS = 0.0191085, max = 0.0298948 (RSHAOL)
[2025-07-17 22:58:46.296] [info] Frame 1159 (t = 5.795):	 total squared error = 0.00696339, marker error: RMS = 0.019144, max = 0.0299984 (RSHAOL)
[2025-07-17 22:58:46.382] [info] Frame 1160 (t = 5.8):	 total squared error = 0.00685678, marker error: RMS = 0.0189969, max = 0.0297655 (RSHAOL)
[2025-07-17 22:58:46.467] [info] Frame 1161 (t = 5.80500):	 total squared error = 0.00688070, marker error: RMS = 0.0190300, max = 0.0298478 (RSHAOL)
[2025-07-17 22:58:46.553] [info] Frame 1162 (t = 5.81):	 total squared error = 0.00677748, marker error: RMS = 0.0188868, max = 0.0295348 (RSHAOL)
[2025-07-17 22:58:46.650] [info] Frame 1163 (t = 5.815):	 total squared error = 0.00673893, marker error: RMS = 0.018833, max = 0.0294611 (RSHAOL)
[2025-07-17 22:58:46.749] [info] Frame 1164 (t = 5.82):	 total squared error = 0.00670060, marker error: RMS = 0.0187793, max = 0.0293374 (RSHAOL)
[2025-07-17 22:58:46.840] [info] Frame 1165 (t = 5.825):	 total squared error = 0.00666207, marker error: RMS = 0.0187253, max = 0.0292717 (RSHAOL)
[2025-07-17 22:58:46.932] [info] Frame 1166 (t = 5.83):	 total squared error = 0.00662383, marker error: RMS = 0.0186714, max = 0.0291693 (RSHAOL)
[2025-07-17 22:58:47.027] [info] Frame 1167 (t = 5.835):	 total squared error = 0.00664944, marker error: RMS = 0.0187075, max = 0.0292453 (RSHAOL)
[2025-07-17 22:58:47.116] [info] Frame 1168 (t = 5.84):	 total squared error = 0.00654671, marker error: RMS = 0.0185624, max = 0.0289617 (RSHAOL)
[2025-07-17 22:58:47.213] [info] Frame 1169 (t = 5.845):	 total squared error = 0.00650817, marker error: RMS = 0.0185077, max = 0.0288608 (RSHAOL)
[2025-07-17 22:58:47.324] [info] Frame 1170 (t = 5.85):	 total squared error = 0.00646921, marker error: RMS = 0.0184522, max = 0.0287653 (RSHAOL)
[2025-07-17 22:58:47.401] [info] Frame 1171 (t = 5.855):	 total squared error = 0.00649427, marker error: RMS = 0.0184879, max = 0.028885 (RSHAOL)
[2025-07-17 22:58:47.497] [info] Frame 1172 (t = 5.86):	 total squared error = 0.00639250, marker error: RMS = 0.0183425, max = 0.028571 (RSHAOL)
[2025-07-17 22:58:47.597] [info] Frame 1173 (t = 5.865):	 total squared error = 0.00635529, marker error: RMS = 0.018289, max = 0.0284547 (RSHAOL)
[2025-07-17 22:58:47.685] [info] Frame 1174 (t = 5.87):	 total squared error = 0.00631891, marker error: RMS = 0.0182366, max = 0.0283875 (RSHAOL)
[2025-07-17 22:58:47.784] [info] Frame 1175 (t = 5.875):	 total squared error = 0.00628387, marker error: RMS = 0.018186, max = 0.0282791 (RSHAOL)
[2025-07-17 22:58:47.897] [info] Frame 1176 (t = 5.88):	 total squared error = 0.00625051, marker error: RMS = 0.0181376, max = 0.0281715 (RSHAOL)
[2025-07-17 22:58:47.998] [info] Frame 1177 (t = 5.885):	 total squared error = 0.00621796, marker error: RMS = 0.0180904, max = 0.0280486 (RSHAOL)
[2025-07-17 22:58:48.089] [info] Frame 1178 (t = 5.89):	 total squared error = 0.00618711, marker error: RMS = 0.0180454, max = 0.0279714 (RSHAOL)
[2025-07-17 22:58:48.194] [info] Frame 1179 (t = 5.895):	 total squared error = 0.00622133, marker error: RMS = 0.0180953, max = 0.0281147 (RSHAOL)
[2025-07-17 22:58:48.278] [info] Frame 1180 (t = 5.9):	 total squared error = 0.00619319, marker error: RMS = 0.0180543, max = 0.0280479 (RSHAOL)
[2025-07-17 22:58:48.374] [info] Frame 1181 (t = 5.90500):	 total squared error = 0.00610272, marker error: RMS = 0.0179219, max = 0.0277087 (RSHAOL)
[2025-07-17 22:58:48.468] [info] Frame 1182 (t = 5.91):	 total squared error = 0.00607661, marker error: RMS = 0.0178836, max = 0.0276316 (RSHAOL)
[2025-07-17 22:58:48.573] [info] Frame 1183 (t = 5.915):	 total squared error = 0.00611635, marker error: RMS = 0.0179419, max = 0.027754 (RSHAOL)
[2025-07-17 22:58:48.655] [info] Frame 1184 (t = 5.92):	 total squared error = 0.00602812, marker error: RMS = 0.0178121, max = 0.0274747 (RSHAOL)
[2025-07-17 22:58:48.736] [info] Frame 1185 (t = 5.925):	 total squared error = 0.00600608, marker error: RMS = 0.0177795, max = 0.02738 (RSHAOL)
[2025-07-17 22:58:48.824] [info] Frame 1186 (t = 5.93):	 total squared error = 0.00604583, marker error: RMS = 0.0178382, max = 0.027574 (RSHAOL)
[2025-07-17 22:58:48.928] [info] Frame 1187 (t = 5.935):	 total squared error = 0.00595915, marker error: RMS = 0.0177099, max = 0.0272536 (RSHAOL)
[2025-07-17 22:58:49.045] [info] Frame 1188 (t = 5.94):	 total squared error = 0.00593584, marker error: RMS = 0.0176752, max = 0.0272047 (RSHAOL)
[2025-07-17 22:58:49.133] [info] Frame 1189 (t = 5.945):	 total squared error = 0.00591268, marker error: RMS = 0.0176407, max = 0.0271171 (RSHAOL)
[2025-07-17 22:58:49.222] [info] Frame 1190 (t = 5.95):	 total squared error = 0.00588879, marker error: RMS = 0.0176050, max = 0.0270537 (RSHAOL)
[2025-07-17 22:58:49.312] [info] Frame 1191 (t = 5.955):	 total squared error = 0.00586430, marker error: RMS = 0.0175684, max = 0.0269827 (RSHAOL)
[2025-07-17 22:58:49.408] [info] Frame 1192 (t = 5.96):	 total squared error = 0.00583890, marker error: RMS = 0.0175303, max = 0.0269656 (RSHAOL)
[2025-07-17 22:58:49.525] [info] Frame 1193 (t = 5.965):	 total squared error = 0.00581357, marker error: RMS = 0.0174922, max = 0.0268867 (RSHAOL)
[2025-07-17 22:58:49.606] [info] Frame 1194 (t = 5.97):	 total squared error = 0.00578683, marker error: RMS = 0.0174519, max = 0.0268672 (RSHAOL)
[2025-07-17 22:58:49.708] [info] Frame 1195 (t = 5.975):	 total squared error = 0.00575994, marker error: RMS = 0.0174113, max = 0.0267285 (RSHAOL)
[2025-07-17 22:58:49.795] [info] Frame 1196 (t = 5.98):	 total squared error = 0.00573338, marker error: RMS = 0.0173711, max = 0.0266368 (RSHAOL)
[2025-07-17 22:58:49.887] [info] Frame 1197 (t = 5.985):	 total squared error = 0.00570608, marker error: RMS = 0.0173297, max = 0.0266031 (RSHAOL)
[2025-07-17 22:58:50.006] [info] Frame 1198 (t = 5.99):	 total squared error = 0.00567949, marker error: RMS = 0.0172893, max = 0.0265326 (RSHAOL)
[2025-07-17 22:58:50.095] [info] Frame 1199 (t = 5.995):	 total squared error = 0.00565391, marker error: RMS = 0.0172503, max = 0.0264683 (RSHAOL)
[2025-07-17 22:58:50.186] [info] Frame 1200 (t = 6.0):	 total squared error = 0.00569430, marker error: RMS = 0.0173118, max = 0.0266268 (RSHAOL)
[2025-07-17 22:58:50.275] [info] Frame 1201 (t = 6.00500):	 total squared error = 0.00560589, marker error: RMS = 0.0171769, max = 0.0263325 (RSHAOL)
[2025-07-17 22:58:50.377] [info] Frame 1202 (t = 6.01):	 total squared error = 0.00558421, marker error: RMS = 0.0171437, max = 0.0262849 (RSHAOL)
[2025-07-17 22:58:50.467] [info] Frame 1203 (t = 6.015):	 total squared error = 0.00562832, marker error: RMS = 0.0172113, max = 0.026434 (RSHAOL)
[2025-07-17 22:58:50.531] [info] Frame 1204 (t = 6.02):	 total squared error = 0.00561169, marker error: RMS = 0.0171858, max = 0.0263411 (RSHAOL)
[2025-07-17 22:58:50.608] [info] Frame 1205 (t = 6.025):	 total squared error = 0.00552777, marker error: RMS = 0.0170568, max = 0.0260554 (RSHAOL)
[2025-07-17 22:58:50.695] [info] Frame 1206 (t = 6.03):	 total squared error = 0.00557696, marker error: RMS = 0.0171326, max = 0.0262911 (RSHAOL)
[2025-07-17 22:58:50.771] [info] Frame 1207 (t = 6.035):	 total squared error = 0.00549966, marker error: RMS = 0.0170134, max = 0.0259307 (RSHAOL)
[2025-07-17 22:58:50.859] [info] Frame 1208 (t = 6.04):	 total squared error = 0.00548763, marker error: RMS = 0.0169948, max = 0.0258839 (RSHAOL)
[2025-07-17 22:58:50.965] [info] Frame 1209 (t = 6.045):	 total squared error = 0.00547783, marker error: RMS = 0.0169796, max = 0.0258939 (RSHAOL)
[2025-07-17 22:58:51.054] [info] Frame 1210 (t = 6.05):	 total squared error = 0.00547007, marker error: RMS = 0.0169676, max = 0.0258636 (RSHAOL)
[2025-07-17 22:58:51.121] [info] Frame 1211 (t = 6.055):	 total squared error = 0.00546686, marker error: RMS = 0.0169626, max = 0.0257955 (RSHAOL)
[2025-07-17 22:58:51.224] [info] Frame 1212 (t = 6.06):	 total squared error = 0.00552516, marker error: RMS = 0.0170528, max = 0.0260788 (RSHAOL)
[2025-07-17 22:58:51.337] [info] Frame 1213 (t = 6.065):	 total squared error = 0.00545809, marker error: RMS = 0.016949, max = 0.0258061 (RSHAOL)
[2025-07-17 22:58:51.423] [info] Frame 1214 (t = 6.07):	 total squared error = 0.00545747, marker error: RMS = 0.016948, max = 0.025797 (RSHAOL)
[2025-07-17 22:58:51.531] [info] Frame 1215 (t = 6.075):	 total squared error = 0.00545842, marker error: RMS = 0.0169495, max = 0.0257854 (RSHAOL)
[2025-07-17 22:58:51.611] [info] Frame 1216 (t = 6.08):	 total squared error = 0.00546047, marker error: RMS = 0.0169527, max = 0.0257906 (RSHAOL)
[2025-07-17 22:58:51.712] [info] Frame 1217 (t = 6.085):	 total squared error = 0.00546435, marker error: RMS = 0.0169587, max = 0.0257854 (RSHAOL)
[2025-07-17 22:58:51.796] [info] Frame 1218 (t = 6.09):	 total squared error = 0.00546928, marker error: RMS = 0.0169663, max = 0.0257952 (RSHAOL)
[2025-07-17 22:58:51.883] [info] Frame 1219 (t = 6.095):	 total squared error = 0.00547501, marker error: RMS = 0.0169752, max = 0.0258147 (RSHAOL)
[2025-07-17 22:58:51.960] [info] Frame 1220 (t = 6.1):	 total squared error = 0.00554776, marker error: RMS = 0.0170876, max = 0.0261016 (RSHAOL)
[2025-07-17 22:58:52.016] [info] Frame 1221 (t = 6.10500):	 total squared error = 0.00555769, marker error: RMS = 0.0171029, max = 0.0260816 (RSHAOL)
[2025-07-17 22:58:52.103] [info] Frame 1222 (t = 6.11):	 total squared error = 0.00549830, marker error: RMS = 0.0170113, max = 0.0258644 (RSHAOL)
[2025-07-17 22:58:52.193] [info] Frame 1223 (t = 6.115):	 total squared error = 0.00550782, marker error: RMS = 0.0170260, max = 0.0258867 (RSHAOL)
[2025-07-17 22:58:52.283] [info] Frame 1224 (t = 6.12):	 total squared error = 0.00551832, marker error: RMS = 0.0170422, max = 0.0258915 (RSHAOL)
[2025-07-17 22:58:52.365] [info] Frame 1225 (t = 6.125):	 total squared error = 0.00552969, marker error: RMS = 0.0170598, max = 0.0259101 (RSHAOL)
[2025-07-17 22:58:52.461] [info] Frame 1226 (t = 6.13):	 total squared error = 0.00554199, marker error: RMS = 0.0170788, max = 0.0259531 (RSHAOL)
[2025-07-17 22:58:52.546] [info] Frame 1227 (t = 6.135):	 total squared error = 0.00562136, marker error: RMS = 0.0172006, max = 0.0262515 (RSHAOL)
[2025-07-17 22:58:52.640] [info] Frame 1228 (t = 6.14):	 total squared error = 0.00556899, marker error: RMS = 0.0171203, max = 0.0260069 (RSHAOL)
[2025-07-17 22:58:52.747] [info] Frame 1229 (t = 6.145):	 total squared error = 0.00558319, marker error: RMS = 0.0171421, max = 0.0260039 (RSHAOL)
[2025-07-17 22:58:52.845] [info] Frame 1230 (t = 6.15):	 total squared error = 0.00559709, marker error: RMS = 0.0171634, max = 0.0260187 (RSHAOL)
[2025-07-17 22:58:52.942] [info] Frame 1231 (t = 6.155):	 total squared error = 0.00561059, marker error: RMS = 0.0171841, max = 0.0260380 (RSHAOL)
[2025-07-17 22:58:53.018] [info] Frame 1232 (t = 6.16):	 total squared error = 0.00568966, marker error: RMS = 0.0173048, max = 0.02631 (RSHAOL)
[2025-07-17 22:58:53.106] [info] Frame 1233 (t = 6.165):	 total squared error = 0.00563448, marker error: RMS = 0.0172207, max = 0.0260577 (RSHAOL)
[2025-07-17 22:58:53.198] [info] Frame 1234 (t = 6.17):	 total squared error = 0.00564450, marker error: RMS = 0.017236, max = 0.0260465 (RSHAOL)
[2025-07-17 22:58:53.289] [info] Frame 1235 (t = 6.175):	 total squared error = 0.00565311, marker error: RMS = 0.0172491, max = 0.0260537 (RSHAOL)
[2025-07-17 22:58:53.372] [info] Frame 1236 (t = 6.18):	 total squared error = 0.00566089, marker error: RMS = 0.017261, max = 0.0260585 (RSHAOL)
[2025-07-17 22:58:53.459] [info] Frame 1237 (t = 6.185):	 total squared error = 0.00566730, marker error: RMS = 0.0172708, max = 0.0260928 (RSHAOL)
[2025-07-17 22:58:53.547] [info] Frame 1238 (t = 6.19):	 total squared error = 0.00567301, marker error: RMS = 0.0172794, max = 0.0260088 (RSHAOL)
[2025-07-17 22:58:53.629] [info] Frame 1239 (t = 6.195):	 total squared error = 0.00574679, marker error: RMS = 0.0173914, max = 0.0263537 (RSHAOL)
[2025-07-17 22:58:53.727] [info] Frame 1240 (t = 6.2):	 total squared error = 0.00568482, marker error: RMS = 0.0172974, max = 0.0260767 (RSHAOL)
[2025-07-17 22:58:53.800] [info] Frame 1241 (t = 6.20500):	 total squared error = 0.00569187, marker error: RMS = 0.0173082, max = 0.0260579 (RSHAOL)
[2025-07-17 22:58:53.879] [info] Frame 1242 (t = 6.21):	 total squared error = 0.00576493, marker error: RMS = 0.0174189, max = 0.0263649 (RSHAOL)
[2025-07-17 22:58:53.968] [info] Frame 1243 (t = 6.215):	 total squared error = 0.00570405, marker error: RMS = 0.0173267, max = 0.0261217 (RSHAOL)
[2025-07-17 22:58:54.047] [info] Frame 1244 (t = 6.22):	 total squared error = 0.00571184, marker error: RMS = 0.0173385, max = 0.0260851 (RSHAOL)
[2025-07-17 22:58:54.135] [info] Frame 1245 (t = 6.225):	 total squared error = 0.00572035, marker error: RMS = 0.0173514, max = 0.0260851 (RSHAOL)
[2025-07-17 22:58:54.221] [info] Frame 1246 (t = 6.23):	 total squared error = 0.00573015, marker error: RMS = 0.0173663, max = 0.0261213 (RSHAOL)
[2025-07-17 22:58:54.319] [info] Frame 1247 (t = 6.235):	 total squared error = 0.00574088, marker error: RMS = 0.0173825, max = 0.0261106 (RSHAOL)
[2025-07-17 22:58:54.410] [info] Frame 1248 (t = 6.24):	 total squared error = 0.00575264, marker error: RMS = 0.0174003, max = 0.026143 (RSHAOL)
[2025-07-17 22:58:54.493] [info] Frame 1249 (t = 6.245):	 total squared error = 0.00583515, marker error: RMS = 0.0175246, max = 0.0264474 (RSHAOL)
[2025-07-17 22:58:54.564] [info] Frame 1250 (t = 6.25):	 total squared error = 0.00578095, marker error: RMS = 0.0174431, max = 0.0261558 (RSHAOL)
[2025-07-17 22:58:54.648] [info] Frame 1251 (t = 6.255):	 total squared error = 0.00579577, marker error: RMS = 0.0174654, max = 0.0261755 (RSHAOL)
[2025-07-17 22:58:54.738] [info] Frame 1252 (t = 6.26):	 total squared error = 0.00588208, marker error: RMS = 0.017595, max = 0.0264896 (RSHAOL)
[2025-07-17 22:58:54.829] [info] Frame 1253 (t = 6.265):	 total squared error = 0.00583018, marker error: RMS = 0.0175172, max = 0.0262212 (RSHAOL)
[2025-07-17 22:58:54.918] [info] Frame 1254 (t = 6.27):	 total squared error = 0.00584902, marker error: RMS = 0.0175455, max = 0.0262464 (RSHAOL)
[2025-07-17 22:58:54.984] [info] Frame 1255 (t = 6.275):	 total squared error = 0.00586911, marker error: RMS = 0.0175756, max = 0.0262684 (RSHAOL)
[2025-07-17 22:58:55.047] [info] Frame 1256 (t = 6.28):	 total squared error = 0.00596053, marker error: RMS = 0.0177119, max = 0.0266165 (RSHAOL)
[2025-07-17 22:58:55.119] [info] Frame 1257 (t = 6.285):	 total squared error = 0.00591135, marker error: RMS = 0.0176387, max = 0.0263331 (RSHAOL)
[2025-07-17 22:58:55.191] [info] Frame 1258 (t = 6.29):	 total squared error = 0.00593276, marker error: RMS = 0.0176706, max = 0.0263807 (RSHAOL)
[2025-07-17 22:58:55.298] [info] Frame 1259 (t = 6.295):	 total squared error = 0.00595468, marker error: RMS = 0.0177032, max = 0.026428 (RSHAOL)
[2025-07-17 22:58:55.400] [info] Frame 1260 (t = 6.3):	 total squared error = 0.00597726, marker error: RMS = 0.0177368, max = 0.0264773 (RSHAOL)
[2025-07-17 22:58:55.476] [info] Frame 1261 (t = 6.30500):	 total squared error = 0.00600056, marker error: RMS = 0.0177713, max = 0.0264831 (RSHAOL)
[2025-07-17 22:58:55.541] [info] Frame 1262 (t = 6.31):	 total squared error = 0.00609636, marker error: RMS = 0.0179126, max = 0.0268383 (RSHAOL)
[2025-07-17 22:58:55.613] [info] Frame 1263 (t = 6.315):	 total squared error = 0.00604754, marker error: RMS = 0.0178407, max = 0.0265975 (RSHAOL)
[2025-07-17 22:58:55.687] [info] Frame 1264 (t = 6.32):	 total squared error = 0.00606974, marker error: RMS = 0.0178734, max = 0.0266154 (RSHAOL)
[2025-07-17 22:58:55.758] [info] Frame 1265 (t = 6.325):	 total squared error = 0.00616379, marker error: RMS = 0.0180114, max = 0.0269517 (RSHAOL)
[2025-07-17 22:58:55.829] [info] Frame 1266 (t = 6.33):	 total squared error = 0.00611445, marker error: RMS = 0.0179392, max = 0.0266963 (RSHAOL)
[2025-07-17 22:58:55.890] [info] Frame 1267 (t = 6.335):	 total squared error = 0.00620728, marker error: RMS = 0.0180748, max = 0.0270323 (RSHAOL)
[2025-07-17 22:58:55.970] [info] Frame 1268 (t = 6.34):	 total squared error = 0.00615478, marker error: RMS = 0.0179982, max = 0.0267491 (RSHAOL)
[2025-07-17 22:58:56.045] [info] Frame 1269 (t = 6.345):	 total squared error = 0.00617260, marker error: RMS = 0.0180243, max = 0.0267283 (RSHAOL)
[2025-07-17 22:58:56.120] [info] Frame 1270 (t = 6.35):	 total squared error = 0.00618873, marker error: RMS = 0.0180478, max = 0.0267612 (RSHAOL)
[2025-07-17 22:58:56.192] [info] Frame 1271 (t = 6.355):	 total squared error = 0.00620963, marker error: RMS = 0.0180782, max = 0.0268246 (RSHAOL)
[2025-07-17 22:58:56.271] [info] Frame 1272 (t = 6.36):	 total squared error = 0.00621411, marker error: RMS = 0.0180848, max = 0.0267344 (RSHAOL)
[2025-07-17 22:58:56.354] [info] Frame 1273 (t = 6.365):	 total squared error = 0.00622322, marker error: RMS = 0.0180980, max = 0.0267201 (RSHAOL)
[2025-07-17 22:58:56.432] [info] Frame 1274 (t = 6.37):	 total squared error = 0.00622999, marker error: RMS = 0.0181078, max = 0.0267060 (RSHAOL)
[2025-07-17 22:58:56.502] [info] Frame 1275 (t = 6.375):	 total squared error = 0.00630788, marker error: RMS = 0.0182207, max = 0.0269424 (RSHAOL)
[2025-07-17 22:58:56.583] [info] Frame 1276 (t = 6.38):	 total squared error = 0.00623722, marker error: RMS = 0.0181183, max = 0.0266637 (RSHAOL)
[2025-07-17 22:58:56.674] [info] Frame 1277 (t = 6.385):	 total squared error = 0.00623801, marker error: RMS = 0.0181195, max = 0.0266031 (RSHAOL)
[2025-07-17 22:58:56.771] [info] Frame 1278 (t = 6.39):	 total squared error = 0.00623755, marker error: RMS = 0.0181188, max = 0.0265674 (RSHAOL)
[2025-07-17 22:58:56.834] [info] Frame 1279 (t = 6.395):	 total squared error = 0.00631074, marker error: RMS = 0.0182248, max = 0.0268485 (RSHAOL)
[2025-07-17 22:58:56.905] [info] Frame 1280 (t = 6.4):	 total squared error = 0.00623316, marker error: RMS = 0.0181125, max = 0.0264923 (RSHAOL)
[2025-07-17 22:58:56.969] [info] Frame 1281 (t = 6.40500):	 total squared error = 0.00630486, marker error: RMS = 0.0182163, max = 0.0267393 (RSHAOL)
[2025-07-17 22:58:57.038] [info] Frame 1282 (t = 6.41):	 total squared error = 0.00622490, marker error: RMS = 0.0181004, max = 0.026377 (RSHAOL)
[2025-07-17 22:58:57.104] [info] Frame 1283 (t = 6.415):	 total squared error = 0.00621932, marker error: RMS = 0.0180923, max = 0.0263135 (RSHAOL)
[2025-07-17 22:58:57.182] [info] Frame 1284 (t = 6.42):	 total squared error = 0.00621270, marker error: RMS = 0.0180827, max = 0.0262777 (RSHAOL)
[2025-07-17 22:58:57.230] [info] Frame 1285 (t = 6.425):	 total squared error = 0.00628185, marker error: RMS = 0.0181831, max = 0.026534 (RSHAOL)
[2025-07-17 22:58:57.297] [info] Frame 1286 (t = 6.43):	 total squared error = 0.00619426, marker error: RMS = 0.0180558, max = 0.0261761 (RSHAOL)
[2025-07-17 22:58:57.362] [info] Frame 1287 (t = 6.435):	 total squared error = 0.00618259, marker error: RMS = 0.0180388, max = 0.0261061 (RSHAOL)
[2025-07-17 22:58:57.414] [info] Frame 1288 (t = 6.44):	 total squared error = 0.00624487, marker error: RMS = 0.0181295, max = 0.0263492 (RSHAOL)
[2025-07-17 22:58:57.478] [info] Frame 1289 (t = 6.445):	 total squared error = 0.00615036, marker error: RMS = 0.0179918, max = 0.0262952 (SACROL)
[2025-07-17 22:58:57.536] [info] Frame 1290 (t = 6.45):	 total squared error = 0.00620873, marker error: RMS = 0.0180769, max = 0.0261941 (RSHAOL)
[2025-07-17 22:58:57.602] [info] Frame 1291 (t = 6.455):	 total squared error = 0.00610553, marker error: RMS = 0.0179261, max = 0.0265234 (SACROL)
[2025-07-17 22:58:57.666] [info] Frame 1292 (t = 6.46):	 total squared error = 0.00615805, marker error: RMS = 0.0180030, max = 0.0261591 (SACROL)
[2025-07-17 22:58:57.732] [info] Frame 1293 (t = 6.465):	 total squared error = 0.00604768, marker error: RMS = 0.0178409, max = 0.0267070 (SACROL)
[2025-07-17 22:58:57.784] [info] Frame 1294 (t = 6.47):	 total squared error = 0.00609476, marker error: RMS = 0.0179102, max = 0.0259462 (SACROL)
[2025-07-17 22:58:57.845] [info] Frame 1295 (t = 6.475):	 total squared error = 0.00597839, marker error: RMS = 0.0177384, max = 0.0266841 (SACROL)
[2025-07-17 22:58:57.909] [info] Frame 1296 (t = 6.48):	 total squared error = 0.00602023, marker error: RMS = 0.0178004, max = 0.0264216 (SACROL)
[2025-07-17 22:58:57.979] [info] Frame 1297 (t = 6.485):	 total squared error = 0.00590013, marker error: RMS = 0.0176219, max = 0.0271148 (SACROL)
[2025-07-17 22:58:58.036] [info] Frame 1298 (t = 6.49):	 total squared error = 0.00593913, marker error: RMS = 0.0176801, max = 0.0265853 (SACROL)
[2025-07-17 22:58:58.107] [info] Frame 1299 (t = 6.495):	 total squared error = 0.00581487, marker error: RMS = 0.0174942, max = 0.0272559 (SACROL)
[2025-07-17 22:58:58.177] [info] Frame 1300 (t = 6.5):	 total squared error = 0.00577049, marker error: RMS = 0.0174273, max = 0.0273144 (SACROL)
[2025-07-17 22:58:58.233] [info] Frame 1301 (t = 6.50500):	 total squared error = 0.00580697, marker error: RMS = 0.0174823, max = 0.026877 (SACROL)
[2025-07-17 22:58:58.290] [info] Frame 1302 (t = 6.51):	 total squared error = 0.00567808, marker error: RMS = 0.0172872, max = 0.0275443 (SACROL)
[2025-07-17 22:58:58.369] [info] Frame 1303 (t = 6.515):	 total squared error = 0.00562931, marker error: RMS = 0.0172128, max = 0.027658 (SACROL)
[2025-07-17 22:58:58.431] [info] Frame 1304 (t = 6.52):	 total squared error = 0.00558037, marker error: RMS = 0.0171378, max = 0.027356 (SACROL)
[2025-07-17 22:58:58.514] [info] Frame 1305 (t = 6.525):	 total squared error = 0.00552814, marker error: RMS = 0.0170574, max = 0.0278878 (SACROL)
[2025-07-17 22:58:58.588] [info] Frame 1306 (t = 6.53):	 total squared error = 0.00547427, marker error: RMS = 0.0169741, max = 0.0278751 (SACROL)
[2025-07-17 22:58:58.669] [info] Frame 1307 (t = 6.535):	 total squared error = 0.00541896, marker error: RMS = 0.0168881, max = 0.0279361 (SACROL)
[2025-07-17 22:58:58.746] [info] Frame 1308 (t = 6.54):	 total squared error = 0.00536103, marker error: RMS = 0.0167976, max = 0.0279674 (SACROL)
[2025-07-17 22:58:58.806] [info] Frame 1309 (t = 6.545):	 total squared error = 0.00538959, marker error: RMS = 0.0168423, max = 0.0272659 (SACROL)
[2025-07-17 22:58:58.881] [info] Frame 1310 (t = 6.55):	 total squared error = 0.00523964, marker error: RMS = 0.0166063, max = 0.0280329 (SACROL)
[2025-07-17 22:58:58.955] [info] Frame 1311 (t = 6.555):	 total squared error = 0.00517639, marker error: RMS = 0.0165058, max = 0.0280748 (SACROL)
[2025-07-17 22:58:59.015] [info] Frame 1312 (t = 6.56):	 total squared error = 0.00519881, marker error: RMS = 0.0165415, max = 0.0276202 (SACROL)
[2025-07-17 22:58:59.085] [info] Frame 1313 (t = 6.565):	 total squared error = 0.00504474, marker error: RMS = 0.0162946, max = 0.0281887 (SACROL)
[2025-07-17 22:58:59.154] [info] Frame 1314 (t = 6.57):	 total squared error = 0.00497567, marker error: RMS = 0.0161826, max = 0.0281351 (SACROL)
[2025-07-17 22:58:59.265] [info] Frame 1315 (t = 6.575):	 total squared error = 0.00490589, marker error: RMS = 0.0160688, max = 0.0281471 (SACROL)
[2025-07-17 22:58:59.357] [info] Frame 1316 (t = 6.58):	 total squared error = 0.00483460, marker error: RMS = 0.0159516, max = 0.0281654 (SACROL)
[2025-07-17 22:58:59.454] [info] Frame 1317 (t = 6.585):	 total squared error = 0.00476249, marker error: RMS = 0.0158322, max = 0.0281292 (SACROL)
[2025-07-17 22:58:59.527] [info] Frame 1318 (t = 6.59):	 total squared error = 0.00477803, marker error: RMS = 0.015858, max = 0.0277669 (SACROL)
[2025-07-17 22:58:59.604] [info] Frame 1319 (t = 6.595):	 total squared error = 0.00461444, marker error: RMS = 0.0155841, max = 0.0280949 (SACROL)
[2025-07-17 22:58:59.678] [info] Frame 1320 (t = 6.6):	 total squared error = 0.00453954, marker error: RMS = 0.0154571, max = 0.0281274 (SACROL)
[2025-07-17 22:58:59.746] [info] Frame 1321 (t = 6.60500):	 total squared error = 0.00446284, marker error: RMS = 0.015326, max = 0.0281087 (SACROL)
[2025-07-17 22:58:59.818] [info] Frame 1322 (t = 6.61):	 total squared error = 0.00438586, marker error: RMS = 0.0151932, max = 0.0280441 (SACROL)
[2025-07-17 22:58:59.900] [info] Frame 1323 (t = 6.615):	 total squared error = 0.00430810, marker error: RMS = 0.0150580, max = 0.0280564 (SACROL)
[2025-07-17 22:58:59.981] [info] Frame 1324 (t = 6.62):	 total squared error = 0.00422963, marker error: RMS = 0.0149202, max = 0.0279931 (SACROL)
[2025-07-17 22:59:00.055] [info] Frame 1325 (t = 6.625):	 total squared error = 0.00415022, marker error: RMS = 0.0147795, max = 0.0279303 (SACROL)
[2025-07-17 22:59:00.137] [info] Frame 1326 (t = 6.63):	 total squared error = 0.00406973, marker error: RMS = 0.0146354, max = 0.0278886 (SACROL)
[2025-07-17 22:59:00.213] [info] Frame 1327 (t = 6.635):	 total squared error = 0.00398881, marker error: RMS = 0.0144892, max = 0.0278027 (SACROL)
[2025-07-17 22:59:00.289] [info] Frame 1328 (t = 6.64):	 total squared error = 0.00390636, marker error: RMS = 0.0143387, max = 0.0276714 (SACROL)
[2025-07-17 22:59:00.379] [info] Frame 1329 (t = 6.645):	 total squared error = 0.00382239, marker error: RMS = 0.0141837, max = 0.0276655 (SACROL)
[2025-07-17 22:59:00.473] [info] Frame 1330 (t = 6.65):	 total squared error = 0.00373875, marker error: RMS = 0.0140277, max = 0.0274484 (SACROL)
[2025-07-17 22:59:00.547] [info] Frame 1331 (t = 6.655):	 total squared error = 0.00365443, marker error: RMS = 0.0138686, max = 0.0272272 (SACROL)
[2025-07-17 22:59:00.623] [info] Frame 1332 (t = 6.66):	 total squared error = 0.00356834, marker error: RMS = 0.0137043, max = 0.0271945 (SACROL)
[2025-07-17 22:59:00.669] [info] Frame 1333 (t = 6.665):	 total squared error = 0.00356347, marker error: RMS = 0.0136949, max = 0.0265574 (SACROL)
[2025-07-17 22:59:00.737] [info] Frame 1334 (t = 6.67):	 total squared error = 0.00339682, marker error: RMS = 0.0133709, max = 0.0266813 (SACROL)
[2025-07-17 22:59:00.793] [info] Frame 1335 (t = 6.675):	 total squared error = 0.00331213, marker error: RMS = 0.0132031, max = 0.0264548 (SACROL)
[2025-07-17 22:59:00.859] [info] Frame 1336 (t = 6.68):	 total squared error = 0.00322685, marker error: RMS = 0.0130320, max = 0.0264066 (SACROL)
[2025-07-17 22:59:00.906] [info] Frame 1337 (t = 6.685):	 total squared error = 0.00321575, marker error: RMS = 0.0130096, max = 0.0258934 (SACROL)
[2025-07-17 22:59:00.969] [info] Frame 1338 (t = 6.69):	 total squared error = 0.00306142, marker error: RMS = 0.0126936, max = 0.0258307 (SACROL)
[2025-07-17 22:59:01.011] [info] Frame 1339 (t = 6.695):	 total squared error = 0.00305791, marker error: RMS = 0.0126863, max = 0.0255215 (SACROL)
[2025-07-17 22:59:01.080] [info] Frame 1340 (t = 6.7):	 total squared error = 0.00290266, marker error: RMS = 0.0123601, max = 0.0254027 (SACROL)
[2025-07-17 22:59:01.135] [info] Frame 1341 (t = 6.70500):	 total squared error = 0.00282679, marker error: RMS = 0.0121975, max = 0.0251456 (SACROL)
[2025-07-17 22:59:01.197] [info] Frame 1342 (t = 6.71):	 total squared error = 0.00275228, marker error: RMS = 0.0120356, max = 0.0248471 (SACROL)
[2025-07-17 22:59:01.268] [info] Frame 1343 (t = 6.715):	 total squared error = 0.00268069, marker error: RMS = 0.0118781, max = 0.0245663 (SACROL)
[2025-07-17 22:59:01.326] [info] Frame 1344 (t = 6.72):	 total squared error = 0.00261259, marker error: RMS = 0.0117262, max = 0.0243649 (SACROL)
[2025-07-17 22:59:01.384] [info] Frame 1345 (t = 6.725):	 total squared error = 0.00259772, marker error: RMS = 0.0116928, max = 0.0238481 (SACROL)
[2025-07-17 22:59:01.440] [info] Frame 1346 (t = 6.73):	 total squared error = 0.00253293, marker error: RMS = 0.0115461, max = 0.0236394 (SACROL)
[2025-07-17 22:59:01.516] [info] Frame 1347 (t = 6.735):	 total squared error = 0.00242199, marker error: RMS = 0.0112904, max = 0.0234055 (SACROL)
[2025-07-17 22:59:01.557] [info] Frame 1348 (t = 6.74):	 total squared error = 0.00241494, marker error: RMS = 0.011274, max = 0.0231469 (SACROL)
[2025-07-17 22:59:01.635] [info] Frame 1349 (t = 6.745):	 total squared error = 0.00230805, marker error: RMS = 0.0110216, max = 0.0226277 (SACROL)
[2025-07-17 22:59:01.685] [info] Frame 1350 (t = 6.75):	 total squared error = 0.00229390, marker error: RMS = 0.0109878, max = 0.0224706 (SACROL)
[2025-07-17 22:59:01.764] [info] Frame 1351 (t = 6.755):	 total squared error = 0.00220131, marker error: RMS = 0.0107638, max = 0.0219992 (SACROL)
[2025-07-17 22:59:01.843] [info] Frame 1352 (t = 6.76):	 total squared error = 0.00215150, marker error: RMS = 0.0106413, max = 0.0215834 (SACROL)
[2025-07-17 22:59:01.927] [info] Frame 1353 (t = 6.765):	 total squared error = 0.00210235, marker error: RMS = 0.0105190, max = 0.0212152 (SACROL)
[2025-07-17 22:59:01.980] [info] Frame 1354 (t = 6.77):	 total squared error = 0.00206095, marker error: RMS = 0.0104149, max = 0.0210213 (SACROL)
[2025-07-17 22:59:02.038] [info] Frame 1355 (t = 6.775):	 total squared error = 0.00201776, marker error: RMS = 0.0103052, max = 0.0205114 (SACROL)
[2025-07-17 22:59:02.127] [info] Frame 1356 (t = 6.78):	 total squared error = 0.00198461, marker error: RMS = 0.0102202, max = 0.0198147 (SACROL)
[2025-07-17 22:59:02.277] [info] Frame 1357 (t = 6.785):	 total squared error = 0.00191692, marker error: RMS = 0.0100444, max = 0.01963 (SACROL)
[2025-07-17 22:59:02.330] [info] Frame 1358 (t = 6.79):	 total squared error = 0.00189151, marker error: RMS = 0.00997764, max = 0.0190570 (SACROL)
[2025-07-17 22:59:02.445] [info] Frame 1359 (t = 6.795):	 total squared error = 0.00182760, marker error: RMS = 0.00980762, max = 0.0186102 (SACROL)
[2025-07-17 22:59:02.549] [info] Frame 1360 (t = 6.8):	 total squared error = 0.00178338, marker error: RMS = 0.00968824, max = 0.0180804 (SACROL)
[2025-07-17 22:59:02.638] [info] Frame 1361 (t = 6.80500):	 total squared error = 0.00173846, marker error: RMS = 0.00956546, max = 0.0176192 (SACROL)
[2025-07-17 22:59:02.702] [info] Frame 1362 (t = 6.81):	 total squared error = 0.00169953, marker error: RMS = 0.00945774, max = 0.0174456 (LTOE)
[2025-07-17 22:59:02.743] [info] Frame 1363 (t = 6.815):	 total squared error = 0.00168055, marker error: RMS = 0.00940479, max = 0.0171478 (LTOE)
[2025-07-17 22:59:02.831] [info] Frame 1364 (t = 6.82):	 total squared error = 0.00160774, marker error: RMS = 0.00919879, max = 0.0170917 (LTOE)
[2025-07-17 22:59:02.912] [info] Frame 1365 (t = 6.825):	 total squared error = 0.00156582, marker error: RMS = 0.00907808, max = 0.0170684 (LTOE)
[2025-07-17 22:59:03.020] [info] Frame 1366 (t = 6.83):	 total squared error = 0.00152306, marker error: RMS = 0.00895328, max = 0.016915 (LTOE)
[2025-07-17 22:59:03.080] [info] Frame 1367 (t = 6.835):	 total squared error = 0.00149201, marker error: RMS = 0.00886153, max = 0.0168287 (LTOE)
[2025-07-17 22:59:03.186] [info] Frame 1368 (t = 6.84):	 total squared error = 0.00144574, marker error: RMS = 0.00872305, max = 0.0165708 (LTOE)
[2025-07-17 22:59:03.252] [info] Frame 1369 (t = 6.845):	 total squared error = 0.00141812, marker error: RMS = 0.00863933, max = 0.0165122 (LTOE)
[2025-07-17 22:59:03.362] [info] Frame 1370 (t = 6.85):	 total squared error = 0.00137498, marker error: RMS = 0.00850692, max = 0.0163608 (LTOE)
[2025-07-17 22:59:03.452] [info] Frame 1371 (t = 6.855):	 total squared error = 0.00134297, marker error: RMS = 0.00840731, max = 0.0161686 (LTOE)
[2025-07-17 22:59:03.554] [info] Frame 1372 (t = 6.86):	 total squared error = 0.00131242, marker error: RMS = 0.00831112, max = 0.0160761 (LTOE)
[2025-07-17 22:59:03.624] [info] Frame 1373 (t = 6.865):	 total squared error = 0.00129520, marker error: RMS = 0.00825641, max = 0.0159946 (LTOE)
[2025-07-17 22:59:03.733] [info] Frame 1374 (t = 6.87):	 total squared error = 0.00125749, marker error: RMS = 0.00813533, max = 0.0158975 (LTOE)
[2025-07-17 22:59:03.754] [info] InverseKinematicsTool completed 592 frames in 47 second(s).
[2025-07-17 22:59:03.833] [info] Loaded model Athlete_03_MRI_scaled_updated_masses from file c:\Git\1_current_projects\powerlifing_model\models\Athlete_03_MRI_scaled_scaledMasses_increased_3.00.osim
[2025-07-17 22:59:03.979] [info] Storage: read data file = c:\Git\1_current_projects\powerlifing_model\simulations\Athlete_03_MRI\22_07_06\sq_85\joint_angles.mot (nr=592 nc=27)
[2025-07-17 22:59:04.068] [info] Loaded model Athlete_03_MRI_scaled_updated_masses from file c:\Git\1_current_projects\powerlifing_model\models\Athlete_03_MRI_scaled_scaledMasses_increased_3.00.osim
[2025-07-17 22:59:04.171] [cout] [info] 
               MODEL: Athlete_03_MRI_scaled_updated_masses
         coordinates: 26
              forces: 80
           actuators: 80
             muscles: 80
            analyses: 0
              probes: 0
              bodies: 14
              joints: 14
         constraints: 2
             markers: 33
         controllers: 0
  contact geometries: 0
misc modelcomponents: 0
[2025-07-17 22:59:04.172] [info] Running tool ...
[2025-07-17 22:59:04.297] [info] Storage: read data file = grf.mot (nr=7720 nc=19)
[2025-07-17 22:59:04.470] [info] ExternalForce::grf_r_1 Data source being set to grf
[2025-07-17 22:59:04.481] [info] ExternalForce::grf_l_2 Data source being set to grf
[2025-07-17 22:59:04.525] [info] Storage: read data file = c:\Git\1_current_projects\powerlifing_model\simulations\Athlete_03_MRI\22_07_06\sq_85\joint_angles.mot (nr=592 nc=27)
[2025-07-17 22:59:04.548] [info] Low-pass filtering coordinates data with a cutoff frequency of 6.0...
[2025-07-17 22:59:07.905] [info] InverseDynamicsTool: 592 time frames in 2 second(s).
