[2025-07-11 09:48:27.071] [info] Loaded model Athlete_03 from file c:\Git\1_current_projects\powerlifing_model\models\Athlete_03_lowerBody_final.osim
[2025-07-11 10:05:28.101] [info] Loaded model Athlete_03 from file c:\Git\1_current_projects\powerlifing_model\models\Athlete_03_lowerBody_final.osim
[2025-07-11 10:05:28.143] [info] Storage: read data file = c:\Git\1_current_projects\powerlifing_model\simulations\Athlete_03\22_07_06\sq_70_EMG\joint_angles.mot (nr=475 nc=27)
[2025-07-11 10:05:52.954] [info] Loaded model Athlete_03 from file c:\Git\1_current_projects\powerlifing_model\models\Athlete_03_lowerBody_final.osim
[2025-07-11 10:05:52.976] [info] Storage: read data file = c:\Git\1_current_projects\powerlifing_model\simulations\Athlete_03\22_07_06\sq_70_EMG\joint_angles.mot (nr=475 nc=27)
[2025-07-11 10:06:30.316] [info] Loaded model Athlete_03 from file c:\Git\1_current_projects\powerlifing_model\models\Athlete_03_lowerBody_final.osim
[2025-07-11 10:06:53.854] [info] Loaded model Athlete_03 from file c:\Git\1_current_projects\powerlifing_model\models\Athlete_03_lowerBody_final.osim
[2025-07-11 10:08:05.862] [info] Loaded model Athlete_03 from file c:\Git\1_current_projects\powerlifing_model\models\Athlete_03_lowerBody_final.osim
[2025-07-11 10:09:23.311] [info] Loaded model Athlete_03 from file c:\Git\1_current_projects\powerlifing_model\models\Athlete_03_lowerBody_final.osim
[2025-07-11 10:09:26.629] [warning] Coordinate.setValue:  coordinate mtp_angle_r is locked. Unable to change its value.
[2025-07-11 10:09:26.629] [warning] Coordinate.setValue:  coordinate mtp_angle_r is locked. Unable to change its value.
[2025-07-11 10:09:28.281] [warning] Coordinate.setValue:  coordinate mtp_angle_l is locked. Unable to change its value.
[2025-07-11 10:09:28.282] [warning] Coordinate.setValue:  coordinate mtp_angle_l is locked. Unable to change its value.
[2025-07-11 10:09:32.194] [warning] Coordinate.setValue:  coordinate mtp_angle_r is locked. Unable to change its value.
[2025-07-11 10:09:33.918] [warning] Coordinate.setValue:  coordinate mtp_angle_l is locked. Unable to change its value.
[2025-07-11 10:09:57.867] [info] Loaded model Athlete_03 from file c:\Git\1_current_projects\powerlifing_model\models\Athlete_03_lowerBody_final.osim
[2025-07-11 10:10:32.948] [info] Loaded model Athlete_03 from file c:\Git\1_current_projects\powerlifing_model\models\Athlete_03_lowerBody_final.osim
[2025-07-11 10:17:22.689] [info] Loaded model Athlete_03 from file c:\Git\1_current_projects\powerlifing_model\models\Athlete_03_lowerBody_final.osim
[2025-07-11 10:17:34.365] [info] Loaded model Athlete_03 from file c:\Git\1_current_projects\powerlifing_model\models\Athlete_03_lowerBody_final.osim
[2025-07-11 10:22:15.430] [info] Loaded model Athlete_03 from file c:\Git\1_current_projects\powerlifing_model\models\Athlete_03_lowerBody_final.osim
[2025-07-11 10:23:45.176] [info] Loaded model Athlete_03 from file c:\Git\1_current_projects\powerlifing_model\models\Athlete_03_lowerBody_final.osim
[2025-07-11 10:24:36.787] [info] Loaded model Athlete_03 from file c:\Git\1_current_projects\powerlifing_model\models\Athlete_03_lowerBody_final.osim
[2025-07-11 10:25:00.487] [info] Loaded model Athlete_03 from file c:\Git\1_current_projects\powerlifing_model\models\Athlete_03_lowerBody_final.osim
[2025-07-11 10:25:50.185] [info] Loaded model Athlete_03 from file c:\Git\1_current_projects\powerlifing_model\models\Athlete_03_lowerBody_final.osim
[2025-07-11 10:26:02.093] [info] Loaded model Athlete_03 from file c:\Git\1_current_projects\powerlifing_model\models\Athlete_03_lowerBody_final.osim
[2025-07-11 10:26:36.091] [info] Loaded model Athlete_03 from file c:\Git\1_current_projects\powerlifing_model\models\Athlete_03_lowerBody_final.osim
[2025-07-11 11:07:20.593] [info] Loaded model Athlete_03 from file c:\Git\1_current_projects\powerlifing_model\models\Athlete_03_lowerBody_final.osim
[2025-07-11 11:14:29.536] [info] Loaded model Athlete_03 from file c:\Git\1_current_projects\powerlifing_model\models\Athlete_03_lowerBody_final.osim
[2025-07-11 11:18:17.641] [info] Loaded model Athlete_03 from file c:\Git\1_current_projects\powerlifing_model\models\Athlete_03_lowerBody_final.osim
[2025-07-11 11:25:33.410] [info] Updating Model file from 40000 to latest format...
[2025-07-11 11:25:33.432] [info] Loaded model 3DGaitModel2392 from file C:\OpenSim 4.5\Models\Gait2392_Simbody\gait2392_simbody.osim
[2025-07-11 11:25:33.433] [warning] Couldn't find file 'treadmill.vtp'.
[2025-07-11 11:25:33.433] [warning] Couldn't find file 'sacrum.vtp'.
[2025-07-11 11:25:33.433] [warning] Couldn't find file 'pelvis.vtp'.
[2025-07-11 11:25:33.433] [warning] Couldn't find file 'l_pelvis.vtp'.
[2025-07-11 11:25:33.433] [warning] Couldn't find file 'femur_r.vtp'.
[2025-07-11 11:25:33.434] [warning] Couldn't find file 'tibia_r.vtp'.
[2025-07-11 11:25:33.434] [warning] Couldn't find file 'fibula.vtp'.
[2025-07-11 11:25:33.434] [warning] Couldn't find file 'talus.vtp'.
[2025-07-11 11:25:33.434] [warning] Couldn't find file 'foot.vtp'.
[2025-07-11 11:25:33.434] [warning] Couldn't find file 'bofoot.vtp'.
[2025-07-11 11:25:33.435] [warning] Couldn't find file 'femur_l.vtp'.
[2025-07-11 11:25:33.435] [warning] Couldn't find file 'tibia_l.vtp'.
[2025-07-11 11:25:33.435] [warning] Couldn't find file 'l_fibula.vtp'.
[2025-07-11 11:25:33.435] [warning] Couldn't find file 'l_talus.vtp'.
[2025-07-11 11:25:33.435] [warning] Couldn't find file 'l_foot.vtp'.
[2025-07-11 11:25:33.435] [warning] Couldn't find file 'l_bofoot.vtp'.
[2025-07-11 11:25:33.435] [warning] Couldn't find file 'hat_spine.vtp'.
[2025-07-11 11:25:33.436] [warning] Couldn't find file 'hat_jaw.vtp'.
[2025-07-11 11:25:33.436] [warning] Couldn't find file 'hat_skull.vtp'.
[2025-07-11 11:25:33.436] [warning] Couldn't find file 'hat_ribs.vtp'.
[2025-07-11 11:29:28.397] [info] Loaded model Athlete_03 from file c:\Git\1_current_projects\powerlifing_model\models\Athlete_03_lowerBody_final.osim
[2025-07-11 11:31:09.319] [info] Loaded model Athlete_03 from file c:\Git\1_current_projects\powerlifing_model\models\Athlete_03_lowerBody_final.osim
[2025-07-11 16:44:19.071] [info] Loaded model Athlete_03_mri_based_scaled from file c:\Git\1_current_projects\powerlifing_model\models\Athlete_03_mri_based.osim
[2025-07-11 16:44:19.467] [cout] [info] 
               MODEL: Athlete_03_mri_based_scaled
         coordinates: 26
              forces: 80
           actuators: 80
             muscles: 80
            analyses: 0
              probes: 0
              bodies: 14
              joints: 14
         constraints: 2
             markers: 33
         controllers: 0
  contact geometries: 0
misc modelcomponents: 0
[2025-07-11 16:44:19.467] [info] Running tool .
[2025-07-11 16:44:20.085] [info] Frame 720 (t = 3.6):	 total squared error = 0.000603653, marker error: RMS = 0.00563659, max = 0.0117221 (LTOE)
[2025-07-11 16:44:20.186] [info] Frame 721 (t = 3.60500):	 total squared error = 0.000625836, marker error: RMS = 0.00573923, max = 0.011992 (LTOE)
[2025-07-11 16:44:20.335] [info] Frame 722 (t = 3.61):	 total squared error = 0.000629504, marker error: RMS = 0.00575602, max = 0.0119512 (LTOE)
[2025-07-11 16:44:20.494] [info] Frame 723 (t = 3.615):	 total squared error = 0.000644234, marker error: RMS = 0.00582298, max = 0.0120551 (LTOE)
[2025-07-11 16:44:20.590] [info] Frame 724 (t = 3.62):	 total squared error = 0.000662776, marker error: RMS = 0.00590618, max = 0.0123218 (LTOE)
[2025-07-11 16:44:20.728] [info] Frame 725 (t = 3.625):	 total squared error = 0.000676433, marker error: RMS = 0.00596672, max = 0.0122998 (LTOE)
[2025-07-11 16:44:20.882] [info] Frame 726 (t = 3.63):	 total squared error = 0.000694317, marker error: RMS = 0.00604508, max = 0.0123954 (LTOE)
[2025-07-11 16:44:20.972] [info] Frame 727 (t = 3.635):	 total squared error = 0.000717061, marker error: RMS = 0.00614329, max = 0.0126152 (LTOE)
[2025-07-11 16:44:21.111] [info] Frame 728 (t = 3.64):	 total squared error = 0.000731762, marker error: RMS = 0.00620595, max = 0.0126298 (LTOE)
[2025-07-11 16:44:21.218] [info] Frame 729 (t = 3.645):	 total squared error = 0.000754951, marker error: RMS = 0.00630351, max = 0.0128451 (LTOE)
[2025-07-11 16:44:21.359] [info] Frame 730 (t = 3.65):	 total squared error = 0.000770632, marker error: RMS = 0.00636864, max = 0.0128258 (LTOE)
[2025-07-11 16:44:21.473] [info] Frame 731 (t = 3.655):	 total squared error = 0.000793592, marker error: RMS = 0.00646282, max = 0.0129543 (LTOE)
[2025-07-11 16:44:21.541] [info] Frame 732 (t = 3.66):	 total squared error = 0.000815491, marker error: RMS = 0.00655138, max = 0.0131411 (LTOE)
[2025-07-11 16:44:21.620] [info] Frame 733 (t = 3.665):	 total squared error = 0.000834697, marker error: RMS = 0.00662808, max = 0.0132635 (LTOE)
[2025-07-11 16:44:21.681] [info] Frame 734 (t = 3.67):	 total squared error = 0.000856311, marker error: RMS = 0.00671334, max = 0.0132881 (LTOE)
[2025-07-11 16:44:21.760] [info] Frame 735 (t = 3.675):	 total squared error = 0.000877046, marker error: RMS = 0.00679414, max = 0.0133574 (LTOE)
[2025-07-11 16:44:21.853] [info] Frame 736 (t = 3.68):	 total squared error = 0.000895953, marker error: RMS = 0.00686698, max = 0.0135030 (LTOE)
[2025-07-11 16:44:21.919] [info] Frame 737 (t = 3.685):	 total squared error = 0.000918819, marker error: RMS = 0.00695406, max = 0.0135586 (LTOE)
[2025-07-11 16:44:21.985] [info] Frame 738 (t = 3.69):	 total squared error = 0.000943063, marker error: RMS = 0.00704520, max = 0.0135838 (LTOE)
[2025-07-11 16:44:22.055] [info] Frame 739 (t = 3.695):	 total squared error = 0.000966019, marker error: RMS = 0.00713043, max = 0.0136753 (LTOE)
[2025-07-11 16:44:22.114] [info] Frame 740 (t = 3.7):	 total squared error = 0.000995328, marker error: RMS = 0.00723779, max = 0.0136333 (LTOE)
[2025-07-11 16:44:22.162] [info] Frame 741 (t = 3.70500):	 total squared error = 0.00102605, marker error: RMS = 0.00734865, max = 0.0136952 (LTOE)
[2025-07-11 16:44:22.254] [info] Frame 742 (t = 3.71):	 total squared error = 0.00105322, marker error: RMS = 0.00744531, max = 0.0139181 (SACROL)
[2025-07-11 16:44:22.358] [info] Frame 743 (t = 3.715):	 total squared error = 0.00108841, marker error: RMS = 0.00756867, max = 0.014567 (SACROL)
[2025-07-11 16:44:22.462] [info] Frame 744 (t = 3.72):	 total squared error = 0.00112038, marker error: RMS = 0.00767902, max = 0.0150033 (SACROL)
[2025-07-11 16:44:22.538] [info] Frame 745 (t = 3.725):	 total squared error = 0.00115763, marker error: RMS = 0.00780564, max = 0.0155775 (SACROL)
[2025-07-11 16:44:22.590] [info] Frame 746 (t = 3.73):	 total squared error = 0.00119513, marker error: RMS = 0.00793104, max = 0.0160522 (SACROL)
[2025-07-11 16:44:22.644] [info] Frame 747 (t = 3.735):	 total squared error = 0.00123320, marker error: RMS = 0.00805637, max = 0.0165885 (SACROL)
[2025-07-11 16:44:22.742] [info] Frame 748 (t = 3.74):	 total squared error = 0.00126688, marker error: RMS = 0.00816566, max = 0.0170643 (SACROL)
[2025-07-11 16:44:22.796] [info] Frame 749 (t = 3.745):	 total squared error = 0.00130706, marker error: RMS = 0.00829413, max = 0.0175541 (SACROL)
[2025-07-11 16:44:22.855] [info] Frame 750 (t = 3.75):	 total squared error = 0.00134480, marker error: RMS = 0.00841303, max = 0.0180075 (SACROL)
[2025-07-11 16:44:22.935] [info] Frame 751 (t = 3.755):	 total squared error = 0.00137900, marker error: RMS = 0.00851933, max = 0.0184514 (SACROL)
[2025-07-11 16:44:22.976] [info] Frame 752 (t = 3.76):	 total squared error = 0.00143618, marker error: RMS = 0.00869415, max = 0.0195489 (SACROL)
[2025-07-11 16:44:23.059] [info] Frame 753 (t = 3.765):	 total squared error = 0.00145269, marker error: RMS = 0.00874398, max = 0.0193257 (SACROL)
[2025-07-11 16:44:23.115] [info] Frame 754 (t = 3.77):	 total squared error = 0.00149069, marker error: RMS = 0.00885761, max = 0.0197879 (SACROL)
[2025-07-11 16:44:23.179] [info] Frame 755 (t = 3.775):	 total squared error = 0.00152852, marker error: RMS = 0.00896931, max = 0.0201415 (SACROL)
[2025-07-11 16:44:23.242] [info] Frame 756 (t = 3.78):	 total squared error = 0.00156521, marker error: RMS = 0.00907632, max = 0.0205203 (SACROL)
[2025-07-11 16:44:23.299] [info] Frame 757 (t = 3.785):	 total squared error = 0.00160319, marker error: RMS = 0.00918576, max = 0.0209690 (SACROL)
[2025-07-11 16:44:23.357] [info] Frame 758 (t = 3.79):	 total squared error = 0.00163915, marker error: RMS = 0.00928823, max = 0.0212214 (SACROL)
[2025-07-11 16:44:23.397] [info] Frame 759 (t = 3.795):	 total squared error = 0.00170671, marker error: RMS = 0.00947769, max = 0.0217581 (SACROL)
[2025-07-11 16:44:23.489] [info] Frame 760 (t = 3.8):	 total squared error = 0.00171283, marker error: RMS = 0.00949468, max = 0.0217914 (SACROL)
[2025-07-11 16:44:23.544] [info] Frame 761 (t = 3.80500):	 total squared error = 0.00175380, marker error: RMS = 0.00960755, max = 0.0221498 (SACROL)
[2025-07-11 16:44:23.600] [info] Frame 762 (t = 3.81):	 total squared error = 0.00181951, marker error: RMS = 0.00978588, max = 0.022316 (SACROL)
[2025-07-11 16:44:23.652] [info] Frame 763 (t = 3.815):	 total squared error = 0.00183671, marker error: RMS = 0.00983204, max = 0.0229236 (SACROL)
[2025-07-11 16:44:23.708] [info] Frame 764 (t = 3.82):	 total squared error = 0.00192436, marker error: RMS = 0.0100639, max = 0.0231587 (SACROL)
[2025-07-11 16:44:23.835] [info] Frame 765 (t = 3.825):	 total squared error = 0.00191887, marker error: RMS = 0.0100495, max = 0.0235215 (SACROL)
[2025-07-11 16:44:23.875] [info] Frame 766 (t = 3.83):	 total squared error = 0.00201917, marker error: RMS = 0.0103088, max = 0.0237488 (SACROL)
[2025-07-11 16:44:23.943] [info] Frame 767 (t = 3.835):	 total squared error = 0.00201353, marker error: RMS = 0.0102944, max = 0.0242082 (SACROL)
[2025-07-11 16:44:24.013] [info] Frame 768 (t = 3.84):	 total squared error = 0.00206040, marker error: RMS = 0.0104136, max = 0.0243459 (SACROL)
[2025-07-11 16:44:24.074] [info] Frame 769 (t = 3.845):	 total squared error = 0.00211160, marker error: RMS = 0.0105421, max = 0.0247828 (SACROL)
[2025-07-11 16:44:24.182] [info] Frame 770 (t = 3.85):	 total squared error = 0.00215981, marker error: RMS = 0.0106618, max = 0.0250481 (SACROL)
[2025-07-11 16:44:24.241] [info] Frame 771 (t = 3.855):	 total squared error = 0.00221240, marker error: RMS = 0.0107908, max = 0.0253153 (SACROL)
[2025-07-11 16:44:24.306] [info] Frame 772 (t = 3.86):	 total squared error = 0.00226589, marker error: RMS = 0.0109205, max = 0.0255367 (SACROL)
[2025-07-11 16:44:24.417] [info] Frame 773 (t = 3.865):	 total squared error = 0.00232066, marker error: RMS = 0.0110517, max = 0.0258138 (SACROL)
[2025-07-11 16:44:24.511] [info] Frame 774 (t = 3.87):	 total squared error = 0.00237708, marker error: RMS = 0.0111852, max = 0.0260342 (SACROL)
[2025-07-11 16:44:24.588] [info] Frame 775 (t = 3.875):	 total squared error = 0.00252181, marker error: RMS = 0.0115207, max = 0.0260538 (SACROL)
[2025-07-11 16:44:24.781] [info] Frame 776 (t = 3.88):	 total squared error = 0.00249324, marker error: RMS = 0.0114553, max = 0.0264269 (SACROL)
[2025-07-11 16:44:24.931] [info] Frame 777 (t = 3.885):	 total squared error = 0.00255419, marker error: RMS = 0.0115944, max = 0.0265802 (SACROL)
[2025-07-11 16:44:25.155] [info] Frame 778 (t = 3.89):	 total squared error = 0.00261648, marker error: RMS = 0.011735, max = 0.0267108 (SACROL)
[2025-07-11 16:44:25.239] [info] Frame 779 (t = 3.895):	 total squared error = 0.00268162, marker error: RMS = 0.0118801, max = 0.0268899 (SACROL)
[2025-07-11 16:44:25.352] [info] Frame 780 (t = 3.9):	 total squared error = 0.00274891, marker error: RMS = 0.0120283, max = 0.0270383 (SACROL)
[2025-07-11 16:44:25.396] [info] Frame 781 (t = 3.90500):	 total squared error = 0.00292665, marker error: RMS = 0.012411, max = 0.0267883 (SACROL)
[2025-07-11 16:44:25.499] [info] Frame 782 (t = 3.91):	 total squared error = 0.00289329, marker error: RMS = 0.0123401, max = 0.0272687 (SACROL)
[2025-07-11 16:44:25.624] [info] Frame 783 (t = 3.915):	 total squared error = 0.00297033, marker error: RMS = 0.0125033, max = 0.0273629 (SACROL)
[2025-07-11 16:44:25.746] [info] Frame 784 (t = 3.92):	 total squared error = 0.00305136, marker error: RMS = 0.0126727, max = 0.0274035 (SACROL)
[2025-07-11 16:44:25.825] [info] Frame 785 (t = 3.925):	 total squared error = 0.00313565, marker error: RMS = 0.0128466, max = 0.0274119 (SACROL)
[2025-07-11 16:44:25.922] [info] Frame 786 (t = 3.93):	 total squared error = 0.00322433, marker error: RMS = 0.0130270, max = 0.0275716 (SACROL)
[2025-07-11 16:44:26.017] [info] Frame 787 (t = 3.935):	 total squared error = 0.00341295, marker error: RMS = 0.0134026, max = 0.0272904 (SACROL)
[2025-07-11 16:44:26.105] [info] Frame 788 (t = 3.94):	 total squared error = 0.00341196, marker error: RMS = 0.0134006, max = 0.0275076 (SACROL)
[2025-07-11 16:44:26.208] [info] Frame 789 (t = 3.945):	 total squared error = 0.00351292, marker error: RMS = 0.0135974, max = 0.0278011 (SACROL)
[2025-07-11 16:44:26.346] [info] Frame 790 (t = 3.95):	 total squared error = 0.00361633, marker error: RMS = 0.0137961, max = 0.027876 (SACROL)
[2025-07-11 16:44:26.459] [info] Frame 791 (t = 3.955):	 total squared error = 0.00372345, marker error: RMS = 0.013999, max = 0.0279132 (SACROL)
[2025-07-11 16:44:26.537] [info] Frame 792 (t = 3.96):	 total squared error = 0.00395850, marker error: RMS = 0.0144341, max = 0.027439 (SACROL)
[2025-07-11 16:44:26.828] [info] Frame 793 (t = 3.965):	 total squared error = 0.00394765, marker error: RMS = 0.0144143, max = 0.0280502 (SACROL)
[2025-07-11 16:44:27.028] [info] Frame 794 (t = 3.97):	 total squared error = 0.00406388, marker error: RMS = 0.0146249, max = 0.0280713 (SACROL)
[2025-07-11 16:44:27.167] [info] Frame 795 (t = 3.975):	 total squared error = 0.00418240, marker error: RMS = 0.0148366, max = 0.0281208 (SACROL)
[2025-07-11 16:44:27.392] [info] Frame 796 (t = 3.98):	 total squared error = 0.00430302, marker error: RMS = 0.0150491, max = 0.0281486 (SACROL)
[2025-07-11 16:44:27.526] [info] Frame 797 (t = 3.985):	 total squared error = 0.00452682, marker error: RMS = 0.0154355, max = 0.0276378 (SACROL)
[2025-07-11 16:44:27.651] [info] Frame 798 (t = 3.99):	 total squared error = 0.00454894, marker error: RMS = 0.0154731, max = 0.0281999 (SACROL)
[2025-07-11 16:44:27.770] [info] Frame 799 (t = 3.995):	 total squared error = 0.00467369, marker error: RMS = 0.0156839, max = 0.0282060 (SACROL)
[2025-07-11 16:44:27.855] [info] Frame 800 (t = 4.0):	 total squared error = 0.00490189, marker error: RMS = 0.0160622, max = 0.0277011 (SACROL)
[2025-07-11 16:44:27.930] [info] Frame 801 (t = 4.00500):	 total squared error = 0.00492764, marker error: RMS = 0.0161043, max = 0.0281741 (SACROL)
[2025-07-11 16:44:28.058] [info] Frame 802 (t = 4.01):	 total squared error = 0.00505708, marker error: RMS = 0.0163145, max = 0.0282322 (SACROL)
[2025-07-11 16:44:28.221] [info] Frame 803 (t = 4.015):	 total squared error = 0.00518741, marker error: RMS = 0.0165234, max = 0.0281691 (SACROL)
[2025-07-11 16:44:28.365] [info] Frame 804 (t = 4.02):	 total squared error = 0.00542353, marker error: RMS = 0.0168952, max = 0.0277574 (SACROL)
[2025-07-11 16:44:28.525] [info] Frame 805 (t = 4.025):	 total squared error = 0.00545514, marker error: RMS = 0.0169444, max = 0.028148 (SACROL)
[2025-07-11 16:44:28.601] [info] Frame 806 (t = 4.03):	 total squared error = 0.00569495, marker error: RMS = 0.0173128, max = 0.0277507 (SACROL)
[2025-07-11 16:44:28.686] [info] Frame 807 (t = 4.035):	 total squared error = 0.00573254, marker error: RMS = 0.0173699, max = 0.0280888 (SACROL)
[2025-07-11 16:44:28.809] [info] Frame 808 (t = 4.04):	 total squared error = 0.00587499, marker error: RMS = 0.0175844, max = 0.0280941 (SACROL)
[2025-07-11 16:44:28.890] [info] Frame 809 (t = 4.045):	 total squared error = 0.00602048, marker error: RMS = 0.0178008, max = 0.0282399 (RSHAOL)
[2025-07-11 16:44:28.971] [info] Frame 810 (t = 4.05):	 total squared error = 0.00616795, marker error: RMS = 0.0180175, max = 0.0286074 (RSHAOL)
[2025-07-11 16:44:29.069] [info] Frame 811 (t = 4.055):	 total squared error = 0.00631716, marker error: RMS = 0.0182341, max = 0.0290012 (RSHAOL)
[2025-07-11 16:44:29.136] [info] Frame 812 (t = 4.06):	 total squared error = 0.00656774, marker error: RMS = 0.0185922, max = 0.0297026 (RSHAOL)
[2025-07-11 16:44:29.218] [info] Frame 813 (t = 4.065):	 total squared error = 0.00662062, marker error: RMS = 0.0186669, max = 0.0297743 (RSHAOL)
[2025-07-11 16:44:29.307] [info] Frame 814 (t = 4.07):	 total squared error = 0.00677370, marker error: RMS = 0.0188815, max = 0.0301394 (RSHAOL)
[2025-07-11 16:44:29.378] [info] Frame 815 (t = 4.075):	 total squared error = 0.00702363, marker error: RMS = 0.0192267, max = 0.0308596 (RSHAOL)
[2025-07-11 16:44:29.456] [info] Frame 816 (t = 4.08):	 total squared error = 0.00708097, marker error: RMS = 0.0193050, max = 0.0309447 (RSHAOL)
[2025-07-11 16:44:29.554] [info] Frame 817 (t = 4.085):	 total squared error = 0.00723126, marker error: RMS = 0.0195088, max = 0.0313116 (RSHAOL)
[2025-07-11 16:44:29.617] [info] Frame 818 (t = 4.09):	 total squared error = 0.00738215, marker error: RMS = 0.0197113, max = 0.0316564 (RSHAOL)
[2025-07-11 16:44:29.677] [info] Frame 819 (t = 4.095):	 total squared error = 0.00762743, marker error: RMS = 0.0200361, max = 0.0324007 (RSHAOL)
[2025-07-11 16:44:29.734] [info] Frame 820 (t = 4.1):	 total squared error = 0.00767881, marker error: RMS = 0.0201034, max = 0.0324058 (RSHAOL)
[2025-07-11 16:44:29.812] [info] Frame 821 (t = 4.10500):	 total squared error = 0.00782541, marker error: RMS = 0.0202944, max = 0.0327345 (RSHAOL)
[2025-07-11 16:44:29.870] [info] Frame 822 (t = 4.11):	 total squared error = 0.00805980, marker error: RMS = 0.0205961, max = 0.0333799 (RSHAOL)
[2025-07-11 16:44:29.927] [info] Frame 823 (t = 4.115):	 total squared error = 0.00811323, marker error: RMS = 0.0206643, max = 0.0334612 (RSHAOL)
[2025-07-11 16:44:29.996] [info] Frame 824 (t = 4.12):	 total squared error = 0.00825561, marker error: RMS = 0.0208448, max = 0.0337828 (RSHAOL)
[2025-07-11 16:44:30.057] [info] Frame 825 (t = 4.125):	 total squared error = 0.00839783, marker error: RMS = 0.0210236, max = 0.0341315 (RSHAOL)
[2025-07-11 16:44:30.117] [info] Frame 826 (t = 4.13):	 total squared error = 0.00862499, marker error: RMS = 0.0213060, max = 0.0347396 (RSHAOL)
[2025-07-11 16:44:30.171] [info] Frame 827 (t = 4.135):	 total squared error = 0.00868067, marker error: RMS = 0.0213747, max = 0.0348026 (RSHAOL)
[2025-07-11 16:44:30.232] [info] Frame 828 (t = 4.14):	 total squared error = 0.00882282, marker error: RMS = 0.021549, max = 0.0351392 (RSHAOL)
[2025-07-11 16:44:30.312] [info] Frame 829 (t = 4.145):	 total squared error = 0.00896487, marker error: RMS = 0.0217218, max = 0.0354563 (RSHAOL)
[2025-07-11 16:44:30.372] [info] Frame 830 (t = 4.15):	 total squared error = 0.00910725, marker error: RMS = 0.0218936, max = 0.0357681 (RSHAOL)
[2025-07-11 16:44:30.445] [info] Frame 831 (t = 4.155):	 total squared error = 0.00924960, marker error: RMS = 0.0220640, max = 0.0361134 (RSHAOL)
[2025-07-11 16:44:30.496] [info] Frame 832 (t = 4.16):	 total squared error = 0.00947300, marker error: RMS = 0.0223289, max = 0.0366767 (RSHAOL)
[2025-07-11 16:44:30.552] [info] Frame 833 (t = 4.165):	 total squared error = 0.00953469, marker error: RMS = 0.0224015, max = 0.0367549 (RSHAOL)
[2025-07-11 16:44:30.601] [info] Frame 834 (t = 4.17):	 total squared error = 0.00975643, marker error: RMS = 0.0226605, max = 0.0373254 (RSHAOL)
[2025-07-11 16:44:30.660] [info] Frame 835 (t = 4.175):	 total squared error = 0.00981610, marker error: RMS = 0.0227296, max = 0.03738 (RSHAOL)
[2025-07-11 16:44:30.728] [info] Frame 836 (t = 4.18):	 total squared error = 0.0100317, marker error: RMS = 0.0229779, max = 0.0379050 (RSHAOL)
[2025-07-11 16:44:30.792] [info] Frame 837 (t = 4.185):	 total squared error = 0.0100908, marker error: RMS = 0.0230455, max = 0.037964 (RSHAOL)
[2025-07-11 16:44:30.848] [info] Frame 838 (t = 4.19):	 total squared error = 0.0103012, marker error: RMS = 0.0232845, max = 0.0384698 (RSHAOL)
[2025-07-11 16:44:30.903] [info] Frame 839 (t = 4.195):	 total squared error = 0.0103552, marker error: RMS = 0.0233455, max = 0.0385671 (RSHAOL)
[2025-07-11 16:44:30.952] [info] Frame 840 (t = 4.2):	 total squared error = 0.0105601, marker error: RMS = 0.0235753, max = 0.0390721 (RSHAOL)
[2025-07-11 16:44:31.007] [info] Frame 841 (t = 4.20500):	 total squared error = 0.0106071, marker error: RMS = 0.0236277, max = 0.0390999 (RSHAOL)
[2025-07-11 16:44:31.075] [info] Frame 842 (t = 4.21):	 total squared error = 0.0107277, marker error: RMS = 0.0237617, max = 0.0393514 (RSHAOL)
[2025-07-11 16:44:31.133] [info] Frame 843 (t = 4.215):	 total squared error = 0.0108448, marker error: RMS = 0.023891, max = 0.0396075 (RSHAOL)
[2025-07-11 16:44:31.196] [info] Frame 844 (t = 4.22):	 total squared error = 0.0109604, marker error: RMS = 0.0240180, max = 0.03986 (RSHAOL)
[2025-07-11 16:44:31.253] [info] Frame 845 (t = 4.225):	 total squared error = 0.0110729, marker error: RMS = 0.0241409, max = 0.0401167 (RSHAOL)
[2025-07-11 16:44:31.311] [info] Frame 846 (t = 4.23):	 total squared error = 0.0111843, marker error: RMS = 0.0242621, max = 0.0403437 (RSHAOL)
[2025-07-11 16:44:31.374] [info] Frame 847 (t = 4.235):	 total squared error = 0.0112946, marker error: RMS = 0.0243814, max = 0.0405784 (RSHAOL)
[2025-07-11 16:44:31.426] [info] Frame 848 (t = 4.24):	 total squared error = 0.0114046, marker error: RMS = 0.0244999, max = 0.0407785 (RSHAOL)
[2025-07-11 16:44:31.482] [info] Frame 849 (t = 4.245):	 total squared error = 0.0115138, marker error: RMS = 0.0246168, max = 0.0410257 (RSHAOL)
[2025-07-11 16:44:31.540] [info] Frame 850 (t = 4.25):	 total squared error = 0.0116232, marker error: RMS = 0.0247335, max = 0.041263 (RSHAOL)
[2025-07-11 16:44:31.600] [info] Frame 851 (t = 4.255):	 total squared error = 0.0117334, marker error: RMS = 0.0248505, max = 0.0415097 (RSHAOL)
[2025-07-11 16:44:31.655] [info] Frame 852 (t = 4.26):	 total squared error = 0.0118453, marker error: RMS = 0.0249687, max = 0.0417326 (RSHAOL)
[2025-07-11 16:44:31.710] [info] Frame 853 (t = 4.265):	 total squared error = 0.0119583, marker error: RMS = 0.0250875, max = 0.0419605 (RSHAOL)
[2025-07-11 16:44:31.776] [info] Frame 854 (t = 4.27):	 total squared error = 0.0120712, marker error: RMS = 0.0252057, max = 0.0422075 (RSHAOL)
[2025-07-11 16:44:31.838] [info] Frame 855 (t = 4.275):	 total squared error = 0.0121862, marker error: RMS = 0.0253254, max = 0.0424435 (RSHAOL)
[2025-07-11 16:44:31.897] [info] Frame 856 (t = 4.28):	 total squared error = 0.0123027, marker error: RMS = 0.0254463, max = 0.0426706 (RSHAOL)
[2025-07-11 16:44:31.953] [info] Frame 857 (t = 4.285):	 total squared error = 0.0124195, marker error: RMS = 0.0255667, max = 0.0429097 (RSHAOL)
[2025-07-11 16:44:32.012] [info] Frame 858 (t = 4.29):	 total squared error = 0.0125368, marker error: RMS = 0.0256872, max = 0.0431605 (RSHAOL)
[2025-07-11 16:44:32.073] [info] Frame 859 (t = 4.295):	 total squared error = 0.012655, marker error: RMS = 0.0258080, max = 0.0433902 (RSHAOL)
[2025-07-11 16:44:32.138] [info] Frame 860 (t = 4.3):	 total squared error = 0.0127737, marker error: RMS = 0.0259288, max = 0.0436098 (RSHAOL)
[2025-07-11 16:44:32.186] [info] Frame 861 (t = 4.30500):	 total squared error = 0.0128924, marker error: RMS = 0.0260490, max = 0.0438493 (RSHAOL)
[2025-07-11 16:44:32.237] [info] Frame 862 (t = 4.31):	 total squared error = 0.0130120, marker error: RMS = 0.0261695, max = 0.0440715 (RSHAOL)
[2025-07-11 16:44:32.301] [info] Frame 863 (t = 4.315):	 total squared error = 0.0131318, marker error: RMS = 0.0262896, max = 0.0443050 (RSHAOL)
[2025-07-11 16:44:32.362] [info] Frame 864 (t = 4.32):	 total squared error = 0.0132504, marker error: RMS = 0.0264082, max = 0.0445361 (RSHAOL)
[2025-07-11 16:44:32.423] [info] Frame 865 (t = 4.325):	 total squared error = 0.0133701, marker error: RMS = 0.0265271, max = 0.0447434 (RSHAOL)
[2025-07-11 16:44:32.477] [info] Frame 866 (t = 4.33):	 total squared error = 0.0134895, marker error: RMS = 0.0266454, max = 0.0449506 (RSHAOL)
[2025-07-11 16:44:32.531] [info] Frame 867 (t = 4.335):	 total squared error = 0.0136085, marker error: RMS = 0.0267626, max = 0.0451707 (RSHAOL)
[2025-07-11 16:44:32.615] [info] Frame 868 (t = 4.34):	 total squared error = 0.0137268, marker error: RMS = 0.0268787, max = 0.0453988 (RSHAOL)
[2025-07-11 16:44:32.698] [info] Frame 869 (t = 4.345):	 total squared error = 0.013844, marker error: RMS = 0.0269932, max = 0.0456070 (RSHAOL)
[2025-07-11 16:44:32.768] [info] Frame 870 (t = 4.35):	 total squared error = 0.0139589, marker error: RMS = 0.0271049, max = 0.0458351 (RSHAOL)
[2025-07-11 16:44:32.838] [info] Frame 871 (t = 4.355):	 total squared error = 0.0140717, marker error: RMS = 0.0272143, max = 0.0460323 (RSHAOL)
[2025-07-11 16:44:32.929] [info] Frame 872 (t = 4.36):	 total squared error = 0.0141815, marker error: RMS = 0.0273202, max = 0.0462405 (RSHAOL)
[2025-07-11 16:44:32.992] [info] Frame 873 (t = 4.365):	 total squared error = 0.0142882, marker error: RMS = 0.0274228, max = 0.0464085 (RSHAOL)
[2025-07-11 16:44:33.062] [info] Frame 874 (t = 4.37):	 total squared error = 0.0143901, marker error: RMS = 0.0275204, max = 0.046595 (RSHAOL)
[2025-07-11 16:44:33.157] [info] Frame 875 (t = 4.375):	 total squared error = 0.0144876, marker error: RMS = 0.0276135, max = 0.0467715 (RSHAOL)
[2025-07-11 16:44:33.227] [info] Frame 876 (t = 4.38):	 total squared error = 0.0145813, marker error: RMS = 0.0277026, max = 0.0469505 (RSHAOL)
[2025-07-11 16:44:33.280] [info] Frame 877 (t = 4.385):	 total squared error = 0.0146719, marker error: RMS = 0.0277886, max = 0.0470755 (RSHAOL)
[2025-07-11 16:44:33.364] [info] Frame 878 (t = 4.39):	 total squared error = 0.0147557, marker error: RMS = 0.0278678, max = 0.0472489 (RSHAOL)
[2025-07-11 16:44:33.421] [info] Frame 879 (t = 4.395):	 total squared error = 0.0148392, marker error: RMS = 0.0279466, max = 0.0473373 (RSHAOL)
[2025-07-11 16:44:33.499] [info] Frame 880 (t = 4.4):	 total squared error = 0.0149171, marker error: RMS = 0.0280198, max = 0.0475283 (RSHAOL)
[2025-07-11 16:44:33.560] [info] Frame 881 (t = 4.40500):	 total squared error = 0.0149947, marker error: RMS = 0.0280927, max = 0.0476453 (RSHAOL)
[2025-07-11 16:44:33.638] [info] Frame 882 (t = 4.41):	 total squared error = 0.0150693, marker error: RMS = 0.0281624, max = 0.0477668 (RSHAOL)
[2025-07-11 16:44:33.710] [info] Frame 883 (t = 4.415):	 total squared error = 0.0151429, marker error: RMS = 0.0282311, max = 0.0479179 (RSHAOL)
[2025-07-11 16:44:33.772] [info] Frame 884 (t = 4.42):	 total squared error = 0.0152169, marker error: RMS = 0.0283, max = 0.0480151 (RSHAOL)
[2025-07-11 16:44:33.848] [info] Frame 885 (t = 4.425):	 total squared error = 0.0152884, marker error: RMS = 0.0283664, max = 0.0481596 (RSHAOL)
[2025-07-11 16:44:33.911] [info] Frame 886 (t = 4.43):	 total squared error = 0.0153612, marker error: RMS = 0.0284339, max = 0.0482691 (RSHAOL)
[2025-07-11 16:44:33.981] [info] Frame 887 (t = 4.435):	 total squared error = 0.0154345, marker error: RMS = 0.0285016, max = 0.0483633 (RSHAOL)
[2025-07-11 16:44:34.080] [info] Frame 888 (t = 4.44):	 total squared error = 0.0155075, marker error: RMS = 0.0285689, max = 0.048493 (RSHAOL)
[2025-07-11 16:44:34.165] [info] Frame 889 (t = 4.445):	 total squared error = 0.01558, marker error: RMS = 0.0286357, max = 0.0486034 (RSHAOL)
[2025-07-11 16:44:34.245] [info] Frame 890 (t = 4.45):	 total squared error = 0.0156527, marker error: RMS = 0.0287023, max = 0.0487524 (RSHAOL)
[2025-07-11 16:44:34.310] [info] Frame 891 (t = 4.455):	 total squared error = 0.0157281, marker error: RMS = 0.0287714, max = 0.0488611 (RSHAOL)
[2025-07-11 16:44:34.380] [info] Frame 892 (t = 4.46):	 total squared error = 0.0158022, marker error: RMS = 0.0288391, max = 0.048956 (RSHAOL)
[2025-07-11 16:44:34.449] [info] Frame 893 (t = 4.465):	 total squared error = 0.0158776, marker error: RMS = 0.0289078, max = 0.0490474 (RSHAOL)
[2025-07-11 16:44:34.515] [info] Frame 894 (t = 4.47):	 total squared error = 0.0159527, marker error: RMS = 0.0289761, max = 0.0491728 (RSHAOL)
[2025-07-11 16:44:34.578] [info] Frame 895 (t = 4.475):	 total squared error = 0.0160286, marker error: RMS = 0.0290450, max = 0.0492707 (RSHAOL)
[2025-07-11 16:44:34.632] [info] Frame 896 (t = 4.48):	 total squared error = 0.0161036, marker error: RMS = 0.0291128, max = 0.0494424 (LSHAOL)
[2025-07-11 16:44:34.694] [info] Frame 897 (t = 4.485):	 total squared error = 0.0161795, marker error: RMS = 0.0291814, max = 0.0496368 (LSHAOL)
[2025-07-11 16:44:34.768] [info] Frame 898 (t = 4.49):	 total squared error = 0.016253, marker error: RMS = 0.0292476, max = 0.0498174 (LSHAOL)
[2025-07-11 16:44:34.833] [info] Frame 899 (t = 4.495):	 total squared error = 0.0163286, marker error: RMS = 0.0293155, max = 0.0500427 (LSHAOL)
[2025-07-11 16:44:34.904] [info] Frame 900 (t = 4.5):	 total squared error = 0.0164007, marker error: RMS = 0.0293802, max = 0.0501988 (LSHAOL)
[2025-07-11 16:44:34.973] [info] Frame 901 (t = 4.50500):	 total squared error = 0.0164744, marker error: RMS = 0.0294461, max = 0.0503805 (LSHAOL)
[2025-07-11 16:44:35.040] [info] Frame 902 (t = 4.51):	 total squared error = 0.0165475, marker error: RMS = 0.0295113, max = 0.0505733 (LSHAOL)
[2025-07-11 16:44:35.101] [info] Frame 903 (t = 4.515):	 total squared error = 0.016618, marker error: RMS = 0.0295741, max = 0.0507491 (LSHAOL)
[2025-07-11 16:44:35.154] [info] Frame 904 (t = 4.52):	 total squared error = 0.0166879, marker error: RMS = 0.0296363, max = 0.0509167 (LSHAOL)
[2025-07-11 16:44:35.217] [info] Frame 905 (t = 4.525):	 total squared error = 0.0167551, marker error: RMS = 0.0296959, max = 0.0510829 (LSHAOL)
[2025-07-11 16:44:35.276] [info] Frame 906 (t = 4.53):	 total squared error = 0.016823, marker error: RMS = 0.029756, max = 0.0512685 (LSHAOL)
[2025-07-11 16:44:35.356] [info] Frame 907 (t = 4.535):	 total squared error = 0.0168847, marker error: RMS = 0.0298105, max = 0.0514098 (LSHAOL)
[2025-07-11 16:44:35.446] [info] Frame 908 (t = 4.54):	 total squared error = 0.0169466, marker error: RMS = 0.0298651, max = 0.0515668 (LSHAOL)
[2025-07-11 16:44:35.516] [info] Frame 909 (t = 4.545):	 total squared error = 0.0170069, marker error: RMS = 0.0299182, max = 0.0517534 (LSHAOL)
[2025-07-11 16:44:35.579] [info] Frame 910 (t = 4.55):	 total squared error = 0.0170642, marker error: RMS = 0.0299686, max = 0.0518873 (LSHAOL)
[2025-07-11 16:44:35.638] [info] Frame 911 (t = 4.555):	 total squared error = 0.0171203, marker error: RMS = 0.0300178, max = 0.0520318 (LSHAOL)
[2025-07-11 16:44:35.689] [info] Frame 912 (t = 4.56):	 total squared error = 0.0171761, marker error: RMS = 0.0300667, max = 0.0521749 (LSHAOL)
[2025-07-11 16:44:35.741] [info] Frame 913 (t = 4.565):	 total squared error = 0.0172261, marker error: RMS = 0.0301104, max = 0.0522812 (LSHAOL)
[2025-07-11 16:44:35.819] [info] Frame 914 (t = 4.57):	 total squared error = 0.0172757, marker error: RMS = 0.0301537, max = 0.0523513 (LSHAOL)
[2025-07-11 16:44:35.892] [info] Frame 915 (t = 4.575):	 total squared error = 0.0173255, marker error: RMS = 0.0301972, max = 0.05246 (LSHAOL)
[2025-07-11 16:44:35.964] [info] Frame 916 (t = 4.58):	 total squared error = 0.0173748, marker error: RMS = 0.0302401, max = 0.0525569 (LSHAOL)
[2025-07-11 16:44:36.048] [info] Frame 917 (t = 4.585):	 total squared error = 0.0174233, marker error: RMS = 0.0302822, max = 0.0526337 (LSHAOL)
[2025-07-11 16:44:36.147] [info] Frame 918 (t = 4.59):	 total squared error = 0.0174719, marker error: RMS = 0.0303244, max = 0.0527379 (LSHAOL)
[2025-07-11 16:44:36.227] [info] Frame 919 (t = 4.595):	 total squared error = 0.0175199, marker error: RMS = 0.0303661, max = 0.0528080 (LSHAOL)
[2025-07-11 16:44:36.353] [info] Frame 920 (t = 4.6):	 total squared error = 0.0175677, marker error: RMS = 0.0304075, max = 0.0528913 (LSHAOL)
[2025-07-11 16:44:36.416] [info] Frame 921 (t = 4.60500):	 total squared error = 0.0176175, marker error: RMS = 0.0304505, max = 0.0530154 (LSHAOL)
[2025-07-11 16:44:36.490] [info] Frame 922 (t = 4.61):	 total squared error = 0.0176652, marker error: RMS = 0.0304917, max = 0.0530394 (LSHAOL)
[2025-07-11 16:44:36.567] [info] Frame 923 (t = 4.615):	 total squared error = 0.0177148, marker error: RMS = 0.0305345, max = 0.0531014 (LSHAOL)
[2025-07-11 16:44:36.626] [info] Frame 924 (t = 4.62):	 total squared error = 0.017767, marker error: RMS = 0.0305795, max = 0.0532219 (LSHAOL)
[2025-07-11 16:44:36.704] [info] Frame 925 (t = 4.625):	 total squared error = 0.0178172, marker error: RMS = 0.0306226, max = 0.0532417 (LSHAOL)
[2025-07-11 16:44:36.777] [info] Frame 926 (t = 4.63):	 total squared error = 0.0178715, marker error: RMS = 0.0306693, max = 0.0533589 (LSHAOL)
[2025-07-11 16:44:36.862] [info] Frame 927 (t = 4.635):	 total squared error = 0.0179258, marker error: RMS = 0.0307158, max = 0.0533729 (LSHAOL)
[2025-07-11 16:44:36.934] [info] Frame 928 (t = 4.64):	 total squared error = 0.017983, marker error: RMS = 0.0307648, max = 0.053443 (LSHAOL)
[2025-07-11 16:44:37.000] [info] Frame 929 (t = 4.645):	 total squared error = 0.0180424, marker error: RMS = 0.0308156, max = 0.053521 (LSHAOL)
[2025-07-11 16:44:37.080] [info] Frame 930 (t = 4.65):	 total squared error = 0.0181042, marker error: RMS = 0.0308683, max = 0.0535841 (LSHAOL)
[2025-07-11 16:44:37.149] [info] Frame 931 (t = 4.655):	 total squared error = 0.0181688, marker error: RMS = 0.0309233, max = 0.0536309 (LSHAOL)
[2025-07-11 16:44:37.217] [info] Frame 932 (t = 4.66):	 total squared error = 0.0182368, marker error: RMS = 0.0309811, max = 0.0537459 (LSHAOL)
[2025-07-11 16:44:37.288] [info] Frame 933 (t = 4.665):	 total squared error = 0.0183079, marker error: RMS = 0.0310415, max = 0.0538265 (LSHAOL)
[2025-07-11 16:44:37.348] [info] Frame 934 (t = 4.67):	 total squared error = 0.0183833, marker error: RMS = 0.0311054, max = 0.0539194 (LSHAOL)
[2025-07-11 16:44:37.410] [info] Frame 935 (t = 4.675):	 total squared error = 0.0184627, marker error: RMS = 0.0311725, max = 0.0540387 (LSHAOL)
[2025-07-11 16:44:37.499] [info] Frame 936 (t = 4.68):	 total squared error = 0.0185451, marker error: RMS = 0.0312419, max = 0.0540777 (LSHAOL)
[2025-07-11 16:44:37.611] [info] Frame 937 (t = 4.685):	 total squared error = 0.0186327, marker error: RMS = 0.0313156, max = 0.0541655 (LSHAOL)
[2025-07-11 16:44:37.692] [info] Frame 938 (t = 4.69):	 total squared error = 0.0187247, marker error: RMS = 0.0313929, max = 0.0542981 (LSHAOL)
[2025-07-11 16:44:37.777] [info] Frame 939 (t = 4.695):	 total squared error = 0.0188194, marker error: RMS = 0.0314722, max = 0.054358 (LSHAOL)
[2025-07-11 16:44:37.842] [info] Frame 940 (t = 4.7):	 total squared error = 0.0189191, marker error: RMS = 0.0315553, max = 0.0545052 (LSHAOL)
[2025-07-11 16:44:37.924] [info] Frame 941 (t = 4.70500):	 total squared error = 0.0190197, marker error: RMS = 0.0316391, max = 0.0545678 (LSHAOL)
[2025-07-11 16:44:38.003] [info] Frame 942 (t = 4.71):	 total squared error = 0.0191237, marker error: RMS = 0.0317255, max = 0.054683 (LSHAOL)
[2025-07-11 16:44:38.086] [info] Frame 943 (t = 4.715):	 total squared error = 0.0192289, marker error: RMS = 0.0318127, max = 0.0547684 (LSHAOL)
[2025-07-11 16:44:38.160] [info] Frame 944 (t = 4.72):	 total squared error = 0.0193353, marker error: RMS = 0.0319006, max = 0.0548606 (LSHAOL)
[2025-07-11 16:44:38.221] [info] Frame 945 (t = 4.725):	 total squared error = 0.0194435, marker error: RMS = 0.0319897, max = 0.0550314 (LSHAOL)
[2025-07-11 16:44:38.300] [info] Frame 946 (t = 4.73):	 total squared error = 0.019547, marker error: RMS = 0.0320748, max = 0.0550703 (LSHAOL)
[2025-07-11 16:44:38.369] [info] Frame 947 (t = 4.735):	 total squared error = 0.0196513, marker error: RMS = 0.0321602, max = 0.0551521 (LSHAOL)
[2025-07-11 16:44:38.441] [info] Frame 948 (t = 4.74):	 total squared error = 0.0197536, marker error: RMS = 0.0322438, max = 0.0552424 (LSHAOL)
[2025-07-11 16:44:38.531] [info] Frame 949 (t = 4.745):	 total squared error = 0.0198533, marker error: RMS = 0.0323251, max = 0.0552922 (LSHAOL)
[2025-07-11 16:44:38.623] [info] Frame 950 (t = 4.75):	 total squared error = 0.0199499, marker error: RMS = 0.0324036, max = 0.0553894 (LSHAOL)
[2025-07-11 16:44:38.774] [info] Frame 951 (t = 4.755):	 total squared error = 0.0200441, marker error: RMS = 0.03248, max = 0.0554724 (LSHAOL)
[2025-07-11 16:44:38.889] [info] Frame 952 (t = 4.76):	 total squared error = 0.0201347, marker error: RMS = 0.0325533, max = 0.0555426 (LSHAOL)
[2025-07-11 16:44:38.992] [info] Frame 953 (t = 4.765):	 total squared error = 0.0202225, marker error: RMS = 0.0326243, max = 0.0556073 (LSHAOL)
[2025-07-11 16:44:39.077] [info] Frame 954 (t = 4.77):	 total squared error = 0.0203070, marker error: RMS = 0.0326923, max = 0.0556744 (LSHAOL)
[2025-07-11 16:44:39.142] [info] Frame 955 (t = 4.775):	 total squared error = 0.0203898, marker error: RMS = 0.0327589, max = 0.0557839 (LSHAOL)
[2025-07-11 16:44:39.223] [info] Frame 956 (t = 4.78):	 total squared error = 0.0204686, marker error: RMS = 0.0328221, max = 0.0558034 (LSHAOL)
[2025-07-11 16:44:39.315] [info] Frame 957 (t = 4.785):	 total squared error = 0.0205464, marker error: RMS = 0.0328845, max = 0.0558544 (LSHAOL)
[2025-07-11 16:44:39.412] [info] Frame 958 (t = 4.79):	 total squared error = 0.0206220, marker error: RMS = 0.0329449, max = 0.0559045 (LSHAOL)
[2025-07-11 16:44:39.493] [info] Frame 959 (t = 4.795):	 total squared error = 0.0206968, marker error: RMS = 0.0330046, max = 0.0559832 (LSHAOL)
[2025-07-11 16:44:39.580] [info] Frame 960 (t = 4.8):	 total squared error = 0.0207708, marker error: RMS = 0.0330636, max = 0.0560486 (LSHAOL)
[2025-07-11 16:44:39.662] [info] Frame 961 (t = 4.80500):	 total squared error = 0.0208453, marker error: RMS = 0.0331229, max = 0.0561484 (LSHAOL)
[2025-07-11 16:44:39.734] [info] Frame 962 (t = 4.81):	 total squared error = 0.0209179, marker error: RMS = 0.0331805, max = 0.0561632 (LSHAOL)
[2025-07-11 16:44:39.815] [info] Frame 963 (t = 4.815):	 total squared error = 0.0209907, marker error: RMS = 0.0332381, max = 0.0562487 (LSHAOL)
[2025-07-11 16:44:39.896] [info] Frame 964 (t = 4.82):	 total squared error = 0.0210624, marker error: RMS = 0.0332948, max = 0.056284 (LSHAOL)
[2025-07-11 16:44:39.974] [info] Frame 965 (t = 4.825):	 total squared error = 0.0211336, marker error: RMS = 0.0333511, max = 0.0563571 (LSHAOL)
[2025-07-11 16:44:40.060] [info] Frame 966 (t = 4.83):	 total squared error = 0.0212032, marker error: RMS = 0.0334060, max = 0.0564059 (LSHAOL)
[2025-07-11 16:44:40.146] [info] Frame 967 (t = 4.835):	 total squared error = 0.0212711, marker error: RMS = 0.0334594, max = 0.0564628 (LSHAOL)
[2025-07-11 16:44:40.247] [info] Frame 968 (t = 4.84):	 total squared error = 0.021336, marker error: RMS = 0.0335104, max = 0.0565129 (LSHAOL)
[2025-07-11 16:44:40.351] [info] Frame 969 (t = 4.845):	 total squared error = 0.0213978, marker error: RMS = 0.0335589, max = 0.0565608 (LSHAOL)
[2025-07-11 16:44:40.440] [info] Frame 970 (t = 4.85):	 total squared error = 0.021455, marker error: RMS = 0.0336037, max = 0.0565979 (LSHAOL)
[2025-07-11 16:44:40.544] [info] Frame 971 (t = 4.855):	 total squared error = 0.0215073, marker error: RMS = 0.0336447, max = 0.0566052 (LSHAOL)
[2025-07-11 16:44:40.627] [info] Frame 972 (t = 4.86):	 total squared error = 0.0215536, marker error: RMS = 0.0336809, max = 0.0566546 (LSHAOL)
[2025-07-11 16:44:40.716] [info] Frame 973 (t = 4.865):	 total squared error = 0.0215931, marker error: RMS = 0.0337117, max = 0.0566611 (LSHAOL)
[2025-07-11 16:44:40.805] [info] Frame 974 (t = 4.87):	 total squared error = 0.021625, marker error: RMS = 0.0337366, max = 0.056688 (LSHAOL)
[2025-07-11 16:44:40.894] [info] Frame 975 (t = 4.875):	 total squared error = 0.0216481, marker error: RMS = 0.0337546, max = 0.0566656 (LSHAOL)
[2025-07-11 16:44:40.988] [info] Frame 976 (t = 4.88):	 total squared error = 0.0216623, marker error: RMS = 0.0337657, max = 0.0566453 (LSHAOL)
[2025-07-11 16:44:41.084] [info] Frame 977 (t = 4.885):	 total squared error = 0.0216675, marker error: RMS = 0.0337697, max = 0.0566184 (LSHAOL)
[2025-07-11 16:44:41.193] [info] Frame 978 (t = 4.89):	 total squared error = 0.0216631, marker error: RMS = 0.0337663, max = 0.0565862 (LSHAOL)
[2025-07-11 16:44:41.284] [info] Frame 979 (t = 4.895):	 total squared error = 0.0216488, marker error: RMS = 0.0337552, max = 0.0565236 (LSHAOL)
[2025-07-11 16:44:41.396] [info] Frame 980 (t = 4.9):	 total squared error = 0.0216253, marker error: RMS = 0.0337369, max = 0.0564839 (LSHAOL)
[2025-07-11 16:44:41.478] [info] Frame 981 (t = 4.90500):	 total squared error = 0.0215916, marker error: RMS = 0.0337105, max = 0.05642 (LSHAOL)
[2025-07-11 16:44:41.557] [info] Frame 982 (t = 4.91):	 total squared error = 0.0215492, marker error: RMS = 0.0336774, max = 0.0563502 (LSHAOL)
[2025-07-11 16:44:41.658] [info] Frame 983 (t = 4.915):	 total squared error = 0.0214979, marker error: RMS = 0.0336373, max = 0.056289 (LSHAOL)
[2025-07-11 16:44:41.743] [info] Frame 984 (t = 4.92):	 total squared error = 0.0214379, marker error: RMS = 0.0335904, max = 0.0562065 (LSHAOL)
[2025-07-11 16:44:41.846] [info] Frame 985 (t = 4.925):	 total squared error = 0.0213706, marker error: RMS = 0.0335376, max = 0.0561302 (LSHAOL)
[2025-07-11 16:44:41.941] [info] Frame 986 (t = 4.93):	 total squared error = 0.0212959, marker error: RMS = 0.0334789, max = 0.0560367 (LSHAOL)
[2025-07-11 16:44:42.049] [info] Frame 987 (t = 4.935):	 total squared error = 0.0212144, marker error: RMS = 0.0334148, max = 0.0559459 (LSHAOL)
[2025-07-11 16:44:42.154] [info] Frame 988 (t = 4.94):	 total squared error = 0.0211266, marker error: RMS = 0.0333456, max = 0.0558506 (LSHAOL)
[2025-07-11 16:44:42.242] [info] Frame 989 (t = 4.945):	 total squared error = 0.0210324, marker error: RMS = 0.0332712, max = 0.0557213 (LSHAOL)
[2025-07-11 16:44:42.353] [info] Frame 990 (t = 4.95):	 total squared error = 0.0209331, marker error: RMS = 0.0331925, max = 0.0556366 (LSHAOL)
[2025-07-11 16:44:42.461] [info] Frame 991 (t = 4.955):	 total squared error = 0.0208274, marker error: RMS = 0.0331086, max = 0.0555255 (LSHAOL)
[2025-07-11 16:44:42.571] [info] Frame 992 (t = 4.96):	 total squared error = 0.0207161, marker error: RMS = 0.0330200, max = 0.0554251 (LSHAOL)
[2025-07-11 16:44:42.667] [info] Frame 993 (t = 4.965):	 total squared error = 0.0205989, marker error: RMS = 0.0329265, max = 0.0552904 (LSHAOL)
[2025-07-11 16:44:42.767] [info] Frame 994 (t = 4.97):	 total squared error = 0.0204754, marker error: RMS = 0.0328276, max = 0.055163 (LSHAOL)
[2025-07-11 16:44:42.890] [info] Frame 995 (t = 4.975):	 total squared error = 0.0203460, marker error: RMS = 0.0327237, max = 0.0550488 (LSHAOL)
[2025-07-11 16:44:43.000] [info] Frame 996 (t = 4.98):	 total squared error = 0.0202101, marker error: RMS = 0.0326143, max = 0.0549283 (LSHAOL)
[2025-07-11 16:44:43.115] [info] Frame 997 (t = 4.985):	 total squared error = 0.0200670, marker error: RMS = 0.0324986, max = 0.0547716 (LSHAOL)
[2025-07-11 16:44:43.231] [info] Frame 998 (t = 4.99):	 total squared error = 0.0199171, marker error: RMS = 0.032377, max = 0.05463 (LSHAOL)
[2025-07-11 16:44:43.344] [info] Frame 999 (t = 4.995):	 total squared error = 0.0197601, marker error: RMS = 0.0322491, max = 0.0544811 (LSHAOL)
[2025-07-11 16:44:43.441] [info] Frame 1000 (t = 5.0):	 total squared error = 0.0195956, marker error: RMS = 0.0321146, max = 0.0542911 (LSHAOL)
[2025-07-11 16:44:43.548] [info] Frame 1001 (t = 5.00500):	 total squared error = 0.019424, marker error: RMS = 0.0319737, max = 0.0541193 (LSHAOL)
[2025-07-11 16:44:43.669] [info] Frame 1002 (t = 5.01):	 total squared error = 0.0192452, marker error: RMS = 0.0318262, max = 0.053948 (LSHAOL)
[2025-07-11 16:44:43.781] [info] Frame 1003 (t = 5.015):	 total squared error = 0.0190588, marker error: RMS = 0.0316716, max = 0.0537496 (LSHAOL)
[2025-07-11 16:44:43.882] [info] Frame 1004 (t = 5.02):	 total squared error = 0.0188649, marker error: RMS = 0.0315102, max = 0.0535422 (LSHAOL)
[2025-07-11 16:44:44.001] [info] Frame 1005 (t = 5.025):	 total squared error = 0.0186638, marker error: RMS = 0.0313418, max = 0.0533212 (LSHAOL)
[2025-07-11 16:44:44.113] [info] Frame 1006 (t = 5.03):	 total squared error = 0.0184558, marker error: RMS = 0.0311666, max = 0.0531007 (LSHAOL)
[2025-07-11 16:44:44.213] [info] Frame 1007 (t = 5.035):	 total squared error = 0.018241, marker error: RMS = 0.0309847, max = 0.0528707 (LSHAOL)
[2025-07-11 16:44:44.322] [info] Frame 1008 (t = 5.04):	 total squared error = 0.0180202, marker error: RMS = 0.0307966, max = 0.0526234 (LSHAOL)
[2025-07-11 16:44:44.429] [info] Frame 1009 (t = 5.045):	 total squared error = 0.0177937, marker error: RMS = 0.0306025, max = 0.0523543 (LSHAOL)
[2025-07-11 16:44:44.511] [info] Frame 1010 (t = 5.05):	 total squared error = 0.0175619, marker error: RMS = 0.0304025, max = 0.0520993 (LSHAOL)
[2025-07-11 16:44:44.619] [info] Frame 1011 (t = 5.055):	 total squared error = 0.017325, marker error: RMS = 0.0301967, max = 0.0517855 (LSHAOL)
[2025-07-11 16:44:44.772] [info] Frame 1012 (t = 5.06):	 total squared error = 0.0170848, marker error: RMS = 0.0299866, max = 0.0515048 (LSHAOL)
[2025-07-11 16:44:44.878] [info] Frame 1013 (t = 5.065):	 total squared error = 0.0168406, marker error: RMS = 0.0297716, max = 0.0511802 (LSHAOL)
[2025-07-11 16:44:44.976] [info] Frame 1014 (t = 5.07):	 total squared error = 0.0165946, marker error: RMS = 0.0295534, max = 0.0508825 (LSHAOL)
[2025-07-11 16:44:45.053] [info] Frame 1015 (t = 5.075):	 total squared error = 0.0163472, marker error: RMS = 0.0293322, max = 0.0505666 (LSHAOL)
[2025-07-11 16:44:45.122] [info] Frame 1016 (t = 5.08):	 total squared error = 0.0160999, marker error: RMS = 0.0291095, max = 0.0502550 (LSHAOL)
[2025-07-11 16:44:45.216] [info] Frame 1017 (t = 5.085):	 total squared error = 0.0158524, marker error: RMS = 0.0288849, max = 0.0499144 (LSHAOL)
[2025-07-11 16:44:45.307] [info] Frame 1018 (t = 5.09):	 total squared error = 0.0156063, marker error: RMS = 0.0286598, max = 0.0495821 (LSHAOL)
[2025-07-11 16:44:45.385] [info] Frame 1019 (t = 5.095):	 total squared error = 0.0153615, marker error: RMS = 0.0284341, max = 0.0492375 (LSHAOL)
[2025-07-11 16:44:45.459] [info] Frame 1020 (t = 5.1):	 total squared error = 0.0151189, marker error: RMS = 0.0282087, max = 0.0488907 (LSHAOL)
[2025-07-11 16:44:45.526] [info] Frame 1021 (t = 5.10500):	 total squared error = 0.0148788, marker error: RMS = 0.0279839, max = 0.0485449 (LSHAOL)
[2025-07-11 16:44:45.612] [info] Frame 1022 (t = 5.11):	 total squared error = 0.0146421, marker error: RMS = 0.0277603, max = 0.048184 (LSHAOL)
[2025-07-11 16:44:45.690] [info] Frame 1023 (t = 5.115):	 total squared error = 0.0144094, marker error: RMS = 0.0275389, max = 0.0478316 (LSHAOL)
[2025-07-11 16:44:45.792] [info] Frame 1024 (t = 5.12):	 total squared error = 0.0141819, marker error: RMS = 0.0273206, max = 0.0474702 (LSHAOL)
[2025-07-11 16:44:45.928] [info] Frame 1025 (t = 5.125):	 total squared error = 0.0139602, marker error: RMS = 0.0271063, max = 0.0471191 (LSHAOL)
[2025-07-11 16:44:46.053] [info] Frame 1026 (t = 5.13):	 total squared error = 0.0137439, marker error: RMS = 0.0268954, max = 0.0467536 (LSHAOL)
[2025-07-11 16:44:46.132] [info] Frame 1027 (t = 5.135):	 total squared error = 0.0135341, marker error: RMS = 0.0266894, max = 0.0464169 (LSHAOL)
[2025-07-11 16:44:46.216] [info] Frame 1028 (t = 5.14):	 total squared error = 0.0133308, marker error: RMS = 0.0264881, max = 0.0460442 (LSHAOL)
[2025-07-11 16:44:46.289] [info] Frame 1029 (t = 5.145):	 total squared error = 0.0131333, marker error: RMS = 0.0262912, max = 0.0456779 (LSHAOL)
[2025-07-11 16:44:46.377] [info] Frame 1030 (t = 5.15):	 total squared error = 0.0129412, marker error: RMS = 0.0260982, max = 0.0452877 (LSHAOL)
[2025-07-11 16:44:46.448] [info] Frame 1031 (t = 5.155):	 total squared error = 0.0127562, marker error: RMS = 0.025911, max = 0.0449577 (LSHAOL)
[2025-07-11 16:44:46.532] [info] Frame 1032 (t = 5.16):	 total squared error = 0.0125748, marker error: RMS = 0.0257261, max = 0.0445435 (LSHAOL)
[2025-07-11 16:44:46.625] [info] Frame 1033 (t = 5.165):	 total squared error = 0.0123997, marker error: RMS = 0.0255463, max = 0.0441907 (LSHAOL)
[2025-07-11 16:44:46.707] [info] Frame 1034 (t = 5.17):	 total squared error = 0.0122275, marker error: RMS = 0.0253683, max = 0.0438092 (LSHAOL)
[2025-07-11 16:44:46.772] [info] Frame 1035 (t = 5.175):	 total squared error = 0.0120589, marker error: RMS = 0.0251928, max = 0.0434506 (LSHAOL)
[2025-07-11 16:44:46.862] [info] Frame 1036 (t = 5.18):	 total squared error = 0.0118937, marker error: RMS = 0.0250196, max = 0.0430901 (LSHAOL)
[2025-07-11 16:44:46.946] [info] Frame 1037 (t = 5.185):	 total squared error = 0.0117292, marker error: RMS = 0.024846, max = 0.0426975 (LSHAOL)
[2025-07-11 16:44:47.029] [info] Frame 1038 (t = 5.19):	 total squared error = 0.0115665, marker error: RMS = 0.0246731, max = 0.0423349 (LSHAOL)
[2025-07-11 16:44:47.104] [info] Frame 1039 (t = 5.195):	 total squared error = 0.0114042, marker error: RMS = 0.0244994, max = 0.0419594 (LSHAOL)
[2025-07-11 16:44:47.181] [info] Frame 1040 (t = 5.2):	 total squared error = 0.0112406, marker error: RMS = 0.0243231, max = 0.0415876 (LSHAOL)
[2025-07-11 16:44:47.255] [info] Frame 1041 (t = 5.20500):	 total squared error = 0.0110770, marker error: RMS = 0.0241454, max = 0.0412347 (LSHAOL)
[2025-07-11 16:44:47.336] [info] Frame 1042 (t = 5.21):	 total squared error = 0.0109117, marker error: RMS = 0.0239646, max = 0.0408393 (LSHAOL)
[2025-07-11 16:44:47.411] [info] Frame 1043 (t = 5.215):	 total squared error = 0.0107471, marker error: RMS = 0.0237831, max = 0.0404789 (LSHAOL)
[2025-07-11 16:44:47.483] [info] Frame 1044 (t = 5.22):	 total squared error = 0.0105809, marker error: RMS = 0.0235985, max = 0.0400686 (LSHAOL)
[2025-07-11 16:44:47.556] [info] Frame 1045 (t = 5.225):	 total squared error = 0.0104160, marker error: RMS = 0.0234139, max = 0.0396954 (LSHAOL)
[2025-07-11 16:44:47.645] [info] Frame 1046 (t = 5.23):	 total squared error = 0.0102512, marker error: RMS = 0.023228, max = 0.0393111 (LSHAOL)
[2025-07-11 16:44:47.707] [info] Frame 1047 (t = 5.235):	 total squared error = 0.0100887, marker error: RMS = 0.0230430, max = 0.0389421 (LSHAOL)
[2025-07-11 16:44:47.789] [info] Frame 1048 (t = 5.24):	 total squared error = 0.00992631, marker error: RMS = 0.0228569, max = 0.0385437 (LSHAOL)
[2025-07-11 16:44:47.869] [info] Frame 1049 (t = 5.245):	 total squared error = 0.00976640, marker error: RMS = 0.022672, max = 0.0381581 (LSHAOL)
[2025-07-11 16:44:47.943] [info] Frame 1050 (t = 5.25):	 total squared error = 0.00960953, marker error: RMS = 0.0224892, max = 0.0377658 (LSHAOL)
[2025-07-11 16:44:48.036] [info] Frame 1051 (t = 5.255):	 total squared error = 0.00945558, marker error: RMS = 0.0223083, max = 0.037398 (LSHAOL)
[2025-07-11 16:44:48.111] [info] Frame 1052 (t = 5.26):	 total squared error = 0.00930408, marker error: RMS = 0.0221289, max = 0.0369736 (LSHAOL)
[2025-07-11 16:44:48.185] [info] Frame 1053 (t = 5.265):	 total squared error = 0.00915653, marker error: RMS = 0.0219527, max = 0.0366038 (LSHAOL)
[2025-07-11 16:44:48.250] [info] Frame 1054 (t = 5.27):	 total squared error = 0.00901384, marker error: RMS = 0.021781, max = 0.0362563 (LSHAOL)
[2025-07-11 16:44:48.329] [info] Frame 1055 (t = 5.275):	 total squared error = 0.00887314, marker error: RMS = 0.0216104, max = 0.0358503 (LSHAOL)
[2025-07-11 16:44:48.405] [info] Frame 1056 (t = 5.28):	 total squared error = 0.00873759, marker error: RMS = 0.0214446, max = 0.035492 (LSHAOL)
[2025-07-11 16:44:48.498] [info] Frame 1057 (t = 5.285):	 total squared error = 0.00860665, marker error: RMS = 0.0212834, max = 0.0351379 (LSHAOL)
[2025-07-11 16:44:48.578] [info] Frame 1058 (t = 5.29):	 total squared error = 0.00847940, marker error: RMS = 0.0211254, max = 0.0347772 (LSHAOL)
[2025-07-11 16:44:48.650] [info] Frame 1059 (t = 5.295):	 total squared error = 0.00835681, marker error: RMS = 0.0209722, max = 0.0344021 (LSHAOL)
[2025-07-11 16:44:48.726] [info] Frame 1060 (t = 5.3):	 total squared error = 0.00823836, marker error: RMS = 0.0208230, max = 0.0340783 (LSHAOL)
[2025-07-11 16:44:48.805] [info] Frame 1061 (t = 5.30500):	 total squared error = 0.00812435, marker error: RMS = 0.0206784, max = 0.033741 (LSHAOL)
[2025-07-11 16:44:48.888] [info] Frame 1062 (t = 5.31):	 total squared error = 0.00801418, marker error: RMS = 0.0205377, max = 0.0334087 (LSHAOL)
[2025-07-11 16:44:48.975] [info] Frame 1063 (t = 5.315):	 total squared error = 0.00790849, marker error: RMS = 0.0204019, max = 0.0331159 (LSHAOL)
[2025-07-11 16:44:49.100] [info] Frame 1064 (t = 5.32):	 total squared error = 0.00780629, marker error: RMS = 0.0202696, max = 0.0328065 (LSHAOL)
[2025-07-11 16:44:49.196] [info] Frame 1065 (t = 5.325):	 total squared error = 0.00777143, marker error: RMS = 0.0202243, max = 0.0326768 (LSHAOL)
[2025-07-11 16:44:49.272] [info] Frame 1066 (t = 5.33):	 total squared error = 0.00761247, marker error: RMS = 0.0200164, max = 0.0321865 (LSHAOL)
[2025-07-11 16:44:49.348] [info] Frame 1067 (t = 5.335):	 total squared error = 0.00758520, marker error: RMS = 0.0199805, max = 0.0321131 (LSHAOL)
[2025-07-11 16:44:49.412] [info] Frame 1068 (t = 5.34):	 total squared error = 0.00743380, marker error: RMS = 0.0197801, max = 0.0316709 (LSHAOL)
[2025-07-11 16:44:49.500] [info] Frame 1069 (t = 5.345):	 total squared error = 0.00734664, marker error: RMS = 0.0196638, max = 0.0313712 (LSHAOL)
[2025-07-11 16:44:49.585] [info] Frame 1070 (t = 5.35):	 total squared error = 0.00726409, marker error: RMS = 0.019553, max = 0.0311218 (LSHAOL)
[2025-07-11 16:44:49.671] [info] Frame 1071 (t = 5.355):	 total squared error = 0.00718386, marker error: RMS = 0.0194447, max = 0.0308634 (LSHAOL)
[2025-07-11 16:44:49.729] [info] Frame 1072 (t = 5.36):	 total squared error = 0.00717134, marker error: RMS = 0.0194278, max = 0.0308376 (LSHAOL)
[2025-07-11 16:44:49.811] [info] Frame 1073 (t = 5.365):	 total squared error = 0.00703211, marker error: RMS = 0.0192383, max = 0.0303617 (LSHAOL)
[2025-07-11 16:44:49.899] [info] Frame 1074 (t = 5.37):	 total squared error = 0.00696143, marker error: RMS = 0.0191413, max = 0.0301621 (LSHAOL)
[2025-07-11 16:44:49.971] [info] Frame 1075 (t = 5.375):	 total squared error = 0.00689363, marker error: RMS = 0.0190479, max = 0.0299326 (LSHAOL)
[2025-07-11 16:44:50.056] [info] Frame 1076 (t = 5.38):	 total squared error = 0.00683013, marker error: RMS = 0.01896, max = 0.0297477 (LSHAOL)
[2025-07-11 16:44:50.136] [info] Frame 1077 (t = 5.385):	 total squared error = 0.00676982, marker error: RMS = 0.0188761, max = 0.0295334 (LSHAOL)
[2025-07-11 16:44:50.200] [info] Frame 1078 (t = 5.39):	 total squared error = 0.00678004, marker error: RMS = 0.0188903, max = 0.0295937 (LSHAOL)
[2025-07-11 16:44:50.278] [info] Frame 1079 (t = 5.395):	 total squared error = 0.00666227, marker error: RMS = 0.0187255, max = 0.0291611 (LSHAOL)
[2025-07-11 16:44:50.365] [info] Frame 1080 (t = 5.4):	 total squared error = 0.00668094, marker error: RMS = 0.0187518, max = 0.0292844 (LSHAOL)
[2025-07-11 16:44:50.424] [info] Frame 1081 (t = 5.40500):	 total squared error = 0.00657146, marker error: RMS = 0.0185975, max = 0.0288433 (LSHAOL)
[2025-07-11 16:44:50.493] [info] Frame 1082 (t = 5.41):	 total squared error = 0.00659744, marker error: RMS = 0.0186342, max = 0.0289949 (LSHAOL)
[2025-07-11 16:44:50.675] [info] Frame 1083 (t = 5.415):	 total squared error = 0.00649162, marker error: RMS = 0.0184842, max = 0.0285691 (LSHAOL)
[2025-07-11 16:44:50.825] [info] Frame 1084 (t = 5.42):	 total squared error = 0.00652467, marker error: RMS = 0.0185312, max = 0.0287302 (LSHAOL)
[2025-07-11 16:44:51.047] [info] Frame 1085 (t = 5.425):	 total squared error = 0.00642337, marker error: RMS = 0.0183867, max = 0.028282 (LSHAOL)
[2025-07-11 16:44:51.113] [info] Frame 1086 (t = 5.43):	 total squared error = 0.00646113, marker error: RMS = 0.0184407, max = 0.0284342 (LSHAOL)
[2025-07-11 16:44:51.190] [info] Frame 1087 (t = 5.435):	 total squared error = 0.00636158, marker error: RMS = 0.0182981, max = 0.0280167 (LSHAOL)
[2025-07-11 16:44:51.256] [info] Frame 1088 (t = 5.44):	 total squared error = 0.00633177, marker error: RMS = 0.0182552, max = 0.0278904 (LSHAOL)
[2025-07-11 16:44:51.346] [info] Frame 1089 (t = 5.445):	 total squared error = 0.00630236, marker error: RMS = 0.0182127, max = 0.0277723 (LSHAOL)
[2025-07-11 16:44:51.411] [info] Frame 1090 (t = 5.45):	 total squared error = 0.00634324, marker error: RMS = 0.0182717, max = 0.0279785 (LSHAOL)
[2025-07-11 16:44:51.492] [info] Frame 1091 (t = 5.455):	 total squared error = 0.00624366, marker error: RMS = 0.0181277, max = 0.0275159 (LSHAOL)
[2025-07-11 16:44:51.575] [info] Frame 1092 (t = 5.46):	 total squared error = 0.00621424, marker error: RMS = 0.0180850, max = 0.0273926 (LSHAOL)
[2025-07-11 16:44:51.646] [info] Frame 1093 (t = 5.465):	 total squared error = 0.00618464, marker error: RMS = 0.0180418, max = 0.0272656 (LSHAOL)
[2025-07-11 16:44:51.713] [info] Frame 1094 (t = 5.47):	 total squared error = 0.00615505, marker error: RMS = 0.0179986, max = 0.0271685 (LSHAOL)
[2025-07-11 16:44:51.818] [info] Frame 1095 (t = 5.475):	 total squared error = 0.00612492, marker error: RMS = 0.0179545, max = 0.0270325 (LSHAOL)
[2025-07-11 16:44:51.889] [info] Frame 1096 (t = 5.48):	 total squared error = 0.00609527, marker error: RMS = 0.017911, max = 0.0269309 (LSHAOL)
[2025-07-11 16:44:51.958] [info] Frame 1097 (t = 5.485):	 total squared error = 0.00606598, marker error: RMS = 0.0178679, max = 0.026824 (LSHAOL)
[2025-07-11 16:44:52.028] [info] Frame 1098 (t = 5.49):	 total squared error = 0.00603642, marker error: RMS = 0.0178243, max = 0.0267013 (LSHAOL)
[2025-07-11 16:44:52.088] [info] Frame 1099 (t = 5.495):	 total squared error = 0.00600737, marker error: RMS = 0.0177814, max = 0.0265919 (LSHAOL)
[2025-07-11 16:44:52.159] [info] Frame 1100 (t = 5.5):	 total squared error = 0.00597866, marker error: RMS = 0.0177388, max = 0.0264868 (LSHAOL)
[2025-07-11 16:44:52.214] [info] Frame 1101 (t = 5.50500):	 total squared error = 0.00602981, marker error: RMS = 0.0178145, max = 0.0268403 (LSHAOL)
[2025-07-11 16:44:52.261] [info] Frame 1102 (t = 5.51):	 total squared error = 0.00592060, marker error: RMS = 0.0176525, max = 0.0262582 (LSHAOL)
[2025-07-11 16:44:52.311] [info] Frame 1103 (t = 5.515):	 total squared error = 0.00597113, marker error: RMS = 0.0177277, max = 0.0265882 (LSHAOL)
[2025-07-11 16:44:52.364] [info] Frame 1104 (t = 5.52):	 total squared error = 0.00586326, marker error: RMS = 0.0175668, max = 0.0260714 (LSHAOL)
[2025-07-11 16:44:52.439] [info] Frame 1105 (t = 5.525):	 total squared error = 0.00583217, marker error: RMS = 0.0175202, max = 0.0259157 (LSHAOL)
[2025-07-11 16:44:52.498] [info] Frame 1106 (t = 5.53):	 total squared error = 0.00588431, marker error: RMS = 0.0175983, max = 0.0262471 (LSHAOL)
[2025-07-11 16:44:52.581] [info] Frame 1107 (t = 5.535):	 total squared error = 0.00577052, marker error: RMS = 0.0174273, max = 0.0256656 (LSHAOL)
[2025-07-11 16:44:52.642] [info] Frame 1108 (t = 5.54):	 total squared error = 0.00573859, marker error: RMS = 0.017379, max = 0.0255316 (LSHAOL)
[2025-07-11 16:44:52.714] [info] Frame 1109 (t = 5.545):	 total squared error = 0.00570558, marker error: RMS = 0.017329, max = 0.0254037 (LSHAOL)
[2025-07-11 16:44:52.790] [info] Frame 1110 (t = 5.55):	 total squared error = 0.00567147, marker error: RMS = 0.0172771, max = 0.0252614 (LSHAOL)
[2025-07-11 16:44:52.855] [info] Frame 1111 (t = 5.555):	 total squared error = 0.00563642, marker error: RMS = 0.0172236, max = 0.0251315 (LSHAOL)
[2025-07-11 16:44:52.920] [info] Frame 1112 (t = 5.56):	 total squared error = 0.00559929, marker error: RMS = 0.0171668, max = 0.0249598 (LSHAOL)
[2025-07-11 16:44:52.994] [info] Frame 1113 (t = 5.565):	 total squared error = 0.00556106, marker error: RMS = 0.0171081, max = 0.0248028 (LSHAOL)
[2025-07-11 16:44:53.039] [info] Frame 1114 (t = 5.57):	 total squared error = 0.00561090, marker error: RMS = 0.0171846, max = 0.0251431 (LSHAOL)
[2025-07-11 16:44:53.120] [info] Frame 1115 (t = 5.575):	 total squared error = 0.00547896, marker error: RMS = 0.0169814, max = 0.0244664 (LSHAOL)
[2025-07-11 16:44:53.181] [info] Frame 1116 (t = 5.58):	 total squared error = 0.00543529, marker error: RMS = 0.0169135, max = 0.0242887 (LSHAOL)
[2025-07-11 16:44:53.254] [info] Frame 1117 (t = 5.585):	 total squared error = 0.00538835, marker error: RMS = 0.0168403, max = 0.0240684 (LSHAOL)
[2025-07-11 16:44:53.312] [info] Frame 1118 (t = 5.59):	 total squared error = 0.00533973, marker error: RMS = 0.0167642, max = 0.023996 (SACROL)
[2025-07-11 16:44:53.367] [info] Frame 1119 (t = 5.595):	 total squared error = 0.00528861, marker error: RMS = 0.0166838, max = 0.0241703 (SACROL)
[2025-07-11 16:44:53.435] [info] Frame 1120 (t = 5.6):	 total squared error = 0.00523393, marker error: RMS = 0.0165973, max = 0.0243128 (SACROL)
[2025-07-11 16:44:53.493] [info] Frame 1121 (t = 5.60500):	 total squared error = 0.00526843, marker error: RMS = 0.0166519, max = 0.0240054 (SACROL)
[2025-07-11 16:44:53.563] [info] Frame 1122 (t = 5.61):	 total squared error = 0.00511704, marker error: RMS = 0.0164109, max = 0.0246563 (SACROL)
[2025-07-11 16:44:53.617] [info] Frame 1123 (t = 5.615):	 total squared error = 0.00505456, marker error: RMS = 0.0163104, max = 0.0248444 (SACROL)
[2025-07-11 16:44:53.667] [info] Frame 1124 (t = 5.62):	 total squared error = 0.00508152, marker error: RMS = 0.0163538, max = 0.0245182 (SACROL)
[2025-07-11 16:44:53.726] [info] Frame 1125 (t = 5.625):	 total squared error = 0.00492008, marker error: RMS = 0.0160920, max = 0.025128 (SACROL)
[2025-07-11 16:44:53.770] [info] Frame 1126 (t = 5.63):	 total squared error = 0.00494073, marker error: RMS = 0.0161257, max = 0.0247119 (SACROL)
[2025-07-11 16:44:53.842] [info] Frame 1127 (t = 5.635):	 total squared error = 0.00477448, marker error: RMS = 0.0158521, max = 0.0253873 (SACROL)
[2025-07-11 16:44:53.911] [info] Frame 1128 (t = 5.64):	 total squared error = 0.00469774, marker error: RMS = 0.0157242, max = 0.0255677 (SACROL)
[2025-07-11 16:44:53.990] [info] Frame 1129 (t = 5.645):	 total squared error = 0.00461879, marker error: RMS = 0.0155915, max = 0.0256653 (SACROL)
[2025-07-11 16:44:54.060] [info] Frame 1130 (t = 5.65):	 total squared error = 0.00453715, marker error: RMS = 0.0154531, max = 0.025835 (SACROL)
[2025-07-11 16:44:54.120] [info] Frame 1131 (t = 5.655):	 total squared error = 0.00454647, marker error: RMS = 0.0154689, max = 0.0255431 (SACROL)
[2025-07-11 16:44:54.187] [info] Frame 1132 (t = 5.66):	 total squared error = 0.00436676, marker error: RMS = 0.0151601, max = 0.0260070 (SACROL)
[2025-07-11 16:44:54.251] [info] Frame 1133 (t = 5.665):	 total squared error = 0.00427915, marker error: RMS = 0.0150073, max = 0.0261948 (SACROL)
[2025-07-11 16:44:54.327] [info] Frame 1134 (t = 5.67):	 total squared error = 0.00418912, marker error: RMS = 0.0148486, max = 0.0262968 (SACROL)
[2025-07-11 16:44:54.404] [info] Frame 1135 (t = 5.675):	 total squared error = 0.00409787, marker error: RMS = 0.014686, max = 0.0263943 (SACROL)
[2025-07-11 16:44:54.475] [info] Frame 1136 (t = 5.68):	 total squared error = 0.00400570, marker error: RMS = 0.0145199, max = 0.026473 (SACROL)
[2025-07-11 16:44:54.542] [info] Frame 1137 (t = 5.685):	 total squared error = 0.00391230, marker error: RMS = 0.0143496, max = 0.0265293 (SACROL)
[2025-07-11 16:44:54.602] [info] Frame 1138 (t = 5.69):	 total squared error = 0.00381825, marker error: RMS = 0.0141761, max = 0.0265998 (SACROL)
[2025-07-11 16:44:54.646] [info] Frame 1139 (t = 5.695):	 total squared error = 0.00381355, marker error: RMS = 0.0141673, max = 0.0260337 (SACROL)
[2025-07-11 16:44:54.699] [info] Frame 1140 (t = 5.7):	 total squared error = 0.00362804, marker error: RMS = 0.0138184, max = 0.0266292 (SACROL)
[2025-07-11 16:44:54.730] [info] Frame 1141 (t = 5.70500):	 total squared error = 0.00363897, marker error: RMS = 0.0138392, max = 0.0261002 (SACROL)
[2025-07-11 16:44:54.777] [info] Frame 1142 (t = 5.71):	 total squared error = 0.00344014, marker error: RMS = 0.0134559, max = 0.0263305 (SACROL)
[2025-07-11 16:44:54.843] [info] Frame 1143 (t = 5.715):	 total squared error = 0.00343010, marker error: RMS = 0.0134362, max = 0.0263052 (SACROL)
[2025-07-11 16:44:54.896] [info] Frame 1144 (t = 5.72):	 total squared error = 0.00325411, marker error: RMS = 0.0130870, max = 0.0264523 (SACROL)
[2025-07-11 16:44:54.958] [info] Frame 1145 (t = 5.725):	 total squared error = 0.00316333, marker error: RMS = 0.0129031, max = 0.0265065 (SACROL)
[2025-07-11 16:44:55.016] [info] Frame 1146 (t = 5.73):	 total squared error = 0.00307453, marker error: RMS = 0.0127208, max = 0.0263785 (SACROL)
[2025-07-11 16:44:55.080] [info] Frame 1147 (t = 5.735):	 total squared error = 0.00298850, marker error: RMS = 0.0125415, max = 0.0262488 (SACROL)
[2025-07-11 16:44:55.136] [info] Frame 1148 (t = 5.74):	 total squared error = 0.00290651, marker error: RMS = 0.0123683, max = 0.0261702 (SACROL)
[2025-07-11 16:44:55.198] [info] Frame 1149 (t = 5.745):	 total squared error = 0.00282532, marker error: RMS = 0.0121943, max = 0.0261349 (SACROL)
[2025-07-11 16:44:55.237] [info] Frame 1150 (t = 5.75):	 total squared error = 0.00282291, marker error: RMS = 0.0121891, max = 0.0257764 (SACROL)
[2025-07-11 16:44:55.303] [info] Frame 1151 (t = 5.755):	 total squared error = 0.00267528, marker error: RMS = 0.0118661, max = 0.0258395 (SACROL)
[2025-07-11 16:44:55.358] [info] Frame 1152 (t = 5.76):	 total squared error = 0.00260609, marker error: RMS = 0.0117117, max = 0.0256485 (SACROL)
[2025-07-11 16:44:55.413] [info] Frame 1153 (t = 5.765):	 total squared error = 0.00253988, marker error: RMS = 0.0115619, max = 0.0254763 (SACROL)
[2025-07-11 16:44:55.472] [info] Frame 1154 (t = 5.77):	 total squared error = 0.00247704, marker error: RMS = 0.011418, max = 0.0252937 (SACROL)
[2025-07-11 16:44:55.526] [info] Frame 1155 (t = 5.775):	 total squared error = 0.00241761, marker error: RMS = 0.0112802, max = 0.0251535 (SACROL)
[2025-07-11 16:44:55.556] [info] Frame 1156 (t = 5.78):	 total squared error = 0.00241747, marker error: RMS = 0.0112799, max = 0.0249825 (SACROL)
[2025-07-11 16:44:55.604] [info] Frame 1157 (t = 5.785):	 total squared error = 0.00231002, marker error: RMS = 0.0110263, max = 0.0247777 (SACROL)
[2025-07-11 16:44:55.645] [info] Frame 1158 (t = 5.79):	 total squared error = 0.00229428, marker error: RMS = 0.0109887, max = 0.0243302 (SACROL)
[2025-07-11 16:44:55.701] [info] Frame 1159 (t = 5.795):	 total squared error = 0.00221281, marker error: RMS = 0.0107918, max = 0.0244022 (SACROL)
[2025-07-11 16:44:55.794] [info] Frame 1160 (t = 5.8):	 total squared error = 0.00215242, marker error: RMS = 0.0106436, max = 0.0239765 (SACROL)
[2025-07-11 16:44:55.829] [info] Frame 1161 (t = 5.80500):	 total squared error = 0.00214266, marker error: RMS = 0.0106194, max = 0.0238797 (SACROL)
[2025-07-11 16:44:55.881] [info] Frame 1162 (t = 5.81):	 total squared error = 0.00206399, marker error: RMS = 0.0104226, max = 0.0235005 (SACROL)
[2025-07-11 16:44:55.931] [info] Frame 1163 (t = 5.815):	 total squared error = 0.00202034, marker error: RMS = 0.0103118, max = 0.0232166 (SACROL)
[2025-07-11 16:44:56.033] [info] Frame 1164 (t = 5.82):	 total squared error = 0.00196793, marker error: RMS = 0.0101772, max = 0.0228932 (SACROL)
[2025-07-11 16:44:56.110] [info] Frame 1165 (t = 5.825):	 total squared error = 0.00192315, marker error: RMS = 0.0100607, max = 0.0225161 (SACROL)
[2025-07-11 16:44:56.150] [info] Frame 1166 (t = 5.83):	 total squared error = 0.00189565, marker error: RMS = 0.00998855, max = 0.02211 (SACROL)
[2025-07-11 16:44:56.195] [info] Frame 1167 (t = 5.835):	 total squared error = 0.00184084, marker error: RMS = 0.00984307, max = 0.0218539 (SACROL)
[2025-07-11 16:44:56.290] [info] Frame 1168 (t = 5.84):	 total squared error = 0.00179047, marker error: RMS = 0.00970750, max = 0.0214786 (SACROL)
[2025-07-11 16:44:56.342] [info] Frame 1169 (t = 5.845):	 total squared error = 0.00175078, marker error: RMS = 0.00959928, max = 0.0210404 (SACROL)
[2025-07-11 16:44:56.419] [info] Frame 1170 (t = 5.85):	 total squared error = 0.00170448, marker error: RMS = 0.00947150, max = 0.0205803 (SACROL)
[2025-07-11 16:44:56.520] [info] Frame 1171 (t = 5.855):	 total squared error = 0.00166182, marker error: RMS = 0.00935222, max = 0.0203404 (SACROL)
[2025-07-11 16:44:56.599] [info] Frame 1172 (t = 5.86):	 total squared error = 0.00162053, marker error: RMS = 0.00923530, max = 0.0198141 (SACROL)
[2025-07-11 16:44:56.672] [info] Frame 1173 (t = 5.865):	 total squared error = 0.00158034, marker error: RMS = 0.00912007, max = 0.0193763 (SACROL)
[2025-07-11 16:44:56.741] [info] Frame 1174 (t = 5.87):	 total squared error = 0.00154136, marker error: RMS = 0.00900689, max = 0.0189429 (SACROL)
[2025-07-11 16:44:56.819] [info] Frame 1175 (t = 5.875):	 total squared error = 0.00150315, marker error: RMS = 0.00889457, max = 0.0185104 (SACROL)
[2025-07-11 16:44:56.873] [info] Frame 1176 (t = 5.88):	 total squared error = 0.00147249, marker error: RMS = 0.00880338, max = 0.0180315 (SACROL)
[2025-07-11 16:44:56.961] [info] Frame 1177 (t = 5.885):	 total squared error = 0.00143207, marker error: RMS = 0.00868171, max = 0.0177313 (SACROL)
[2025-07-11 16:44:57.052] [info] Frame 1178 (t = 5.89):	 total squared error = 0.00139966, marker error: RMS = 0.00858292, max = 0.0172234 (SACROL)
[2025-07-11 16:44:57.106] [info] Frame 1179 (t = 5.895):	 total squared error = 0.00137112, marker error: RMS = 0.00849494, max = 0.0167944 (SACROL)
[2025-07-11 16:44:57.153] [info] Frame 1180 (t = 5.9):	 total squared error = 0.00134339, marker error: RMS = 0.00840862, max = 0.0163447 (SACROL)
[2025-07-11 16:44:57.229] [info] Frame 1181 (t = 5.90500):	 total squared error = 0.00131060, marker error: RMS = 0.00830535, max = 0.0160173 (LTOE)
[2025-07-11 16:44:57.314] [info] Frame 1182 (t = 5.91):	 total squared error = 0.00128315, marker error: RMS = 0.00821791, max = 0.0159070 (LTOE)
[2025-07-11 16:44:57.392] [info] Frame 1183 (t = 5.915):	 total squared error = 0.00125723, marker error: RMS = 0.00813448, max = 0.0158252 (LTOE)
[2025-07-11 16:44:57.472] [info] Frame 1184 (t = 5.92):	 total squared error = 0.00123226, marker error: RMS = 0.00805332, max = 0.0157507 (LTOE)
[2025-07-11 16:44:57.558] [info] Frame 1185 (t = 5.925):	 total squared error = 0.00120761, marker error: RMS = 0.00797235, max = 0.0156316 (LTOE)
[2025-07-11 16:44:57.611] [info] Frame 1186 (t = 5.93):	 total squared error = 0.00118656, marker error: RMS = 0.00790258, max = 0.0156155 (LTOE)
[2025-07-11 16:44:57.691] [info] Frame 1187 (t = 5.935):	 total squared error = 0.00116004, marker error: RMS = 0.00781376, max = 0.0154844 (LTOE)
[2025-07-11 16:44:57.768] [info] Frame 1188 (t = 5.94):	 total squared error = 0.00113724, marker error: RMS = 0.00773659, max = 0.0153904 (LTOE)
[2025-07-11 16:44:57.849] [info] Frame 1189 (t = 5.945):	 total squared error = 0.00111441, marker error: RMS = 0.00765854, max = 0.0152651 (LTOE)
[2025-07-11 16:44:57.921] [info] Frame 1190 (t = 5.95):	 total squared error = 0.00109573, marker error: RMS = 0.00759407, max = 0.0151147 (LTOE)
[2025-07-11 16:44:58.122] [info] Frame 1191 (t = 5.955):	 total squared error = 0.00106514, marker error: RMS = 0.00748733, max = 0.0150036 (LTOE)
[2025-07-11 16:44:58.178] [info] Frame 1192 (t = 5.96):	 total squared error = 0.00104963, marker error: RMS = 0.00743260, max = 0.0148437 (LTOE)
[2025-07-11 16:44:58.278] [info] Frame 1193 (t = 5.965):	 total squared error = 0.00102342, marker error: RMS = 0.00733923, max = 0.0148781 (LTOE)
[2025-07-11 16:44:58.342] [info] Frame 1194 (t = 5.97):	 total squared error = 0.00100455, marker error: RMS = 0.00727125, max = 0.014889 (LTOE)
[2025-07-11 16:44:58.359] [info] InverseKinematicsTool completed 475 frames in 38 second(s).
