[2025-07-16 13:07:34.521] [info] AbstractTool  loading model ../../../../models/Athlete_03_mri_scaled.osim
[2025-07-16 13:07:34.562] [info] Loaded model Athlete_03_MRI_scaled from file ../../../../models/Athlete_03_mri_scaled.osim
[2025-07-16 13:07:34.593] [error] Failed to construct ExternalLoads from file ./externalloads.xml. Please make sure the file exists and that it contains an ExternalLoads object or create a fresh one.
[2025-07-16 13:07:55.728] [info] AbstractTool  loading model ../../../../models/Athlete_03_mri_scaled.osim
[2025-07-16 13:07:55.766] [info] Loaded model Athlete_03_MRI_scaled from file ../../../../models/Athlete_03_mri_scaled.osim
[2025-07-16 13:07:55.794] [error] Failed to construct ExternalLoads from file externalloads.xml. Please make sure the file exists and that it contains an ExternalLoads object or create a fresh one.
[2025-07-16 13:09:18.073] [info] AbstractTool  loading model ../../../../models/Athlete_03_mri_scaled.osim
[2025-07-16 13:09:18.117] [info] Loaded model Athlete_03_MRI_scaled from file ../../../../models/Athlete_03_mri_scaled.osim
[2025-07-16 13:09:18.147] [error] Failed to construct ExternalLoads from file externalloads.xml. Please make sure the file exists and that it contains an ExternalLoads object or create a fresh one.
[2025-07-16 13:09:52.080] [info] AbstractTool  loading model ../../../../models/Athlete_03_mri_scaled.osim
[2025-07-16 13:09:52.120] [info] Loaded model Athlete_03_MRI_scaled from file ../../../../models/Athlete_03_mri_scaled.osim
[2025-07-16 13:09:52.164] [info] Storage: read data file = grf.mot (nr=6920 nc=19)
[2025-07-16 13:09:52.242] [info] ExternalForce::grf_r_1 Data source being set to grf
[2025-07-16 13:09:52.242] [info] ExternalForce::grf_l_2 Data source being set to grf
[2025-07-16 13:09:52.254] [info] Loading coordinates from file './joint_angles.mot'.
[2025-07-16 13:09:52.255] [info] Storage: read data file = ./joint_angles.mot (nr=787 nc=27)
[2025-07-16 13:09:52.274] [info] Low-pass filtering coordinates data with a cutoff frequency of 6.0...
[2025-07-16 13:09:53.353] [info] AssemblySolver::track() attempt Failed: SimTK Exception thrown at Assembler.cpp:973:
  Method Assembler::track() failed because:
Unable to achieve required assembly error tolerance.
Assembly error tolerance achieved: 9.8938524446937431e-09 required: 1e-10.
[2025-07-16 13:09:53.364] [error] Model unable to assemble: AssemblySolver::assemble() Failed: SimTK Exception thrown at Assembler.cpp:897:
  Method Assembler::assemble() failed because:
Unable to achieve required assembly error tolerance.
Assembly error tolerance achieved: 9.8938524446029253e-09 required: 1e-10..Model relaxing constraints and trying again.
[2025-07-16 13:09:54.180] [info] Found 1573 state vectors with time stamps ranging from 0.33 to 8.19.
[2025-07-16 13:09:54.180] [info] Executing the analyses from 2.295 to 6.225...
[2025-07-16 13:09:54.182] [info] Loading actuator forces from file ./SO_StaticOptimization_force.sto.
[2025-07-16 13:09:54.182] [info] Storage: read data file = ./SO_StaticOptimization_force.sto (nr=787 nc=99)
[2025-07-16 13:09:54.239] [info] Found 98 actuator forces with time stamps ranging from 2.295to 6.225.
[2025-07-16 13:09:54.239] [warning] The forces file contains actuators that are not in the model's actuator set.
[2025-07-16 13:09:54.239] [warning] Ignoring fiber lengths and activations from the states since forces_file is also set. Actuator forces will be constructed from ./SO_StaticOptimization_force.sto.
[2025-07-16 13:09:55.900] [info] Printing results of investigation  to .
[2025-07-17 19:15:56.992] [info] Loaded model Athlete_03_scaled_updated_masses from file c:\Git\1_current_projects\powerlifing_model\models\Athlete_03_linearly_scaled_scaledMasses.osim
[2025-07-17 19:15:58.348] [cout] [info] 
               MODEL: Athlete_03_scaled_updated_masses
         coordinates: 26
              forces: 80
           actuators: 80
             muscles: 80
            analyses: 0
              probes: 0
              bodies: 14
              joints: 14
         constraints: 2
             markers: 33
         controllers: 0
  contact geometries: 0
misc modelcomponents: 0
[2025-07-17 19:15:58.353] [info] Running tool .
[2025-07-17 19:16:01.101] [info] Frame 459 (t = 2.295):	 total squared error = 0.000492968, marker error: RMS = 0.00509369, max = 0.0104384 (LTOE)
[2025-07-17 19:16:02.322] [info] Frame 460 (t = 2.3):	 total squared error = 0.000467708, marker error: RMS = 0.00496147, max = 0.0102275 (LTOE)
[2025-07-17 19:16:02.969] [info] Frame 461 (t = 2.30500):	 total squared error = 0.000475422, marker error: RMS = 0.00500222, max = 0.0103332 (LTOE)
[2025-07-17 19:16:03.361] [info] Frame 462 (t = 2.31):	 total squared error = 0.000483746, marker error: RMS = 0.00504582, max = 0.0104263 (LTOE)
[2025-07-17 19:16:03.686] [info] Frame 463 (t = 2.315):	 total squared error = 0.000492944, marker error: RMS = 0.00509357, max = 0.0104818 (LTOE)
[2025-07-17 19:16:03.871] [info] Frame 464 (t = 2.32):	 total squared error = 0.000523787, marker error: RMS = 0.00525050, max = 0.0107955 (LTOE)
[2025-07-17 19:16:04.070] [info] Frame 465 (t = 2.325):	 total squared error = 0.000522878, marker error: RMS = 0.00524594, max = 0.0107198 (LTOE)
[2025-07-17 19:16:04.359] [info] Frame 466 (t = 2.33):	 total squared error = 0.000533434, marker error: RMS = 0.00529863, max = 0.0109267 (LTOE)
[2025-07-17 19:16:04.883] [info] Frame 467 (t = 2.335):	 total squared error = 0.000539823, marker error: RMS = 0.00533027, max = 0.0109872 (LTOE)
[2025-07-17 19:16:05.264] [info] Frame 468 (t = 2.34):	 total squared error = 0.000555192, marker error: RMS = 0.00540561, max = 0.0111091 (LTOE)
[2025-07-17 19:16:05.545] [info] Frame 469 (t = 2.345):	 total squared error = 0.000578460, marker error: RMS = 0.00551772, max = 0.0113292 (LTOE)
[2025-07-17 19:16:05.722] [info] Frame 470 (t = 2.35):	 total squared error = 0.000599518, marker error: RMS = 0.00561726, max = 0.0115903 (LTOE)
[2025-07-17 19:16:05.948] [info] Frame 471 (t = 2.355):	 total squared error = 0.000615000, marker error: RMS = 0.00568933, max = 0.0115879 (LTOE)
[2025-07-17 19:16:06.111] [info] Frame 472 (t = 2.36):	 total squared error = 0.000638707, marker error: RMS = 0.00579795, max = 0.0117255 (LTOE)
[2025-07-17 19:16:06.277] [info] Frame 473 (t = 2.365):	 total squared error = 0.000665895, marker error: RMS = 0.00592006, max = 0.0118709 (LTOE)
[2025-07-17 19:16:06.425] [info] Frame 474 (t = 2.37):	 total squared error = 0.000690607, marker error: RMS = 0.00602891, max = 0.0120118 (LTOE)
[2025-07-17 19:16:06.564] [info] Frame 475 (t = 2.375):	 total squared error = 0.000717465, marker error: RMS = 0.00614503, max = 0.0121456 (LTOE)
[2025-07-17 19:16:06.686] [info] Frame 476 (t = 2.38):	 total squared error = 0.000743064, marker error: RMS = 0.00625369, max = 0.0124657 (SACROL)
[2025-07-17 19:16:06.839] [info] Frame 477 (t = 2.385):	 total squared error = 0.000769036, marker error: RMS = 0.00636204, max = 0.0130659 (SACROL)
[2025-07-17 19:16:06.944] [info] Frame 478 (t = 2.39):	 total squared error = 0.000796037, marker error: RMS = 0.00647276, max = 0.0134717 (SACROL)
[2025-07-17 19:16:07.122] [info] Frame 479 (t = 2.395):	 total squared error = 0.000819876, marker error: RMS = 0.00656897, max = 0.0141098 (SACROL)
[2025-07-17 19:16:07.261] [info] Frame 480 (t = 2.4):	 total squared error = 0.000844909, marker error: RMS = 0.00666850, max = 0.0145347 (SACROL)
[2025-07-17 19:16:07.376] [info] Frame 481 (t = 2.40500):	 total squared error = 0.000870137, marker error: RMS = 0.00676733, max = 0.0150151 (SACROL)
[2025-07-17 19:16:07.536] [info] Frame 482 (t = 2.41):	 total squared error = 0.000891315, marker error: RMS = 0.00684918, max = 0.0155331 (SACROL)
[2025-07-17 19:16:07.637] [info] Frame 483 (t = 2.415):	 total squared error = 0.000925561, marker error: RMS = 0.00697952, max = 0.0159971 (SACROL)
[2025-07-17 19:16:07.788] [info] Frame 484 (t = 2.42):	 total squared error = 0.000935112, marker error: RMS = 0.00701544, max = 0.016345 (SACROL)
[2025-07-17 19:16:07.978] [info] Frame 485 (t = 2.425):	 total squared error = 0.000954061, marker error: RMS = 0.00708616, max = 0.0166873 (SACROL)
[2025-07-17 19:16:08.184] [info] Frame 486 (t = 2.43):	 total squared error = 0.000975599, marker error: RMS = 0.00716570, max = 0.0171725 (SACROL)
[2025-07-17 19:16:08.300] [info] Frame 487 (t = 2.435):	 total squared error = 0.00100847, marker error: RMS = 0.00728544, max = 0.01762 (SACROL)
[2025-07-17 19:16:08.506] [info] Frame 488 (t = 2.44):	 total squared error = 0.00102050, marker error: RMS = 0.00732875, max = 0.0180290 (SACROL)
[2025-07-17 19:16:08.658] [info] Frame 489 (t = 2.445):	 total squared error = 0.00104459, marker error: RMS = 0.00741475, max = 0.0184943 (SACROL)
[2025-07-17 19:16:08.754] [info] Frame 490 (t = 2.45):	 total squared error = 0.00108543, marker error: RMS = 0.00755830, max = 0.0190817 (SACROL)
[2025-07-17 19:16:08.892] [info] Frame 491 (t = 2.455):	 total squared error = 0.00109755, marker error: RMS = 0.00760037, max = 0.019445 (SACROL)
[2025-07-17 19:16:08.969] [info] Frame 492 (t = 2.46):	 total squared error = 0.00114397, marker error: RMS = 0.00775945, max = 0.0201041 (SACROL)
[2025-07-17 19:16:09.062] [info] Frame 493 (t = 2.465):	 total squared error = 0.00116863, marker error: RMS = 0.00784264, max = 0.0206709 (SACROL)
[2025-07-17 19:16:09.179] [info] Frame 494 (t = 2.47):	 total squared error = 0.00119209, marker error: RMS = 0.00792097, max = 0.0209229 (SACROL)
[2025-07-17 19:16:09.305] [info] Frame 495 (t = 2.475):	 total squared error = 0.00122929, marker error: RMS = 0.00804359, max = 0.0214919 (SACROL)
[2025-07-17 19:16:09.380] [info] Frame 496 (t = 2.48):	 total squared error = 0.00129082, marker error: RMS = 0.00824245, max = 0.0222102 (SACROL)
[2025-07-17 19:16:09.477] [info] Frame 497 (t = 2.485):	 total squared error = 0.00130998, marker error: RMS = 0.00830340, max = 0.0225388 (SACROL)
[2025-07-17 19:16:09.561] [info] Frame 498 (t = 2.49):	 total squared error = 0.00136092, marker error: RMS = 0.00846329, max = 0.0232879 (SACROL)
[2025-07-17 19:16:09.732] [info] Frame 499 (t = 2.495):	 total squared error = 0.00139974, marker error: RMS = 0.00858315, max = 0.0235857 (SACROL)
[2025-07-17 19:16:09.858] [info] Frame 500 (t = 2.5):	 total squared error = 0.00144904, marker error: RMS = 0.00873300, max = 0.0241226 (SACROL)
[2025-07-17 19:16:10.020] [info] Frame 501 (t = 2.50500):	 total squared error = 0.00149885, marker error: RMS = 0.00888183, max = 0.0245992 (SACROL)
[2025-07-17 19:16:10.198] [info] Frame 502 (t = 2.51):	 total squared error = 0.00155000, marker error: RMS = 0.00903212, max = 0.0250748 (SACROL)
[2025-07-17 19:16:10.341] [info] Frame 503 (t = 2.515):	 total squared error = 0.00164277, marker error: RMS = 0.00929848, max = 0.0257737 (SACROL)
[2025-07-17 19:16:10.516] [info] Frame 504 (t = 2.52):	 total squared error = 0.00167073, marker error: RMS = 0.00937726, max = 0.0262588 (SACROL)
[2025-07-17 19:16:10.799] [info] Frame 505 (t = 2.525):	 total squared error = 0.00171520, marker error: RMS = 0.00950125, max = 0.0264155 (SACROL)
[2025-07-17 19:16:11.149] [info] Frame 506 (t = 2.53):	 total squared error = 0.00177371, marker error: RMS = 0.00966196, max = 0.0268402 (SACROL)
[2025-07-17 19:16:11.373] [info] Frame 507 (t = 2.535):	 total squared error = 0.00183127, marker error: RMS = 0.00981746, max = 0.0272096 (SACROL)
[2025-07-17 19:16:11.578] [info] Frame 508 (t = 2.54):	 total squared error = 0.00189014, marker error: RMS = 0.00997401, max = 0.0276151 (SACROL)
[2025-07-17 19:16:11.776] [info] Frame 509 (t = 2.545):	 total squared error = 0.00195435, marker error: RMS = 0.0101420, max = 0.0281667 (SACROL)
[2025-07-17 19:16:12.024] [info] Frame 510 (t = 2.55):	 total squared error = 0.00201247, marker error: RMS = 0.0102917, max = 0.0283453 (SACROL)
[2025-07-17 19:16:12.149] [info] Frame 511 (t = 2.555):	 total squared error = 0.00212988, marker error: RMS = 0.0105877, max = 0.0289106 (SACROL)
[2025-07-17 19:16:12.389] [info] Frame 512 (t = 2.56):	 total squared error = 0.00214170, marker error: RMS = 0.0106170, max = 0.0290241 (SACROL)
[2025-07-17 19:16:12.690] [info] Frame 513 (t = 2.565):	 total squared error = 0.00220829, marker error: RMS = 0.0107808, max = 0.0295683 (SACROL)
[2025-07-17 19:16:13.070] [info] Frame 514 (t = 2.57):	 total squared error = 0.00227544, marker error: RMS = 0.0109435, max = 0.0298808 (SACROL)
[2025-07-17 19:16:13.295] [info] Frame 515 (t = 2.575):	 total squared error = 0.00234561, marker error: RMS = 0.0111109, max = 0.0301970 (SACROL)
[2025-07-17 19:16:13.546] [info] Frame 516 (t = 2.58):	 total squared error = 0.00241596, marker error: RMS = 0.0112763, max = 0.0305723 (SACROL)
[2025-07-17 19:16:13.776] [info] Frame 517 (t = 2.585):	 total squared error = 0.00248588, marker error: RMS = 0.0114383, max = 0.0306865 (SACROL)
[2025-07-17 19:16:13.929] [info] Frame 518 (t = 2.59):	 total squared error = 0.00261638, marker error: RMS = 0.0117347, max = 0.0311185 (SACROL)
[2025-07-17 19:16:14.101] [info] Frame 519 (t = 2.595):	 total squared error = 0.00263613, marker error: RMS = 0.011779, max = 0.0313089 (SACROL)
[2025-07-17 19:16:14.253] [info] Frame 520 (t = 2.6):	 total squared error = 0.00271412, marker error: RMS = 0.0119519, max = 0.0317664 (SACROL)
[2025-07-17 19:16:14.396] [info] Frame 521 (t = 2.60500):	 total squared error = 0.00279378, marker error: RMS = 0.012126, max = 0.0321476 (SACROL)
[2025-07-17 19:16:14.529] [info] Frame 522 (t = 2.61):	 total squared error = 0.00293087, marker error: RMS = 0.01242, max = 0.0325605 (SACROL)
[2025-07-17 19:16:14.718] [info] Frame 523 (t = 2.615):	 total squared error = 0.00295112, marker error: RMS = 0.0124628, max = 0.0326678 (SACROL)
[2025-07-17 19:16:14.946] [info] Frame 524 (t = 2.62):	 total squared error = 0.00303028, marker error: RMS = 0.0126289, max = 0.0329476 (SACROL)
[2025-07-17 19:16:15.342] [info] Frame 525 (t = 2.625):	 total squared error = 0.00310963, marker error: RMS = 0.0127931, max = 0.0332947 (SACROL)
[2025-07-17 19:16:15.644] [info] Frame 526 (t = 2.63):	 total squared error = 0.00324525, marker error: RMS = 0.0130692, max = 0.0336056 (SACROL)
[2025-07-17 19:16:16.009] [info] Frame 527 (t = 2.635):	 total squared error = 0.00325855, marker error: RMS = 0.0130959, max = 0.0336913 (SACROL)
[2025-07-17 19:16:16.237] [info] Frame 528 (t = 2.64):	 total squared error = 0.00339155, marker error: RMS = 0.0133605, max = 0.0340687 (SACROL)
[2025-07-17 19:16:16.496] [info] Frame 529 (t = 2.645):	 total squared error = 0.00339822, marker error: RMS = 0.0133736, max = 0.0340802 (SACROL)
[2025-07-17 19:16:16.677] [info] Frame 530 (t = 2.65):	 total squared error = 0.00352622, marker error: RMS = 0.0136232, max = 0.0343682 (SACROL)
[2025-07-17 19:16:16.904] [info] Frame 531 (t = 2.655):	 total squared error = 0.00352798, marker error: RMS = 0.0136266, max = 0.0343614 (SACROL)
[2025-07-17 19:16:17.136] [info] Frame 532 (t = 2.66):	 total squared error = 0.00359185, marker error: RMS = 0.0137494, max = 0.0345384 (SACROL)
[2025-07-17 19:16:17.436] [info] Frame 533 (t = 2.665):	 total squared error = 0.00371670, marker error: RMS = 0.0139863, max = 0.0347608 (SACROL)
[2025-07-17 19:16:17.670] [info] Frame 534 (t = 2.67):	 total squared error = 0.00371602, marker error: RMS = 0.013985, max = 0.0347545 (SACROL)
[2025-07-17 19:16:17.823] [info] Frame 535 (t = 2.675):	 total squared error = 0.00385357, marker error: RMS = 0.0142415, max = 0.0336806 (SACROL)
[2025-07-17 19:16:18.165] [info] Frame 536 (t = 2.68):	 total squared error = 0.00384404, marker error: RMS = 0.0142239, max = 0.0349656 (SACROL)
[2025-07-17 19:16:18.616] [info] Frame 537 (t = 2.685):	 total squared error = 0.00391034, marker error: RMS = 0.014346, max = 0.0351038 (SACROL)
[2025-07-17 19:16:18.896] [info] Frame 538 (t = 2.69):	 total squared error = 0.00404336, marker error: RMS = 0.014588, max = 0.035322 (SACROL)
[2025-07-17 19:16:19.105] [info] Frame 539 (t = 2.695):	 total squared error = 0.00404974, marker error: RMS = 0.0145995, max = 0.0353145 (SACROL)
[2025-07-17 19:16:19.322] [info] Frame 540 (t = 2.7):	 total squared error = 0.00412157, marker error: RMS = 0.0147284, max = 0.0354219 (SACROL)
[2025-07-17 19:16:19.432] [info] Frame 541 (t = 2.70500):	 total squared error = 0.00419606, marker error: RMS = 0.0148609, max = 0.0355297 (SACROL)
[2025-07-17 19:16:19.572] [info] Frame 542 (t = 2.71):	 total squared error = 0.00427195, marker error: RMS = 0.0149947, max = 0.035657 (SACROL)
[2025-07-17 19:16:19.675] [info] Frame 543 (t = 2.715):	 total squared error = 0.00434944, marker error: RMS = 0.01513, max = 0.0358186 (SACROL)
[2025-07-17 19:16:19.767] [info] Frame 544 (t = 2.72):	 total squared error = 0.00442633, marker error: RMS = 0.0152632, max = 0.0358771 (SACROL)
[2025-07-17 19:16:19.840] [info] Frame 545 (t = 2.725):	 total squared error = 0.00456865, marker error: RMS = 0.0155066, max = 0.0359881 (SACROL)
[2025-07-17 19:16:19.931] [info] Frame 546 (t = 2.73):	 total squared error = 0.00458257, marker error: RMS = 0.0155302, max = 0.0360771 (SACROL)
[2025-07-17 19:16:20.038] [info] Frame 547 (t = 2.735):	 total squared error = 0.00465950, marker error: RMS = 0.01566, max = 0.0361007 (SACROL)
[2025-07-17 19:16:20.122] [info] Frame 548 (t = 2.74):	 total squared error = 0.00473437, marker error: RMS = 0.0157854, max = 0.0361417 (SACROL)
[2025-07-17 19:16:20.227] [info] Frame 549 (t = 2.745):	 total squared error = 0.00480751, marker error: RMS = 0.0159068, max = 0.0362179 (SACROL)
[2025-07-17 19:16:20.300] [info] Frame 550 (t = 2.75):	 total squared error = 0.00494409, marker error: RMS = 0.0161312, max = 0.0364289 (SACROL)
[2025-07-17 19:16:20.379] [info] Frame 551 (t = 2.755):	 total squared error = 0.00494418, marker error: RMS = 0.0161313, max = 0.036182 (SACROL)
[2025-07-17 19:16:20.498] [info] Frame 552 (t = 2.76):	 total squared error = 0.00500990, marker error: RMS = 0.0162382, max = 0.0361998 (SACROL)
[2025-07-17 19:16:20.606] [info] Frame 553 (t = 2.765):	 total squared error = 0.00507199, marker error: RMS = 0.0163385, max = 0.0361472 (SACROL)
[2025-07-17 19:16:20.707] [info] Frame 554 (t = 2.77):	 total squared error = 0.00513331, marker error: RMS = 0.016437, max = 0.0361375 (SACROL)
[2025-07-17 19:16:20.797] [info] Frame 555 (t = 2.775):	 total squared error = 0.00519239, marker error: RMS = 0.0165313, max = 0.0361529 (SACROL)
[2025-07-17 19:16:20.893] [info] Frame 556 (t = 2.78):	 total squared error = 0.00525057, marker error: RMS = 0.0166237, max = 0.0361644 (SACROL)
[2025-07-17 19:16:20.996] [info] Frame 557 (t = 2.785):	 total squared error = 0.00530521, marker error: RMS = 0.0167099, max = 0.0360674 (SACROL)
[2025-07-17 19:16:21.075] [info] Frame 558 (t = 2.79):	 total squared error = 0.00543098, marker error: RMS = 0.0169068, max = 0.0362527 (SACROL)
[2025-07-17 19:16:21.184] [info] Frame 559 (t = 2.795):	 total squared error = 0.00541405, marker error: RMS = 0.0168805, max = 0.0360549 (SACROL)
[2025-07-17 19:16:21.273] [info] Frame 560 (t = 2.8):	 total squared error = 0.00553773, marker error: RMS = 0.0170722, max = 0.0362746 (SACROL)
[2025-07-17 19:16:21.423] [info] Frame 561 (t = 2.80500):	 total squared error = 0.00551835, marker error: RMS = 0.0170423, max = 0.0360007 (SACROL)
[2025-07-17 19:16:21.539] [info] Frame 562 (t = 2.81):	 total squared error = 0.00564268, marker error: RMS = 0.0172332, max = 0.0363292 (SACROL)
[2025-07-17 19:16:21.759] [info] Frame 563 (t = 2.815):	 total squared error = 0.00561894, marker error: RMS = 0.0171969, max = 0.0359672 (SACROL)
[2025-07-17 19:16:22.009] [info] Frame 564 (t = 2.82):	 total squared error = 0.00566656, marker error: RMS = 0.0172696, max = 0.0359228 (SACROL)
[2025-07-17 19:16:22.149] [info] Frame 565 (t = 2.825):	 total squared error = 0.00571562, marker error: RMS = 0.0173442, max = 0.0359174 (SACROL)
[2025-07-17 19:16:22.300] [info] Frame 566 (t = 2.83):	 total squared error = 0.00576341, marker error: RMS = 0.0174166, max = 0.0358633 (SACROL)
[2025-07-17 19:16:22.417] [info] Frame 567 (t = 2.835):	 total squared error = 0.00581066, marker error: RMS = 0.0174878, max = 0.0358115 (SACROL)
[2025-07-17 19:16:22.536] [info] Frame 568 (t = 2.84):	 total squared error = 0.00585877, marker error: RMS = 0.0175601, max = 0.0357506 (SACROL)
[2025-07-17 19:16:22.609] [info] Frame 569 (t = 2.845):	 total squared error = 0.00598681, marker error: RMS = 0.0177509, max = 0.0360797 (SACROL)
[2025-07-17 19:16:22.695] [info] Frame 570 (t = 2.85):	 total squared error = 0.00595690, marker error: RMS = 0.0177065, max = 0.0357744 (SACROL)
[2025-07-17 19:16:22.776] [info] Frame 571 (t = 2.855):	 total squared error = 0.00608259, marker error: RMS = 0.0178924, max = 0.0359988 (SACROL)
[2025-07-17 19:16:22.858] [info] Frame 572 (t = 2.86):	 total squared error = 0.00604693, marker error: RMS = 0.0178398, max = 0.0355718 (SACROL)
[2025-07-17 19:16:22.958] [info] Frame 573 (t = 2.865):	 total squared error = 0.00609248, marker error: RMS = 0.0179069, max = 0.0355058 (SACROL)
[2025-07-17 19:16:23.041] [info] Frame 574 (t = 2.87):	 total squared error = 0.00622168, marker error: RMS = 0.0180958, max = 0.0358152 (SACROL)
[2025-07-17 19:16:23.149] [info] Frame 575 (t = 2.875):	 total squared error = 0.00618191, marker error: RMS = 0.0180378, max = 0.0353778 (SACROL)
[2025-07-17 19:16:23.219] [info] Frame 576 (t = 2.88):	 total squared error = 0.00631115, marker error: RMS = 0.0182254, max = 0.0356726 (SACROL)
[2025-07-17 19:16:23.313] [info] Frame 577 (t = 2.885):	 total squared error = 0.00626788, marker error: RMS = 0.0181628, max = 0.035276 (SACROL)
[2025-07-17 19:16:23.383] [info] Frame 578 (t = 2.89):	 total squared error = 0.00639984, marker error: RMS = 0.018353, max = 0.0355708 (SACROL)
[2025-07-17 19:16:23.461] [info] Frame 579 (t = 2.895):	 total squared error = 0.00635544, marker error: RMS = 0.0182892, max = 0.0351633 (SACROL)
[2025-07-17 19:16:23.535] [info] Frame 580 (t = 2.9):	 total squared error = 0.00648327, marker error: RMS = 0.0184723, max = 0.0354289 (SACROL)
[2025-07-17 19:16:23.625] [info] Frame 581 (t = 2.90500):	 total squared error = 0.00643019, marker error: RMS = 0.0183965, max = 0.0349213 (SACROL)
[2025-07-17 19:16:23.696] [info] Frame 582 (t = 2.91):	 total squared error = 0.00656315, marker error: RMS = 0.0185857, max = 0.0352181 (SACROL)
[2025-07-17 19:16:23.800] [info] Frame 583 (t = 2.915):	 total squared error = 0.00650873, marker error: RMS = 0.0185085, max = 0.0346833 (SACROL)
[2025-07-17 19:16:23.898] [info] Frame 584 (t = 2.92):	 total squared error = 0.00664349, marker error: RMS = 0.0186991, max = 0.0349962 (SACROL)
[2025-07-17 19:16:24.008] [info] Frame 585 (t = 2.925):	 total squared error = 0.00658746, marker error: RMS = 0.0186201, max = 0.0345242 (SACROL)
[2025-07-17 19:16:24.130] [info] Frame 586 (t = 2.93):	 total squared error = 0.00662788, marker error: RMS = 0.0186771, max = 0.0343812 (SACROL)
[2025-07-17 19:16:24.258] [info] Frame 587 (t = 2.935):	 total squared error = 0.00666931, marker error: RMS = 0.0187354, max = 0.034315 (SACROL)
[2025-07-17 19:16:24.424] [info] Frame 588 (t = 2.94):	 total squared error = 0.00681273, marker error: RMS = 0.0189358, max = 0.0346461 (SACROL)
[2025-07-17 19:16:24.635] [info] Frame 589 (t = 2.945):	 total squared error = 0.00675332, marker error: RMS = 0.0188531, max = 0.0341576 (SACROL)
[2025-07-17 19:16:24.862] [info] Frame 590 (t = 2.95):	 total squared error = 0.00679722, marker error: RMS = 0.0189142, max = 0.0340694 (SACROL)
[2025-07-17 19:16:25.017] [info] Frame 591 (t = 2.955):	 total squared error = 0.00694227, marker error: RMS = 0.019115, max = 0.0344125 (SACROL)
[2025-07-17 19:16:25.178] [info] Frame 592 (t = 2.96):	 total squared error = 0.00688395, marker error: RMS = 0.0190345, max = 0.0339414 (SACROL)
[2025-07-17 19:16:25.326] [info] Frame 593 (t = 2.965):	 total squared error = 0.00692779, marker error: RMS = 0.0190950, max = 0.0337952 (SACROL)
[2025-07-17 19:16:25.454] [info] Frame 594 (t = 2.97):	 total squared error = 0.00697033, marker error: RMS = 0.0191536, max = 0.0338362 (SACROL)
[2025-07-17 19:16:25.653] [info] Frame 595 (t = 2.975):	 total squared error = 0.00701486, marker error: RMS = 0.0192147, max = 0.0336968 (SACROL)
[2025-07-17 19:16:25.976] [info] Frame 596 (t = 2.98):	 total squared error = 0.00705689, marker error: RMS = 0.0192721, max = 0.0336925 (SACROL)
[2025-07-17 19:16:26.215] [info] Frame 597 (t = 2.985):	 total squared error = 0.00709840, marker error: RMS = 0.0193287, max = 0.0337209 (SACROL)
[2025-07-17 19:16:26.330] [info] Frame 598 (t = 2.99):	 total squared error = 0.00725515, marker error: RMS = 0.019541, max = 0.0341764 (SACROL)
[2025-07-17 19:16:26.485] [info] Frame 599 (t = 2.995):	 total squared error = 0.00718005, marker error: RMS = 0.0194396, max = 0.0337382 (SACROL)
[2025-07-17 19:16:26.614] [info] Frame 600 (t = 3.0):	 total squared error = 0.00722030, marker error: RMS = 0.019494, max = 0.0336671 (SACROL)
[2025-07-17 19:16:26.717] [info] Frame 601 (t = 3.00500):	 total squared error = 0.00725985, marker error: RMS = 0.0195473, max = 0.0336902 (SACROL)
[2025-07-17 19:16:26.849] [info] Frame 602 (t = 3.01):	 total squared error = 0.00729811, marker error: RMS = 0.0195987, max = 0.0337336 (SACROL)
[2025-07-17 19:16:26.946] [info] Frame 603 (t = 3.015):	 total squared error = 0.00745422, marker error: RMS = 0.0198073, max = 0.0340831 (SACROL)
[2025-07-17 19:16:27.044] [info] Frame 604 (t = 3.02):	 total squared error = 0.00737497, marker error: RMS = 0.0197017, max = 0.0337619 (SACROL)
[2025-07-17 19:16:27.134] [info] Frame 605 (t = 3.025):	 total squared error = 0.00752997, marker error: RMS = 0.0199076, max = 0.0341914 (SACROL)
[2025-07-17 19:16:27.252] [info] Frame 606 (t = 3.03):	 total squared error = 0.00744312, marker error: RMS = 0.0197925, max = 0.0338126 (SACROL)
[2025-07-17 19:16:27.385] [info] Frame 607 (t = 3.035):	 total squared error = 0.00747700, marker error: RMS = 0.0198375, max = 0.0338149 (SACROL)
[2025-07-17 19:16:27.672] [info] Frame 608 (t = 3.04):	 total squared error = 0.00751014, marker error: RMS = 0.0198814, max = 0.0338594 (SACROL)
[2025-07-17 19:16:27.830] [info] Frame 609 (t = 3.045):	 total squared error = 0.00766545, marker error: RMS = 0.0200859, max = 0.0342489 (SACROL)
[2025-07-17 19:16:28.026] [info] Frame 610 (t = 3.05):	 total squared error = 0.00757443, marker error: RMS = 0.0199663, max = 0.0338092 (SACROL)
[2025-07-17 19:16:28.190] [info] Frame 611 (t = 3.055):	 total squared error = 0.00760449, marker error: RMS = 0.0200059, max = 0.0339142 (SACROL)
[2025-07-17 19:16:28.329] [info] Frame 612 (t = 3.06):	 total squared error = 0.00763440, marker error: RMS = 0.0200452, max = 0.033955 (SACROL)
[2025-07-17 19:16:28.450] [info] Frame 613 (t = 3.065):	 total squared error = 0.00766337, marker error: RMS = 0.0200832, max = 0.0339382 (SACROL)
[2025-07-17 19:16:28.565] [info] Frame 614 (t = 3.07):	 total squared error = 0.00769162, marker error: RMS = 0.0201202, max = 0.0338906 (SACROL)
[2025-07-17 19:16:28.663] [info] Frame 615 (t = 3.075):	 total squared error = 0.00771814, marker error: RMS = 0.0201548, max = 0.0339415 (SACROL)
[2025-07-17 19:16:28.762] [info] Frame 616 (t = 3.08):	 total squared error = 0.00774428, marker error: RMS = 0.0201890, max = 0.0339233 (SACROL)
[2025-07-17 19:16:28.857] [info] Frame 617 (t = 3.085):	 total squared error = 0.00776959, marker error: RMS = 0.0202219, max = 0.0339016 (SACROL)
[2025-07-17 19:16:28.958] [info] Frame 618 (t = 3.09):	 total squared error = 0.00779340, marker error: RMS = 0.0202529, max = 0.03389 (SACROL)
[2025-07-17 19:16:29.048] [info] Frame 619 (t = 3.095):	 total squared error = 0.00781727, marker error: RMS = 0.0202839, max = 0.0338666 (SACROL)
[2025-07-17 19:16:29.132] [info] Frame 620 (t = 3.1):	 total squared error = 0.00784081, marker error: RMS = 0.0203144, max = 0.033824 (SACROL)
[2025-07-17 19:16:29.213] [info] Frame 621 (t = 3.10500):	 total squared error = 0.00798890, marker error: RMS = 0.0205053, max = 0.0339864 (SACROL)
[2025-07-17 19:16:29.299] [info] Frame 622 (t = 3.11):	 total squared error = 0.00788843, marker error: RMS = 0.0203760, max = 0.0337866 (SACROL)
[2025-07-17 19:16:29.384] [info] Frame 623 (t = 3.115):	 total squared error = 0.00791371, marker error: RMS = 0.0204086, max = 0.0337185 (SACROL)
[2025-07-17 19:16:29.463] [info] Frame 624 (t = 3.12):	 total squared error = 0.00806762, marker error: RMS = 0.0206061, max = 0.0338687 (SACROL)
[2025-07-17 19:16:29.547] [info] Frame 625 (t = 3.125):	 total squared error = 0.00796722, marker error: RMS = 0.0204775, max = 0.0336394 (SACROL)
[2025-07-17 19:16:29.627] [info] Frame 626 (t = 3.13):	 total squared error = 0.00799709, marker error: RMS = 0.0205158, max = 0.0335795 (SACROL)
[2025-07-17 19:16:29.729] [info] Frame 627 (t = 3.135):	 total squared error = 0.00802847, marker error: RMS = 0.0205560, max = 0.0335495 (SACROL)
[2025-07-17 19:16:29.855] [info] Frame 628 (t = 3.14):	 total squared error = 0.00806132, marker error: RMS = 0.0205981, max = 0.0335126 (SACROL)
[2025-07-17 19:16:29.933] [info] Frame 629 (t = 3.145):	 total squared error = 0.00822446, marker error: RMS = 0.0208054, max = 0.0336334 (SACROL)
[2025-07-17 19:16:30.025] [info] Frame 630 (t = 3.15):	 total squared error = 0.00813330, marker error: RMS = 0.0206898, max = 0.0334583 (SACROL)
[2025-07-17 19:16:30.135] [info] Frame 631 (t = 3.155):	 total squared error = 0.00817211, marker error: RMS = 0.0207391, max = 0.0334147 (SACROL)
[2025-07-17 19:16:30.273] [info] Frame 632 (t = 3.16):	 total squared error = 0.00833845, marker error: RMS = 0.0209491, max = 0.0335692 (SACROL)
[2025-07-17 19:16:30.538] [info] Frame 633 (t = 3.165):	 total squared error = 0.00825325, marker error: RMS = 0.0208418, max = 0.0333866 (SACROL)
[2025-07-17 19:16:30.779] [info] Frame 634 (t = 3.17):	 total squared error = 0.00829728, marker error: RMS = 0.0208973, max = 0.0334115 (SACROL)
[2025-07-17 19:16:30.945] [info] Frame 635 (t = 3.175):	 total squared error = 0.00846917, marker error: RMS = 0.0211127, max = 0.0334908 (SACROL)
[2025-07-17 19:16:31.109] [info] Frame 636 (t = 3.18):	 total squared error = 0.00838717, marker error: RMS = 0.0210102, max = 0.0333482 (SACROL)
[2025-07-17 19:16:31.242] [info] Frame 637 (t = 3.185):	 total squared error = 0.00843476, marker error: RMS = 0.0210698, max = 0.0333485 (SACROL)
[2025-07-17 19:16:31.356] [info] Frame 638 (t = 3.19):	 total squared error = 0.00848363, marker error: RMS = 0.0211307, max = 0.0333662 (SACROL)
[2025-07-17 19:16:31.459] [info] Frame 639 (t = 3.195):	 total squared error = 0.00853531, marker error: RMS = 0.021195, max = 0.0333492 (SACROL)
[2025-07-17 19:16:31.551] [info] Frame 640 (t = 3.2):	 total squared error = 0.00871319, marker error: RMS = 0.0214147, max = 0.0334965 (SACROL)
[2025-07-17 19:16:31.668] [info] Frame 641 (t = 3.20500):	 total squared error = 0.00863826, marker error: RMS = 0.0213224, max = 0.0333947 (SACROL)
[2025-07-17 19:16:31.803] [info] Frame 642 (t = 3.21):	 total squared error = 0.00869327, marker error: RMS = 0.0213902, max = 0.0333874 (SACROL)
[2025-07-17 19:16:31.911] [info] Frame 643 (t = 3.215):	 total squared error = 0.00874824, marker error: RMS = 0.0214577, max = 0.0334451 (SACROL)
[2025-07-17 19:16:32.006] [info] Frame 644 (t = 3.22):	 total squared error = 0.00880674, marker error: RMS = 0.0215293, max = 0.0334894 (SACROL)
[2025-07-17 19:16:32.096] [info] Frame 645 (t = 3.225):	 total squared error = 0.00898829, marker error: RMS = 0.0217501, max = 0.0335743 (SACROL)
[2025-07-17 19:16:32.178] [info] Frame 646 (t = 3.23):	 total squared error = 0.00891708, marker error: RMS = 0.0216638, max = 0.0335118 (SACROL)
[2025-07-17 19:16:32.288] [info] Frame 647 (t = 3.235):	 total squared error = 0.00897590, marker error: RMS = 0.0217351, max = 0.0335675 (SACROL)
[2025-07-17 19:16:32.404] [info] Frame 648 (t = 3.24):	 total squared error = 0.00903297, marker error: RMS = 0.0218041, max = 0.0335912 (SACROL)
[2025-07-17 19:16:32.535] [info] Frame 649 (t = 3.245):	 total squared error = 0.00908964, marker error: RMS = 0.0218724, max = 0.0336053 (SACROL)
[2025-07-17 19:16:32.683] [info] Frame 650 (t = 3.25):	 total squared error = 0.00914734, marker error: RMS = 0.0219417, max = 0.0336183 (SACROL)
[2025-07-17 19:16:32.909] [info] Frame 651 (t = 3.255):	 total squared error = 0.00920621, marker error: RMS = 0.0220122, max = 0.0336395 (SACROL)
[2025-07-17 19:16:33.184] [info] Frame 652 (t = 3.26):	 total squared error = 0.00926602, marker error: RMS = 0.0220836, max = 0.0337205 (SACROL)
[2025-07-17 19:16:33.569] [info] Frame 653 (t = 3.265):	 total squared error = 0.00932567, marker error: RMS = 0.0221546, max = 0.0337472 (SACROL)
[2025-07-17 19:16:33.815] [info] Frame 654 (t = 3.27):	 total squared error = 0.00938717, marker error: RMS = 0.0222275, max = 0.0337859 (SACROL)
[2025-07-17 19:16:34.072] [info] Frame 655 (t = 3.275):	 total squared error = 0.00957723, marker error: RMS = 0.0224514, max = 0.0338227 (SACROL)
[2025-07-17 19:16:34.306] [info] Frame 656 (t = 3.28):	 total squared error = 0.00951179, marker error: RMS = 0.0223745, max = 0.0339304 (SACROL)
[2025-07-17 19:16:34.513] [info] Frame 657 (t = 3.285):	 total squared error = 0.00958064, marker error: RMS = 0.0224554, max = 0.0339478 (SACROL)
[2025-07-17 19:16:34.629] [info] Frame 658 (t = 3.29):	 total squared error = 0.00977839, marker error: RMS = 0.0226859, max = 0.0340232 (SACROL)
[2025-07-17 19:16:34.767] [info] Frame 659 (t = 3.295):	 total squared error = 0.00971570, marker error: RMS = 0.0226131, max = 0.0341848 (SACROL)
[2025-07-17 19:16:34.914] [info] Frame 660 (t = 3.3):	 total squared error = 0.00978931, marker error: RMS = 0.0226986, max = 0.034181 (SACROL)
[2025-07-17 19:16:35.014] [info] Frame 661 (t = 3.30500):	 total squared error = 0.00999250, marker error: RMS = 0.022933, max = 0.0341296 (SACROL)
[2025-07-17 19:16:35.121] [info] Frame 662 (t = 3.31):	 total squared error = 0.00993913, marker error: RMS = 0.0228716, max = 0.0343823 (SACROL)
[2025-07-17 19:16:35.216] [info] Frame 663 (t = 3.315):	 total squared error = 0.0101487, marker error: RMS = 0.0231115, max = 0.0343754 (SACROL)
[2025-07-17 19:16:35.332] [info] Frame 664 (t = 3.32):	 total squared error = 0.0100984, marker error: RMS = 0.0230542, max = 0.0345015 (SACROL)
[2025-07-17 19:16:35.453] [info] Frame 665 (t = 3.325):	 total squared error = 0.0103121, marker error: RMS = 0.0232968, max = 0.0345285 (SACROL)
[2025-07-17 19:16:35.586] [info] Frame 666 (t = 3.33):	 total squared error = 0.0102653, marker error: RMS = 0.0232438, max = 0.0346603 (SACROL)
[2025-07-17 19:16:35.710] [info] Frame 667 (t = 3.335):	 total squared error = 0.0103536, marker error: RMS = 0.0233436, max = 0.0347103 (SACROL)
[2025-07-17 19:16:35.823] [info] Frame 668 (t = 3.34):	 total squared error = 0.0105718, marker error: RMS = 0.0235884, max = 0.034745 (SACROL)
[2025-07-17 19:16:35.936] [info] Frame 669 (t = 3.345):	 total squared error = 0.0105283, marker error: RMS = 0.0235398, max = 0.034873 (SACROL)
[2025-07-17 19:16:36.047] [info] Frame 670 (t = 3.35):	 total squared error = 0.0107536, marker error: RMS = 0.0237903, max = 0.0348534 (SACROL)
[2025-07-17 19:16:36.212] [info] Frame 671 (t = 3.355):	 total squared error = 0.0107150, marker error: RMS = 0.0237476, max = 0.03499 (SACROL)
[2025-07-17 19:16:36.406] [info] Frame 672 (t = 3.36):	 total squared error = 0.0109421, marker error: RMS = 0.0239979, max = 0.0350045 (SACROL)
[2025-07-17 19:16:36.542] [info] Frame 673 (t = 3.365):	 total squared error = 0.0109075, marker error: RMS = 0.02396, max = 0.0351416 (SACROL)
[2025-07-17 19:16:36.668] [info] Frame 674 (t = 3.37):	 total squared error = 0.0110082, marker error: RMS = 0.0240703, max = 0.0351416 (SACROL)
[2025-07-17 19:16:36.780] [info] Frame 675 (t = 3.375):	 total squared error = 0.0111096, marker error: RMS = 0.0241809, max = 0.0351682 (SACROL)
[2025-07-17 19:16:36.889] [info] Frame 676 (t = 3.38):	 total squared error = 0.0113457, marker error: RMS = 0.0244365, max = 0.0351942 (SACROL)
[2025-07-17 19:16:36.995] [info] Frame 677 (t = 3.385):	 total squared error = 0.0113203, marker error: RMS = 0.0244091, max = 0.0353313 (SACROL)
[2025-07-17 19:16:37.109] [info] Frame 678 (t = 3.39):	 total squared error = 0.0114326, marker error: RMS = 0.0245299, max = 0.0353315 (SACROL)
[2025-07-17 19:16:37.207] [info] Frame 679 (t = 3.395):	 total squared error = 0.0116733, marker error: RMS = 0.0247868, max = 0.0353322 (SACROL)
[2025-07-17 19:16:37.323] [info] Frame 680 (t = 3.4):	 total squared error = 0.0116564, marker error: RMS = 0.0247689, max = 0.0355172 (SACROL)
[2025-07-17 19:16:37.424] [info] Frame 681 (t = 3.40500):	 total squared error = 0.0119047, marker error: RMS = 0.0250312, max = 0.0354658 (SACROL)
[2025-07-17 19:16:37.548] [info] Frame 682 (t = 3.41):	 total squared error = 0.0118923, marker error: RMS = 0.0250182, max = 0.0356536 (SACROL)
[2025-07-17 19:16:37.635] [info] Frame 683 (t = 3.415):	 total squared error = 0.0121429, marker error: RMS = 0.0252804, max = 0.0356545 (SACROL)
[2025-07-17 19:16:37.741] [info] Frame 684 (t = 3.42):	 total squared error = 0.0121316, marker error: RMS = 0.0252687, max = 0.0358207 (SACROL)
[2025-07-17 19:16:37.858] [info] Frame 685 (t = 3.425):	 total squared error = 0.0122536, marker error: RMS = 0.0253954, max = 0.0358657 (SACROL)
[2025-07-17 19:16:37.949] [info] Frame 686 (t = 3.43):	 total squared error = 0.0123739, marker error: RMS = 0.0255197, max = 0.0359648 (SACROL)
[2025-07-17 19:16:38.059] [info] Frame 687 (t = 3.435):	 total squared error = 0.012495, marker error: RMS = 0.0256443, max = 0.0359949 (SACROL)
[2025-07-17 19:16:38.168] [info] Frame 688 (t = 3.44):	 total squared error = 0.0127449, marker error: RMS = 0.0258995, max = 0.03591 (SACROL)
[2025-07-17 19:16:38.262] [info] Frame 689 (t = 3.445):	 total squared error = 0.0127313, marker error: RMS = 0.0258857, max = 0.0361638 (SACROL)
[2025-07-17 19:16:38.373] [info] Frame 690 (t = 3.45):	 total squared error = 0.0128473, marker error: RMS = 0.0260034, max = 0.0361514 (SACROL)
[2025-07-17 19:16:38.544] [info] Frame 691 (t = 3.455):	 total squared error = 0.0129614, marker error: RMS = 0.0261186, max = 0.0361643 (SACROL)
[2025-07-17 19:16:38.679] [info] Frame 692 (t = 3.46):	 total squared error = 0.0130742, marker error: RMS = 0.0262319, max = 0.0361984 (SACROL)
[2025-07-17 19:16:38.855] [info] Frame 693 (t = 3.465):	 total squared error = 0.0131836, marker error: RMS = 0.0263414, max = 0.0361698 (SACROL)
[2025-07-17 19:16:39.051] [info] Frame 694 (t = 3.47):	 total squared error = 0.0132924, marker error: RMS = 0.02645, max = 0.0361441 (SACROL)
[2025-07-17 19:16:39.205] [info] Frame 695 (t = 3.475):	 total squared error = 0.0133995, marker error: RMS = 0.0265563, max = 0.0361508 (SACROL)
[2025-07-17 19:16:39.365] [info] Frame 696 (t = 3.48):	 total squared error = 0.0135067, marker error: RMS = 0.0266623, max = 0.0361107 (SACROL)
[2025-07-17 19:16:39.493] [info] Frame 697 (t = 3.485):	 total squared error = 0.0136131, marker error: RMS = 0.0267671, max = 0.0360850 (SACROL)
[2025-07-17 19:16:39.611] [info] Frame 698 (t = 3.49):	 total squared error = 0.0137195, marker error: RMS = 0.0268716, max = 0.0360460 (SACROL)
[2025-07-17 19:16:39.730] [info] Frame 699 (t = 3.495):	 total squared error = 0.0138271, marker error: RMS = 0.0269767, max = 0.0360458 (SACROL)
[2025-07-17 19:16:39.885] [info] Frame 700 (t = 3.5):	 total squared error = 0.0139353, marker error: RMS = 0.0270820, max = 0.0359105 (SACROL)
[2025-07-17 19:16:39.978] [info] Frame 701 (t = 3.50500):	 total squared error = 0.0140439, marker error: RMS = 0.0271873, max = 0.0359050 (SACROL)
[2025-07-17 19:16:40.072] [info] Frame 702 (t = 3.51):	 total squared error = 0.014153, marker error: RMS = 0.0272928, max = 0.0358936 (SACROL)
[2025-07-17 19:16:40.174] [info] Frame 703 (t = 3.515):	 total squared error = 0.0142646, marker error: RMS = 0.0274002, max = 0.0357877 (SACROL)
[2025-07-17 19:16:40.268] [info] Frame 704 (t = 3.52):	 total squared error = 0.0143752, marker error: RMS = 0.0275062, max = 0.0357117 (SACROL)
[2025-07-17 19:16:40.359] [info] Frame 705 (t = 3.525):	 total squared error = 0.0144877, marker error: RMS = 0.0276136, max = 0.0357123 (SACROL)
[2025-07-17 19:16:40.471] [info] Frame 706 (t = 3.53):	 total squared error = 0.0146019, marker error: RMS = 0.0277223, max = 0.0356521 (SACROL)
[2025-07-17 19:16:40.565] [info] Frame 707 (t = 3.535):	 total squared error = 0.0147158, marker error: RMS = 0.0278302, max = 0.0357224 (SACROL)
[2025-07-17 19:16:40.712] [info] Frame 708 (t = 3.54):	 total squared error = 0.014832, marker error: RMS = 0.0279398, max = 0.0355472 (LTH2)
[2025-07-17 19:16:40.808] [info] Frame 709 (t = 3.545):	 total squared error = 0.0149471, marker error: RMS = 0.0280480, max = 0.0356342 (LTH2)
[2025-07-17 19:16:40.936] [info] Frame 710 (t = 3.55):	 total squared error = 0.0150646, marker error: RMS = 0.028158, max = 0.0358701 (LTH2)
[2025-07-17 19:16:41.063] [info] Frame 711 (t = 3.555):	 total squared error = 0.0151817, marker error: RMS = 0.0282672, max = 0.0360320 (LTH2)
[2025-07-17 19:16:41.181] [info] Frame 712 (t = 3.56):	 total squared error = 0.0152987, marker error: RMS = 0.028376, max = 0.0361528 (LTH2)
[2025-07-17 19:16:41.287] [info] Frame 713 (t = 3.565):	 total squared error = 0.0154169, marker error: RMS = 0.0284853, max = 0.0363482 (LTH2)
[2025-07-17 19:16:41.380] [info] Frame 714 (t = 3.57):	 total squared error = 0.0155346, marker error: RMS = 0.0285939, max = 0.0364897 (LTH2)
[2025-07-17 19:16:41.492] [info] Frame 715 (t = 3.575):	 total squared error = 0.0156516, marker error: RMS = 0.0287014, max = 0.0366516 (LTH2)
[2025-07-17 19:16:41.600] [info] Frame 716 (t = 3.58):	 total squared error = 0.0157695, marker error: RMS = 0.0288092, max = 0.0368127 (LTH2)
[2025-07-17 19:16:41.703] [info] Frame 717 (t = 3.585):	 total squared error = 0.0158876, marker error: RMS = 0.0289169, max = 0.0369532 (LTH2)
[2025-07-17 19:16:41.846] [info] Frame 718 (t = 3.59):	 total squared error = 0.0160055, marker error: RMS = 0.0290240, max = 0.0371703 (LTH2)
[2025-07-17 19:16:42.003] [info] Frame 719 (t = 3.595):	 total squared error = 0.0161226, marker error: RMS = 0.0291301, max = 0.0373339 (LTH2)
[2025-07-17 19:16:42.124] [info] Frame 720 (t = 3.6):	 total squared error = 0.0162389, marker error: RMS = 0.0292349, max = 0.0374973 (LTH2)
[2025-07-17 19:16:42.227] [info] Frame 721 (t = 3.60500):	 total squared error = 0.0163541, marker error: RMS = 0.0293384, max = 0.0376193 (LTH2)
[2025-07-17 19:16:42.366] [info] Frame 722 (t = 3.61):	 total squared error = 0.0164685, marker error: RMS = 0.0294408, max = 0.0378384 (LTH2)
[2025-07-17 19:16:42.490] [info] Frame 723 (t = 3.615):	 total squared error = 0.0165809, marker error: RMS = 0.0295411, max = 0.0380062 (LTH2)
[2025-07-17 19:16:42.584] [info] Frame 724 (t = 3.62):	 total squared error = 0.0166907, marker error: RMS = 0.0296388, max = 0.0381136 (LTH2)
[2025-07-17 19:16:42.676] [info] Frame 725 (t = 3.625):	 total squared error = 0.0167986, marker error: RMS = 0.0297344, max = 0.0382923 (LTH2)
[2025-07-17 19:16:42.775] [info] Frame 726 (t = 3.63):	 total squared error = 0.0169040, marker error: RMS = 0.0298275, max = 0.0384348 (LTH2)
[2025-07-17 19:16:42.938] [info] Frame 727 (t = 3.635):	 total squared error = 0.0170079, marker error: RMS = 0.0299191, max = 0.0385951 (LTH2)
[2025-07-17 19:16:43.114] [info] Frame 728 (t = 3.64):	 total squared error = 0.0171080, marker error: RMS = 0.0300070, max = 0.0387743 (LTH2)
[2025-07-17 19:16:43.252] [info] Frame 729 (t = 3.645):	 total squared error = 0.0172038, marker error: RMS = 0.0300909, max = 0.0389021 (LTH2)
[2025-07-17 19:16:43.382] [info] Frame 730 (t = 3.65):	 total squared error = 0.0172961, marker error: RMS = 0.0301715, max = 0.0389615 (LTH2)
[2025-07-17 19:16:43.522] [info] Frame 731 (t = 3.655):	 total squared error = 0.0173841, marker error: RMS = 0.0302482, max = 0.0391397 (LTH2)
[2025-07-17 19:16:43.662] [info] Frame 732 (t = 3.66):	 total squared error = 0.0174685, marker error: RMS = 0.0303215, max = 0.0392519 (LTH2)
[2025-07-17 19:16:43.774] [info] Frame 733 (t = 3.665):	 total squared error = 0.0175467, marker error: RMS = 0.0303893, max = 0.0393335 (LTH2)
[2025-07-17 19:16:43.905] [info] Frame 734 (t = 3.67):	 total squared error = 0.0176203, marker error: RMS = 0.0304529, max = 0.0394354 (LTH2)
[2025-07-17 19:16:44.007] [info] Frame 735 (t = 3.675):	 total squared error = 0.0176877, marker error: RMS = 0.0305111, max = 0.0395137 (LTH2)
[2025-07-17 19:16:44.132] [info] Frame 736 (t = 3.68):	 total squared error = 0.0177485, marker error: RMS = 0.0305636, max = 0.0396349 (LTH2)
[2025-07-17 19:16:44.267] [info] Frame 737 (t = 3.685):	 total squared error = 0.0178030, marker error: RMS = 0.0306104, max = 0.0397414 (LTH2)
[2025-07-17 19:16:44.393] [info] Frame 738 (t = 3.69):	 total squared error = 0.0178495, marker error: RMS = 0.0306504, max = 0.0398101 (LTH2)
[2025-07-17 19:16:44.501] [info] Frame 739 (t = 3.695):	 total squared error = 0.0178887, marker error: RMS = 0.0306840, max = 0.0398449 (LTH2)
[2025-07-17 19:16:44.640] [info] Frame 740 (t = 3.7):	 total squared error = 0.0179194, marker error: RMS = 0.0307104, max = 0.0399271 (LTH2)
[2025-07-17 19:16:44.755] [info] Frame 741 (t = 3.70500):	 total squared error = 0.0179417, marker error: RMS = 0.0307295, max = 0.0399159 (LTH2)
[2025-07-17 19:16:44.856] [info] Frame 742 (t = 3.71):	 total squared error = 0.0179561, marker error: RMS = 0.0307418, max = 0.0399692 (LTH2)
[2025-07-17 19:16:44.989] [info] Frame 743 (t = 3.715):	 total squared error = 0.0179628, marker error: RMS = 0.0307475, max = 0.0400254 (LTH2)
[2025-07-17 19:16:45.127] [info] Frame 744 (t = 3.72):	 total squared error = 0.0179606, marker error: RMS = 0.0307457, max = 0.0400148 (LTH2)
[2025-07-17 19:16:45.230] [info] Frame 745 (t = 3.725):	 total squared error = 0.0179507, marker error: RMS = 0.0307372, max = 0.0400589 (LTH2)
[2025-07-17 19:16:45.339] [info] Frame 746 (t = 3.73):	 total squared error = 0.0179333, marker error: RMS = 0.0307222, max = 0.0400885 (LTH2)
[2025-07-17 19:16:45.445] [info] Frame 747 (t = 3.735):	 total squared error = 0.0179071, marker error: RMS = 0.0306998, max = 0.0400406 (LTH2)
[2025-07-17 19:16:45.557] [info] Frame 748 (t = 3.74):	 total squared error = 0.0178735, marker error: RMS = 0.0306710, max = 0.0400125 (LTH2)
[2025-07-17 19:16:45.698] [info] Frame 749 (t = 3.745):	 total squared error = 0.0178325, marker error: RMS = 0.0306358, max = 0.0399998 (LTH2)
[2025-07-17 19:16:45.802] [info] Frame 750 (t = 3.75):	 total squared error = 0.0177841, marker error: RMS = 0.0305942, max = 0.0399638 (LTH2)
[2025-07-17 19:16:45.917] [info] Frame 751 (t = 3.755):	 total squared error = 0.0177276, marker error: RMS = 0.0305455, max = 0.0399141 (LTH2)
[2025-07-17 19:16:46.029] [info] Frame 752 (t = 3.76):	 total squared error = 0.0176645, marker error: RMS = 0.0304911, max = 0.039898 (LTH2)
[2025-07-17 19:16:46.131] [info] Frame 753 (t = 3.765):	 total squared error = 0.017591, marker error: RMS = 0.0304277, max = 0.0397903 (LTH2)
[2025-07-17 19:16:46.282] [info] Frame 754 (t = 3.77):	 total squared error = 0.0175106, marker error: RMS = 0.0303581, max = 0.0397166 (LTH2)
[2025-07-17 19:16:46.478] [info] Frame 755 (t = 3.775):	 total squared error = 0.0174218, marker error: RMS = 0.0302810, max = 0.039636 (LTH2)
[2025-07-17 19:16:46.988] [info] Frame 756 (t = 3.78):	 total squared error = 0.0173235, marker error: RMS = 0.0301954, max = 0.0395428 (LTH2)
[2025-07-17 19:16:47.596] [info] Frame 757 (t = 3.785):	 total squared error = 0.0172159, marker error: RMS = 0.0301015, max = 0.0394137 (LTH2)
[2025-07-17 19:16:48.174] [info] Frame 758 (t = 3.79):	 total squared error = 0.0170995, marker error: RMS = 0.0299996, max = 0.0393289 (LTH2)
[2025-07-17 19:16:48.867] [info] Frame 759 (t = 3.795):	 total squared error = 0.0169729, marker error: RMS = 0.0298883, max = 0.0392112 (LTH2)
[2025-07-17 19:16:49.315] [info] Frame 760 (t = 3.8):	 total squared error = 0.0168379, marker error: RMS = 0.0297692, max = 0.0391231 (LTH2)
[2025-07-17 19:16:49.918] [info] Frame 761 (t = 3.80500):	 total squared error = 0.0166935, marker error: RMS = 0.0296413, max = 0.0389473 (LTH2)
[2025-07-17 19:16:50.605] [info] Frame 762 (t = 3.81):	 total squared error = 0.0165394, marker error: RMS = 0.0295041, max = 0.0387665 (LTH2)
[2025-07-17 19:16:51.331] [info] Frame 763 (t = 3.815):	 total squared error = 0.0163781, marker error: RMS = 0.02936, max = 0.038692 (LTH2)
[2025-07-17 19:16:51.845] [info] Frame 764 (t = 3.82):	 total squared error = 0.0162077, marker error: RMS = 0.0292068, max = 0.0385307 (LTH2)
[2025-07-17 19:16:52.116] [info] Frame 765 (t = 3.825):	 total squared error = 0.0160298, marker error: RMS = 0.0290460, max = 0.0383532 (LTH2)
[2025-07-17 19:16:52.831] [info] Frame 766 (t = 3.83):	 total squared error = 0.0158454, marker error: RMS = 0.0288785, max = 0.0381979 (LTH2)
[2025-07-17 19:16:53.192] [info] Frame 767 (t = 3.835):	 total squared error = 0.0156549, marker error: RMS = 0.0287044, max = 0.0380171 (LTH2)
[2025-07-17 19:16:53.402] [info] Frame 768 (t = 3.84):	 total squared error = 0.0154588, marker error: RMS = 0.0285241, max = 0.0378921 (LTH2)
[2025-07-17 19:16:53.544] [info] Frame 769 (t = 3.845):	 total squared error = 0.0152578, marker error: RMS = 0.028338, max = 0.0377095 (LTH2)
[2025-07-17 19:16:53.708] [info] Frame 770 (t = 3.85):	 total squared error = 0.0150532, marker error: RMS = 0.0281473, max = 0.0375302 (LTH2)
[2025-07-17 19:16:53.825] [info] Frame 771 (t = 3.855):	 total squared error = 0.0148456, marker error: RMS = 0.0279526, max = 0.0373556 (LTH2)
[2025-07-17 19:16:53.954] [info] Frame 772 (t = 3.86):	 total squared error = 0.0146361, marker error: RMS = 0.0277546, max = 0.0371809 (LTH2)
[2025-07-17 19:16:54.065] [info] Frame 773 (t = 3.865):	 total squared error = 0.0144258, marker error: RMS = 0.0275545, max = 0.0369913 (LTH2)
[2025-07-17 19:16:54.194] [info] Frame 774 (t = 3.87):	 total squared error = 0.0142148, marker error: RMS = 0.0273523, max = 0.0367572 (LTH2)
[2025-07-17 19:16:54.315] [info] Frame 775 (t = 3.875):	 total squared error = 0.0140050, marker error: RMS = 0.0271496, max = 0.036581 (LTH2)
[2025-07-17 19:16:54.443] [info] Frame 776 (t = 3.88):	 total squared error = 0.0137968, marker error: RMS = 0.0269471, max = 0.0364124 (LTH2)
[2025-07-17 19:16:54.554] [info] Frame 777 (t = 3.885):	 total squared error = 0.0135906, marker error: RMS = 0.026745, max = 0.0361882 (LTH2)
[2025-07-17 19:16:54.682] [info] Frame 778 (t = 3.89):	 total squared error = 0.0133866, marker error: RMS = 0.0265435, max = 0.035985 (LTH2)
[2025-07-17 19:16:54.804] [info] Frame 779 (t = 3.895):	 total squared error = 0.0131837, marker error: RMS = 0.0263416, max = 0.0357287 (LTH2)
[2025-07-17 19:16:54.908] [info] Frame 780 (t = 3.9):	 total squared error = 0.0129849, marker error: RMS = 0.0261422, max = 0.0355245 (LTH2)
[2025-07-17 19:16:55.011] [info] Frame 781 (t = 3.90500):	 total squared error = 0.0127875, marker error: RMS = 0.0259428, max = 0.0352593 (LTH2)
[2025-07-17 19:16:55.124] [info] Frame 782 (t = 3.91):	 total squared error = 0.0127245, marker error: RMS = 0.0258787, max = 0.0352965 (LTH2)
[2025-07-17 19:16:55.237] [info] Frame 783 (t = 3.915):	 total squared error = 0.0124026, marker error: RMS = 0.0255494, max = 0.0348024 (LTH2)
[2025-07-17 19:16:55.344] [info] Frame 784 (t = 3.92):	 total squared error = 0.0123455, marker error: RMS = 0.0254905, max = 0.0348432 (LTH2)
[2025-07-17 19:16:55.441] [info] Frame 785 (t = 3.925):	 total squared error = 0.0120304, marker error: RMS = 0.025163, max = 0.0343718 (SACROL)
[2025-07-17 19:16:55.558] [info] Frame 786 (t = 3.93):	 total squared error = 0.011848, marker error: RMS = 0.0249716, max = 0.0343632 (SACROL)
[2025-07-17 19:16:55.653] [info] Frame 787 (t = 3.935):	 total squared error = 0.011798, marker error: RMS = 0.0249188, max = 0.0342015 (SACROL)
[2025-07-17 19:16:55.780] [info] Frame 788 (t = 3.94):	 total squared error = 0.0114919, marker error: RMS = 0.0245934, max = 0.0343648 (SACROL)
[2025-07-17 19:16:55.875] [info] Frame 789 (t = 3.945):	 total squared error = 0.0114483, marker error: RMS = 0.0245467, max = 0.0342402 (SACROL)
[2025-07-17 19:16:56.001] [info] Frame 790 (t = 3.95):	 total squared error = 0.0111504, marker error: RMS = 0.0242252, max = 0.034396 (SACROL)
[2025-07-17 19:16:56.154] [info] Frame 791 (t = 3.955):	 total squared error = 0.0109835, marker error: RMS = 0.0240432, max = 0.034449 (SACROL)
[2025-07-17 19:16:56.316] [info] Frame 792 (t = 3.96):	 total squared error = 0.0108214, marker error: RMS = 0.0238652, max = 0.0344134 (SACROL)
[2025-07-17 19:16:56.436] [info] Frame 793 (t = 3.965):	 total squared error = 0.0106627, marker error: RMS = 0.0236896, max = 0.034466 (SACROL)
[2025-07-17 19:16:56.552] [info] Frame 794 (t = 3.97):	 total squared error = 0.0105093, marker error: RMS = 0.0235186, max = 0.0344474 (SACROL)
[2025-07-17 19:16:56.643] [info] Frame 795 (t = 3.975):	 total squared error = 0.0104879, marker error: RMS = 0.0234946, max = 0.0343782 (SACROL)
[2025-07-17 19:16:56.735] [info] Frame 796 (t = 3.98):	 total squared error = 0.0102130, marker error: RMS = 0.0231846, max = 0.0344654 (SACROL)
[2025-07-17 19:16:56.832] [info] Frame 797 (t = 3.985):	 total squared error = 0.0101965, marker error: RMS = 0.0231659, max = 0.034546 (SACROL)
[2025-07-17 19:16:56.970] [info] Frame 798 (t = 3.99):	 total squared error = 0.00993211, marker error: RMS = 0.0228636, max = 0.0345422 (SACROL)
[2025-07-17 19:16:57.090] [info] Frame 799 (t = 3.995):	 total squared error = 0.00992410, marker error: RMS = 0.0228543, max = 0.0344901 (SACROL)
[2025-07-17 19:16:57.227] [info] Frame 800 (t = 4.0):	 total squared error = 0.00966581, marker error: RMS = 0.022555, max = 0.0345453 (SACROL)
[2025-07-17 19:16:57.360] [info] Frame 801 (t = 4.00500):	 total squared error = 0.00953535, marker error: RMS = 0.0224022, max = 0.0345931 (SACROL)
[2025-07-17 19:16:57.493] [info] Frame 802 (t = 4.01):	 total squared error = 0.00940923, marker error: RMS = 0.0222536, max = 0.0346406 (SACROL)
[2025-07-17 19:16:57.633] [info] Frame 803 (t = 4.015):	 total squared error = 0.00941148, marker error: RMS = 0.0222563, max = 0.034559 (SACROL)
[2025-07-17 19:16:57.744] [info] Frame 804 (t = 4.02):	 total squared error = 0.00916203, marker error: RMS = 0.0219593, max = 0.0346122 (SACROL)
[2025-07-17 19:16:57.889] [info] Frame 805 (t = 4.025):	 total squared error = 0.00904123, marker error: RMS = 0.0218141, max = 0.0346123 (SACROL)
[2025-07-17 19:16:58.012] [info] Frame 806 (t = 4.03):	 total squared error = 0.00892312, marker error: RMS = 0.0216711, max = 0.0345326 (SACROL)
[2025-07-17 19:16:58.124] [info] Frame 807 (t = 4.035):	 total squared error = 0.00880321, marker error: RMS = 0.021525, max = 0.0345713 (SACROL)
[2025-07-17 19:16:58.261] [info] Frame 808 (t = 4.04):	 total squared error = 0.00868597, marker error: RMS = 0.0213812, max = 0.0345507 (SACROL)
[2025-07-17 19:16:58.363] [info] Frame 809 (t = 4.045):	 total squared error = 0.00856960, marker error: RMS = 0.0212375, max = 0.0345252 (SACROL)
[2025-07-17 19:16:58.457] [info] Frame 810 (t = 4.05):	 total squared error = 0.00858109, marker error: RMS = 0.0212517, max = 0.0344768 (SACROL)
[2025-07-17 19:16:58.576] [info] Frame 811 (t = 4.055):	 total squared error = 0.00834182, marker error: RMS = 0.0209534, max = 0.0344508 (SACROL)
[2025-07-17 19:16:58.699] [info] Frame 812 (t = 4.06):	 total squared error = 0.00823007, marker error: RMS = 0.0208125, max = 0.0343971 (SACROL)
[2025-07-17 19:16:58.810] [info] Frame 813 (t = 4.065):	 total squared error = 0.00812097, marker error: RMS = 0.0206741, max = 0.0343131 (SACROL)
[2025-07-17 19:16:58.906] [info] Frame 814 (t = 4.07):	 total squared error = 0.00801268, marker error: RMS = 0.0205358, max = 0.0342702 (SACROL)
[2025-07-17 19:16:59.010] [info] Frame 815 (t = 4.075):	 total squared error = 0.00803275, marker error: RMS = 0.0205615, max = 0.0342254 (SACROL)
[2025-07-17 19:16:59.097] [info] Frame 816 (t = 4.08):	 total squared error = 0.00780286, marker error: RMS = 0.0202652, max = 0.0341506 (SACROL)
[2025-07-17 19:16:59.198] [info] Frame 817 (t = 4.085):	 total squared error = 0.00770250, marker error: RMS = 0.0201344, max = 0.0340567 (SACROL)
[2025-07-17 19:16:59.308] [info] Frame 818 (t = 4.09):	 total squared error = 0.00772946, marker error: RMS = 0.0201696, max = 0.0339833 (SACROL)
[2025-07-17 19:16:59.400] [info] Frame 819 (t = 4.095):	 total squared error = 0.00750690, marker error: RMS = 0.0198771, max = 0.033899 (SACROL)
[2025-07-17 19:16:59.520] [info] Frame 820 (t = 4.1):	 total squared error = 0.00741501, marker error: RMS = 0.0197551, max = 0.0338232 (SACROL)
[2025-07-17 19:16:59.620] [info] Frame 821 (t = 4.10500):	 total squared error = 0.00732359, marker error: RMS = 0.0196329, max = 0.0337224 (SACROL)
[2025-07-17 19:16:59.730] [info] Frame 822 (t = 4.11):	 total squared error = 0.00723697, marker error: RMS = 0.0195165, max = 0.033632 (SACROL)
[2025-07-17 19:16:59.859] [info] Frame 823 (t = 4.115):	 total squared error = 0.00715205, marker error: RMS = 0.0194016, max = 0.0335642 (SACROL)
[2025-07-17 19:16:59.983] [info] Frame 824 (t = 4.12):	 total squared error = 0.00719568, marker error: RMS = 0.0194607, max = 0.0335286 (SACROL)
[2025-07-17 19:17:00.104] [info] Frame 825 (t = 4.125):	 total squared error = 0.00699167, marker error: RMS = 0.0191829, max = 0.0333487 (SACROL)
[2025-07-17 19:17:00.224] [info] Frame 826 (t = 4.13):	 total squared error = 0.00691436, marker error: RMS = 0.0190765, max = 0.0332655 (SACROL)
[2025-07-17 19:17:00.326] [info] Frame 827 (t = 4.135):	 total squared error = 0.00696182, marker error: RMS = 0.0191419, max = 0.0333283 (SACROL)
[2025-07-17 19:17:00.454] [info] Frame 828 (t = 4.14):	 total squared error = 0.00676466, marker error: RMS = 0.0188689, max = 0.0330872 (SACROL)
[2025-07-17 19:17:00.579] [info] Frame 829 (t = 4.145):	 total squared error = 0.00669202, marker error: RMS = 0.0187673, max = 0.0329897 (SACROL)
[2025-07-17 19:17:00.676] [info] Frame 830 (t = 4.15):	 total squared error = 0.00661902, marker error: RMS = 0.0186647, max = 0.0329318 (SACROL)
[2025-07-17 19:17:00.842] [info] Frame 831 (t = 4.155):	 total squared error = 0.00654847, marker error: RMS = 0.0185649, max = 0.0328081 (SACROL)
[2025-07-17 19:17:00.977] [info] Frame 832 (t = 4.16):	 total squared error = 0.00647787, marker error: RMS = 0.0184646, max = 0.0327126 (SACROL)
[2025-07-17 19:17:01.108] [info] Frame 833 (t = 4.165):	 total squared error = 0.00653058, marker error: RMS = 0.0185395, max = 0.0327445 (SACROL)
[2025-07-17 19:17:01.234] [info] Frame 834 (t = 4.17):	 total squared error = 0.00633878, marker error: RMS = 0.0182653, max = 0.0325054 (SACROL)
[2025-07-17 19:17:01.386] [info] Frame 835 (t = 4.175):	 total squared error = 0.00639065, marker error: RMS = 0.0183399, max = 0.0325384 (SACROL)
[2025-07-17 19:17:01.512] [info] Frame 836 (t = 4.18):	 total squared error = 0.00620051, marker error: RMS = 0.0180650, max = 0.032221 (SACROL)
[2025-07-17 19:17:01.648] [info] Frame 837 (t = 4.185):	 total squared error = 0.00613083, marker error: RMS = 0.0179632, max = 0.0321367 (SACROL)
