[2025-07-17 22:50:43.684] [info] Loaded model Athlete_03_scaled_updated_masses from file c:\Git\1_current_projects\powerlifing_model\models\Athlete_03_linearly_scaled_scaledMasses_increased_3.00.osim
[2025-07-17 22:50:45.119] [cout] [info] 
               MODEL: Athlete_03_scaled_updated_masses
         coordinates: 26
              forces: 80
           actuators: 80
             muscles: 80
            analyses: 0
              probes: 0
              bodies: 14
              joints: 14
         constraints: 2
             markers: 33
         controllers: 0
  contact geometries: 0
misc modelcomponents: 0
[2025-07-17 22:50:45.119] [info] Running tool .
[2025-07-17 22:50:45.316] [error] InverseKinematicsSolver: Marker data does not correspond to any model markers.
[2025-07-17 22:50:45.325] [error] InverseKinematicsTool Failed: InverseKinematicsSolver: Marker data does not correspond to any model markers.
[2025-07-17 22:52:13.244] [info] Loaded model Athlete_03_scaled_updated_masses from file c:\Git\1_current_projects\powerlifing_model\models\Athlete_03_linearly_scaled_scaledMasses_increased_3.00.osim
[2025-07-17 22:52:15.027] [cout] [info] 
               MODEL: Athlete_03_scaled_updated_masses
         coordinates: 26
              forces: 80
           actuators: 80
             muscles: 80
            analyses: 0
              probes: 0
              bodies: 14
              joints: 14
         constraints: 2
             markers: 33
         controllers: 0
  contact geometries: 0
misc modelcomponents: 0
[2025-07-17 22:52:15.027] [info] Running tool .
[2025-07-17 22:52:16.081] [info] Frame 783 (t = 3.915):	 total squared error = 0.000921545, marker error: RMS = 0.00696436, max = 0.0126661 (LTOE)
[2025-07-17 22:52:16.265] [info] Frame 784 (t = 3.92):	 total squared error = 0.000947536, marker error: RMS = 0.00706189, max = 0.0128253 (SACROL)
[2025-07-17 22:52:16.412] [info] Frame 785 (t = 3.925):	 total squared error = 0.000973254, marker error: RMS = 0.00715709, max = 0.013312 (SACROL)
[2025-07-17 22:52:16.622] [info] Frame 786 (t = 3.93):	 total squared error = 0.000999946, marker error: RMS = 0.00725457, max = 0.0139131 (SACROL)
[2025-07-17 22:52:16.756] [info] Frame 787 (t = 3.935):	 total squared error = 0.00102950, marker error: RMS = 0.00736100, max = 0.0145097 (SACROL)
[2025-07-17 22:52:16.909] [info] Frame 788 (t = 3.94):	 total squared error = 0.00105262, marker error: RMS = 0.00744318, max = 0.0149655 (SACROL)
[2025-07-17 22:52:17.061] [info] Frame 789 (t = 3.945):	 total squared error = 0.00107837, marker error: RMS = 0.00753369, max = 0.0155015 (SACROL)
[2025-07-17 22:52:17.181] [info] Frame 790 (t = 3.95):	 total squared error = 0.00110585, marker error: RMS = 0.00762907, max = 0.0160107 (SACROL)
[2025-07-17 22:52:17.291] [info] Frame 791 (t = 3.955):	 total squared error = 0.00113265, marker error: RMS = 0.00772095, max = 0.016437 (SACROL)
[2025-07-17 22:52:17.420] [info] Frame 792 (t = 3.96):	 total squared error = 0.00115775, marker error: RMS = 0.00780603, max = 0.0168824 (SACROL)
[2025-07-17 22:52:17.494] [info] Frame 793 (t = 3.965):	 total squared error = 0.00119984, marker error: RMS = 0.00794667, max = 0.0174588 (SACROL)
[2025-07-17 22:52:17.573] [info] Frame 794 (t = 3.97):	 total squared error = 0.00122327, marker error: RMS = 0.00802389, max = 0.0180499 (SACROL)
[2025-07-17 22:52:17.692] [info] Frame 795 (t = 3.975):	 total squared error = 0.00124347, marker error: RMS = 0.00808984, max = 0.0183733 (SACROL)
[2025-07-17 22:52:17.822] [info] Frame 796 (t = 3.98):	 total squared error = 0.00127449, marker error: RMS = 0.00819015, max = 0.0189384 (SACROL)
[2025-07-17 22:52:17.892] [info] Frame 797 (t = 3.985):	 total squared error = 0.00132432, marker error: RMS = 0.00834870, max = 0.0195644 (SACROL)
[2025-07-17 22:52:17.991] [info] Frame 798 (t = 3.99):	 total squared error = 0.00134320, marker error: RMS = 0.00840800, max = 0.0199875 (SACROL)
[2025-07-17 22:52:18.061] [info] Frame 799 (t = 3.995):	 total squared error = 0.00138392, marker error: RMS = 0.00853452, max = 0.0207898 (SACROL)
[2025-07-17 22:52:18.159] [info] Frame 800 (t = 4.0):	 total squared error = 0.00141516, marker error: RMS = 0.00863031, max = 0.0211692 (SACROL)
[2025-07-17 22:52:18.230] [info] Frame 801 (t = 4.00500):	 total squared error = 0.00147794, marker error: RMS = 0.00881966, max = 0.021849 (SACROL)
[2025-07-17 22:52:18.311] [info] Frame 802 (t = 4.01):	 total squared error = 0.00150820, marker error: RMS = 0.00890948, max = 0.0226467 (SACROL)
[2025-07-17 22:52:18.401] [info] Frame 803 (t = 4.015):	 total squared error = 0.00155058, marker error: RMS = 0.00903381, max = 0.0230970 (SACROL)
[2025-07-17 22:52:18.581] [info] Frame 804 (t = 4.02):	 total squared error = 0.00158804, marker error: RMS = 0.00914226, max = 0.0235254 (SACROL)
[2025-07-17 22:52:18.729] [info] Frame 805 (t = 4.025):	 total squared error = 0.00163608, marker error: RMS = 0.00927952, max = 0.0240668 (SACROL)
[2025-07-17 22:52:18.811] [info] Frame 806 (t = 4.03):	 total squared error = 0.00172097, marker error: RMS = 0.00951720, max = 0.0248749 (SACROL)
[2025-07-17 22:52:18.905] [info] Frame 807 (t = 4.035):	 total squared error = 0.00173757, marker error: RMS = 0.00956300, max = 0.0252232 (SACROL)
[2025-07-17 22:52:18.996] [info] Frame 808 (t = 4.04):	 total squared error = 0.00182347, marker error: RMS = 0.00979653, max = 0.0258539 (SACROL)
[2025-07-17 22:52:19.078] [info] Frame 809 (t = 4.045):	 total squared error = 0.00184486, marker error: RMS = 0.00985383, max = 0.0261782 (SACROL)
[2025-07-17 22:52:19.146] [info] Frame 810 (t = 4.05):	 total squared error = 0.00190270, marker error: RMS = 0.0100071, max = 0.0270688 (SACROL)
[2025-07-17 22:52:19.230] [info] Frame 811 (t = 4.055):	 total squared error = 0.00195251, marker error: RMS = 0.0101372, max = 0.0270515 (SACROL)
[2025-07-17 22:52:19.327] [info] Frame 812 (t = 4.06):	 total squared error = 0.00200893, marker error: RMS = 0.0102827, max = 0.0276418 (SACROL)
[2025-07-17 22:52:19.383] [info] Frame 813 (t = 4.065):	 total squared error = 0.00211270, marker error: RMS = 0.0105449, max = 0.0285289 (SACROL)
[2025-07-17 22:52:19.474] [info] Frame 814 (t = 4.07):	 total squared error = 0.00211962, marker error: RMS = 0.0105621, max = 0.028211 (SACROL)
[2025-07-17 22:52:19.563] [info] Frame 815 (t = 4.075):	 total squared error = 0.00218031, marker error: RMS = 0.0107123, max = 0.0288576 (SACROL)
[2025-07-17 22:52:19.661] [info] Frame 816 (t = 4.08):	 total squared error = 0.00224026, marker error: RMS = 0.0108586, max = 0.0292249 (SACROL)
[2025-07-17 22:52:19.755] [info] Frame 817 (t = 4.085):	 total squared error = 0.00229869, marker error: RMS = 0.0109993, max = 0.0293162 (SACROL)
[2025-07-17 22:52:19.862] [info] Frame 818 (t = 4.09):	 total squared error = 0.00236080, marker error: RMS = 0.0111469, max = 0.0296233 (SACROL)
[2025-07-17 22:52:19.939] [info] Frame 819 (t = 4.095):	 total squared error = 0.00242683, marker error: RMS = 0.0113017, max = 0.0301001 (SACROL)
[2025-07-17 22:52:20.010] [info] Frame 820 (t = 4.1):	 total squared error = 0.00249459, marker error: RMS = 0.0114584, max = 0.0303414 (SACROL)
[2025-07-17 22:52:20.092] [info] Frame 821 (t = 4.10500):	 total squared error = 0.00261798, marker error: RMS = 0.0117383, max = 0.0308024 (SACROL)
[2025-07-17 22:52:20.179] [info] Frame 822 (t = 4.11):	 total squared error = 0.00263757, marker error: RMS = 0.0117822, max = 0.0309154 (SACROL)
[2025-07-17 22:52:20.254] [info] Frame 823 (t = 4.115):	 total squared error = 0.00277143, marker error: RMS = 0.0120774, max = 0.0314263 (SACROL)
[2025-07-17 22:52:20.317] [info] Frame 824 (t = 4.12):	 total squared error = 0.00279533, marker error: RMS = 0.0121294, max = 0.0315208 (SACROL)
[2025-07-17 22:52:20.400] [info] Frame 825 (t = 4.125):	 total squared error = 0.00287841, marker error: RMS = 0.0123083, max = 0.031839 (SACROL)
[2025-07-17 22:52:20.492] [info] Frame 826 (t = 4.13):	 total squared error = 0.00296494, marker error: RMS = 0.012492, max = 0.0322868 (SACROL)
[2025-07-17 22:52:20.569] [info] Frame 827 (t = 4.135):	 total squared error = 0.00311041, marker error: RMS = 0.0127948, max = 0.0327816 (SACROL)
[2025-07-17 22:52:20.655] [info] Frame 828 (t = 4.14):	 total squared error = 0.00314166, marker error: RMS = 0.0128589, max = 0.0328168 (SACROL)
[2025-07-17 22:52:20.728] [info] Frame 829 (t = 4.145):	 total squared error = 0.00329159, marker error: RMS = 0.0131621, max = 0.0333629 (SACROL)
[2025-07-17 22:52:20.807] [info] Frame 830 (t = 4.15):	 total squared error = 0.00332103, marker error: RMS = 0.0132209, max = 0.0333743 (SACROL)
[2025-07-17 22:52:20.888] [info] Frame 831 (t = 4.155):	 total squared error = 0.00341088, marker error: RMS = 0.0133985, max = 0.0337571 (SACROL)
[2025-07-17 22:52:20.954] [info] Frame 832 (t = 4.16):	 total squared error = 0.00355841, marker error: RMS = 0.0136852, max = 0.0341561 (SACROL)
[2025-07-17 22:52:21.036] [info] Frame 833 (t = 4.165):	 total squared error = 0.00358477, marker error: RMS = 0.0137358, max = 0.0341928 (SACROL)
[2025-07-17 22:52:21.100] [info] Frame 834 (t = 4.17):	 total squared error = 0.00373094, marker error: RMS = 0.0140130, max = 0.0346050 (SACROL)
[2025-07-17 22:52:21.181] [info] Frame 835 (t = 4.175):	 total squared error = 0.00375215, marker error: RMS = 0.0140528, max = 0.0347345 (SACROL)
[2025-07-17 22:52:21.256] [info] Frame 836 (t = 4.18):	 total squared error = 0.00389321, marker error: RMS = 0.0143145, max = 0.0349772 (SACROL)
[2025-07-17 22:52:21.351] [info] Frame 837 (t = 4.185):	 total squared error = 0.00390914, marker error: RMS = 0.0143438, max = 0.0350447 (SACROL)
[2025-07-17 22:52:21.440] [info] Frame 838 (t = 4.19):	 total squared error = 0.00398444, marker error: RMS = 0.0144813, max = 0.0352236 (SACROL)
[2025-07-17 22:52:21.543] [info] Frame 839 (t = 4.195):	 total squared error = 0.00405779, marker error: RMS = 0.014614, max = 0.0354061 (SACROL)
[2025-07-17 22:52:21.622] [info] Frame 840 (t = 4.2):	 total squared error = 0.00419107, marker error: RMS = 0.014852, max = 0.0356559 (SACROL)
[2025-07-17 22:52:21.712] [info] Frame 841 (t = 4.20500):	 total squared error = 0.00419708, marker error: RMS = 0.0148627, max = 0.0356134 (SACROL)
[2025-07-17 22:52:21.822] [info] Frame 842 (t = 4.21):	 total squared error = 0.00426386, marker error: RMS = 0.0149804, max = 0.0357061 (SACROL)
[2025-07-17 22:52:21.912] [info] Frame 843 (t = 4.215):	 total squared error = 0.00433006, marker error: RMS = 0.0150963, max = 0.0358195 (SACROL)
[2025-07-17 22:52:22.002] [info] Frame 844 (t = 4.22):	 total squared error = 0.00439410, marker error: RMS = 0.0152075, max = 0.035911 (SACROL)
[2025-07-17 22:52:22.112] [info] Frame 845 (t = 4.225):	 total squared error = 0.00445772, marker error: RMS = 0.0153172, max = 0.0359933 (SACROL)
[2025-07-17 22:52:22.186] [info] Frame 846 (t = 4.23):	 total squared error = 0.00452115, marker error: RMS = 0.0154258, max = 0.0361273 (SACROL)
[2025-07-17 22:52:22.275] [info] Frame 847 (t = 4.235):	 total squared error = 0.00464690, marker error: RMS = 0.0156388, max = 0.0362573 (SACROL)
[2025-07-17 22:52:22.352] [info] Frame 848 (t = 4.24):	 total squared error = 0.00464423, marker error: RMS = 0.0156344, max = 0.0361473 (SACROL)
[2025-07-17 22:52:22.455] [info] Frame 849 (t = 4.245):	 total squared error = 0.00470577, marker error: RMS = 0.0157376, max = 0.0361976 (SACROL)
[2025-07-17 22:52:22.526] [info] Frame 850 (t = 4.25):	 total squared error = 0.00483195, marker error: RMS = 0.0159472, max = 0.0364378 (SACROL)
[2025-07-17 22:52:22.615] [info] Frame 851 (t = 4.255):	 total squared error = 0.00482743, marker error: RMS = 0.0159397, max = 0.0362267 (SACROL)
[2025-07-17 22:52:22.689] [info] Frame 852 (t = 4.26):	 total squared error = 0.00488806, marker error: RMS = 0.0160395, max = 0.0362867 (SACROL)
[2025-07-17 22:52:22.752] [info] Frame 853 (t = 4.265):	 total squared error = 0.00501451, marker error: RMS = 0.0162457, max = 0.0364205 (SACROL)
[2025-07-17 22:52:22.830] [info] Frame 854 (t = 4.27):	 total squared error = 0.00500745, marker error: RMS = 0.0162342, max = 0.0362777 (SACROL)
[2025-07-17 22:52:22.922] [info] Frame 855 (t = 4.275):	 total squared error = 0.00506744, marker error: RMS = 0.0163312, max = 0.0362886 (SACROL)
[2025-07-17 22:52:23.013] [info] Frame 856 (t = 4.28):	 total squared error = 0.00519361, marker error: RMS = 0.0165332, max = 0.0364042 (SACROL)
[2025-07-17 22:52:23.087] [info] Frame 857 (t = 4.285):	 total squared error = 0.00518792, marker error: RMS = 0.0165242, max = 0.0362117 (SACROL)
[2025-07-17 22:52:23.327] [info] Frame 858 (t = 4.29):	 total squared error = 0.00531321, marker error: RMS = 0.0167225, max = 0.0363676 (SACROL)
[2025-07-17 22:52:23.564] [info] Frame 859 (t = 4.295):	 total squared error = 0.00530487, marker error: RMS = 0.0167094, max = 0.0361246 (SACROL)
[2025-07-17 22:52:23.768] [info] Frame 860 (t = 4.3):	 total squared error = 0.00536406, marker error: RMS = 0.0168023, max = 0.0361644 (SACROL)
[2025-07-17 22:52:24.124] [info] Frame 861 (t = 4.30500):	 total squared error = 0.00549205, marker error: RMS = 0.0170016, max = 0.0361704 (SACROL)
[2025-07-17 22:52:24.415] [info] Frame 862 (t = 4.31):	 total squared error = 0.00548172, marker error: RMS = 0.0169856, max = 0.0360866 (SACROL)
[2025-07-17 22:52:24.870] [info] Frame 863 (t = 4.315):	 total squared error = 0.00554055, marker error: RMS = 0.0170765, max = 0.0360404 (SACROL)
[2025-07-17 22:52:25.117] [info] Frame 864 (t = 4.32):	 total squared error = 0.00566812, marker error: RMS = 0.017272, max = 0.0361934 (SACROL)
[2025-07-17 22:52:25.572] [info] Frame 865 (t = 4.325):	 total squared error = 0.00565583, marker error: RMS = 0.0172533, max = 0.0359458 (SACROL)
[2025-07-17 22:52:25.839] [info] Frame 866 (t = 4.33):	 total squared error = 0.00571266, marker error: RMS = 0.0173397, max = 0.0358908 (SACROL)
[2025-07-17 22:52:26.038] [info] Frame 867 (t = 4.335):	 total squared error = 0.00583856, marker error: RMS = 0.0175298, max = 0.0360185 (SACROL)
[2025-07-17 22:52:26.170] [info] Frame 868 (t = 4.34):	 total squared error = 0.00582233, marker error: RMS = 0.0175054, max = 0.0357678 (SACROL)
[2025-07-17 22:52:26.356] [info] Frame 869 (t = 4.345):	 total squared error = 0.00587415, marker error: RMS = 0.0175831, max = 0.0356998 (SACROL)
[2025-07-17 22:52:26.495] [info] Frame 870 (t = 4.35):	 total squared error = 0.00599849, marker error: RMS = 0.0177682, max = 0.0358371 (SACROL)
[2025-07-17 22:52:26.640] [info] Frame 871 (t = 4.355):	 total squared error = 0.00597576, marker error: RMS = 0.0177345, max = 0.0355487 (SACROL)
[2025-07-17 22:52:26.764] [info] Frame 872 (t = 4.36):	 total squared error = 0.00609837, marker error: RMS = 0.0179156, max = 0.0356895 (SACROL)
[2025-07-17 22:52:26.887] [info] Frame 873 (t = 4.365):	 total squared error = 0.00607116, marker error: RMS = 0.0178755, max = 0.0353648 (SACROL)
[2025-07-17 22:52:26.988] [info] Frame 874 (t = 4.37):	 total squared error = 0.00619332, marker error: RMS = 0.0180545, max = 0.0354276 (SACROL)
[2025-07-17 22:52:27.106] [info] Frame 875 (t = 4.375):	 total squared error = 0.00616284, marker error: RMS = 0.0180100, max = 0.0351743 (SACROL)
[2025-07-17 22:52:27.257] [info] Frame 876 (t = 4.38):	 total squared error = 0.00620794, marker error: RMS = 0.0180758, max = 0.0350872 (SACROL)
[2025-07-17 22:52:27.384] [info] Frame 877 (t = 4.385):	 total squared error = 0.00633156, marker error: RMS = 0.0182549, max = 0.0352736 (SACROL)
[2025-07-17 22:52:27.513] [info] Frame 878 (t = 4.39):	 total squared error = 0.00629875, marker error: RMS = 0.0182075, max = 0.0349845 (SACROL)
[2025-07-17 22:52:27.673] [info] Frame 879 (t = 4.395):	 total squared error = 0.00634467, marker error: RMS = 0.0182738, max = 0.0349010 (SACROL)
[2025-07-17 22:52:27.791] [info] Frame 880 (t = 4.4):	 total squared error = 0.00647250, marker error: RMS = 0.0184569, max = 0.0351354 (SACROL)
[2025-07-17 22:52:27.935] [info] Frame 881 (t = 4.40500):	 total squared error = 0.00644082, marker error: RMS = 0.0184117, max = 0.0347917 (SACROL)
[2025-07-17 22:52:28.080] [info] Frame 882 (t = 4.41):	 total squared error = 0.00649042, marker error: RMS = 0.0184825, max = 0.0347904 (SACROL)
[2025-07-17 22:52:28.245] [info] Frame 883 (t = 4.415):	 total squared error = 0.00654056, marker error: RMS = 0.0185537, max = 0.0346020 (SACROL)
[2025-07-17 22:52:28.446] [info] Frame 884 (t = 4.42):	 total squared error = 0.00667723, marker error: RMS = 0.0187465, max = 0.0349345 (SACROL)
[2025-07-17 22:52:28.612] [info] Frame 885 (t = 4.425):	 total squared error = 0.00664696, marker error: RMS = 0.0187040, max = 0.0346113 (SACROL)
[2025-07-17 22:52:28.754] [info] Frame 886 (t = 4.43):	 total squared error = 0.00670187, marker error: RMS = 0.0187811, max = 0.0345314 (SACROL)
[2025-07-17 22:52:28.925] [info] Frame 887 (t = 4.435):	 total squared error = 0.00675674, marker error: RMS = 0.0188578, max = 0.0345383 (SACROL)
[2025-07-17 22:52:29.063] [info] Frame 888 (t = 4.44):	 total squared error = 0.00690305, marker error: RMS = 0.0190609, max = 0.0348997 (SACROL)
[2025-07-17 22:52:29.163] [info] Frame 889 (t = 4.445):	 total squared error = 0.00687275, marker error: RMS = 0.0190190, max = 0.0344715 (SACROL)
[2025-07-17 22:52:29.330] [info] Frame 890 (t = 4.45):	 total squared error = 0.00692762, marker error: RMS = 0.0190948, max = 0.0344652 (SACROL)
[2025-07-17 22:52:29.509] [info] Frame 891 (t = 4.455):	 total squared error = 0.00707979, marker error: RMS = 0.0193034, max = 0.0347089 (SACROL)
[2025-07-17 22:52:29.688] [info] Frame 892 (t = 4.46):	 total squared error = 0.00704362, marker error: RMS = 0.019254, max = 0.0344466 (SACROL)
[2025-07-17 22:52:29.900] [info] Frame 893 (t = 4.465):	 total squared error = 0.00710239, marker error: RMS = 0.0193342, max = 0.0344474 (SACROL)
[2025-07-17 22:52:30.094] [info] Frame 894 (t = 4.47):	 total squared error = 0.00716047, marker error: RMS = 0.0194131, max = 0.0344147 (SACROL)
[2025-07-17 22:52:30.285] [info] Frame 895 (t = 4.475):	 total squared error = 0.00721857, marker error: RMS = 0.0194917, max = 0.0343927 (SACROL)
[2025-07-17 22:52:30.679] [info] Frame 896 (t = 4.48):	 total squared error = 0.00737813, marker error: RMS = 0.0197059, max = 0.0347338 (SACROL)
[2025-07-17 22:52:30.953] [info] Frame 897 (t = 4.485):	 total squared error = 0.00733206, marker error: RMS = 0.0196443, max = 0.0344227 (SACROL)
[2025-07-17 22:52:31.192] [info] Frame 898 (t = 4.49):	 total squared error = 0.00738559, marker error: RMS = 0.0197159, max = 0.0344001 (SACROL)
[2025-07-17 22:52:31.564] [info] Frame 899 (t = 4.495):	 total squared error = 0.00743899, marker error: RMS = 0.019787, max = 0.0342672 (SACROL)
[2025-07-17 22:52:32.105] [info] Frame 900 (t = 4.5):	 total squared error = 0.00749035, marker error: RMS = 0.0198552, max = 0.0343745 (SACROL)
[2025-07-17 22:52:32.554] [info] Frame 901 (t = 4.50500):	 total squared error = 0.00764909, marker error: RMS = 0.0200645, max = 0.0346771 (SACROL)
[2025-07-17 22:52:33.057] [info] Frame 902 (t = 4.51):	 total squared error = 0.00758621, marker error: RMS = 0.0199818, max = 0.0343777 (SACROL)
[2025-07-17 22:52:33.319] [info] Frame 903 (t = 4.515):	 total squared error = 0.00774486, marker error: RMS = 0.0201897, max = 0.0344549 (SACROL)
[2025-07-17 22:52:33.617] [info] Frame 904 (t = 4.52):	 total squared error = 0.00767415, marker error: RMS = 0.0200973, max = 0.0343545 (SACROL)
[2025-07-17 22:52:33.949] [info] Frame 905 (t = 4.525):	 total squared error = 0.00771393, marker error: RMS = 0.0201493, max = 0.0343472 (SACROL)
[2025-07-17 22:52:34.175] [info] Frame 906 (t = 4.53):	 total squared error = 0.00786802, marker error: RMS = 0.0203496, max = 0.0345569 (SACROL)
[2025-07-17 22:52:34.392] [info] Frame 907 (t = 4.535):	 total squared error = 0.00778987, marker error: RMS = 0.0202483, max = 0.0343088 (SACROL)
[2025-07-17 22:52:34.693] [info] Frame 908 (t = 4.54):	 total squared error = 0.00782527, marker error: RMS = 0.0202942, max = 0.0342922 (SACROL)
[2025-07-17 22:52:34.853] [info] Frame 909 (t = 4.545):	 total squared error = 0.00785962, marker error: RMS = 0.0203387, max = 0.0342742 (SACROL)
[2025-07-17 22:52:34.996] [info] Frame 910 (t = 4.55):	 total squared error = 0.00800928, marker error: RMS = 0.0205315, max = 0.0344879 (SACROL)
[2025-07-17 22:52:35.176] [info] Frame 911 (t = 4.555):	 total squared error = 0.00792587, marker error: RMS = 0.0204243, max = 0.0341996 (SACROL)
[2025-07-17 22:52:35.276] [info] Frame 912 (t = 4.56):	 total squared error = 0.00807857, marker error: RMS = 0.0206201, max = 0.0344991 (SACROL)
[2025-07-17 22:52:35.419] [info] Frame 913 (t = 4.565):	 total squared error = 0.00799185, marker error: RMS = 0.0205091, max = 0.0341592 (SACROL)
[2025-07-17 22:52:35.547] [info] Frame 914 (t = 4.57):	 total squared error = 0.00802634, marker error: RMS = 0.0205533, max = 0.0341407 (SACROL)
[2025-07-17 22:52:35.665] [info] Frame 915 (t = 4.575):	 total squared error = 0.00806075, marker error: RMS = 0.0205973, max = 0.0341079 (SACROL)
[2025-07-17 22:52:35.821] [info] Frame 916 (t = 4.58):	 total squared error = 0.00809548, marker error: RMS = 0.0206417, max = 0.0340999 (SACROL)
[2025-07-17 22:52:35.946] [info] Frame 917 (t = 4.585):	 total squared error = 0.00813172, marker error: RMS = 0.0206878, max = 0.0340862 (SACROL)
[2025-07-17 22:52:36.094] [info] Frame 918 (t = 4.59):	 total squared error = 0.00816791, marker error: RMS = 0.0207338, max = 0.0341466 (SACROL)
[2025-07-17 22:52:36.215] [info] Frame 919 (t = 4.595):	 total squared error = 0.00820557, marker error: RMS = 0.0207815, max = 0.0340315 (SACROL)
[2025-07-17 22:52:36.390] [info] Frame 920 (t = 4.6):	 total squared error = 0.00824171, marker error: RMS = 0.0208272, max = 0.0340476 (SACROL)
[2025-07-17 22:52:36.568] [info] Frame 921 (t = 4.60500):	 total squared error = 0.00827747, marker error: RMS = 0.0208724, max = 0.0340709 (SACROL)
[2025-07-17 22:52:36.778] [info] Frame 922 (t = 4.61):	 total squared error = 0.00831271, marker error: RMS = 0.0209168, max = 0.0339919 (SACROL)
[2025-07-17 22:52:37.109] [info] Frame 923 (t = 4.615):	 total squared error = 0.00846943, marker error: RMS = 0.021113, max = 0.0341567 (SACROL)
[2025-07-17 22:52:37.309] [info] Frame 924 (t = 4.62):	 total squared error = 0.00837980, marker error: RMS = 0.0210010, max = 0.0339985 (SACROL)
[2025-07-17 22:52:37.500] [info] Frame 925 (t = 4.625):	 total squared error = 0.00853364, marker error: RMS = 0.0211929, max = 0.0341077 (SACROL)
[2025-07-17 22:52:37.728] [info] Frame 926 (t = 4.63):	 total squared error = 0.00844033, marker error: RMS = 0.0210767, max = 0.03397 (SACROL)
[2025-07-17 22:52:37.961] [info] Frame 927 (t = 4.635):	 total squared error = 0.00846895, marker error: RMS = 0.0211124, max = 0.0339331 (SACROL)
[2025-07-17 22:52:38.138] [info] Frame 928 (t = 4.64):	 total squared error = 0.00849494, marker error: RMS = 0.0211448, max = 0.0339084 (SACROL)
[2025-07-17 22:52:38.305] [info] Frame 929 (t = 4.645):	 total squared error = 0.00864592, marker error: RMS = 0.0213319, max = 0.0340224 (SACROL)
[2025-07-17 22:52:38.496] [info] Frame 930 (t = 4.65):	 total squared error = 0.00854307, marker error: RMS = 0.0212046, max = 0.0338567 (SACROL)
[2025-07-17 22:52:38.630] [info] Frame 931 (t = 4.655):	 total squared error = 0.00869447, marker error: RMS = 0.0213917, max = 0.0338642 (SACROL)
[2025-07-17 22:52:38.848] [info] Frame 932 (t = 4.66):	 total squared error = 0.00858724, marker error: RMS = 0.0212593, max = 0.0337797 (SACROL)
[2025-07-17 22:52:39.038] [info] Frame 933 (t = 4.665):	 total squared error = 0.00873334, marker error: RMS = 0.0214394, max = 0.0338226 (SACROL)
[2025-07-17 22:52:39.189] [info] Frame 934 (t = 4.67):	 total squared error = 0.00862928, marker error: RMS = 0.0213113, max = 0.0337185 (SACROL)
[2025-07-17 22:52:39.387] [info] Frame 935 (t = 4.675):	 total squared error = 0.00865253, marker error: RMS = 0.02134, max = 0.0336833 (SACROL)
[2025-07-17 22:52:39.602] [info] Frame 936 (t = 4.68):	 total squared error = 0.00880090, marker error: RMS = 0.0215222, max = 0.0337559 (SACROL)
[2025-07-17 22:52:39.869] [info] Frame 937 (t = 4.685):	 total squared error = 0.00870073, marker error: RMS = 0.0213994, max = 0.0335942 (SACROL)
[2025-07-17 22:52:40.076] [info] Frame 938 (t = 4.69):	 total squared error = 0.00885323, marker error: RMS = 0.0215861, max = 0.0336209 (SACROL)
[2025-07-17 22:52:40.215] [info] Frame 939 (t = 4.695):	 total squared error = 0.00875736, marker error: RMS = 0.0214689, max = 0.0335631 (SACROL)
[2025-07-17 22:52:40.534] [info] Frame 940 (t = 4.7):	 total squared error = 0.00879110, marker error: RMS = 0.0215102, max = 0.0335427 (SACROL)
[2025-07-17 22:52:40.767] [info] Frame 941 (t = 4.70500):	 total squared error = 0.00882669, marker error: RMS = 0.0215537, max = 0.0335046 (SACROL)
[2025-07-17 22:52:41.030] [info] Frame 942 (t = 4.71):	 total squared error = 0.00886620, marker error: RMS = 0.0216019, max = 0.0334767 (SACROL)
[2025-07-17 22:52:41.244] [info] Frame 943 (t = 4.715):	 total squared error = 0.00890889, marker error: RMS = 0.0216538, max = 0.0334493 (SACROL)
[2025-07-17 22:52:41.458] [info] Frame 944 (t = 4.72):	 total squared error = 0.00895382, marker error: RMS = 0.0217084, max = 0.0334499 (SACROL)
[2025-07-17 22:52:41.668] [info] Frame 945 (t = 4.725):	 total squared error = 0.00912850, marker error: RMS = 0.0219191, max = 0.0334185 (SACROL)
[2025-07-17 22:52:41.853] [info] Frame 946 (t = 4.73):	 total squared error = 0.00905316, marker error: RMS = 0.0218285, max = 0.033342 (SACROL)
[2025-07-17 22:52:42.032] [info] Frame 947 (t = 4.735):	 total squared error = 0.00910858, marker error: RMS = 0.0218952, max = 0.0333065 (SACROL)
[2025-07-17 22:52:42.248] [info] Frame 948 (t = 4.74):	 total squared error = 0.00916607, marker error: RMS = 0.0219642, max = 0.033254 (SACROL)
[2025-07-17 22:52:42.550] [info] Frame 949 (t = 4.745):	 total squared error = 0.00922643, marker error: RMS = 0.0220364, max = 0.0332411 (SACROL)
[2025-07-17 22:52:42.774] [info] Frame 950 (t = 4.75):	 total squared error = 0.00941570, marker error: RMS = 0.0222613, max = 0.03324 (SACROL)
[2025-07-17 22:52:43.019] [info] Frame 951 (t = 4.755):	 total squared error = 0.00935490, marker error: RMS = 0.0221893, max = 0.0331609 (SACROL)
[2025-07-17 22:52:43.213] [info] Frame 952 (t = 4.76):	 total squared error = 0.00942390, marker error: RMS = 0.0222709, max = 0.0331333 (SACROL)
[2025-07-17 22:52:43.366] [info] Frame 953 (t = 4.765):	 total squared error = 0.00949649, marker error: RMS = 0.0223566, max = 0.0331122 (SACROL)
[2025-07-17 22:52:43.501] [info] Frame 954 (t = 4.77):	 total squared error = 0.00969812, marker error: RMS = 0.0225926, max = 0.0330649 (SACROL)
[2025-07-17 22:52:43.637] [info] Frame 955 (t = 4.775):	 total squared error = 0.00964856, marker error: RMS = 0.0225348, max = 0.0331571 (SACROL)
[2025-07-17 22:52:43.775] [info] Frame 956 (t = 4.78):	 total squared error = 0.00985657, marker error: RMS = 0.0227765, max = 0.0330687 (SACROL)
[2025-07-17 22:52:43.914] [info] Frame 957 (t = 4.785):	 total squared error = 0.00981132, marker error: RMS = 0.0227241, max = 0.0331192 (SACROL)
[2025-07-17 22:52:44.060] [info] Frame 958 (t = 4.79):	 total squared error = 0.00989586, marker error: RMS = 0.0228218, max = 0.0331136 (SACROL)
[2025-07-17 22:52:44.218] [info] Frame 959 (t = 4.795):	 total squared error = 0.00998369, marker error: RMS = 0.0229229, max = 0.0331378 (SACROL)
[2025-07-17 22:52:44.378] [info] Frame 960 (t = 4.8):	 total squared error = 0.0101974, marker error: RMS = 0.0231669, max = 0.0330880 (SACROL)
[2025-07-17 22:52:44.512] [info] Frame 961 (t = 4.80500):	 total squared error = 0.0101541, marker error: RMS = 0.0231177, max = 0.0332293 (SACROL)
[2025-07-17 22:52:44.684] [info] Frame 962 (t = 4.81):	 total squared error = 0.0102423, marker error: RMS = 0.0232179, max = 0.0332269 (SACROL)
[2025-07-17 22:52:44.834] [info] Frame 963 (t = 4.815):	 total squared error = 0.0104598, marker error: RMS = 0.0234631, max = 0.0331768 (SACROL)
[2025-07-17 22:52:45.092] [info] Frame 964 (t = 4.82):	 total squared error = 0.0104171, marker error: RMS = 0.0234151, max = 0.0332461 (SACROL)
[2025-07-17 22:52:45.370] [info] Frame 965 (t = 4.825):	 total squared error = 0.0105050, marker error: RMS = 0.0235137, max = 0.0332582 (SACROL)
[2025-07-17 22:52:45.560] [info] Frame 966 (t = 4.83):	 total squared error = 0.0105945, marker error: RMS = 0.0236136, max = 0.0333016 (SACROL)
[2025-07-17 22:52:45.726] [info] Frame 967 (t = 4.835):	 total squared error = 0.0108124, marker error: RMS = 0.0238553, max = 0.0332305 (SACROL)
[2025-07-17 22:52:45.902] [info] Frame 968 (t = 4.84):	 total squared error = 0.0107736, marker error: RMS = 0.0238124, max = 0.0333547 (SACROL)
[2025-07-17 22:52:46.112] [info] Frame 969 (t = 4.845):	 total squared error = 0.0108686, marker error: RMS = 0.0239172, max = 0.0333519 (SACROL)
[2025-07-17 22:52:46.291] [info] Frame 970 (t = 4.85):	 total squared error = 0.0109658, marker error: RMS = 0.0240239, max = 0.0334262 (SACROL)
[2025-07-17 22:52:46.428] [info] Frame 971 (t = 4.855):	 total squared error = 0.0110691, marker error: RMS = 0.0241368, max = 0.0334936 (SACROL)
[2025-07-17 22:52:46.597] [info] Frame 972 (t = 4.86):	 total squared error = 0.0111723, marker error: RMS = 0.0242491, max = 0.0334761 (SACROL)
[2025-07-17 22:52:46.736] [info] Frame 973 (t = 4.865):	 total squared error = 0.0112815, marker error: RMS = 0.0243673, max = 0.0335065 (SACROL)
[2025-07-17 22:52:46.877] [info] Frame 974 (t = 4.87):	 total squared error = 0.0113948, marker error: RMS = 0.0244893, max = 0.0334938 (SACROL)
[2025-07-17 22:52:47.009] [info] Frame 975 (t = 4.875):	 total squared error = 0.0115133, marker error: RMS = 0.0246163, max = 0.0335546 (SACROL)
[2025-07-17 22:52:47.115] [info] Frame 976 (t = 4.88):	 total squared error = 0.0117661, marker error: RMS = 0.0248851, max = 0.0334373 (SACROL)
[2025-07-17 22:52:47.265] [info] Frame 977 (t = 4.885):	 total squared error = 0.0117623, marker error: RMS = 0.0248811, max = 0.0335903 (SACROL)
[2025-07-17 22:52:47.421] [info] Frame 978 (t = 4.89):	 total squared error = 0.0118924, marker error: RMS = 0.0250183, max = 0.033616 (SACROL)
[2025-07-17 22:52:47.579] [info] Frame 979 (t = 4.895):	 total squared error = 0.0120272, marker error: RMS = 0.0251597, max = 0.033611 (SACROL)
[2025-07-17 22:52:47.696] [info] Frame 980 (t = 4.9):	 total squared error = 0.0122933, marker error: RMS = 0.0254365, max = 0.0336506 (RSHAOL)
[2025-07-17 22:52:47.884] [info] Frame 981 (t = 4.90500):	 total squared error = 0.0123043, marker error: RMS = 0.0254478, max = 0.0336704 (RSHAOL)
[2025-07-17 22:52:47.980] [info] Frame 982 (t = 4.91):	 total squared error = 0.012578, marker error: RMS = 0.0257293, max = 0.0339352 (RSHAOL)
[2025-07-17 22:52:48.102] [info] Frame 983 (t = 4.915):	 total squared error = 0.0125928, marker error: RMS = 0.0257445, max = 0.0339298 (RSHAOL)
[2025-07-17 22:52:48.210] [info] Frame 984 (t = 4.92):	 total squared error = 0.0128719, marker error: RMS = 0.0260282, max = 0.034188 (RSHAOL)
[2025-07-17 22:52:48.341] [info] Frame 985 (t = 4.925):	 total squared error = 0.012891, marker error: RMS = 0.0260475, max = 0.0342089 (RSHAOL)
[2025-07-17 22:52:48.446] [info] Frame 986 (t = 4.93):	 total squared error = 0.0131734, marker error: RMS = 0.0263313, max = 0.0344595 (RSHAOL)
[2025-07-17 22:52:48.540] [info] Frame 987 (t = 4.935):	 total squared error = 0.0131971, marker error: RMS = 0.026355, max = 0.0344446 (RSHAOL)
[2025-07-17 22:52:48.643] [info] Frame 988 (t = 4.94):	 total squared error = 0.0134799, marker error: RMS = 0.0266359, max = 0.0347199 (RSHAOL)
[2025-07-17 22:52:48.761] [info] Frame 989 (t = 4.945):	 total squared error = 0.0135048, marker error: RMS = 0.0266604, max = 0.0347233 (RSHAOL)
[2025-07-17 22:52:48.880] [info] Frame 990 (t = 4.95):	 total squared error = 0.0137905, marker error: RMS = 0.026941, max = 0.0349999 (RSHAOL)
[2025-07-17 22:52:48.982] [info] Frame 991 (t = 4.955):	 total squared error = 0.0138151, marker error: RMS = 0.026965, max = 0.0349654 (RSHAOL)
[2025-07-17 22:52:49.095] [info] Frame 992 (t = 4.96):	 total squared error = 0.01397, marker error: RMS = 0.0271157, max = 0.0350841 (RSHAOL)
[2025-07-17 22:52:49.230] [info] Frame 993 (t = 4.965):	 total squared error = 0.0141258, marker error: RMS = 0.0272665, max = 0.0352052 (RSHAOL)
[2025-07-17 22:52:49.377] [info] Frame 994 (t = 4.97):	 total squared error = 0.014281, marker error: RMS = 0.0274159, max = 0.035333 (RSHAOL)
[2025-07-17 22:52:49.505] [info] Frame 995 (t = 4.975):	 total squared error = 0.0144363, marker error: RMS = 0.0275646, max = 0.0354351 (RSHAOL)
[2025-07-17 22:52:49.615] [info] Frame 996 (t = 4.98):	 total squared error = 0.0145914, marker error: RMS = 0.0277123, max = 0.0355311 (RSHAOL)
[2025-07-17 22:52:49.728] [info] Frame 997 (t = 4.985):	 total squared error = 0.0147465, marker error: RMS = 0.0278591, max = 0.0356511 (RSHAOL)
[2025-07-17 22:52:49.843] [info] Frame 998 (t = 4.99):	 total squared error = 0.0149010, marker error: RMS = 0.0280047, max = 0.0357602 (RSHAOL)
[2025-07-17 22:52:49.962] [info] Frame 999 (t = 4.995):	 total squared error = 0.0150551, marker error: RMS = 0.0281491, max = 0.0358668 (RSHAOL)
[2025-07-17 22:52:50.065] [info] Frame 1000 (t = 5.0):	 total squared error = 0.0152089, marker error: RMS = 0.0282926, max = 0.0359702 (RSHAOL)
[2025-07-17 22:52:50.160] [info] Frame 1001 (t = 5.00500):	 total squared error = 0.0153625, marker error: RMS = 0.0284351, max = 0.0360871 (RSHAOL)
[2025-07-17 22:52:50.259] [info] Frame 1002 (t = 5.01):	 total squared error = 0.0155148, marker error: RMS = 0.0285757, max = 0.0361882 (RSHAOL)
[2025-07-17 22:52:50.351] [info] Frame 1003 (t = 5.015):	 total squared error = 0.0156667, marker error: RMS = 0.0287152, max = 0.0363022 (RSHAOL)
[2025-07-17 22:52:50.451] [info] Frame 1004 (t = 5.02):	 total squared error = 0.0158175, marker error: RMS = 0.0288531, max = 0.0364115 (RSHAOL)
[2025-07-17 22:52:50.544] [info] Frame 1005 (t = 5.025):	 total squared error = 0.0159669, marker error: RMS = 0.028989, max = 0.0365179 (RSHAOL)
[2025-07-17 22:52:50.671] [info] Frame 1006 (t = 5.03):	 total squared error = 0.0161147, marker error: RMS = 0.0291229, max = 0.0366263 (RSHAOL)
[2025-07-17 22:52:50.781] [info] Frame 1007 (t = 5.035):	 total squared error = 0.0162601, marker error: RMS = 0.0292539, max = 0.0367214 (RSHAOL)
[2025-07-17 22:52:50.902] [info] Frame 1008 (t = 5.04):	 total squared error = 0.0164031, marker error: RMS = 0.0293823, max = 0.036835 (RSHAOL)
[2025-07-17 22:52:51.007] [info] Frame 1009 (t = 5.045):	 total squared error = 0.0165431, marker error: RMS = 0.0295075, max = 0.0369018 (RSHAOL)
[2025-07-17 22:52:51.133] [info] Frame 1010 (t = 5.05):	 total squared error = 0.0166808, marker error: RMS = 0.02963, max = 0.0370145 (RSHAOL)
[2025-07-17 22:52:51.278] [info] Frame 1011 (t = 5.055):	 total squared error = 0.0168152, marker error: RMS = 0.0297492, max = 0.0371011 (RSHAOL)
[2025-07-17 22:52:51.417] [info] Frame 1012 (t = 5.06):	 total squared error = 0.0169467, marker error: RMS = 0.0298652, max = 0.0371844 (RSHAOL)
[2025-07-17 22:52:51.517] [info] Frame 1013 (t = 5.065):	 total squared error = 0.0170750, marker error: RMS = 0.029978, max = 0.0372513 (RSHAOL)
[2025-07-17 22:52:51.639] [info] Frame 1014 (t = 5.07):	 total squared error = 0.0172007, marker error: RMS = 0.0300882, max = 0.0373373 (RSHAOL)
[2025-07-17 22:52:51.744] [info] Frame 1015 (t = 5.075):	 total squared error = 0.0173228, marker error: RMS = 0.0301948, max = 0.0374173 (RSHAOL)
[2025-07-17 22:52:51.873] [info] Frame 1016 (t = 5.08):	 total squared error = 0.0174437, marker error: RMS = 0.0303000, max = 0.0374671 (RSHAOL)
[2025-07-17 22:52:51.976] [info] Frame 1017 (t = 5.085):	 total squared error = 0.0175604, marker error: RMS = 0.0304011, max = 0.0375218 (RSHAOL)
[2025-07-17 22:52:52.066] [info] Frame 1018 (t = 5.09):	 total squared error = 0.0176752, marker error: RMS = 0.0305004, max = 0.037571 (RSHAOL)
[2025-07-17 22:52:52.169] [info] Frame 1019 (t = 5.095):	 total squared error = 0.0177865, marker error: RMS = 0.0305963, max = 0.037641 (RSHAOL)
[2025-07-17 22:52:52.258] [info] Frame 1020 (t = 5.1):	 total squared error = 0.0178956, marker error: RMS = 0.0306900, max = 0.0376761 (RSHAOL)
[2025-07-17 22:52:52.364] [info] Frame 1021 (t = 5.10500):	 total squared error = 0.018, marker error: RMS = 0.0307793, max = 0.0377603 (RSHAOL)
[2025-07-17 22:52:52.483] [info] Frame 1022 (t = 5.11):	 total squared error = 0.0181021, marker error: RMS = 0.0308665, max = 0.0377776 (RSHAOL)
[2025-07-17 22:52:52.616] [info] Frame 1023 (t = 5.115):	 total squared error = 0.0181996, marker error: RMS = 0.0309495, max = 0.0378226 (RSHAOL)
[2025-07-17 22:52:52.730] [info] Frame 1024 (t = 5.12):	 total squared error = 0.0182921, marker error: RMS = 0.0310281, max = 0.0378591 (RSHAOL)
[2025-07-17 22:52:52.828] [info] Frame 1025 (t = 5.125):	 total squared error = 0.0183809, marker error: RMS = 0.0311033, max = 0.0379447 (LTH2)
[2025-07-17 22:52:52.941] [info] Frame 1026 (t = 5.13):	 total squared error = 0.0184642, marker error: RMS = 0.0311737, max = 0.0380318 (LTH2)
[2025-07-17 22:52:53.043] [info] Frame 1027 (t = 5.135):	 total squared error = 0.0185433, marker error: RMS = 0.0312404, max = 0.0381841 (LTH2)
[2025-07-17 22:52:53.168] [info] Frame 1028 (t = 5.14):	 total squared error = 0.018616, marker error: RMS = 0.0313016, max = 0.0382715 (LTH2)
[2025-07-17 22:52:53.283] [info] Frame 1029 (t = 5.145):	 total squared error = 0.0186834, marker error: RMS = 0.0313582, max = 0.0383503 (LTH2)
[2025-07-17 22:52:53.390] [info] Frame 1030 (t = 5.15):	 total squared error = 0.0187446, marker error: RMS = 0.0314095, max = 0.0383972 (LTH2)
[2025-07-17 22:52:53.519] [info] Frame 1031 (t = 5.155):	 total squared error = 0.0188011, marker error: RMS = 0.0314568, max = 0.0384965 (LTH2)
[2025-07-17 22:52:53.635] [info] Frame 1032 (t = 5.16):	 total squared error = 0.018851, marker error: RMS = 0.0314985, max = 0.0385076 (LTH2)
[2025-07-17 22:52:53.799] [info] Frame 1033 (t = 5.165):	 total squared error = 0.0188962, marker error: RMS = 0.0315363, max = 0.0386182 (LTH2)
[2025-07-17 22:52:53.951] [info] Frame 1034 (t = 5.17):	 total squared error = 0.0189356, marker error: RMS = 0.0315691, max = 0.0386775 (LTH2)
[2025-07-17 22:52:54.063] [info] Frame 1035 (t = 5.175):	 total squared error = 0.0189685, marker error: RMS = 0.0315966, max = 0.0387024 (RHEE)
[2025-07-17 22:52:54.161] [info] Frame 1036 (t = 5.18):	 total squared error = 0.0189984, marker error: RMS = 0.0316214, max = 0.0387883 (LTH2)
[2025-07-17 22:52:54.250] [info] Frame 1037 (t = 5.185):	 total squared error = 0.0190220, marker error: RMS = 0.031641, max = 0.0388539 (LTH2)
[2025-07-17 22:52:54.367] [info] Frame 1038 (t = 5.19):	 total squared error = 0.0190391, marker error: RMS = 0.0316553, max = 0.0388598 (LTH2)
[2025-07-17 22:52:54.452] [info] Frame 1039 (t = 5.195):	 total squared error = 0.0190518, marker error: RMS = 0.0316659, max = 0.0389114 (LTH2)
[2025-07-17 22:52:54.549] [info] Frame 1040 (t = 5.2):	 total squared error = 0.0190581, marker error: RMS = 0.0316711, max = 0.0388828 (LTH2)
[2025-07-17 22:52:54.633] [info] Frame 1041 (t = 5.20500):	 total squared error = 0.0190589, marker error: RMS = 0.0316718, max = 0.0389125 (LTH2)
[2025-07-17 22:52:54.757] [info] Frame 1042 (t = 5.21):	 total squared error = 0.0190544, marker error: RMS = 0.031668, max = 0.0389593 (LTH2)
[2025-07-17 22:52:54.871] [info] Frame 1043 (t = 5.215):	 total squared error = 0.0190434, marker error: RMS = 0.0316588, max = 0.0389846 (LTH2)
[2025-07-17 22:52:54.985] [info] Frame 1044 (t = 5.22):	 total squared error = 0.0190252, marker error: RMS = 0.0316438, max = 0.0389935 (LTH2)
[2025-07-17 22:52:55.091] [info] Frame 1045 (t = 5.225):	 total squared error = 0.019, marker error: RMS = 0.0316228, max = 0.0389943 (LTH2)
[2025-07-17 22:52:55.202] [info] Frame 1046 (t = 5.23):	 total squared error = 0.0189671, marker error: RMS = 0.0315954, max = 0.0389787 (LTH2)
[2025-07-17 22:52:55.305] [info] Frame 1047 (t = 5.235):	 total squared error = 0.0189267, marker error: RMS = 0.0315617, max = 0.038924 (LTH2)
[2025-07-17 22:52:55.422] [info] Frame 1048 (t = 5.24):	 total squared error = 0.0188786, marker error: RMS = 0.0315216, max = 0.0389553 (LTH2)
[2025-07-17 22:52:55.523] [info] Frame 1049 (t = 5.245):	 total squared error = 0.0188215, marker error: RMS = 0.0314739, max = 0.0389586 (LTH2)
[2025-07-17 22:52:55.631] [info] Frame 1050 (t = 5.25):	 total squared error = 0.018756, marker error: RMS = 0.031419, max = 0.0389217 (LTH2)
[2025-07-17 22:52:55.738] [info] Frame 1051 (t = 5.255):	 total squared error = 0.0186804, marker error: RMS = 0.0313557, max = 0.0388708 (LTH2)
[2025-07-17 22:52:55.848] [info] Frame 1052 (t = 5.26):	 total squared error = 0.0185966, marker error: RMS = 0.0312853, max = 0.0388354 (LTH2)
[2025-07-17 22:52:55.939] [info] Frame 1053 (t = 5.265):	 total squared error = 0.0185043, marker error: RMS = 0.0312075, max = 0.0387517 (LTH2)
[2025-07-17 22:52:56.041] [info] Frame 1054 (t = 5.27):	 total squared error = 0.0184011, marker error: RMS = 0.0311204, max = 0.0386447 (LTH2)
[2025-07-17 22:52:56.189] [info] Frame 1055 (t = 5.275):	 total squared error = 0.0182894, marker error: RMS = 0.0310258, max = 0.0385726 (LTH2)
[2025-07-17 22:52:56.289] [info] Frame 1056 (t = 5.28):	 total squared error = 0.018169, marker error: RMS = 0.0309235, max = 0.0383756 (LTH2)
[2025-07-17 22:52:56.418] [info] Frame 1057 (t = 5.285):	 total squared error = 0.0180398, marker error: RMS = 0.0308133, max = 0.0382678 (LTH2)
[2025-07-17 22:52:56.514] [info] Frame 1058 (t = 5.29):	 total squared error = 0.0179028, marker error: RMS = 0.0306962, max = 0.0381856 (LTH2)
[2025-07-17 22:52:56.609] [info] Frame 1059 (t = 5.295):	 total squared error = 0.0177575, marker error: RMS = 0.0305713, max = 0.0380393 (LTH2)
[2025-07-17 22:52:56.719] [info] Frame 1060 (t = 5.3):	 total squared error = 0.0176044, marker error: RMS = 0.0304392, max = 0.0378823 (LTH2)
[2025-07-17 22:52:56.825] [info] Frame 1061 (t = 5.30500):	 total squared error = 0.0174438, marker error: RMS = 0.0303001, max = 0.0377359 (LTH2)
[2025-07-17 22:52:56.929] [info] Frame 1062 (t = 5.31):	 total squared error = 0.0172761, marker error: RMS = 0.0301541, max = 0.0375681 (LTH2)
[2025-07-17 22:52:57.038] [info] Frame 1063 (t = 5.315):	 total squared error = 0.0171016, marker error: RMS = 0.0300014, max = 0.0374043 (LTH2)
[2025-07-17 22:52:57.142] [info] Frame 1064 (t = 5.32):	 total squared error = 0.0169197, marker error: RMS = 0.0298415, max = 0.0371774 (LTH2)
[2025-07-17 22:52:57.286] [info] Frame 1065 (t = 5.325):	 total squared error = 0.0167318, marker error: RMS = 0.0296753, max = 0.0370311 (LTH2)
[2025-07-17 22:52:57.392] [info] Frame 1066 (t = 5.33):	 total squared error = 0.0165368, marker error: RMS = 0.0295018, max = 0.0368012 (LTH2)
[2025-07-17 22:52:57.512] [info] Frame 1067 (t = 5.335):	 total squared error = 0.0163357, marker error: RMS = 0.0293219, max = 0.0365241 (LTH2)
[2025-07-17 22:52:57.652] [info] Frame 1068 (t = 5.34):	 total squared error = 0.0161281, marker error: RMS = 0.029135, max = 0.0364166 (LTH2)
[2025-07-17 22:52:57.756] [info] Frame 1069 (t = 5.345):	 total squared error = 0.0159144, marker error: RMS = 0.0289413, max = 0.0361491 (LTH2)
[2025-07-17 22:52:57.872] [info] Frame 1070 (t = 5.35):	 total squared error = 0.0156948, marker error: RMS = 0.028741, max = 0.0359355 (LTH2)
[2025-07-17 22:52:57.992] [info] Frame 1071 (t = 5.355):	 total squared error = 0.0154701, marker error: RMS = 0.0285345, max = 0.035716 (LTH2)
[2025-07-17 22:52:58.121] [info] Frame 1072 (t = 5.36):	 total squared error = 0.0152407, marker error: RMS = 0.0283221, max = 0.0354885 (LTH2)
[2025-07-17 22:52:58.240] [info] Frame 1073 (t = 5.365):	 total squared error = 0.0150073, marker error: RMS = 0.0281044, max = 0.0352613 (LTH2)
[2025-07-17 22:52:58.525] [info] Frame 1074 (t = 5.37):	 total squared error = 0.0147702, marker error: RMS = 0.0278815, max = 0.034958 (LTH2)
[2025-07-17 22:52:58.690] [info] Frame 1075 (t = 5.375):	 total squared error = 0.0145305, marker error: RMS = 0.0276543, max = 0.0347239 (LTH2)
[2025-07-17 22:52:58.875] [info] Frame 1076 (t = 5.38):	 total squared error = 0.0142883, marker error: RMS = 0.0274229, max = 0.0345461 (LTH2)
[2025-07-17 22:52:59.015] [info] Frame 1077 (t = 5.385):	 total squared error = 0.0140432, marker error: RMS = 0.0271867, max = 0.0342252 (LTH2)
[2025-07-17 22:52:59.163] [info] Frame 1078 (t = 5.39):	 total squared error = 0.0137972, marker error: RMS = 0.0269476, max = 0.0340597 (SACROL)
[2025-07-17 22:52:59.297] [info] Frame 1079 (t = 5.395):	 total squared error = 0.0135495, marker error: RMS = 0.0267045, max = 0.0341699 (SACROL)
[2025-07-17 22:52:59.415] [info] Frame 1080 (t = 5.4):	 total squared error = 0.0133005, marker error: RMS = 0.0264581, max = 0.0342391 (SACROL)
[2025-07-17 22:52:59.544] [info] Frame 1081 (t = 5.40500):	 total squared error = 0.0130509, marker error: RMS = 0.0262086, max = 0.0341725 (SACROL)
[2025-07-17 22:52:59.668] [info] Frame 1082 (t = 5.41):	 total squared error = 0.0128004, marker error: RMS = 0.0259558, max = 0.0341708 (SACROL)
[2025-07-17 22:52:59.819] [info] Frame 1083 (t = 5.415):	 total squared error = 0.0125508, marker error: RMS = 0.0257016, max = 0.0341201 (SACROL)
[2025-07-17 22:52:59.983] [info] Frame 1084 (t = 5.42):	 total squared error = 0.0123010, marker error: RMS = 0.0254445, max = 0.0340730 (SACROL)
[2025-07-17 22:53:00.099] [info] Frame 1085 (t = 5.425):	 total squared error = 0.0120509, marker error: RMS = 0.0251845, max = 0.0341139 (SACROL)
[2025-07-17 22:53:00.258] [info] Frame 1086 (t = 5.43):	 total squared error = 0.0118025, marker error: RMS = 0.0249236, max = 0.0340136 (SACROL)
[2025-07-17 22:53:00.389] [info] Frame 1087 (t = 5.435):	 total squared error = 0.011681, marker error: RMS = 0.0247949, max = 0.0337628 (SACROL)
[2025-07-17 22:53:00.496] [info] Frame 1088 (t = 5.44):	 total squared error = 0.0113083, marker error: RMS = 0.0243962, max = 0.0338302 (SACROL)
[2025-07-17 22:53:00.627] [info] Frame 1089 (t = 5.445):	 total squared error = 0.0110637, marker error: RMS = 0.0241309, max = 0.0337605 (SACROL)
[2025-07-17 22:53:00.740] [info] Frame 1090 (t = 5.45):	 total squared error = 0.0109471, marker error: RMS = 0.0240034, max = 0.0335884 (SACROL)
[2025-07-17 22:53:00.900] [info] Frame 1091 (t = 5.455):	 total squared error = 0.0105828, marker error: RMS = 0.0236006, max = 0.0335199 (SACROL)
[2025-07-17 22:53:01.062] [info] Frame 1092 (t = 5.46):	 total squared error = 0.0104726, marker error: RMS = 0.0234774, max = 0.0333248 (SACROL)
[2025-07-17 22:53:01.232] [info] Frame 1093 (t = 5.465):	 total squared error = 0.0101159, marker error: RMS = 0.0230742, max = 0.0332969 (SACROL)
[2025-07-17 22:53:01.400] [info] Frame 1094 (t = 5.47):	 total squared error = 0.00988883, marker error: RMS = 0.0228137, max = 0.0331378 (SACROL)
[2025-07-17 22:53:01.577] [info] Frame 1095 (t = 5.475):	 total squared error = 0.00966779, marker error: RMS = 0.0225573, max = 0.032997 (SACROL)
[2025-07-17 22:53:01.748] [info] Frame 1096 (t = 5.48):	 total squared error = 0.00945177, marker error: RMS = 0.0223038, max = 0.0328755 (SACROL)
[2025-07-17 22:53:01.886] [info] Frame 1097 (t = 5.485):	 total squared error = 0.00924254, marker error: RMS = 0.0220556, max = 0.0326713 (SACROL)
[2025-07-17 22:53:02.007] [info] Frame 1098 (t = 5.49):	 total squared error = 0.00904058, marker error: RMS = 0.0218133, max = 0.0324924 (SACROL)
[2025-07-17 22:53:02.129] [info] Frame 1099 (t = 5.495):	 total squared error = 0.00884551, marker error: RMS = 0.0215767, max = 0.0322736 (SACROL)
[2025-07-17 22:53:02.243] [info] Frame 1100 (t = 5.5):	 total squared error = 0.00865541, marker error: RMS = 0.0213436, max = 0.0320749 (SACROL)
[2025-07-17 22:53:02.369] [info] Frame 1101 (t = 5.50500):	 total squared error = 0.00859775, marker error: RMS = 0.0212724, max = 0.0318794 (SACROL)
[2025-07-17 22:53:02.502] [info] Frame 1102 (t = 5.51):	 total squared error = 0.00830052, marker error: RMS = 0.0209014, max = 0.0316862 (SACROL)
[2025-07-17 22:53:02.638] [info] Frame 1103 (t = 5.515):	 total squared error = 0.00813486, marker error: RMS = 0.0206918, max = 0.0315 (SACROL)
[2025-07-17 22:53:02.772] [info] Frame 1104 (t = 5.52):	 total squared error = 0.00797593, marker error: RMS = 0.0204887, max = 0.0312594 (SACROL)
[2025-07-17 22:53:02.907] [info] Frame 1105 (t = 5.525):	 total squared error = 0.00782404, marker error: RMS = 0.0202926, max = 0.0310614 (SACROL)
[2025-07-17 22:53:03.034] [info] Frame 1106 (t = 5.53):	 total squared error = 0.00767891, marker error: RMS = 0.0201036, max = 0.0309135 (SACROL)
[2025-07-17 22:53:03.197] [info] Frame 1107 (t = 5.535):	 total squared error = 0.00754128, marker error: RMS = 0.0199226, max = 0.0307413 (SACROL)
[2025-07-17 22:53:03.328] [info] Frame 1108 (t = 5.54):	 total squared error = 0.00753056, marker error: RMS = 0.0199084, max = 0.0305917 (SACROL)
[2025-07-17 22:53:03.471] [info] Frame 1109 (t = 5.545):	 total squared error = 0.00728261, marker error: RMS = 0.0195779, max = 0.0303716 (SACROL)
[2025-07-17 22:53:03.587] [info] Frame 1110 (t = 5.55):	 total squared error = 0.00716106, marker error: RMS = 0.0194139, max = 0.0302165 (SACROL)
[2025-07-17 22:53:03.720] [info] Frame 1111 (t = 5.555):	 total squared error = 0.00704390, marker error: RMS = 0.0192544, max = 0.0300651 (SACROL)
[2025-07-17 22:53:03.820] [info] Frame 1112 (t = 5.56):	 total squared error = 0.00693095, marker error: RMS = 0.0190994, max = 0.0299082 (SACROL)
[2025-07-17 22:53:03.961] [info] Frame 1113 (t = 5.565):	 total squared error = 0.00694393, marker error: RMS = 0.0191173, max = 0.0298646 (SACROL)
[2025-07-17 22:53:04.125] [info] Frame 1114 (t = 5.57):	 total squared error = 0.00671652, marker error: RMS = 0.0188016, max = 0.0296574 (SACROL)
[2025-07-17 22:53:04.275] [info] Frame 1115 (t = 5.575):	 total squared error = 0.00673644, marker error: RMS = 0.0188295, max = 0.0296626 (SACROL)
[2025-07-17 22:53:04.425] [info] Frame 1116 (t = 5.58):	 total squared error = 0.00651642, marker error: RMS = 0.0185194, max = 0.0293877 (SACROL)
[2025-07-17 22:53:04.559] [info] Frame 1117 (t = 5.585):	 total squared error = 0.00642177, marker error: RMS = 0.0183844, max = 0.0293236 (SACROL)
[2025-07-17 22:53:04.685] [info] Frame 1118 (t = 5.59):	 total squared error = 0.00633034, marker error: RMS = 0.0182531, max = 0.0291625 (SACROL)
[2025-07-17 22:53:04.814] [info] Frame 1119 (t = 5.595):	 total squared error = 0.00624287, marker error: RMS = 0.0181266, max = 0.0290435 (SACROL)
[2025-07-17 22:53:04.938] [info] Frame 1120 (t = 5.6):	 total squared error = 0.00627885, marker error: RMS = 0.0181787, max = 0.0291217 (SACROL)
[2025-07-17 22:53:05.040] [info] Frame 1121 (t = 5.60500):	 total squared error = 0.00607917, marker error: RMS = 0.0178873, max = 0.0288685 (SACROL)
[2025-07-17 22:53:05.141] [info] Frame 1122 (t = 5.61):	 total squared error = 0.00612126, marker error: RMS = 0.0179491, max = 0.0289695 (SACROL)
[2025-07-17 22:53:05.260] [info] Frame 1123 (t = 5.615):	 total squared error = 0.00592620, marker error: RMS = 0.0176608, max = 0.0286567 (SACROL)
[2025-07-17 22:53:05.380] [info] Frame 1124 (t = 5.62):	 total squared error = 0.00585546, marker error: RMS = 0.0175551, max = 0.0285426 (SACROL)
[2025-07-17 22:53:05.514] [info] Frame 1125 (t = 5.625):	 total squared error = 0.00578704, marker error: RMS = 0.0174522, max = 0.0285062 (SACROL)
[2025-07-17 22:53:05.629] [info] Frame 1126 (t = 5.63):	 total squared error = 0.00572055, marker error: RMS = 0.0173517, max = 0.0283572 (SACROL)
[2025-07-17 22:53:05.718] [info] Frame 1127 (t = 5.635):	 total squared error = 0.00577584, marker error: RMS = 0.0174354, max = 0.0285318 (SACROL)
[2025-07-17 22:53:05.837] [info] Frame 1128 (t = 5.64):	 total squared error = 0.00559641, marker error: RMS = 0.0171624, max = 0.0281475 (SACROL)
[2025-07-17 22:53:05.975] [info] Frame 1129 (t = 5.645):	 total squared error = 0.00553747, marker error: RMS = 0.0170718, max = 0.0280642 (SACROL)
[2025-07-17 22:53:06.096] [info] Frame 1130 (t = 5.65):	 total squared error = 0.00548012, marker error: RMS = 0.0169831, max = 0.0279596 (SACROL)
[2025-07-17 22:53:06.209] [info] Frame 1131 (t = 5.655):	 total squared error = 0.00542421, marker error: RMS = 0.0168963, max = 0.0278858 (SACROL)
[2025-07-17 22:53:06.343] [info] Frame 1132 (t = 5.66):	 total squared error = 0.00536995, marker error: RMS = 0.0168116, max = 0.0277517 (SACROL)
[2025-07-17 22:53:06.462] [info] Frame 1133 (t = 5.665):	 total squared error = 0.00531677, marker error: RMS = 0.0167281, max = 0.0276535 (SACROL)
[2025-07-17 22:53:06.559] [info] Frame 1134 (t = 5.67):	 total squared error = 0.00526462, marker error: RMS = 0.0166459, max = 0.0275441 (SACROL)
[2025-07-17 22:53:06.659] [info] Frame 1135 (t = 5.675):	 total squared error = 0.00521401, marker error: RMS = 0.0165657, max = 0.0274215 (SACROL)
[2025-07-17 22:53:06.753] [info] Frame 1136 (t = 5.68):	 total squared error = 0.00516411, marker error: RMS = 0.0164862, max = 0.0273737 (SACROL)
[2025-07-17 22:53:06.869] [info] Frame 1137 (t = 5.685):	 total squared error = 0.00511544, marker error: RMS = 0.0164083, max = 0.0272201 (SACROL)
[2025-07-17 22:53:06.960] [info] Frame 1138 (t = 5.69):	 total squared error = 0.00518287, marker error: RMS = 0.0165161, max = 0.0274851 (SACROL)
[2025-07-17 22:53:07.065] [info] Frame 1139 (t = 5.695):	 total squared error = 0.00502077, marker error: RMS = 0.0162558, max = 0.0269878 (SACROL)
[2025-07-17 22:53:07.197] [info] Frame 1140 (t = 5.7):	 total squared error = 0.00497600, marker error: RMS = 0.0161832, max = 0.0268956 (SACROL)
[2025-07-17 22:53:07.304] [info] Frame 1141 (t = 5.70500):	 total squared error = 0.00493242, marker error: RMS = 0.0161121, max = 0.0267965 (SACROL)
[2025-07-17 22:53:07.405] [info] Frame 1142 (t = 5.71):	 total squared error = 0.00500542, marker error: RMS = 0.0162309, max = 0.0272062 (SACROL)
[2025-07-17 22:53:07.497] [info] Frame 1143 (t = 5.715):	 total squared error = 0.00485004, marker error: RMS = 0.015977, max = 0.0265935 (SACROL)
[2025-07-17 22:53:07.587] [info] Frame 1144 (t = 5.72):	 total squared error = 0.00492745, marker error: RMS = 0.0161040, max = 0.0270126 (SACROL)
[2025-07-17 22:53:07.691] [info] Frame 1145 (t = 5.725):	 total squared error = 0.00477618, marker error: RMS = 0.0158549, max = 0.0264657 (SACROL)
[2025-07-17 22:53:07.798] [info] Frame 1146 (t = 5.73):	 total squared error = 0.00474207, marker error: RMS = 0.0157982, max = 0.0263964 (SACROL)
[2025-07-17 22:53:07.907] [info] Frame 1147 (t = 5.735):	 total squared error = 0.00471004, marker error: RMS = 0.0157447, max = 0.0263451 (SACROL)
[2025-07-17 22:53:07.998] [info] Frame 1148 (t = 5.74):	 total squared error = 0.00479292, marker error: RMS = 0.0158827, max = 0.0268038 (SACROL)
[2025-07-17 22:53:08.127] [info] Frame 1149 (t = 5.745):	 total squared error = 0.00465100, marker error: RMS = 0.0156457, max = 0.0262514 (SACROL)
[2025-07-17 22:53:08.255] [info] Frame 1150 (t = 5.75):	 total squared error = 0.00462368, marker error: RMS = 0.0155997, max = 0.0262101 (SACROL)
[2025-07-17 22:53:08.382] [info] Frame 1151 (t = 5.755):	 total squared error = 0.00459912, marker error: RMS = 0.0155582, max = 0.0262007 (SACROL)
[2025-07-17 22:53:08.509] [info] Frame 1152 (t = 5.76):	 total squared error = 0.00457560, marker error: RMS = 0.0155184, max = 0.0261735 (SACROL)
[2025-07-17 22:53:08.605] [info] Frame 1153 (t = 5.765):	 total squared error = 0.00466623, marker error: RMS = 0.0156713, max = 0.0266636 (SACROL)
[2025-07-17 22:53:08.712] [info] Frame 1154 (t = 5.77):	 total squared error = 0.00453097, marker error: RMS = 0.0154425, max = 0.0261084 (SACROL)
[2025-07-17 22:53:08.820] [info] Frame 1155 (t = 5.775):	 total squared error = 0.00462290, marker error: RMS = 0.0155984, max = 0.0266091 (SACROL)
[2025-07-17 22:53:08.972] [info] Frame 1156 (t = 5.78):	 total squared error = 0.00448941, marker error: RMS = 0.0153716, max = 0.0260929 (SACROL)
[2025-07-17 22:53:09.224] [info] Frame 1157 (t = 5.785):	 total squared error = 0.00446933, marker error: RMS = 0.0153371, max = 0.0260918 (SACROL)
[2025-07-17 22:53:09.438] [info] Frame 1158 (t = 5.79):	 total squared error = 0.00456149, marker error: RMS = 0.0154945, max = 0.0266016 (SACROL)
[2025-07-17 22:53:09.674] [info] Frame 1159 (t = 5.795):	 total squared error = 0.00442916, marker error: RMS = 0.0152681, max = 0.0260309 (SACROL)
[2025-07-17 22:53:09.872] [info] Frame 1160 (t = 5.8):	 total squared error = 0.00452111, marker error: RMS = 0.0154257, max = 0.0266048 (SACROL)
[2025-07-17 22:53:10.098] [info] Frame 1161 (t = 5.80500):	 total squared error = 0.00438982, marker error: RMS = 0.0152001, max = 0.0260018 (SACROL)
[2025-07-17 22:53:10.327] [info] Frame 1162 (t = 5.81):	 total squared error = 0.00437076, marker error: RMS = 0.0151671, max = 0.0260088 (SACROL)
[2025-07-17 22:53:10.604] [info] Frame 1163 (t = 5.815):	 total squared error = 0.00435177, marker error: RMS = 0.0151341, max = 0.0259815 (SACROL)
[2025-07-17 22:53:10.814] [info] Frame 1164 (t = 5.82):	 total squared error = 0.00444386, marker error: RMS = 0.0152934, max = 0.0265593 (SACROL)
[2025-07-17 22:53:11.024] [info] Frame 1165 (t = 5.825):	 total squared error = 0.00431469, marker error: RMS = 0.0150695, max = 0.0259537 (SACROL)
[2025-07-17 22:53:11.260] [info] Frame 1166 (t = 5.83):	 total squared error = 0.00440640, marker error: RMS = 0.0152288, max = 0.0265608 (SACROL)
[2025-07-17 22:53:11.624] [info] Frame 1167 (t = 5.835):	 total squared error = 0.00427724, marker error: RMS = 0.0150039, max = 0.0259369 (SACROL)
[2025-07-17 22:53:11.852] [info] Frame 1168 (t = 5.84):	 total squared error = 0.00425856, marker error: RMS = 0.0149711, max = 0.0259024 (SACROL)
[2025-07-17 22:53:12.065] [info] Frame 1169 (t = 5.845):	 total squared error = 0.00423894, marker error: RMS = 0.0149366, max = 0.0258801 (SACROL)
[2025-07-17 22:53:12.385] [info] Frame 1170 (t = 5.85):	 total squared error = 0.00422116, marker error: RMS = 0.0149052, max = 0.0259501 (SACROL)
[2025-07-17 22:53:12.668] [info] Frame 1171 (t = 5.855):	 total squared error = 0.00431134, marker error: RMS = 0.0150636, max = 0.0264474 (SACROL)
[2025-07-17 22:53:12.893] [info] Frame 1172 (t = 5.86):	 total squared error = 0.00418274, marker error: RMS = 0.0148373, max = 0.0258219 (SACROL)
[2025-07-17 22:53:13.081] [info] Frame 1173 (t = 5.865):	 total squared error = 0.00416522, marker error: RMS = 0.0148062, max = 0.0258315 (SACROL)
[2025-07-17 22:53:13.290] [info] Frame 1174 (t = 5.87):	 total squared error = 0.00414823, marker error: RMS = 0.0147759, max = 0.0258066 (SACROL)
[2025-07-17 22:53:13.516] [info] Frame 1175 (t = 5.875):	 total squared error = 0.00424030, marker error: RMS = 0.014939, max = 0.0263905 (SACROL)
[2025-07-17 22:53:13.662] [info] Frame 1176 (t = 5.88):	 total squared error = 0.00422514, marker error: RMS = 0.0149123, max = 0.0263146 (SACROL)
[2025-07-17 22:53:13.844] [info] Frame 1177 (t = 5.885):	 total squared error = 0.00409987, marker error: RMS = 0.0146895, max = 0.0257135 (SACROL)
[2025-07-17 22:53:13.988] [info] Frame 1178 (t = 5.89):	 total squared error = 0.00419319, marker error: RMS = 0.0148558, max = 0.0263287 (SACROL)
[2025-07-17 22:53:14.171] [info] Frame 1179 (t = 5.895):	 total squared error = 0.00417999, marker error: RMS = 0.0148324, max = 0.0262948 (SACROL)
[2025-07-17 22:53:14.340] [info] Frame 1180 (t = 5.9):	 total squared error = 0.00416755, marker error: RMS = 0.0148103, max = 0.026319 (SACROL)
[2025-07-17 22:53:14.552] [info] Frame 1181 (t = 5.90500):	 total squared error = 0.00404819, marker error: RMS = 0.0145967, max = 0.0257118 (SACROL)
[2025-07-17 22:53:14.770] [info] Frame 1182 (t = 5.91):	 total squared error = 0.00414345, marker error: RMS = 0.0147674, max = 0.0263355 (SACROL)
[2025-07-17 22:53:15.011] [info] Frame 1183 (t = 5.915):	 total squared error = 0.00402613, marker error: RMS = 0.0145568, max = 0.0256776 (SACROL)
[2025-07-17 22:53:15.261] [info] Frame 1184 (t = 5.92):	 total squared error = 0.00401561, marker error: RMS = 0.0145378, max = 0.0255937 (SACROL)
[2025-07-17 22:53:15.479] [info] Frame 1185 (t = 5.925):	 total squared error = 0.00400589, marker error: RMS = 0.0145202, max = 0.0256081 (SACROL)
[2025-07-17 22:53:15.654] [info] Frame 1186 (t = 5.93):	 total squared error = 0.00399518, marker error: RMS = 0.0145008, max = 0.025623 (SACROL)
[2025-07-17 22:53:15.847] [info] Frame 1187 (t = 5.935):	 total squared error = 0.00398546, marker error: RMS = 0.0144831, max = 0.025595 (SACROL)
[2025-07-17 22:53:16.057] [info] Frame 1188 (t = 5.94):	 total squared error = 0.00397554, marker error: RMS = 0.0144651, max = 0.0256118 (SACROL)
[2025-07-17 22:53:16.205] [info] Frame 1189 (t = 5.945):	 total squared error = 0.00406999, marker error: RMS = 0.0146359, max = 0.0262535 (SACROL)
[2025-07-17 22:53:16.416] [info] Frame 1190 (t = 5.95):	 total squared error = 0.00395359, marker error: RMS = 0.0144251, max = 0.0255923 (SACROL)
[2025-07-17 22:53:16.602] [info] Frame 1191 (t = 5.955):	 total squared error = 0.00394208, marker error: RMS = 0.0144041, max = 0.0256125 (SACROL)
[2025-07-17 22:53:16.770] [info] Frame 1192 (t = 5.96):	 total squared error = 0.00403508, marker error: RMS = 0.014573, max = 0.0262232 (SACROL)
[2025-07-17 22:53:16.976] [info] Frame 1193 (t = 5.965):	 total squared error = 0.00391632, marker error: RMS = 0.014357, max = 0.0256145 (SACROL)
[2025-07-17 22:53:17.174] [info] Frame 1194 (t = 5.97):	 total squared error = 0.00390296, marker error: RMS = 0.0143324, max = 0.0256304 (SACROL)
[2025-07-17 22:53:17.322] [info] Frame 1195 (t = 5.975):	 total squared error = 0.00399154, marker error: RMS = 0.0144942, max = 0.0262762 (SACROL)
[2025-07-17 22:53:17.530] [info] Frame 1196 (t = 5.98):	 total squared error = 0.00387371, marker error: RMS = 0.0142786, max = 0.0255795 (SACROL)
[2025-07-17 22:53:17.695] [info] Frame 1197 (t = 5.985):	 total squared error = 0.00396194, marker error: RMS = 0.0144403, max = 0.0262664 (SACROL)
[2025-07-17 22:53:17.909] [info] Frame 1198 (t = 5.99):	 total squared error = 0.00384495, marker error: RMS = 0.0142255, max = 0.02553 (SACROL)
[2025-07-17 22:53:18.070] [info] Frame 1199 (t = 5.995):	 total squared error = 0.00393323, marker error: RMS = 0.0143879, max = 0.0262478 (SACROL)
[2025-07-17 22:53:18.242] [info] Frame 1200 (t = 6.0):	 total squared error = 0.00391877, marker error: RMS = 0.0143614, max = 0.0262255 (SACROL)
[2025-07-17 22:53:18.422] [info] Frame 1201 (t = 6.00500):	 total squared error = 0.00380482, marker error: RMS = 0.0141511, max = 0.0254786 (SACROL)
[2025-07-17 22:53:18.628] [info] Frame 1202 (t = 6.01):	 total squared error = 0.00379341, marker error: RMS = 0.0141299, max = 0.0254904 (SACROL)
[2025-07-17 22:53:18.854] [info] Frame 1203 (t = 6.015):	 total squared error = 0.00378256, marker error: RMS = 0.0141097, max = 0.0254574 (SACROL)
[2025-07-17 22:53:19.100] [info] Frame 1204 (t = 6.02):	 total squared error = 0.00377289, marker error: RMS = 0.0140916, max = 0.0254455 (SACROL)
[2025-07-17 22:53:19.289] [info] Frame 1205 (t = 6.025):	 total squared error = 0.00376487, marker error: RMS = 0.0140766, max = 0.0255292 (SACROL)
[2025-07-17 22:53:19.444] [info] Frame 1206 (t = 6.03):	 total squared error = 0.00375652, marker error: RMS = 0.0140610, max = 0.0254147 (SACROL)
[2025-07-17 22:53:19.511] [info] Frame 1207 (t = 6.035):	 total squared error = 0.00384940, marker error: RMS = 0.0142338, max = 0.0262155 (SACROL)
[2025-07-17 22:53:19.575] [info] Frame 1208 (t = 6.04):	 total squared error = 0.00374560, marker error: RMS = 0.0140405, max = 0.025448 (SACROL)
[2025-07-17 22:53:19.637] [info] Frame 1209 (t = 6.045):	 total squared error = 0.00374213, marker error: RMS = 0.0140340, max = 0.025518 (SACROL)
[2025-07-17 22:53:19.709] [info] Frame 1210 (t = 6.05):	 total squared error = 0.00373937, marker error: RMS = 0.0140289, max = 0.0255403 (SACROL)
[2025-07-17 22:53:19.775] [info] Frame 1211 (t = 6.055):	 total squared error = 0.00373747, marker error: RMS = 0.0140253, max = 0.0255302 (SACROL)
[2025-07-17 22:53:19.833] [info] Frame 1212 (t = 6.06):	 total squared error = 0.00373713, marker error: RMS = 0.0140247, max = 0.0255088 (SACROL)
[2025-07-17 22:53:19.892] [info] Frame 1213 (t = 6.065):	 total squared error = 0.00373673, marker error: RMS = 0.0140239, max = 0.0255903 (SACROL)
[2025-07-17 22:53:19.953] [info] Frame 1214 (t = 6.07):	 total squared error = 0.00373801, marker error: RMS = 0.0140263, max = 0.0256263 (SACROL)
[2025-07-17 22:53:20.025] [info] Frame 1215 (t = 6.075):	 total squared error = 0.00373960, marker error: RMS = 0.0140293, max = 0.0256745 (SACROL)
[2025-07-17 22:53:20.112] [info] Frame 1216 (t = 6.08):	 total squared error = 0.00374236, marker error: RMS = 0.0140345, max = 0.0257044 (SACROL)
[2025-07-17 22:53:20.170] [info] Frame 1217 (t = 6.085):	 total squared error = 0.00384178, marker error: RMS = 0.0142197, max = 0.026495 (SACROL)
[2025-07-17 22:53:20.230] [info] Frame 1218 (t = 6.09):	 total squared error = 0.00375019, marker error: RMS = 0.0140491, max = 0.0258332 (SACROL)
[2025-07-17 22:53:20.296] [info] Frame 1219 (t = 6.095):	 total squared error = 0.00375492, marker error: RMS = 0.0140580, max = 0.025852 (SACROL)
[2025-07-17 22:53:20.357] [info] Frame 1220 (t = 6.1):	 total squared error = 0.00376023, marker error: RMS = 0.0140679, max = 0.0259142 (SACROL)
[2025-07-17 22:53:20.420] [info] Frame 1221 (t = 6.10500):	 total squared error = 0.00376651, marker error: RMS = 0.0140797, max = 0.0259782 (SACROL)
[2025-07-17 22:53:20.481] [info] Frame 1222 (t = 6.11):	 total squared error = 0.00386854, marker error: RMS = 0.0142691, max = 0.0267751 (SACROL)
[2025-07-17 22:53:20.550] [info] Frame 1223 (t = 6.115):	 total squared error = 0.00378121, marker error: RMS = 0.0141071, max = 0.0261022 (SACROL)
[2025-07-17 22:53:20.613] [info] Frame 1224 (t = 6.12):	 total squared error = 0.00378910, marker error: RMS = 0.0141218, max = 0.0261492 (SACROL)
[2025-07-17 22:53:20.682] [info] Frame 1225 (t = 6.125):	 total squared error = 0.00379809, marker error: RMS = 0.0141386, max = 0.0262504 (SACROL)
[2025-07-17 22:53:20.747] [info] Frame 1226 (t = 6.13):	 total squared error = 0.00390183, marker error: RMS = 0.0143304, max = 0.0270371 (SACROL)
[2025-07-17 22:53:20.807] [info] Frame 1227 (t = 6.135):	 total squared error = 0.00381868, marker error: RMS = 0.0141768, max = 0.0264379 (SACROL)
[2025-07-17 22:53:20.884] [info] Frame 1228 (t = 6.14):	 total squared error = 0.00382980, marker error: RMS = 0.0141975, max = 0.0265017 (SACROL)
[2025-07-17 22:53:20.964] [info] Frame 1229 (t = 6.145):	 total squared error = 0.00384147, marker error: RMS = 0.0142191, max = 0.0265928 (SACROL)
[2025-07-17 22:53:21.031] [info] Frame 1230 (t = 6.15):	 total squared error = 0.00385329, marker error: RMS = 0.014241, max = 0.0266825 (SACROL)
[2025-07-17 22:53:21.097] [info] Frame 1231 (t = 6.155):	 total squared error = 0.00395815, marker error: RMS = 0.0144334, max = 0.027456 (SACROL)
[2025-07-17 22:53:21.161] [info] Frame 1232 (t = 6.16):	 total squared error = 0.00387606, marker error: RMS = 0.014283, max = 0.02687 (SACROL)
[2025-07-17 22:53:21.224] [info] Frame 1233 (t = 6.165):	 total squared error = 0.00397883, marker error: RMS = 0.0144711, max = 0.027621 (SACROL)
[2025-07-17 22:53:21.288] [info] Frame 1234 (t = 6.17):	 total squared error = 0.00389560, marker error: RMS = 0.0143189, max = 0.0270135 (SACROL)
[2025-07-17 22:53:21.349] [info] Frame 1235 (t = 6.175):	 total squared error = 0.00390414, marker error: RMS = 0.0143346, max = 0.0271041 (SACROL)
[2025-07-17 22:53:21.420] [info] Frame 1236 (t = 6.18):	 total squared error = 0.00391181, marker error: RMS = 0.0143487, max = 0.0271673 (SACROL)
[2025-07-17 22:53:21.467] [info] Frame 1237 (t = 6.185):	 total squared error = 0.00401643, marker error: RMS = 0.0145393, max = 0.0280830 (SACROL)
[2025-07-17 22:53:21.551] [info] Frame 1238 (t = 6.19):	 total squared error = 0.00392530, marker error: RMS = 0.0143734, max = 0.0273109 (SACROL)
[2025-07-17 22:53:21.619] [info] Frame 1239 (t = 6.195):	 total squared error = 0.00402249, marker error: RMS = 0.0145503, max = 0.0280569 (SACROL)
[2025-07-17 22:53:21.686] [info] Frame 1240 (t = 6.2):	 total squared error = 0.00393841, marker error: RMS = 0.0143974, max = 0.0275099 (SACROL)
[2025-07-17 22:53:21.754] [info] Frame 1241 (t = 6.20500):	 total squared error = 0.00394479, marker error: RMS = 0.0144090, max = 0.0275229 (SACROL)
[2025-07-17 22:53:21.815] [info] Frame 1242 (t = 6.21):	 total squared error = 0.00404094, marker error: RMS = 0.0145836, max = 0.0282762 (SACROL)
[2025-07-17 22:53:21.877] [info] Frame 1243 (t = 6.215):	 total squared error = 0.00395840, marker error: RMS = 0.0144339, max = 0.0277262 (SACROL)
[2025-07-17 22:53:21.955] [info] Frame 1244 (t = 6.22):	 total squared error = 0.00396652, marker error: RMS = 0.0144487, max = 0.0278008 (SACROL)
[2025-07-17 22:53:22.027] [info] Frame 1245 (t = 6.225):	 total squared error = 0.00397467, marker error: RMS = 0.0144635, max = 0.0278603 (SACROL)
[2025-07-17 22:53:22.092] [info] Frame 1246 (t = 6.23):	 total squared error = 0.00398316, marker error: RMS = 0.014479, max = 0.0280249 (SACROL)
[2025-07-17 22:53:22.152] [info] Frame 1247 (t = 6.235):	 total squared error = 0.00408071, marker error: RMS = 0.0146552, max = 0.0287302 (SACROL)
[2025-07-17 22:53:22.213] [info] Frame 1248 (t = 6.24):	 total squared error = 0.00400288, marker error: RMS = 0.0145147, max = 0.0282067 (SACROL)
[2025-07-17 22:53:22.281] [info] Frame 1249 (t = 6.245):	 total squared error = 0.00410050, marker error: RMS = 0.0146907, max = 0.0289155 (SACROL)
[2025-07-17 22:53:22.345] [info] Frame 1250 (t = 6.25):	 total squared error = 0.00402506, marker error: RMS = 0.0145549, max = 0.0284064 (SACROL)
[2025-07-17 22:53:22.404] [info] Frame 1251 (t = 6.255):	 total squared error = 0.00403749, marker error: RMS = 0.0145774, max = 0.0285427 (SACROL)
[2025-07-17 22:53:22.479] [info] Frame 1252 (t = 6.26):	 total squared error = 0.00405076, marker error: RMS = 0.0146013, max = 0.0286317 (SACROL)
[2025-07-17 22:53:22.565] [info] Frame 1253 (t = 6.265):	 total squared error = 0.00406477, marker error: RMS = 0.0146265, max = 0.0287512 (SACROL)
[2025-07-17 22:53:22.648] [info] Frame 1254 (t = 6.27):	 total squared error = 0.00407895, marker error: RMS = 0.014652, max = 0.0288549 (SACROL)
[2025-07-17 22:53:22.742] [info] Frame 1255 (t = 6.275):	 total squared error = 0.00409424, marker error: RMS = 0.0146795, max = 0.0290074 (SACROL)
[2025-07-17 22:53:22.820] [info] Frame 1256 (t = 6.28):	 total squared error = 0.00419680, marker error: RMS = 0.0148622, max = 0.0297013 (SACROL)
[2025-07-17 22:53:22.890] [info] Frame 1257 (t = 6.285):	 total squared error = 0.00412588, marker error: RMS = 0.0147361, max = 0.0292463 (SACROL)
[2025-07-17 22:53:22.939] [info] Frame 1258 (t = 6.29):	 total squared error = 0.00423016, marker error: RMS = 0.0149211, max = 0.0299813 (SACROL)
[2025-07-17 22:53:22.993] [info] Frame 1259 (t = 6.295):	 total squared error = 0.00415854, marker error: RMS = 0.0147943, max = 0.029511 (SACROL)
[2025-07-17 22:53:23.061] [info] Frame 1260 (t = 6.3):	 total squared error = 0.00426024, marker error: RMS = 0.0149741, max = 0.0301497 (SACROL)
[2025-07-17 22:53:23.148] [info] Frame 1261 (t = 6.30500):	 total squared error = 0.00419210, marker error: RMS = 0.0148539, max = 0.0297435 (SACROL)
[2025-07-17 22:53:23.214] [info] Frame 1262 (t = 6.31):	 total squared error = 0.00420934, marker error: RMS = 0.0148844, max = 0.0298551 (SACROL)
[2025-07-17 22:53:23.283] [info] Frame 1263 (t = 6.315):	 total squared error = 0.00422603, marker error: RMS = 0.0149138, max = 0.0300074 (SACROL)
[2025-07-17 22:53:23.370] [info] Frame 1264 (t = 6.32):	 total squared error = 0.00424267, marker error: RMS = 0.0149432, max = 0.0301019 (SACROL)
[2025-07-17 22:53:23.440] [info] Frame 1265 (t = 6.325):	 total squared error = 0.00425945, marker error: RMS = 0.0149727, max = 0.0302256 (SACROL)
[2025-07-17 22:53:23.526] [info] Frame 1266 (t = 6.33):	 total squared error = 0.00427664, marker error: RMS = 0.0150029, max = 0.0304166 (SACROL)
[2025-07-17 22:53:23.638] [info] Frame 1267 (t = 6.335):	 total squared error = 0.00429159, marker error: RMS = 0.0150291, max = 0.0304632 (SACROL)
[2025-07-17 22:53:23.757] [info] Frame 1268 (t = 6.34):	 total squared error = 0.00430658, marker error: RMS = 0.0150553, max = 0.0306035 (SACROL)
[2025-07-17 22:53:23.864] [info] Frame 1269 (t = 6.345):	 total squared error = 0.00440516, marker error: RMS = 0.0152266, max = 0.0312199 (SACROL)
[2025-07-17 22:53:23.951] [info] Frame 1270 (t = 6.35):	 total squared error = 0.00433468, marker error: RMS = 0.0151043, max = 0.0307314 (SACROL)
[2025-07-17 22:53:24.053] [info] Frame 1271 (t = 6.355):	 total squared error = 0.00434790, marker error: RMS = 0.0151273, max = 0.0309979 (SACROL)
[2025-07-17 22:53:24.138] [info] Frame 1272 (t = 6.36):	 total squared error = 0.00444482, marker error: RMS = 0.015295, max = 0.031629 (SACROL)
[2025-07-17 22:53:24.207] [info] Frame 1273 (t = 6.365):	 total squared error = 0.00437025, marker error: RMS = 0.0151662, max = 0.0312695 (SACROL)
[2025-07-17 22:53:24.336] [info] Frame 1274 (t = 6.37):	 total squared error = 0.00437848, marker error: RMS = 0.0151805, max = 0.0312841 (SACROL)
[2025-07-17 22:53:24.468] [info] Frame 1275 (t = 6.375):	 total squared error = 0.00438693, marker error: RMS = 0.0151951, max = 0.0313695 (SACROL)
[2025-07-17 22:53:24.683] [info] Frame 1276 (t = 6.38):	 total squared error = 0.00439439, marker error: RMS = 0.0152080, max = 0.0315069 (SACROL)
[2025-07-17 22:53:24.870] [info] Frame 1277 (t = 6.385):	 total squared error = 0.00448434, marker error: RMS = 0.0153629, max = 0.0321619 (SACROL)
[2025-07-17 22:53:25.085] [info] Frame 1278 (t = 6.39):	 total squared error = 0.00440772, marker error: RMS = 0.0152311, max = 0.0317448 (SACROL)
[2025-07-17 22:53:25.275] [info] Frame 1279 (t = 6.395):	 total squared error = 0.00449763, marker error: RMS = 0.0153856, max = 0.0323783 (SACROL)
[2025-07-17 22:53:25.447] [info] Frame 1280 (t = 6.4):	 total squared error = 0.00441957, marker error: RMS = 0.0152515, max = 0.031966 (SACROL)
[2025-07-17 22:53:25.638] [info] Frame 1281 (t = 6.40500):	 total squared error = 0.00442585, marker error: RMS = 0.0152624, max = 0.0320784 (SACROL)
[2025-07-17 22:53:25.783] [info] Frame 1282 (t = 6.41):	 total squared error = 0.00443188, marker error: RMS = 0.0152728, max = 0.0321927 (SACROL)
[2025-07-17 22:53:25.946] [info] Frame 1283 (t = 6.415):	 total squared error = 0.00443784, marker error: RMS = 0.015283, max = 0.0322923 (SACROL)
[2025-07-17 22:53:26.072] [info] Frame 1284 (t = 6.42):	 total squared error = 0.00444171, marker error: RMS = 0.0152897, max = 0.0324443 (SACROL)
[2025-07-17 22:53:26.212] [info] Frame 1285 (t = 6.425):	 total squared error = 0.00452323, marker error: RMS = 0.0154293, max = 0.0329892 (SACROL)
[2025-07-17 22:53:26.313] [info] Frame 1286 (t = 6.43):	 total squared error = 0.00444811, marker error: RMS = 0.0153007, max = 0.0326675 (SACROL)
[2025-07-17 22:53:26.399] [info] Frame 1287 (t = 6.435):	 total squared error = 0.00452846, marker error: RMS = 0.0154383, max = 0.0332603 (SACROL)
[2025-07-17 22:53:26.481] [info] Frame 1288 (t = 6.44):	 total squared error = 0.00444896, marker error: RMS = 0.0153021, max = 0.0329039 (SACROL)
[2025-07-17 22:53:26.619] [info] Frame 1289 (t = 6.445):	 total squared error = 0.00444600, marker error: RMS = 0.0152971, max = 0.0329739 (SACROL)
[2025-07-17 22:53:26.694] [info] Frame 1290 (t = 6.45):	 total squared error = 0.00451727, marker error: RMS = 0.0154192, max = 0.0334962 (SACROL)
[2025-07-17 22:53:26.779] [info] Frame 1291 (t = 6.455):	 total squared error = 0.00443449, marker error: RMS = 0.0152772, max = 0.0331866 (SACROL)
[2025-07-17 22:53:26.860] [info] Frame 1292 (t = 6.46):	 total squared error = 0.00442507, marker error: RMS = 0.015261, max = 0.0332416 (SACROL)
[2025-07-17 22:53:26.963] [info] Frame 1293 (t = 6.465):	 total squared error = 0.00441295, marker error: RMS = 0.0152401, max = 0.0333302 (SACROL)
[2025-07-17 22:53:27.048] [info] Frame 1294 (t = 6.47):	 total squared error = 0.00440023, marker error: RMS = 0.0152181, max = 0.0334257 (SACROL)
[2025-07-17 22:53:27.125] [info] Frame 1295 (t = 6.475):	 total squared error = 0.00445680, marker error: RMS = 0.0153156, max = 0.0337912 (SACROL)
[2025-07-17 22:53:27.215] [info] Frame 1296 (t = 6.48):	 total squared error = 0.00436705, marker error: RMS = 0.0151606, max = 0.0334872 (SACROL)
[2025-07-17 22:53:27.304] [info] Frame 1297 (t = 6.485):	 total squared error = 0.00442002, marker error: RMS = 0.0152523, max = 0.0338436 (SACROL)
[2025-07-17 22:53:27.578] [info] Frame 1298 (t = 6.49):	 total squared error = 0.00432910, marker error: RMS = 0.0150946, max = 0.0335563 (SACROL)
[2025-07-17 22:53:27.748] [info] Frame 1299 (t = 6.495):	 total squared error = 0.00430959, marker error: RMS = 0.0150606, max = 0.0335937 (SACROL)
[2025-07-17 22:53:27.923] [info] Frame 1300 (t = 6.5):	 total squared error = 0.00428883, marker error: RMS = 0.0150242, max = 0.0336401 (SACROL)
[2025-07-17 22:53:28.101] [info] Frame 1301 (t = 6.50500):	 total squared error = 0.00426702, marker error: RMS = 0.014986, max = 0.0336291 (SACROL)
[2025-07-17 22:53:28.298] [info] Frame 1302 (t = 6.51):	 total squared error = 0.00424468, marker error: RMS = 0.0149467, max = 0.033714 (SACROL)
[2025-07-17 22:53:28.454] [info] Frame 1303 (t = 6.515):	 total squared error = 0.00428998, marker error: RMS = 0.0150263, max = 0.0341205 (SACROL)
[2025-07-17 22:53:28.683] [info] Frame 1304 (t = 6.52):	 total squared error = 0.00419775, marker error: RMS = 0.0148639, max = 0.0338213 (SACROL)
[2025-07-17 22:53:28.870] [info] Frame 1305 (t = 6.525):	 total squared error = 0.00417225, marker error: RMS = 0.0148186, max = 0.0338321 (SACROL)
[2025-07-17 22:53:29.034] [info] Frame 1306 (t = 6.53):	 total squared error = 0.00414594, marker error: RMS = 0.0147718, max = 0.0338808 (SACROL)
[2025-07-17 22:53:29.180] [info] Frame 1307 (t = 6.535):	 total squared error = 0.00411711, marker error: RMS = 0.0147204, max = 0.0338825 (SACROL)
[2025-07-17 22:53:29.287] [info] Frame 1308 (t = 6.54):	 total squared error = 0.00408795, marker error: RMS = 0.0146682, max = 0.0339377 (SACROL)
[2025-07-17 22:53:29.365] [info] Frame 1309 (t = 6.545):	 total squared error = 0.00412193, marker error: RMS = 0.014729, max = 0.0342022 (SACROL)
[2025-07-17 22:53:29.459] [info] Frame 1310 (t = 6.55):	 total squared error = 0.00402234, marker error: RMS = 0.01455, max = 0.033925 (SACROL)
[2025-07-17 22:53:29.511] [info] Frame 1311 (t = 6.555):	 total squared error = 0.00405715, marker error: RMS = 0.0146128, max = 0.0330100 (SACROL)
[2025-07-17 22:53:29.626] [info] Frame 1312 (t = 6.56):	 total squared error = 0.00395024, marker error: RMS = 0.014419, max = 0.0338395 (SACROL)
[2025-07-17 22:53:29.712] [info] Frame 1313 (t = 6.565):	 total squared error = 0.00391271, marker error: RMS = 0.0143503, max = 0.0339064 (SACROL)
[2025-07-17 22:53:29.808] [info] Frame 1314 (t = 6.57):	 total squared error = 0.00387228, marker error: RMS = 0.014276, max = 0.0337762 (SACROL)
[2025-07-17 22:53:29.881] [info] Frame 1315 (t = 6.575):	 total squared error = 0.00389456, marker error: RMS = 0.014317, max = 0.0339054 (SACROL)
[2025-07-17 22:53:29.969] [info] Frame 1316 (t = 6.58):	 total squared error = 0.00378908, marker error: RMS = 0.0141218, max = 0.0336789 (SACROL)
[2025-07-17 22:53:30.058] [info] Frame 1317 (t = 6.585):	 total squared error = 0.00374556, marker error: RMS = 0.0140405, max = 0.0336041 (SACROL)
[2025-07-17 22:53:30.158] [info] Frame 1318 (t = 6.59):	 total squared error = 0.00370063, marker error: RMS = 0.013956, max = 0.0334733 (SACROL)
[2025-07-17 22:53:30.260] [info] Frame 1319 (t = 6.595):	 total squared error = 0.00365465, marker error: RMS = 0.013869, max = 0.0334146 (SACROL)
[2025-07-17 22:53:30.339] [info] Frame 1320 (t = 6.6):	 total squared error = 0.00360741, marker error: RMS = 0.0137791, max = 0.0330820 (SACROL)
[2025-07-17 22:53:30.467] [info] Frame 1321 (t = 6.60500):	 total squared error = 0.00355930, marker error: RMS = 0.0136869, max = 0.0331952 (SACROL)
[2025-07-17 22:53:30.546] [info] Frame 1322 (t = 6.61):	 total squared error = 0.00357201, marker error: RMS = 0.0137113, max = 0.0333368 (SACROL)
[2025-07-17 22:53:30.612] [info] Frame 1323 (t = 6.615):	 total squared error = 0.00345860, marker error: RMS = 0.0134919, max = 0.0328543 (SACROL)
[2025-07-17 22:53:30.691] [info] Frame 1324 (t = 6.62):	 total squared error = 0.00346761, marker error: RMS = 0.0135095, max = 0.0330685 (SACROL)
[2025-07-17 22:53:30.755] [info] Frame 1325 (t = 6.625):	 total squared error = 0.00335344, marker error: RMS = 0.0132852, max = 0.0324488 (SACROL)
[2025-07-17 22:53:30.823] [info] Frame 1326 (t = 6.63):	 total squared error = 0.00335806, marker error: RMS = 0.0132944, max = 0.0325686 (SACROL)
[2025-07-17 22:53:30.887] [info] Frame 1327 (t = 6.635):	 total squared error = 0.00324381, marker error: RMS = 0.0130662, max = 0.0323159 (SACROL)
[2025-07-17 22:53:30.961] [info] Frame 1328 (t = 6.64):	 total squared error = 0.00324588, marker error: RMS = 0.0130704, max = 0.0323447 (SACROL)
[2025-07-17 22:53:31.044] [info] Frame 1329 (t = 6.645):	 total squared error = 0.00312692, marker error: RMS = 0.0128287, max = 0.031789 (SACROL)
[2025-07-17 22:53:31.142] [info] Frame 1330 (t = 6.65):	 total squared error = 0.00306623, marker error: RMS = 0.0127036, max = 0.0315239 (SACROL)
[2025-07-17 22:53:31.226] [info] Frame 1331 (t = 6.655):	 total squared error = 0.00306370, marker error: RMS = 0.0126983, max = 0.031437 (SACROL)
[2025-07-17 22:53:31.318] [info] Frame 1332 (t = 6.66):	 total squared error = 0.00294240, marker error: RMS = 0.0124444, max = 0.0310715 (SACROL)
[2025-07-17 22:53:31.398] [info] Frame 1333 (t = 6.665):	 total squared error = 0.00287983, marker error: RMS = 0.0123114, max = 0.0309165 (SACROL)
[2025-07-17 22:53:31.487] [info] Frame 1334 (t = 6.67):	 total squared error = 0.00281456, marker error: RMS = 0.0121711, max = 0.0305281 (SACROL)
[2025-07-17 22:53:31.586] [info] Frame 1335 (t = 6.675):	 total squared error = 0.00280221, marker error: RMS = 0.0121443, max = 0.0302111 (SACROL)
[2025-07-17 22:53:31.641] [info] Frame 1336 (t = 6.68):	 total squared error = 0.00274717, marker error: RMS = 0.0120245, max = 0.0301754 (SACROL)
[2025-07-17 22:53:31.753] [info] Frame 1337 (t = 6.685):	 total squared error = 0.00261710, marker error: RMS = 0.0117363, max = 0.0294113 (SACROL)
[2025-07-17 22:53:31.848] [info] Frame 1338 (t = 6.69):	 total squared error = 0.00255287, marker error: RMS = 0.0115914, max = 0.0291554 (SACROL)
[2025-07-17 22:53:31.998] [info] Frame 1339 (t = 6.695):	 total squared error = 0.00248633, marker error: RMS = 0.0114394, max = 0.0285469 (SACROL)
[2025-07-17 22:53:32.118] [info] Frame 1340 (t = 6.7):	 total squared error = 0.00242256, marker error: RMS = 0.0112917, max = 0.0281832 (SACROL)
[2025-07-17 22:53:32.249] [info] Frame 1341 (t = 6.70500):	 total squared error = 0.00235928, marker error: RMS = 0.0111433, max = 0.0277436 (SACROL)
[2025-07-17 22:53:32.369] [info] Frame 1342 (t = 6.71):	 total squared error = 0.00230126, marker error: RMS = 0.0110054, max = 0.0274711 (SACROL)
[2025-07-17 22:53:32.483] [info] Frame 1343 (t = 6.715):	 total squared error = 0.00228606, marker error: RMS = 0.0109690, max = 0.0271848 (SACROL)
[2025-07-17 22:53:32.625] [info] Frame 1344 (t = 6.72):	 total squared error = 0.00217868, marker error: RMS = 0.0107083, max = 0.0265129 (SACROL)
[2025-07-17 22:53:32.796] [info] Frame 1345 (t = 6.725):	 total squared error = 0.00212051, marker error: RMS = 0.0105644, max = 0.0260766 (SACROL)
[2025-07-17 22:53:32.909] [info] Frame 1346 (t = 6.73):	 total squared error = 0.00206747, marker error: RMS = 0.0104314, max = 0.0257011 (SACROL)
[2025-07-17 22:53:33.010] [info] Frame 1347 (t = 6.735):	 total squared error = 0.00201922, marker error: RMS = 0.0103090, max = 0.0254377 (SACROL)
[2025-07-17 22:53:33.168] [info] Frame 1348 (t = 6.74):	 total squared error = 0.00195706, marker error: RMS = 0.0101490, max = 0.0247117 (SACROL)
[2025-07-17 22:53:33.299] [info] Frame 1349 (t = 6.745):	 total squared error = 0.00190630, marker error: RMS = 0.0100166, max = 0.0242802 (SACROL)
[2025-07-17 22:53:33.409] [info] Frame 1350 (t = 6.75):	 total squared error = 0.00185875, marker error: RMS = 0.00989084, max = 0.0237863 (SACROL)
[2025-07-17 22:53:33.547] [info] Frame 1351 (t = 6.755):	 total squared error = 0.00180735, marker error: RMS = 0.00975314, max = 0.0232836 (SACROL)
[2025-07-17 22:53:33.665] [info] Frame 1352 (t = 6.76):	 total squared error = 0.00176157, marker error: RMS = 0.00962882, max = 0.0227538 (SACROL)
[2025-07-17 22:53:33.756] [info] Frame 1353 (t = 6.765):	 total squared error = 0.00174578, marker error: RMS = 0.00958556, max = 0.0225002 (SACROL)
[2025-07-17 22:53:33.906] [info] Frame 1354 (t = 6.77):	 total squared error = 0.00166585, marker error: RMS = 0.00936357, max = 0.0217182 (SACROL)
[2025-07-17 22:53:34.008] [info] Frame 1355 (t = 6.775):	 total squared error = 0.00162261, marker error: RMS = 0.00924123, max = 0.0212505 (SACROL)
[2025-07-17 22:53:34.114] [info] Frame 1356 (t = 6.78):	 total squared error = 0.00157683, marker error: RMS = 0.00910996, max = 0.0207117 (SACROL)
[2025-07-17 22:53:34.171] [info] Frame 1357 (t = 6.785):	 total squared error = 0.00155710, marker error: RMS = 0.00905278, max = 0.0207044 (SACROL)
[2025-07-17 22:53:34.298] [info] Frame 1358 (t = 6.79):	 total squared error = 0.00148771, marker error: RMS = 0.00884876, max = 0.0195872 (SACROL)
[2025-07-17 22:53:34.358] [info] Frame 1359 (t = 6.795):	 total squared error = 0.00146507, marker error: RMS = 0.00878117, max = 0.0191919 (SACROL)
[2025-07-17 22:53:34.486] [info] Frame 1360 (t = 6.8):	 total squared error = 0.00140171, marker error: RMS = 0.00858919, max = 0.0184535 (SACROL)
[2025-07-17 22:53:34.718] [info] Frame 1361 (t = 6.80500):	 total squared error = 0.00135933, marker error: RMS = 0.00845835, max = 0.0178335 (SACROL)
[2025-07-17 22:53:34.848] [info] Frame 1362 (t = 6.81):	 total squared error = 0.00131744, marker error: RMS = 0.00832701, max = 0.0172148 (SACROL)
[2025-07-17 22:53:34.928] [info] Frame 1363 (t = 6.815):	 total squared error = 0.00129431, marker error: RMS = 0.00825358, max = 0.0167995 (SACROL)
[2025-07-17 22:53:35.097] [info] Frame 1364 (t = 6.82):	 total squared error = 0.00123450, marker error: RMS = 0.00806062, max = 0.0160447 (SACROL)
[2025-07-17 22:53:35.208] [info] Frame 1365 (t = 6.825):	 total squared error = 0.00119793, marker error: RMS = 0.00794034, max = 0.0154385 (SACROL)
[2025-07-17 22:53:35.359] [info] Frame 1366 (t = 6.83):	 total squared error = 0.00115839, marker error: RMS = 0.00780818, max = 0.0149362 (LTOE)
[2025-07-17 22:53:35.498] [info] Frame 1367 (t = 6.835):	 total squared error = 0.00112187, marker error: RMS = 0.00768412, max = 0.0147707 (LTOE)
[2025-07-17 22:53:35.670] [info] Frame 1368 (t = 6.84):	 total squared error = 0.00108775, marker error: RMS = 0.00756638, max = 0.014598 (LTOE)
[2025-07-17 22:53:35.821] [info] Frame 1369 (t = 6.845):	 total squared error = 0.00105587, marker error: RMS = 0.00745468, max = 0.0144649 (LTOE)
[2025-07-17 22:53:36.006] [info] Frame 1370 (t = 6.85):	 total squared error = 0.00102604, marker error: RMS = 0.00734862, max = 0.0142839 (LTOE)
[2025-07-17 22:53:36.139] [info] Frame 1371 (t = 6.855):	 total squared error = 0.00100138, marker error: RMS = 0.00725977, max = 0.0141867 (LTOE)
[2025-07-17 22:53:36.310] [info] Frame 1372 (t = 6.86):	 total squared error = 0.000972812, marker error: RMS = 0.00715546, max = 0.0140108 (LTOE)
[2025-07-17 22:53:36.492] [info] Frame 1373 (t = 6.865):	 total squared error = 0.000949243, marker error: RMS = 0.00706825, max = 0.0138959 (LTOE)
[2025-07-17 22:53:36.616] [info] Frame 1374 (t = 6.87):	 total squared error = 0.000929585, marker error: RMS = 0.00699468, max = 0.013785 (LTOE)
[2025-07-17 22:53:36.635] [info] InverseKinematicsTool completed 592 frames in 81 second(s) (1 minute(s), 21 second(s)).
[2025-07-17 22:53:36.724] [info] Loaded model Athlete_03_scaled_updated_masses from file c:\Git\1_current_projects\powerlifing_model\models\Athlete_03_linearly_scaled_scaledMasses_increased_3.00.osim
[2025-07-17 22:53:36.888] [info] Storage: read data file = c:\Git\1_current_projects\powerlifing_model\simulations\Athlete_03\22_07_06\sq_85\joint_angles.mot (nr=592 nc=27)
[2025-07-17 22:53:37.002] [info] Loaded model Athlete_03_scaled_updated_masses from file c:\Git\1_current_projects\powerlifing_model\models\Athlete_03_linearly_scaled_scaledMasses_increased_3.00.osim
[2025-07-17 22:53:37.132] [cout] [info] 
               MODEL: Athlete_03_scaled_updated_masses
         coordinates: 26
              forces: 80
           actuators: 80
             muscles: 80
            analyses: 0
              probes: 0
              bodies: 14
              joints: 14
         constraints: 2
             markers: 33
         controllers: 0
  contact geometries: 0
misc modelcomponents: 0
[2025-07-17 22:53:37.133] [info] Running tool ...
[2025-07-17 22:53:37.286] [info] Storage: read data file = grf.mot (nr=7720 nc=19)
[2025-07-17 22:53:37.425] [info] ExternalForce::grf_r_1 Data source being set to grf
[2025-07-17 22:53:37.425] [info] ExternalForce::grf_l_2 Data source being set to grf
[2025-07-17 22:53:37.458] [info] Storage: read data file = c:\Git\1_current_projects\powerlifing_model\simulations\Athlete_03\22_07_06\sq_85\joint_angles.mot (nr=592 nc=27)
[2025-07-17 22:53:37.477] [info] Low-pass filtering coordinates data with a cutoff frequency of 6.0...
[2025-07-17 22:53:42.210] [info] InverseDynamicsTool: 592 time frames in 4 second(s).
