[2025-07-16 13:07:34.521] [info] AbstractTool  loading model ../../../../models/Athlete_03_mri_scaled.osim
[2025-07-16 13:07:34.562] [info] Loaded model Athlete_03_MRI_scaled from file ../../../../models/Athlete_03_mri_scaled.osim
[2025-07-16 13:07:34.593] [error] Failed to construct ExternalLoads from file ./externalloads.xml. Please make sure the file exists and that it contains an ExternalLoads object or create a fresh one.
[2025-07-16 13:07:55.728] [info] AbstractTool  loading model ../../../../models/Athlete_03_mri_scaled.osim
[2025-07-16 13:07:55.766] [info] Loaded model Athlete_03_MRI_scaled from file ../../../../models/Athlete_03_mri_scaled.osim
[2025-07-16 13:07:55.794] [error] Failed to construct ExternalLoads from file externalloads.xml. Please make sure the file exists and that it contains an ExternalLoads object or create a fresh one.
[2025-07-16 13:09:18.073] [info] AbstractTool  loading model ../../../../models/Athlete_03_mri_scaled.osim
[2025-07-16 13:09:18.117] [info] Loaded model Athlete_03_MRI_scaled from file ../../../../models/Athlete_03_mri_scaled.osim
[2025-07-16 13:09:18.147] [error] Failed to construct ExternalLoads from file externalloads.xml. Please make sure the file exists and that it contains an ExternalLoads object or create a fresh one.
[2025-07-16 13:09:52.080] [info] AbstractTool  loading model ../../../../models/Athlete_03_mri_scaled.osim
[2025-07-16 13:09:52.120] [info] Loaded model Athlete_03_MRI_scaled from file ../../../../models/Athlete_03_mri_scaled.osim
[2025-07-16 13:09:52.164] [info] Storage: read data file = grf.mot (nr=6920 nc=19)
[2025-07-16 13:09:52.242] [info] ExternalForce::grf_r_1 Data source being set to grf
[2025-07-16 13:09:52.242] [info] ExternalForce::grf_l_2 Data source being set to grf
[2025-07-16 13:09:52.254] [info] Loading coordinates from file './joint_angles.mot'.
[2025-07-16 13:09:52.255] [info] Storage: read data file = ./joint_angles.mot (nr=787 nc=27)
[2025-07-16 13:09:52.274] [info] Low-pass filtering coordinates data with a cutoff frequency of 6.0...
[2025-07-16 13:09:53.353] [info] AssemblySolver::track() attempt Failed: SimTK Exception thrown at Assembler.cpp:973:
  Method Assembler::track() failed because:
Unable to achieve required assembly error tolerance.
Assembly error tolerance achieved: 9.8938524446937431e-09 required: 1e-10.
[2025-07-16 13:09:53.364] [error] Model unable to assemble: AssemblySolver::assemble() Failed: SimTK Exception thrown at Assembler.cpp:897:
  Method Assembler::assemble() failed because:
Unable to achieve required assembly error tolerance.
Assembly error tolerance achieved: 9.8938524446029253e-09 required: 1e-10..Model relaxing constraints and trying again.
[2025-07-16 13:09:54.180] [info] Found 1573 state vectors with time stamps ranging from 0.33 to 8.19.
[2025-07-16 13:09:54.180] [info] Executing the analyses from 2.295 to 6.225...
[2025-07-16 13:09:54.182] [info] Loading actuator forces from file ./SO_StaticOptimization_force.sto.
[2025-07-16 13:09:54.182] [info] Storage: read data file = ./SO_StaticOptimization_force.sto (nr=787 nc=99)
[2025-07-16 13:09:54.239] [info] Found 98 actuator forces with time stamps ranging from 2.295to 6.225.
[2025-07-16 13:09:54.239] [warning] The forces file contains actuators that are not in the model's actuator set.
[2025-07-16 13:09:54.239] [warning] Ignoring fiber lengths and activations from the states since forces_file is also set. Actuator forces will be constructed from ./SO_StaticOptimization_force.sto.
[2025-07-16 13:09:55.900] [info] Printing results of investigation  to .
