[2025-07-14 21:18:17.625] [info] Loaded model Rajagopal-generic-scaled from file 3a_osim_markers/scaled_model_P01bis.osim
[2025-07-14 21:18:17.629] [warning] Couldn't find file 'r_pelvis.vtp'.
[2025-07-14 21:18:17.629] [warning] Couldn't find file 'l_pelvis.vtp'.
[2025-07-14 21:18:17.631] [warning] Couldn't find file 'sacrum.vtp'.
[2025-07-14 21:18:17.631] [warning] Couldn't find file 'r_femur.vtp'.
[2025-07-14 21:18:17.631] [warning] Couldn't find file 'r_tibia.vtp'.
[2025-07-14 21:18:17.631] [warning] Couldn't find file 'r_fibula.vtp'.
[2025-07-14 21:18:17.631] [warning] Couldn't find file 'r_patella.vtp'.
[2025-07-14 21:18:17.632] [warning] Couldn't find file 'r_talus.vtp'.
[2025-07-14 21:18:17.632] [warning] Couldn't find file 'r_foot.vtp'.
[2025-07-14 21:18:17.633] [warning] Couldn't find file 'r_bofoot.vtp'.
[2025-07-14 21:18:17.633] [warning] Couldn't find file 'l_femur.vtp'.
[2025-07-14 21:18:17.633] [warning] Couldn't find file 'l_tibia.vtp'.
[2025-07-14 21:18:17.633] [warning] Couldn't find file 'l_fibula.vtp'.
[2025-07-14 21:18:17.633] [warning] Couldn't find file 'l_patella.vtp'.
[2025-07-14 21:18:17.633] [warning] Couldn't find file 'l_talus.vtp'.
[2025-07-14 21:18:17.633] [warning] Couldn't find file 'l_foot.vtp'.
[2025-07-14 21:18:17.633] [warning] Couldn't find file 'l_bofoot.vtp'.
[2025-07-14 21:18:35.328] [info] Loaded model Rajagopal-generic-scaled from file 3a_osim_markers/scaled_model_P01bis.osim
[2025-07-14 21:18:35.329] [warning] Couldn't find file 'r_pelvis.vtp'.
[2025-07-14 21:18:35.329] [warning] Couldn't find file 'l_pelvis.vtp'.
[2025-07-14 21:18:35.329] [warning] Couldn't find file 'sacrum.vtp'.
[2025-07-14 21:18:35.329] [warning] Couldn't find file 'r_femur.vtp'.
[2025-07-14 21:18:35.329] [warning] Couldn't find file 'r_tibia.vtp'.
[2025-07-14 21:18:35.329] [warning] Couldn't find file 'r_fibula.vtp'.
[2025-07-14 21:18:35.329] [warning] Couldn't find file 'r_patella.vtp'.
[2025-07-14 21:18:35.330] [warning] Couldn't find file 'r_talus.vtp'.
[2025-07-14 21:18:35.330] [warning] Couldn't find file 'r_foot.vtp'.
[2025-07-14 21:18:35.330] [warning] Couldn't find file 'r_bofoot.vtp'.
[2025-07-14 21:18:35.330] [warning] Couldn't find file 'l_femur.vtp'.
[2025-07-14 21:18:35.330] [warning] Couldn't find file 'l_tibia.vtp'.
[2025-07-14 21:18:35.330] [warning] Couldn't find file 'l_fibula.vtp'.
[2025-07-14 21:18:35.330] [warning] Couldn't find file 'l_patella.vtp'.
[2025-07-14 21:18:35.330] [warning] Couldn't find file 'l_talus.vtp'.
[2025-07-14 21:18:35.330] [warning] Couldn't find file 'l_foot.vtp'.
[2025-07-14 21:18:35.331] [warning] Couldn't find file 'l_bofoot.vtp'.
