[2025-07-29 21:53:50.634] [info] AbstractTool  loading model ../001/P01/model_update/5_optimised\P01_pers.osim
[2025-07-29 21:56:46.600] [info] Loaded model Rajagopal-generic-scaled-scaled from file ../001/P01/model_update/5_optimised\P01_pers.osim
[2025-07-29 21:56:46.717] [warning] Couldn't find file 'r_talus.vtp'.
[2025-07-29 21:56:46.718] [warning] Couldn't find file 'r_foot.vtp'.
[2025-07-29 21:56:46.718] [warning] Couldn't find file 'r_bofoot.vtp'.
[2025-07-29 21:56:46.808] [warning] Couldn't find file 'l_talus.vtp'.
[2025-07-29 21:56:46.809] [warning] Couldn't find file 'l_foot.vtp'.
[2025-07-29 21:56:46.809] [warning] Couldn't find file 'l_bofoot.vtp'.
[2025-07-29 21:56:46.809] [warning] Couldn't find file 'hat_spine.vtp'.
[2025-07-29 21:56:46.809] [warning] Couldn't find file 'hat_jaw.vtp'.
[2025-07-29 21:56:46.810] [warning] Couldn't find file 'hat_skull.vtp'.
[2025-07-29 21:56:46.810] [warning] Couldn't find file 'hat_ribs_scap.vtp'.
[2025-07-29 21:56:55.337] [info] Loaded model Rajagopal-generic-scaled-scaled from file ../001/P01/model_update/5_optimised\P01_pers.osim
[2025-07-29 21:56:55.341] [warning] Couldn't find file 'r_talus.vtp'.
[2025-07-29 21:56:55.341] [warning] Couldn't find file 'r_foot.vtp'.
[2025-07-29 21:56:55.341] [warning] Couldn't find file 'r_bofoot.vtp'.
[2025-07-29 21:56:55.342] [warning] Couldn't find file 'l_talus.vtp'.
[2025-07-29 21:56:55.343] [warning] Couldn't find file 'l_foot.vtp'.
[2025-07-29 21:56:55.343] [warning] Couldn't find file 'l_bofoot.vtp'.
[2025-07-29 21:56:55.343] [warning] Couldn't find file 'hat_spine.vtp'.
[2025-07-29 21:56:55.343] [warning] Couldn't find file 'hat_jaw.vtp'.
[2025-07-29 21:56:55.343] [warning] Couldn't find file 'hat_skull.vtp'.
[2025-07-29 21:56:55.343] [warning] Couldn't find file 'hat_ribs_scap.vtp'.
[2025-07-29 21:57:06.465] [info] Loaded model Rajagopal-generic-scaled-scaled from file ../001/P01/model_update/5_optimised\P01_pers.osim
[2025-07-29 21:57:06.467] [warning] Couldn't find file 'r_talus.vtp'.
[2025-07-29 21:57:06.468] [warning] Couldn't find file 'r_foot.vtp'.
[2025-07-29 21:57:06.468] [warning] Couldn't find file 'r_bofoot.vtp'.
[2025-07-29 21:57:06.468] [warning] Couldn't find file 'l_talus.vtp'.
[2025-07-29 21:57:06.469] [warning] Couldn't find file 'l_foot.vtp'.
[2025-07-29 21:57:06.469] [warning] Couldn't find file 'l_bofoot.vtp'.
[2025-07-29 21:57:06.469] [warning] Couldn't find file 'hat_spine.vtp'.
[2025-07-29 21:57:06.469] [warning] Couldn't find file 'hat_jaw.vtp'.
[2025-07-29 21:57:06.469] [warning] Couldn't find file 'hat_skull.vtp'.
[2025-07-29 21:57:06.470] [warning] Couldn't find file 'hat_ribs_scap.vtp'.
[2025-07-29 21:57:15.846] [info] Loaded model Rajagopal-generic-scaled-scaled from file ../001/P01/model_update/5_optimised\P01_pers.osim
[2025-07-29 21:57:15.849] [warning] Couldn't find file 'r_talus.vtp'.
[2025-07-29 21:57:15.849] [warning] Couldn't find file 'r_foot.vtp'.
[2025-07-29 21:57:15.849] [warning] Couldn't find file 'r_bofoot.vtp'.
[2025-07-29 21:57:15.850] [warning] Couldn't find file 'l_talus.vtp'.
[2025-07-29 21:57:15.850] [warning] Couldn't find file 'l_foot.vtp'.
[2025-07-29 21:57:15.850] [warning] Couldn't find file 'l_bofoot.vtp'.
[2025-07-29 21:57:15.850] [warning] Couldn't find file 'hat_spine.vtp'.
[2025-07-29 21:57:15.850] [warning] Couldn't find file 'hat_jaw.vtp'.
[2025-07-29 21:57:15.850] [warning] Couldn't find file 'hat_skull.vtp'.
[2025-07-29 21:57:15.850] [warning] Couldn't find file 'hat_ribs_scap.vtp'.
[2025-07-29 21:58:05.800] [info] AbstractTool  loading model ../001/P01/model_update/5_optimised\P01_pers.osim
[2025-07-29 21:58:37.370] [info] AbstractTool  loading model ../001/P01/model_update/5_optimised\P01_pers.osim
[2025-07-29 21:59:32.381] [info] AbstractTool  loading model ../001/P01/model_update/5_optimised\P01_pers.osim
[2025-07-29 22:04:37.365] [info] AbstractTool  loading model ..\../001/P01/model_update/5_optimised\P01_pers.osim
[2025-07-29 22:04:37.428] [info] Loaded model Rajagopal-generic-scaled-scaled from file ..\../001/P01/model_update/5_optimised\P01_pers.osim
[2025-07-29 22:04:37.431] [warning] Couldn't find file 'r_talus.vtp'.
[2025-07-29 22:04:37.432] [warning] Couldn't find file 'r_foot.vtp'.
[2025-07-29 22:04:37.432] [warning] Couldn't find file 'r_bofoot.vtp'.
[2025-07-29 22:04:37.432] [warning] Couldn't find file 'l_talus.vtp'.
[2025-07-29 22:04:37.432] [warning] Couldn't find file 'l_foot.vtp'.
[2025-07-29 22:04:37.433] [warning] Couldn't find file 'l_bofoot.vtp'.
[2025-07-29 22:04:37.433] [warning] Couldn't find file 'hat_spine.vtp'.
[2025-07-29 22:04:37.433] [warning] Couldn't find file 'hat_jaw.vtp'.
[2025-07-29 22:04:37.433] [warning] Couldn't find file 'hat_skull.vtp'.
[2025-07-29 22:04:37.433] [warning] Couldn't find file 'hat_ribs_scap.vtp'.
[2025-07-29 22:04:37.505] [error] Failed to construct ExternalLoads from file run01\Right_1.xml. Please make sure the file exists and that it contains an ExternalLoads object or create a fresh one.
[2025-07-29 22:07:39.277] [info] AbstractTool  loading model ..\../001/P01/model_update/5_optimised\P01_pers.osim
[2025-07-29 22:07:39.341] [info] Loaded model Rajagopal-generic-scaled-scaled from file ..\../001/P01/model_update/5_optimised\P01_pers.osim
[2025-07-29 22:07:39.345] [warning] Couldn't find file 'r_talus.vtp'.
[2025-07-29 22:07:39.345] [warning] Couldn't find file 'r_foot.vtp'.
[2025-07-29 22:07:39.345] [warning] Couldn't find file 'r_bofoot.vtp'.
[2025-07-29 22:07:39.346] [warning] Couldn't find file 'l_talus.vtp'.
[2025-07-29 22:07:39.346] [warning] Couldn't find file 'l_foot.vtp'.
[2025-07-29 22:07:39.346] [warning] Couldn't find file 'l_bofoot.vtp'.
[2025-07-29 22:07:39.346] [warning] Couldn't find file 'hat_spine.vtp'.
[2025-07-29 22:07:39.346] [warning] Couldn't find file 'hat_jaw.vtp'.
[2025-07-29 22:07:39.346] [warning] Couldn't find file 'hat_skull.vtp'.
[2025-07-29 22:07:39.346] [warning] Couldn't find file 'hat_ribs_scap.vtp'.
[2025-07-29 22:07:39.412] [info] ExternalLoads 'Right_1' was renamed and is being reset to 'externalloads'.
[2025-07-29 22:07:39.443] [error] IO.OpenInputFile(const string&,openmode mode): failed to open new_data_file.mot.
[2025-07-29 22:07:39.444] [error] Failed to read ExternalLoads data file 'new_data_file.mot'.
[2025-07-30 06:56:16.497] [info] AbstractTool  loading model ..\../001/P01/model_update/5_optimised\P01_pers.osim
[2025-07-30 06:56:16.569] [info] Loaded model Rajagopal-generic-scaled-scaled from file ..\../001/P01/model_update/5_optimised\P01_pers.osim
[2025-07-30 06:56:16.632] [warning] Couldn't find file 'r_talus.vtp'.
[2025-07-30 06:56:16.632] [warning] Couldn't find file 'r_foot.vtp'.
[2025-07-30 06:56:16.632] [warning] Couldn't find file 'r_bofoot.vtp'.
[2025-07-30 06:56:16.675] [warning] Couldn't find file 'l_talus.vtp'.
[2025-07-30 06:56:16.676] [warning] Couldn't find file 'l_foot.vtp'.
[2025-07-30 06:56:16.676] [warning] Couldn't find file 'l_bofoot.vtp'.
[2025-07-30 06:56:16.676] [warning] Couldn't find file 'hat_spine.vtp'.
[2025-07-30 06:56:16.676] [warning] Couldn't find file 'hat_jaw.vtp'.
[2025-07-30 06:56:16.676] [warning] Couldn't find file 'hat_skull.vtp'.
[2025-07-30 06:56:16.676] [warning] Couldn't find file 'hat_ribs_scap.vtp'.
[2025-07-30 06:56:16.710] [info] ExternalLoads 'Right_1' was renamed and is being reset to 'externalloads'.
[2025-07-30 06:56:16.726] [error] IO.OpenInputFile(const string&,openmode mode): failed to open new_data_file.mot.
[2025-07-30 06:56:16.727] [error] Failed to read ExternalLoads data file 'new_data_file.mot'.
[2025-07-30 06:56:33.953] [info] AbstractTool  loading model ..\../001/P01/model_update/5_optimised\P01_pers.osim
[2025-07-30 06:56:33.994] [info] Loaded model Rajagopal-generic-scaled-scaled from file ..\../001/P01/model_update/5_optimised\P01_pers.osim
[2025-07-30 06:56:33.996] [warning] Couldn't find file 'r_talus.vtp'.
[2025-07-30 06:56:33.997] [warning] Couldn't find file 'r_foot.vtp'.
[2025-07-30 06:56:33.997] [warning] Couldn't find file 'r_bofoot.vtp'.
[2025-07-30 06:56:33.997] [warning] Couldn't find file 'l_talus.vtp'.
[2025-07-30 06:56:33.998] [warning] Couldn't find file 'l_foot.vtp'.
[2025-07-30 06:56:33.998] [warning] Couldn't find file 'l_bofoot.vtp'.
[2025-07-30 06:56:33.998] [warning] Couldn't find file 'hat_spine.vtp'.
[2025-07-30 06:56:33.998] [warning] Couldn't find file 'hat_jaw.vtp'.
[2025-07-30 06:56:33.998] [warning] Couldn't find file 'hat_skull.vtp'.
[2025-07-30 06:56:33.998] [warning] Couldn't find file 'hat_ribs_scap.vtp'.
[2025-07-30 06:56:34.031] [info] ExternalLoads 'Right_1' was renamed and is being reset to 'externalloads'.
[2025-07-30 06:56:34.047] [error] IO.OpenInputFile(const string&,openmode mode): failed to open new_data_file.mot.
[2025-07-30 06:56:34.047] [error] Failed to read ExternalLoads data file 'new_data_file.mot'.
[2025-07-30 07:29:13.176] [info] AbstractTool  loading model ..\../001/P01/model_update/5_optimised\P01_pers.osim
[2025-07-30 07:29:13.217] [info] Loaded model Rajagopal-generic-scaled-scaled from file ..\../001/P01/model_update/5_optimised\P01_pers.osim
[2025-07-30 07:29:13.219] [warning] Couldn't find file 'r_talus.vtp'.
[2025-07-30 07:29:13.219] [warning] Couldn't find file 'r_foot.vtp'.
[2025-07-30 07:29:13.219] [warning] Couldn't find file 'r_bofoot.vtp'.
[2025-07-30 07:29:13.220] [warning] Couldn't find file 'l_talus.vtp'.
[2025-07-30 07:29:13.220] [warning] Couldn't find file 'l_foot.vtp'.
[2025-07-30 07:29:13.220] [warning] Couldn't find file 'l_bofoot.vtp'.
[2025-07-30 07:29:13.220] [warning] Couldn't find file 'hat_spine.vtp'.
[2025-07-30 07:29:13.221] [warning] Couldn't find file 'hat_jaw.vtp'.
[2025-07-30 07:29:13.221] [warning] Couldn't find file 'hat_skull.vtp'.
[2025-07-30 07:29:13.221] [warning] Couldn't find file 'hat_ribs_scap.vtp'.
[2025-07-30 07:29:13.253] [info] ExternalLoads 'Right_1' was renamed and is being reset to 'externalloads'.
[2025-07-30 07:29:13.268] [info] ExternalForce::plate1 Data source being set to DataType=double
[2025-07-30 07:29:13.282] [info] Loading coordinates from file 'IK_half_cycle.mot'.
[2025-07-30 07:29:13.283] [info] Low-pass filtering coordinates data with a cutoff frequency of 6.0...
[2025-07-30 07:29:13.369] [info] AssemblySolver::track() attempt Failed: SimTK Exception thrown at Assembler.cpp:973:
  Method Assembler::track() failed because:
Unable to achieve required assembly error tolerance.
Assembly error tolerance achieved: 9.8430155387803819e-09 required: 1e-10.
[2025-07-30 07:29:13.379] [error] Model unable to assemble: AssemblySolver::assemble() Failed: SimTK Exception thrown at Assembler.cpp:897:
  Method Assembler::assemble() failed because:
Unable to achieve required assembly error tolerance.
Assembly error tolerance achieved: 9.8430155388785517e-09 required: 1e-10..Model relaxing constraints and trying again.
[2025-07-30 07:29:13.531] [info] Found 241 state vectors with time stamps ranging from -0.16 to 1.04.
[2025-07-30 07:29:13.532] [info] Executing the analyses from 0.135 to 0.74...
[2025-07-30 07:29:13.541] [warning] MuscleAnalysis: coordinate mtp_angle_r is locked and can't be varied.
[2025-07-30 07:29:13.541] [warning] MuscleAnalysis: coordinate mtp_angle_l is locked and can't be varied.
[2025-07-30 07:29:33.703] [info] Printing results of investigation  to .
[2025-07-30 07:32:14.962] [info] AbstractTool  loading model ..\../001/P01/model_update/5_optimised\P01_pers.osim
[2025-07-30 07:32:15.002] [info] Loaded model Rajagopal-generic-scaled-scaled from file ..\../001/P01/model_update/5_optimised\P01_pers.osim
[2025-07-30 07:32:15.003] [warning] Couldn't find file 'r_talus.vtp'.
[2025-07-30 07:32:15.004] [warning] Couldn't find file 'r_foot.vtp'.
[2025-07-30 07:32:15.004] [warning] Couldn't find file 'r_bofoot.vtp'.
[2025-07-30 07:32:15.004] [warning] Couldn't find file 'l_talus.vtp'.
[2025-07-30 07:32:15.004] [warning] Couldn't find file 'l_foot.vtp'.
[2025-07-30 07:32:15.005] [warning] Couldn't find file 'l_bofoot.vtp'.
[2025-07-30 07:32:15.005] [warning] Couldn't find file 'hat_spine.vtp'.
[2025-07-30 07:32:15.005] [warning] Couldn't find file 'hat_jaw.vtp'.
[2025-07-30 07:32:15.005] [warning] Couldn't find file 'hat_skull.vtp'.
[2025-07-30 07:32:15.005] [warning] Couldn't find file 'hat_ribs_scap.vtp'.
[2025-07-30 07:32:15.036] [info] ExternalLoads 'Right_1' was renamed and is being reset to 'externalloads'.
[2025-07-30 07:32:15.051] [info] ExternalForce::plate1 Data source being set to DataType=double
[2025-07-30 07:32:15.061] [info] Loading coordinates from file 'IK_half_cycle.mot'.
[2025-07-30 07:32:15.063] [info] Low-pass filtering coordinates data with a cutoff frequency of 6.0...
[2025-07-30 07:32:15.128] [info] AssemblySolver::track() attempt Failed: SimTK Exception thrown at Assembler.cpp:973:
  Method Assembler::track() failed because:
Unable to achieve required assembly error tolerance.
Assembly error tolerance achieved: 9.8430155387803819e-09 required: 1e-10.
[2025-07-30 07:32:15.136] [error] Model unable to assemble: AssemblySolver::assemble() Failed: SimTK Exception thrown at Assembler.cpp:897:
  Method Assembler::assemble() failed because:
Unable to achieve required assembly error tolerance.
Assembly error tolerance achieved: 9.8430155388785517e-09 required: 1e-10..Model relaxing constraints and trying again.
[2025-07-30 07:32:15.286] [info] Found 241 state vectors with time stamps ranging from -0.16 to 1.04.
[2025-07-30 07:32:15.286] [info] Executing the analyses from 0.135 to 0.74...
[2025-07-30 07:32:15.292] [warning] MuscleAnalysis: coordinate mtp_angle_r is locked and can't be varied.
[2025-07-30 07:32:15.292] [warning] MuscleAnalysis: coordinate mtp_angle_l is locked and can't be varied.
[2025-07-30 07:32:39.265] [info] Printing results of investigation  to muscleAnalysis
[2025-08-01 15:20:31.296] [info] AbstractTool  loading model ..\../001/P01/model_update/5_optimised\P01_pers.osim
[2025-08-01 15:20:31.358] [info] Loaded model Rajagopal-generic-scaled-scaled from file ..\../001/P01/model_update/5_optimised\P01_pers.osim
[2025-08-01 15:20:31.423] [warning] Couldn't find file 'r_talus.vtp'.
[2025-08-01 15:20:31.424] [warning] Couldn't find file 'r_foot.vtp'.
[2025-08-01 15:20:31.424] [warning] Couldn't find file 'r_bofoot.vtp'.
[2025-08-01 15:20:31.478] [warning] Couldn't find file 'l_talus.vtp'.
[2025-08-01 15:20:31.478] [warning] Couldn't find file 'l_foot.vtp'.
[2025-08-01 15:20:31.478] [warning] Couldn't find file 'l_bofoot.vtp'.
[2025-08-01 15:20:31.478] [warning] Couldn't find file 'hat_spine.vtp'.
[2025-08-01 15:20:31.479] [warning] Couldn't find file 'hat_jaw.vtp'.
[2025-08-01 15:20:31.479] [warning] Couldn't find file 'hat_skull.vtp'.
[2025-08-01 15:20:31.479] [warning] Couldn't find file 'hat_ribs_scap.vtp'.
[2025-08-01 15:20:31.530] [info] ExternalLoads 'Right_1' was renamed and is being reset to 'externalloads'.
[2025-08-01 15:20:31.562] [info] ExternalForce::plate1 Data source being set to DataType=double
[2025-08-01 15:20:31.590] [info] Loading coordinates from file 'IK_half_cycle.mot'.
[2025-08-01 15:20:31.606] [info] Low-pass filtering coordinates data with a cutoff frequency of 6.0...
[2025-08-01 15:20:31.692] [info] AssemblySolver::track() attempt Failed: SimTK Exception thrown at Assembler.cpp:973:
  Method Assembler::track() failed because:
Unable to achieve required assembly error tolerance.
Assembly error tolerance achieved: 9.8430155387803819e-09 required: 1e-10.
[2025-08-01 15:20:31.701] [error] Model unable to assemble: AssemblySolver::assemble() Failed: SimTK Exception thrown at Assembler.cpp:897:
  Method Assembler::assemble() failed because:
Unable to achieve required assembly error tolerance.
Assembly error tolerance achieved: 9.8430155388785517e-09 required: 1e-10..Model relaxing constraints and trying again.
[2025-08-01 15:20:31.868] [info] Found 241 state vectors with time stamps ranging from -0.16 to 1.04.
[2025-08-01 15:20:31.869] [info] Executing the analyses from 0.135 to 0.74...
[2025-08-01 15:20:31.878] [warning] MuscleAnalysis: coordinate mtp_angle_r is locked and can't be varied.
[2025-08-01 15:20:31.878] [warning] MuscleAnalysis: coordinate mtp_angle_l is locked and can't be varied.
[2025-08-01 15:20:52.509] [info] Printing results of investigation  to muscleAnalysis
[2025-08-02 13:30:39.153] [info] AbstractTool  loading model ..\../001/P01/model_update/5_optimised\P01_pers.osim
[2025-08-02 13:30:39.212] [info] Loaded model Rajagopal-generic-scaled-scaled from file ..\../001/P01/model_update/5_optimised\P01_pers.osim
[2025-08-02 13:30:39.275] [warning] Couldn't find file 'r_talus.vtp'.
[2025-08-02 13:30:39.275] [warning] Couldn't find file 'r_foot.vtp'.
[2025-08-02 13:30:39.275] [warning] Couldn't find file 'r_bofoot.vtp'.
[2025-08-02 13:30:39.323] [warning] Couldn't find file 'l_talus.vtp'.
[2025-08-02 13:30:39.323] [warning] Couldn't find file 'l_foot.vtp'.
[2025-08-02 13:30:39.323] [warning] Couldn't find file 'l_bofoot.vtp'.
[2025-08-02 13:30:39.323] [warning] Couldn't find file 'hat_spine.vtp'.
[2025-08-02 13:30:39.323] [warning] Couldn't find file 'hat_jaw.vtp'.
[2025-08-02 13:30:39.324] [warning] Couldn't find file 'hat_skull.vtp'.
[2025-08-02 13:30:39.324] [warning] Couldn't find file 'hat_ribs_scap.vtp'.
[2025-08-02 13:30:39.366] [info] ExternalLoads 'Right_1' was renamed and is being reset to 'externalloads'.
[2025-08-02 13:30:39.394] [info] ExternalForce::plate1 Data source being set to DataType=double
[2025-08-02 13:30:39.422] [info] Loading coordinates from file 'IK_half_cycle.mot'.
[2025-08-02 13:30:39.436] [info] Low-pass filtering coordinates data with a cutoff frequency of 6.0...
[2025-08-02 13:30:39.515] [info] AssemblySolver::track() attempt Failed: SimTK Exception thrown at Assembler.cpp:973:
  Method Assembler::track() failed because:
Unable to achieve required assembly error tolerance.
Assembly error tolerance achieved: 9.8430155387803819e-09 required: 1e-10.
[2025-08-02 13:30:39.523] [error] Model unable to assemble: AssemblySolver::assemble() Failed: SimTK Exception thrown at Assembler.cpp:897:
  Method Assembler::assemble() failed because:
Unable to achieve required assembly error tolerance.
Assembly error tolerance achieved: 9.8430155388785517e-09 required: 1e-10..Model relaxing constraints and trying again.
[2025-08-02 13:30:39.675] [info] Found 241 state vectors with time stamps ranging from -0.16 to 1.04.
[2025-08-02 13:30:39.676] [info] Executing the analyses from 0.135 to 0.74...
[2025-08-02 13:30:39.684] [warning] MuscleAnalysis: coordinate mtp_angle_r is locked and can't be varied.
[2025-08-02 13:30:39.685] [warning] MuscleAnalysis: coordinate mtp_angle_l is locked and can't be varied.
[2025-08-02 13:30:57.504] [info] Printing results of investigation  to muscleAnalysis
