[2025-07-18 09:29:53.461] [info] Loaded model Athlete_03_scaled_updated_masses from file c:\Git\1_current_projects\powerlifing_model\models\Athlete_03_linearly_scaled_scaledMasses_increased_3.00.osim
[2025-07-18 09:29:54.731] [cout] [info] 
               MODEL: Athlete_03_scaled_updated_masses
         coordinates: 26
              forces: 80
           actuators: 80
             muscles: 80
            analyses: 0
              probes: 0
              bodies: 14
              joints: 14
         constraints: 2
             markers: 33
         controllers: 0
  contact geometries: 0
misc modelcomponents: 0
[2025-07-18 09:29:54.731] [info] Running tool .
[2025-07-18 09:29:55.112] [info] Frame 651 (t = 3.255):	 total squared error = 0.00215998, marker error: RMS = 0.0101418, max = 0.0246278 (LM5)
[2025-07-18 09:29:55.237] [info] Frame 652 (t = 3.26):	 total squared error = 0.00215900, marker error: RMS = 0.0101395, max = 0.0245848 (LM5)
[2025-07-18 09:29:55.363] [info] Frame 653 (t = 3.265):	 total squared error = 0.00215922, marker error: RMS = 0.0101400, max = 0.0245032 (LM5)
[2025-07-18 09:29:55.466] [info] Frame 654 (t = 3.27):	 total squared error = 0.00216024, marker error: RMS = 0.0101424, max = 0.0244391 (LM5)
[2025-07-18 09:29:55.566] [info] Frame 655 (t = 3.275):	 total squared error = 0.00216214, marker error: RMS = 0.0101469, max = 0.0243717 (LM5)
[2025-07-18 09:29:55.673] [info] Frame 656 (t = 3.28):	 total squared error = 0.00216472, marker error: RMS = 0.0101529, max = 0.0242769 (LM5)
[2025-07-18 09:29:55.732] [info] Frame 657 (t = 3.285):	 total squared error = 0.00219617, marker error: RMS = 0.0102264, max = 0.0242887 (LM5)
[2025-07-18 09:29:55.802] [info] Frame 658 (t = 3.29):	 total squared error = 0.00217279, marker error: RMS = 0.0101718, max = 0.0241343 (LM5)
[2025-07-18 09:29:55.895] [info] Frame 659 (t = 3.295):	 total squared error = 0.00217821, marker error: RMS = 0.0101845, max = 0.0239916 (LM5)
[2025-07-18 09:29:55.955] [info] Frame 660 (t = 3.3):	 total squared error = 0.00220991, marker error: RMS = 0.0102583, max = 0.0239645 (LM5)
[2025-07-18 09:29:56.019] [info] Frame 661 (t = 3.30500):	 total squared error = 0.00218900, marker error: RMS = 0.0102097, max = 0.0238127 (LM5)
[2025-07-18 09:29:56.094] [info] Frame 662 (t = 3.31):	 total squared error = 0.00219437, marker error: RMS = 0.0102222, max = 0.02377 (LM5)
[2025-07-18 09:29:56.183] [info] Frame 663 (t = 3.315):	 total squared error = 0.00220235, marker error: RMS = 0.0102408, max = 0.0236715 (LM5)
[2025-07-18 09:29:56.243] [info] Frame 664 (t = 3.32):	 total squared error = 0.00224356, marker error: RMS = 0.0103362, max = 0.0236224 (LM5)
[2025-07-18 09:29:56.332] [info] Frame 665 (t = 3.325):	 total squared error = 0.00222158, marker error: RMS = 0.0102854, max = 0.0235423 (LM5)
[2025-07-18 09:29:56.421] [info] Frame 666 (t = 3.33):	 total squared error = 0.00223568, marker error: RMS = 0.0103180, max = 0.0234634 (LM5)
[2025-07-18 09:29:56.474] [info] Frame 667 (t = 3.335):	 total squared error = 0.00228755, marker error: RMS = 0.0104370, max = 0.0234644 (LM5)
[2025-07-18 09:29:56.551] [info] Frame 668 (t = 3.34):	 total squared error = 0.00226531, marker error: RMS = 0.0103861, max = 0.0233786 (LM5)
[2025-07-18 09:29:56.589] [info] Frame 669 (t = 3.345):	 total squared error = 0.00233891, marker error: RMS = 0.0105535, max = 0.0237579 (LM5)
[2025-07-18 09:29:56.663] [info] Frame 670 (t = 3.35):	 total squared error = 0.00230643, marker error: RMS = 0.0104800, max = 0.0231951 (LM5)
[2025-07-18 09:29:56.728] [info] Frame 671 (t = 3.355):	 total squared error = 0.00236781, marker error: RMS = 0.0106185, max = 0.0232908 (LM5)
[2025-07-18 09:29:56.803] [info] Frame 672 (t = 3.36):	 total squared error = 0.00235485, marker error: RMS = 0.0105894, max = 0.0231845 (LM5)
[2025-07-18 09:29:56.878] [info] Frame 673 (t = 3.365):	 total squared error = 0.00238399, marker error: RMS = 0.0106547, max = 0.0231279 (LM5)
[2025-07-18 09:29:56.943] [info] Frame 674 (t = 3.37):	 total squared error = 0.00241619, marker error: RMS = 0.0107265, max = 0.0230252 (LM5)
[2025-07-18 09:29:57.008] [info] Frame 675 (t = 3.375):	 total squared error = 0.00245044, marker error: RMS = 0.0108022, max = 0.0229945 (LM5)
[2025-07-18 09:29:57.063] [info] Frame 676 (t = 3.38):	 total squared error = 0.00248814, marker error: RMS = 0.0108850, max = 0.0229455 (LM5)
[2025-07-18 09:29:57.116] [info] Frame 677 (t = 3.385):	 total squared error = 0.00258053, marker error: RMS = 0.0110852, max = 0.0230200 (LM5)
[2025-07-18 09:29:57.177] [info] Frame 678 (t = 3.39):	 total squared error = 0.00257233, marker error: RMS = 0.0110676, max = 0.0228898 (LM5)
[2025-07-18 09:29:57.210] [info] Frame 679 (t = 3.395):	 total squared error = 0.00269105, marker error: RMS = 0.0113201, max = 0.0231916 (LM5)
[2025-07-18 09:29:57.278] [info] Frame 680 (t = 3.4):	 total squared error = 0.00267184, marker error: RMS = 0.0112796, max = 0.0227984 (LM5)
[2025-07-18 09:29:57.330] [info] Frame 681 (t = 3.40500):	 total squared error = 0.00273023, marker error: RMS = 0.0114022, max = 0.0227345 (LM5)
[2025-07-18 09:29:57.402] [info] Frame 682 (t = 3.41):	 total squared error = 0.00278788, marker error: RMS = 0.011522, max = 0.0226502 (LM5)
[2025-07-18 09:29:57.447] [info] Frame 683 (t = 3.415):	 total squared error = 0.00291445, marker error: RMS = 0.0117806, max = 0.0227889 (LM5)
[2025-07-18 09:29:57.505] [info] Frame 684 (t = 3.42):	 total squared error = 0.00291863, marker error: RMS = 0.0117891, max = 0.0226274 (LM5)
[2025-07-18 09:29:57.601] [info] Frame 685 (t = 3.425):	 total squared error = 0.00298936, marker error: RMS = 0.0119311, max = 0.0225937 (LM5)
[2025-07-18 09:29:57.679] [info] Frame 686 (t = 3.43):	 total squared error = 0.00306343, marker error: RMS = 0.0120780, max = 0.0225322 (LM5)
[2025-07-18 09:29:57.756] [info] Frame 687 (t = 3.435):	 total squared error = 0.00313941, marker error: RMS = 0.0122269, max = 0.022447 (LM5)
[2025-07-18 09:29:57.811] [info] Frame 688 (t = 3.44):	 total squared error = 0.00321843, marker error: RMS = 0.0123798, max = 0.0225756 (LTOE)
[2025-07-18 09:29:57.845] [info] Frame 689 (t = 3.445):	 total squared error = 0.00336266, marker error: RMS = 0.0126541, max = 0.0230327 (LTOE)
[2025-07-18 09:29:57.910] [info] Frame 690 (t = 3.45):	 total squared error = 0.00337779, marker error: RMS = 0.0126825, max = 0.0231705 (LTOE)
[2025-07-18 09:29:57.959] [info] Frame 691 (t = 3.455):	 total squared error = 0.00352335, marker error: RMS = 0.0129529, max = 0.0236338 (LTOE)
[2025-07-18 09:29:58.013] [info] Frame 692 (t = 3.46):	 total squared error = 0.00354194, marker error: RMS = 0.0129871, max = 0.0237255 (LTOE)
[2025-07-18 09:29:58.064] [info] Frame 693 (t = 3.465):	 total squared error = 0.00362517, marker error: RMS = 0.0131388, max = 0.0240366 (LTOE)
[2025-07-18 09:29:58.114] [info] Frame 694 (t = 3.47):	 total squared error = 0.00377362, marker error: RMS = 0.0134051, max = 0.0245142 (LTOE)
[2025-07-18 09:29:58.158] [info] Frame 695 (t = 3.475):	 total squared error = 0.00379417, marker error: RMS = 0.0134415, max = 0.024497 (LTOE)
[2025-07-18 09:29:58.209] [info] Frame 696 (t = 3.48):	 total squared error = 0.00388030, marker error: RMS = 0.0135932, max = 0.0247601 (LTOE)
[2025-07-18 09:29:58.264] [info] Frame 697 (t = 3.485):	 total squared error = 0.00403498, marker error: RMS = 0.0138615, max = 0.0252564 (LTOE)
[2025-07-18 09:29:58.316] [info] Frame 698 (t = 3.49):	 total squared error = 0.00405805, marker error: RMS = 0.0139011, max = 0.0253353 (LTOE)
[2025-07-18 09:29:58.357] [info] Frame 699 (t = 3.495):	 total squared error = 0.00421705, marker error: RMS = 0.0141708, max = 0.0258517 (LTOE)
[2025-07-18 09:29:58.412] [info] Frame 700 (t = 3.5):	 total squared error = 0.00424508, marker error: RMS = 0.0142178, max = 0.025841 (LTOE)
[2025-07-18 09:29:58.463] [info] Frame 701 (t = 3.50500):	 total squared error = 0.00440809, marker error: RMS = 0.0144882, max = 0.0263028 (LTOE)
[2025-07-18 09:29:58.511] [info] Frame 702 (t = 3.51):	 total squared error = 0.00443999, marker error: RMS = 0.0145406, max = 0.0263326 (LTOE)
[2025-07-18 09:29:58.567] [info] Frame 703 (t = 3.515):	 total squared error = 0.00454025, marker error: RMS = 0.0147038, max = 0.026549 (LTOE)
[2025-07-18 09:29:58.609] [info] Frame 704 (t = 3.52):	 total squared error = 0.00470794, marker error: RMS = 0.0149729, max = 0.0270456 (LTOE)
[2025-07-18 09:29:58.656] [info] Frame 705 (t = 3.525):	 total squared error = 0.00474266, marker error: RMS = 0.0150280, max = 0.0270669 (LTOE)
[2025-07-18 09:29:58.703] [info] Frame 706 (t = 3.53):	 total squared error = 0.00491149, marker error: RMS = 0.0152931, max = 0.027536 (LTOE)
[2025-07-18 09:29:58.762] [info] Frame 707 (t = 3.535):	 total squared error = 0.00494611, marker error: RMS = 0.015347, max = 0.027493 (LTOE)
[2025-07-18 09:29:58.819] [info] Frame 708 (t = 3.54):	 total squared error = 0.00511406, marker error: RMS = 0.0156053, max = 0.0278305 (LTOE)
[2025-07-18 09:29:58.875] [info] Frame 709 (t = 3.545):	 total squared error = 0.00514709, marker error: RMS = 0.0156557, max = 0.0280191 (LTOE)
[2025-07-18 09:29:58.913] [info] Frame 710 (t = 3.55):	 total squared error = 0.00532484, marker error: RMS = 0.0159237, max = 0.0287539 (LTOE)
[2025-07-18 09:29:58.973] [info] Frame 711 (t = 3.555):	 total squared error = 0.00534424, marker error: RMS = 0.0159527, max = 0.028391 (LTOE)
[2025-07-18 09:29:59.031] [info] Frame 712 (t = 3.56):	 total squared error = 0.00544118, marker error: RMS = 0.0160967, max = 0.0286081 (LTOE)
[2025-07-18 09:29:59.088] [info] Frame 713 (t = 3.565):	 total squared error = 0.00553645, marker error: RMS = 0.016237, max = 0.0288144 (LTOE)
[2025-07-18 09:29:59.133] [info] Frame 714 (t = 3.57):	 total squared error = 0.00569836, marker error: RMS = 0.0164727, max = 0.0291782 (LTOE)
[2025-07-18 09:29:59.186] [info] Frame 715 (t = 3.575):	 total squared error = 0.00572326, marker error: RMS = 0.0165087, max = 0.0292405 (LTOE)
[2025-07-18 09:29:59.234] [info] Frame 716 (t = 3.58):	 total squared error = 0.00588326, marker error: RMS = 0.0167378, max = 0.0295606 (LTOE)
[2025-07-18 09:29:59.278] [info] Frame 717 (t = 3.585):	 total squared error = 0.00590655, marker error: RMS = 0.0167709, max = 0.0296803 (LTOE)
[2025-07-18 09:29:59.335] [info] Frame 718 (t = 3.59):	 total squared error = 0.00599664, marker error: RMS = 0.0168983, max = 0.0297876 (LTOE)
[2025-07-18 09:29:59.382] [info] Frame 719 (t = 3.595):	 total squared error = 0.00615407, marker error: RMS = 0.0171187, max = 0.0300977 (LTOE)
[2025-07-18 09:29:59.441] [info] Frame 720 (t = 3.6):	 total squared error = 0.00617368, marker error: RMS = 0.017146, max = 0.0301527 (LTOE)
[2025-07-18 09:29:59.497] [info] Frame 721 (t = 3.60500):	 total squared error = 0.00626143, marker error: RMS = 0.0172674, max = 0.0303640 (LTOE)
[2025-07-18 09:29:59.544] [info] Frame 722 (t = 3.61):	 total squared error = 0.00634843, marker error: RMS = 0.0173869, max = 0.0305498 (LTOE)
[2025-07-18 09:29:59.598] [info] Frame 723 (t = 3.615):	 total squared error = 0.00643505, marker error: RMS = 0.0175052, max = 0.0307368 (LTOE)
[2025-07-18 09:29:59.647] [info] Frame 724 (t = 3.62):	 total squared error = 0.00659038, marker error: RMS = 0.0177152, max = 0.0312221 (LTOE)
[2025-07-18 09:29:59.699] [info] Frame 725 (t = 3.625):	 total squared error = 0.00660828, marker error: RMS = 0.0177392, max = 0.0311239 (LTOE)
[2025-07-18 09:29:59.739] [info] Frame 726 (t = 3.63):	 total squared error = 0.00676499, marker error: RMS = 0.0179483, max = 0.03147 (LTOE)
[2025-07-18 09:29:59.785] [info] Frame 727 (t = 3.635):	 total squared error = 0.00678466, marker error: RMS = 0.0179744, max = 0.0315846 (LTOE)
[2025-07-18 09:29:59.838] [info] Frame 728 (t = 3.64):	 total squared error = 0.00687554, marker error: RMS = 0.0180944, max = 0.0318067 (LTOE)
[2025-07-18 09:29:59.882] [info] Frame 729 (t = 3.645):	 total squared error = 0.00703596, marker error: RMS = 0.0183042, max = 0.0321441 (LTOE)
[2025-07-18 09:29:59.938] [info] Frame 730 (t = 3.65):	 total squared error = 0.00706119, marker error: RMS = 0.018337, max = 0.0322462 (LTOE)
[2025-07-18 09:29:59.996] [info] Frame 731 (t = 3.655):	 total squared error = 0.00722678, marker error: RMS = 0.0185508, max = 0.0326784 (LTOE)
[2025-07-18 09:30:00.044] [info] Frame 732 (t = 3.66):	 total squared error = 0.00725511, marker error: RMS = 0.0185871, max = 0.0327698 (LTOE)
[2025-07-18 09:30:00.090] [info] Frame 733 (t = 3.665):	 total squared error = 0.00742438, marker error: RMS = 0.0188027, max = 0.0331034 (LTOE)
[2025-07-18 09:30:00.139] [info] Frame 734 (t = 3.67):	 total squared error = 0.00745687, marker error: RMS = 0.0188438, max = 0.0332413 (LTOE)
[2025-07-18 09:30:00.184] [info] Frame 735 (t = 3.675):	 total squared error = 0.00755835, marker error: RMS = 0.0189716, max = 0.0335129 (LTOE)
[2025-07-18 09:30:00.243] [info] Frame 736 (t = 3.68):	 total squared error = 0.00766066, marker error: RMS = 0.0190996, max = 0.0337552 (LTOE)
[2025-07-18 09:30:00.289] [info] Frame 737 (t = 3.685):	 total squared error = 0.00783360, marker error: RMS = 0.0193139, max = 0.0340561 (LTOE)
[2025-07-18 09:30:00.348] [info] Frame 738 (t = 3.69):	 total squared error = 0.00786357, marker error: RMS = 0.0193509, max = 0.0342444 (LTOE)
[2025-07-18 09:30:00.403] [info] Frame 739 (t = 3.695):	 total squared error = 0.00796412, marker error: RMS = 0.0194742, max = 0.0344762 (LTOE)
[2025-07-18 09:30:00.460] [info] Frame 740 (t = 3.7):	 total squared error = 0.00806154, marker error: RMS = 0.0195929, max = 0.0346554 (LTOE)
[2025-07-18 09:30:00.503] [info] Frame 741 (t = 3.70500):	 total squared error = 0.00822732, marker error: RMS = 0.0197934, max = 0.0350107 (LTOE)
[2025-07-18 09:30:00.548] [info] Frame 742 (t = 3.71):	 total squared error = 0.00825261, marker error: RMS = 0.0198238, max = 0.0350784 (LTOE)
[2025-07-18 09:30:00.599] [info] Frame 743 (t = 3.715):	 total squared error = 0.00841432, marker error: RMS = 0.0200170, max = 0.0353543 (LTOE)
[2025-07-18 09:30:00.651] [info] Frame 744 (t = 3.72):	 total squared error = 0.00843668, marker error: RMS = 0.0200436, max = 0.0354912 (LTOE)
[2025-07-18 09:30:00.716] [info] Frame 745 (t = 3.725):	 total squared error = 0.00852726, marker error: RMS = 0.0201509, max = 0.0356588 (LTOE)
[2025-07-18 09:30:00.783] [info] Frame 746 (t = 3.73):	 total squared error = 0.00868918, marker error: RMS = 0.0203413, max = 0.0361124 (LTOE)
[2025-07-18 09:30:00.833] [info] Frame 747 (t = 3.735):	 total squared error = 0.00870901, marker error: RMS = 0.0203645, max = 0.0360820 (LTOE)
[2025-07-18 09:30:00.908] [info] Frame 748 (t = 3.74):	 total squared error = 0.00880103, marker error: RMS = 0.0204719, max = 0.0362902 (LTOE)
[2025-07-18 09:30:00.983] [info] Frame 749 (t = 3.745):	 total squared error = 0.00889547, marker error: RMS = 0.0205814, max = 0.0365089 (LTOE)
[2025-07-18 09:30:01.054] [info] Frame 750 (t = 3.75):	 total squared error = 0.00899174, marker error: RMS = 0.0206925, max = 0.0367229 (LTOE)
[2025-07-18 09:30:01.117] [info] Frame 751 (t = 3.755):	 total squared error = 0.00909133, marker error: RMS = 0.0208067, max = 0.0369801 (LTOE)
[2025-07-18 09:30:01.183] [info] Frame 752 (t = 3.76):	 total squared error = 0.00919285, marker error: RMS = 0.0209226, max = 0.0371334 (LTOE)
[2025-07-18 09:30:01.251] [info] Frame 753 (t = 3.765):	 total squared error = 0.00937029, marker error: RMS = 0.0211235, max = 0.0375349 (LTOE)
[2025-07-18 09:30:01.314] [info] Frame 754 (t = 3.77):	 total squared error = 0.00940567, marker error: RMS = 0.0211634, max = 0.0376468 (LTOE)
[2025-07-18 09:30:01.371] [info] Frame 755 (t = 3.775):	 total squared error = 0.00958819, marker error: RMS = 0.0213677, max = 0.0379988 (LTOE)
[2025-07-18 09:30:01.427] [info] Frame 756 (t = 3.78):	 total squared error = 0.00962761, marker error: RMS = 0.0214116, max = 0.0379693 (LTOE)
[2025-07-18 09:30:01.481] [info] Frame 757 (t = 3.785):	 total squared error = 0.00981458, marker error: RMS = 0.0216185, max = 0.0384341 (LTOE)
[2025-07-18 09:30:01.544] [info] Frame 758 (t = 3.79):	 total squared error = 0.00985636, marker error: RMS = 0.0216645, max = 0.0384934 (LTOE)
[2025-07-18 09:30:01.609] [info] Frame 759 (t = 3.795):	 total squared error = 0.00997197, marker error: RMS = 0.0217912, max = 0.0387046 (LTOE)
[2025-07-18 09:30:01.678] [info] Frame 760 (t = 3.8):	 total squared error = 0.0100871, marker error: RMS = 0.0219166, max = 0.0389911 (LTOE)
[2025-07-18 09:30:01.746] [info] Frame 761 (t = 3.80500):	 total squared error = 0.0102023, marker error: RMS = 0.0220415, max = 0.0391688 (LTOE)
[2025-07-18 09:30:01.790] [info] Frame 762 (t = 3.81):	 total squared error = 0.0103175, marker error: RMS = 0.0221655, max = 0.03942 (LTOE)
[2025-07-18 09:30:01.857] [info] Frame 763 (t = 3.815):	 total squared error = 0.0104302, marker error: RMS = 0.0222862, max = 0.0395375 (LTOE)
[2025-07-18 09:30:01.925] [info] Frame 764 (t = 3.82):	 total squared error = 0.0105444, marker error: RMS = 0.0224079, max = 0.0397749 (LTOE)
[2025-07-18 09:30:01.998] [info] Frame 765 (t = 3.825):	 total squared error = 0.0106584, marker error: RMS = 0.0225288, max = 0.0400053 (LTOE)
[2025-07-18 09:30:02.047] [info] Frame 766 (t = 3.83):	 total squared error = 0.0107726, marker error: RMS = 0.0226491, max = 0.0401627 (LTOE)
[2025-07-18 09:30:02.112] [info] Frame 767 (t = 3.835):	 total squared error = 0.0108850, marker error: RMS = 0.022767, max = 0.0404029 (LTOE)
[2025-07-18 09:30:02.181] [info] Frame 768 (t = 3.84):	 total squared error = 0.0109985, marker error: RMS = 0.0228853, max = 0.0406168 (LTOE)
[2025-07-18 09:30:02.227] [info] Frame 769 (t = 3.845):	 total squared error = 0.0111123, marker error: RMS = 0.0230034, max = 0.0407223 (LTOE)
[2025-07-18 09:30:02.300] [info] Frame 770 (t = 3.85):	 total squared error = 0.0112266, marker error: RMS = 0.0231214, max = 0.0409897 (LTOE)
[2025-07-18 09:30:02.366] [info] Frame 771 (t = 3.855):	 total squared error = 0.0113419, marker error: RMS = 0.0232399, max = 0.0411874 (LTOE)
[2025-07-18 09:30:02.431] [info] Frame 772 (t = 3.86):	 total squared error = 0.0114587, marker error: RMS = 0.0233592, max = 0.0413719 (LTOE)
[2025-07-18 09:30:02.507] [info] Frame 773 (t = 3.865):	 total squared error = 0.0115772, marker error: RMS = 0.0234797, max = 0.0415483 (LTOE)
[2025-07-18 09:30:02.577] [info] Frame 774 (t = 3.87):	 total squared error = 0.0116975, marker error: RMS = 0.0236013, max = 0.0417315 (LTOE)
[2025-07-18 09:30:02.644] [info] Frame 775 (t = 3.875):	 total squared error = 0.0118201, marker error: RMS = 0.0237247, max = 0.0419051 (LTOE)
[2025-07-18 09:30:02.722] [info] Frame 776 (t = 3.88):	 total squared error = 0.011946, marker error: RMS = 0.0238507, max = 0.0421397 (LTOE)
[2025-07-18 09:30:02.806] [info] Frame 777 (t = 3.885):	 total squared error = 0.0120736, marker error: RMS = 0.0239778, max = 0.0423506 (LTOE)
[2025-07-18 09:30:02.885] [info] Frame 778 (t = 3.89):	 total squared error = 0.0122020, marker error: RMS = 0.0241049, max = 0.0425376 (LTOE)
[2025-07-18 09:30:02.965] [info] Frame 779 (t = 3.895):	 total squared error = 0.0123353, marker error: RMS = 0.0242363, max = 0.0427307 (LTOE)
[2025-07-18 09:30:03.036] [info] Frame 780 (t = 3.9):	 total squared error = 0.0124696, marker error: RMS = 0.0243678, max = 0.0429224 (LTOE)
[2025-07-18 09:30:03.129] [info] Frame 781 (t = 3.90500):	 total squared error = 0.0126051, marker error: RMS = 0.0244999, max = 0.0431415 (LTOE)
[2025-07-18 09:30:03.238] [info] Frame 782 (t = 3.91):	 total squared error = 0.012741, marker error: RMS = 0.0246316, max = 0.0433287 (LTOE)
[2025-07-18 09:30:03.350] [info] Frame 783 (t = 3.915):	 total squared error = 0.0128772, marker error: RMS = 0.0247629, max = 0.043541 (LTOE)
[2025-07-18 09:30:03.424] [info] Frame 784 (t = 3.92):	 total squared error = 0.0130129, marker error: RMS = 0.024893, max = 0.0437203 (LTOE)
[2025-07-18 09:30:03.496] [info] Frame 785 (t = 3.925):	 total squared error = 0.0131479, marker error: RMS = 0.0250218, max = 0.0439084 (LTOE)
[2025-07-18 09:30:03.558] [info] Frame 786 (t = 3.93):	 total squared error = 0.013281, marker error: RMS = 0.0251481, max = 0.0440879 (LTOE)
[2025-07-18 09:30:03.631] [info] Frame 787 (t = 3.935):	 total squared error = 0.0134122, marker error: RMS = 0.0252721, max = 0.0442012 (LTOE)
[2025-07-18 09:30:03.704] [info] Frame 788 (t = 3.94):	 total squared error = 0.0135426, marker error: RMS = 0.0253946, max = 0.0443665 (LTOE)
[2025-07-18 09:30:03.774] [info] Frame 789 (t = 3.945):	 total squared error = 0.0136711, marker error: RMS = 0.0255148, max = 0.0445873 (LTOE)
[2025-07-18 09:30:03.845] [info] Frame 790 (t = 3.95):	 total squared error = 0.0137977, marker error: RMS = 0.0256327, max = 0.0447111 (LTOE)
[2025-07-18 09:30:03.932] [info] Frame 791 (t = 3.955):	 total squared error = 0.013923, marker error: RMS = 0.0257488, max = 0.0449051 (LTOE)
[2025-07-18 09:30:04.008] [info] Frame 792 (t = 3.96):	 total squared error = 0.0140465, marker error: RMS = 0.0258627, max = 0.0450679 (LTOE)
[2025-07-18 09:30:04.076] [info] Frame 793 (t = 3.965):	 total squared error = 0.0141682, marker error: RMS = 0.0259745, max = 0.0451345 (LTOE)
[2025-07-18 09:30:04.140] [info] Frame 794 (t = 3.97):	 total squared error = 0.0142903, marker error: RMS = 0.0260862, max = 0.0453081 (LTOE)
[2025-07-18 09:30:04.206] [info] Frame 795 (t = 3.975):	 total squared error = 0.0144119, marker error: RMS = 0.026197, max = 0.0454351 (LTOE)
[2025-07-18 09:30:04.274] [info] Frame 796 (t = 3.98):	 total squared error = 0.0145328, marker error: RMS = 0.0263066, max = 0.0455874 (LTOE)
[2025-07-18 09:30:04.341] [info] Frame 797 (t = 3.985):	 total squared error = 0.0146545, marker error: RMS = 0.0264166, max = 0.045684 (LTOE)
[2025-07-18 09:30:04.418] [info] Frame 798 (t = 3.99):	 total squared error = 0.0147758, marker error: RMS = 0.0265256, max = 0.045848 (LTOE)
[2025-07-18 09:30:04.496] [info] Frame 799 (t = 3.995):	 total squared error = 0.0148989, marker error: RMS = 0.0266359, max = 0.0458776 (LTOE)
[2025-07-18 09:30:04.577] [info] Frame 800 (t = 4.0):	 total squared error = 0.0150217, marker error: RMS = 0.0267454, max = 0.0460350 (LTOE)
[2025-07-18 09:30:04.653] [info] Frame 801 (t = 4.00500):	 total squared error = 0.0151449, marker error: RMS = 0.0268549, max = 0.046141 (LTOE)
[2025-07-18 09:30:04.723] [info] Frame 802 (t = 4.01):	 total squared error = 0.0152685, marker error: RMS = 0.0269643, max = 0.0462596 (LTOE)
[2025-07-18 09:30:04.810] [info] Frame 803 (t = 4.015):	 total squared error = 0.0153925, marker error: RMS = 0.0270736, max = 0.0463807 (LTOE)
[2025-07-18 09:30:04.884] [info] Frame 804 (t = 4.02):	 total squared error = 0.0155164, marker error: RMS = 0.0271823, max = 0.0465136 (LTOE)
[2025-07-18 09:30:04.956] [info] Frame 805 (t = 4.025):	 total squared error = 0.0156386, marker error: RMS = 0.0272891, max = 0.0465719 (LTOE)
[2025-07-18 09:30:05.025] [info] Frame 806 (t = 4.03):	 total squared error = 0.0157633, marker error: RMS = 0.0273977, max = 0.0467435 (LTOE)
[2025-07-18 09:30:05.090] [info] Frame 807 (t = 4.035):	 total squared error = 0.015885, marker error: RMS = 0.0275033, max = 0.0468275 (LTOE)
[2025-07-18 09:30:05.156] [info] Frame 808 (t = 4.04):	 total squared error = 0.0160070, marker error: RMS = 0.0276086, max = 0.0468794 (LTOE)
[2025-07-18 09:30:05.218] [info] Frame 809 (t = 4.045):	 total squared error = 0.0161297, marker error: RMS = 0.0277143, max = 0.0469506 (LTOE)
[2025-07-18 09:30:05.285] [info] Frame 810 (t = 4.05):	 total squared error = 0.0162528, marker error: RMS = 0.0278198, max = 0.0471858 (LTOE)
[2025-07-18 09:30:05.359] [info] Frame 811 (t = 4.055):	 total squared error = 0.0163739, marker error: RMS = 0.0279233, max = 0.0473022 (LTOE)
[2025-07-18 09:30:05.439] [info] Frame 812 (t = 4.06):	 total squared error = 0.016494, marker error: RMS = 0.0280255, max = 0.0473834 (LTOE)
[2025-07-18 09:30:05.537] [info] Frame 813 (t = 4.065):	 total squared error = 0.0166134, marker error: RMS = 0.0281267, max = 0.0474845 (LTOE)
[2025-07-18 09:30:05.604] [info] Frame 814 (t = 4.07):	 total squared error = 0.0167312, marker error: RMS = 0.0282263, max = 0.0476319 (LTOE)
[2025-07-18 09:30:05.699] [info] Frame 815 (t = 4.075):	 total squared error = 0.0168489, marker error: RMS = 0.0283254, max = 0.0477324 (LTOE)
[2025-07-18 09:30:05.768] [info] Frame 816 (t = 4.08):	 total squared error = 0.0169638, marker error: RMS = 0.0284218, max = 0.0478479 (LTOE)
[2025-07-18 09:30:05.833] [info] Frame 817 (t = 4.085):	 total squared error = 0.0170774, marker error: RMS = 0.0285168, max = 0.0479622 (LTOE)
[2025-07-18 09:30:05.893] [info] Frame 818 (t = 4.09):	 total squared error = 0.0171895, marker error: RMS = 0.0286103, max = 0.0481196 (LTOE)
[2025-07-18 09:30:05.973] [info] Frame 819 (t = 4.095):	 total squared error = 0.0172998, marker error: RMS = 0.0287019, max = 0.0481934 (LTOE)
[2025-07-18 09:30:06.030] [info] Frame 820 (t = 4.1):	 total squared error = 0.0174081, marker error: RMS = 0.0287916, max = 0.0482998 (LTOE)
[2025-07-18 09:30:06.140] [info] Frame 821 (t = 4.10500):	 total squared error = 0.0175153, marker error: RMS = 0.0288801, max = 0.0483969 (LTOE)
[2025-07-18 09:30:06.216] [info] Frame 822 (t = 4.11):	 total squared error = 0.0176218, marker error: RMS = 0.0289678, max = 0.0484761 (LTOE)
[2025-07-18 09:30:06.278] [info] Frame 823 (t = 4.115):	 total squared error = 0.0177275, marker error: RMS = 0.0290545, max = 0.048596 (LTOE)
[2025-07-18 09:30:06.365] [info] Frame 824 (t = 4.12):	 total squared error = 0.0178357, marker error: RMS = 0.0291431, max = 0.0486958 (LTOE)
[2025-07-18 09:30:06.449] [info] Frame 825 (t = 4.125):	 total squared error = 0.0179453, marker error: RMS = 0.0292324, max = 0.0488357 (LTOE)
[2025-07-18 09:30:06.527] [info] Frame 826 (t = 4.13):	 total squared error = 0.0180575, marker error: RMS = 0.0293237, max = 0.0489455 (LTOE)
[2025-07-18 09:30:06.594] [info] Frame 827 (t = 4.135):	 total squared error = 0.0181736, marker error: RMS = 0.0294178, max = 0.0491165 (LTOE)
[2025-07-18 09:30:06.655] [info] Frame 828 (t = 4.14):	 total squared error = 0.0182931, marker error: RMS = 0.0295144, max = 0.0492178 (LTOE)
[2025-07-18 09:30:06.726] [info] Frame 829 (t = 4.145):	 total squared error = 0.0184181, marker error: RMS = 0.0296151, max = 0.0493345 (LTOE)
[2025-07-18 09:30:06.791] [info] Frame 830 (t = 4.15):	 total squared error = 0.0185464, marker error: RMS = 0.029718, max = 0.0494745 (LTOE)
[2025-07-18 09:30:06.874] [info] Frame 831 (t = 4.155):	 total squared error = 0.0186817, marker error: RMS = 0.0298262, max = 0.04963 (LTOE)
[2025-07-18 09:30:06.956] [info] Frame 832 (t = 4.16):	 total squared error = 0.0188196, marker error: RMS = 0.0299362, max = 0.0497902 (LTOE)
[2025-07-18 09:30:07.016] [info] Frame 833 (t = 4.165):	 total squared error = 0.0189592, marker error: RMS = 0.0300469, max = 0.049915 (LTOE)
[2025-07-18 09:30:07.089] [info] Frame 834 (t = 4.17):	 total squared error = 0.0191048, marker error: RMS = 0.0301621, max = 0.0500912 (LTOE)
[2025-07-18 09:30:07.184] [info] Frame 835 (t = 4.175):	 total squared error = 0.0192502, marker error: RMS = 0.0302767, max = 0.0502284 (LTOE)
[2025-07-18 09:30:07.266] [info] Frame 836 (t = 4.18):	 total squared error = 0.0193966, marker error: RMS = 0.0303916, max = 0.0504017 (LTOE)
[2025-07-18 09:30:07.324] [info] Frame 837 (t = 4.185):	 total squared error = 0.0195425, marker error: RMS = 0.0305056, max = 0.0505211 (LTOE)
[2025-07-18 09:30:07.384] [info] Frame 838 (t = 4.19):	 total squared error = 0.0196882, marker error: RMS = 0.0306192, max = 0.0506893 (LTOE)
[2025-07-18 09:30:07.465] [info] Frame 839 (t = 4.195):	 total squared error = 0.019834, marker error: RMS = 0.0307323, max = 0.0508203 (LTOE)
[2025-07-18 09:30:07.523] [info] Frame 840 (t = 4.2):	 total squared error = 0.0199781, marker error: RMS = 0.0308438, max = 0.0509535 (LTOE)
[2025-07-18 09:30:07.587] [info] Frame 841 (t = 4.20500):	 total squared error = 0.0201222, marker error: RMS = 0.0309548, max = 0.0511194 (LTOE)
[2025-07-18 09:30:07.659] [info] Frame 842 (t = 4.21):	 total squared error = 0.0202669, marker error: RMS = 0.0310659, max = 0.0512459 (LTOE)
[2025-07-18 09:30:07.734] [info] Frame 843 (t = 4.215):	 total squared error = 0.0204122, marker error: RMS = 0.0311771, max = 0.0513862 (LTOE)
[2025-07-18 09:30:07.809] [info] Frame 844 (t = 4.22):	 total squared error = 0.0205586, marker error: RMS = 0.0312887, max = 0.0515132 (LTOE)
[2025-07-18 09:30:07.899] [info] Frame 845 (t = 4.225):	 total squared error = 0.0207071, marker error: RMS = 0.0314015, max = 0.051667 (LTOE)
[2025-07-18 09:30:07.996] [info] Frame 846 (t = 4.23):	 total squared error = 0.0208583, marker error: RMS = 0.0315159, max = 0.0517838 (LTOE)
[2025-07-18 09:30:08.091] [info] Frame 847 (t = 4.235):	 total squared error = 0.0210124, marker error: RMS = 0.0316321, max = 0.0519311 (LTOE)
[2025-07-18 09:30:08.164] [info] Frame 848 (t = 4.24):	 total squared error = 0.0211698, marker error: RMS = 0.0317504, max = 0.0520780 (LTOE)
[2025-07-18 09:30:08.239] [info] Frame 849 (t = 4.245):	 total squared error = 0.0213306, marker error: RMS = 0.0318708, max = 0.0522364 (LTOE)
[2025-07-18 09:30:08.323] [info] Frame 850 (t = 4.25):	 total squared error = 0.0214953, marker error: RMS = 0.0319935, max = 0.0523823 (LTOE)
[2025-07-18 09:30:08.408] [info] Frame 851 (t = 4.255):	 total squared error = 0.0216636, marker error: RMS = 0.0321185, max = 0.0525386 (LTOE)
[2025-07-18 09:30:08.489] [info] Frame 852 (t = 4.26):	 total squared error = 0.0218352, marker error: RMS = 0.0322455, max = 0.0527069 (LTOE)
[2025-07-18 09:30:08.569] [info] Frame 853 (t = 4.265):	 total squared error = 0.0220111, marker error: RMS = 0.0323751, max = 0.052793 (LTOE)
[2025-07-18 09:30:08.645] [info] Frame 854 (t = 4.27):	 total squared error = 0.02219, marker error: RMS = 0.0325064, max = 0.0530009 (LTOE)
[2025-07-18 09:30:08.714] [info] Frame 855 (t = 4.275):	 total squared error = 0.0223723, marker error: RMS = 0.0326397, max = 0.0531469 (LTOE)
[2025-07-18 09:30:08.788] [info] Frame 856 (t = 4.28):	 total squared error = 0.0225597, marker error: RMS = 0.0327761, max = 0.0533401 (LTOE)
[2025-07-18 09:30:08.846] [info] Frame 857 (t = 4.285):	 total squared error = 0.0227508, marker error: RMS = 0.0329146, max = 0.053497 (LTOE)
[2025-07-18 09:30:08.910] [info] Frame 858 (t = 4.29):	 total squared error = 0.0229453, marker error: RMS = 0.0330550, max = 0.0536741 (LTOE)
[2025-07-18 09:30:08.971] [info] Frame 859 (t = 4.295):	 total squared error = 0.0231442, marker error: RMS = 0.033198, max = 0.0538299 (LTOE)
[2025-07-18 09:30:09.036] [info] Frame 860 (t = 4.3):	 total squared error = 0.023347, marker error: RMS = 0.0333431, max = 0.0540391 (LTOE)
[2025-07-18 09:30:09.112] [info] Frame 861 (t = 4.30500):	 total squared error = 0.0235543, marker error: RMS = 0.0334908, max = 0.0541816 (LTOE)
[2025-07-18 09:30:09.180] [info] Frame 862 (t = 4.31):	 total squared error = 0.0237654, marker error: RMS = 0.0336405, max = 0.0543662 (LTOE)
[2025-07-18 09:30:09.243] [info] Frame 863 (t = 4.315):	 total squared error = 0.0239816, marker error: RMS = 0.0337932, max = 0.0545079 (LTOE)
[2025-07-18 09:30:09.305] [info] Frame 864 (t = 4.32):	 total squared error = 0.0242003, marker error: RMS = 0.0339469, max = 0.0546863 (LTOE)
[2025-07-18 09:30:09.369] [info] Frame 865 (t = 4.325):	 total squared error = 0.0244226, marker error: RMS = 0.0341025, max = 0.0548278 (LTOE)
[2025-07-18 09:30:09.442] [info] Frame 866 (t = 4.33):	 total squared error = 0.0246491, marker error: RMS = 0.0342603, max = 0.0549925 (LTOE)
[2025-07-18 09:30:09.541] [info] Frame 867 (t = 4.335):	 total squared error = 0.0248788, marker error: RMS = 0.0344196, max = 0.0552029 (LTOE)
[2025-07-18 09:30:09.630] [info] Frame 868 (t = 4.34):	 total squared error = 0.0251121, marker error: RMS = 0.0345806, max = 0.0554111 (LTOE)
[2025-07-18 09:30:09.712] [info] Frame 869 (t = 4.345):	 total squared error = 0.025349, marker error: RMS = 0.0347433, max = 0.0555193 (LTOE)
[2025-07-18 09:30:09.810] [info] Frame 870 (t = 4.35):	 total squared error = 0.0255886, marker error: RMS = 0.0349071, max = 0.0557029 (LTOE)
[2025-07-18 09:30:09.901] [info] Frame 871 (t = 4.355):	 total squared error = 0.0258313, marker error: RMS = 0.0350722, max = 0.055832 (LTOE)
[2025-07-18 09:30:09.995] [info] Frame 872 (t = 4.36):	 total squared error = 0.0260760, marker error: RMS = 0.035238, max = 0.0559828 (LTOE)
[2025-07-18 09:30:10.086] [info] Frame 873 (t = 4.365):	 total squared error = 0.0263226, marker error: RMS = 0.0354042, max = 0.0561553 (LTOE)
[2025-07-18 09:30:10.168] [info] Frame 874 (t = 4.37):	 total squared error = 0.0265708, marker error: RMS = 0.0355707, max = 0.0562997 (LTOE)
[2025-07-18 09:30:10.253] [info] Frame 875 (t = 4.375):	 total squared error = 0.0268199, marker error: RMS = 0.0357371, max = 0.0564461 (LTOE)
[2025-07-18 09:30:10.342] [info] Frame 876 (t = 4.38):	 total squared error = 0.0270698, marker error: RMS = 0.0359031, max = 0.0566216 (LTOE)
[2025-07-18 09:30:10.438] [info] Frame 877 (t = 4.385):	 total squared error = 0.0273206, marker error: RMS = 0.0360691, max = 0.0567553 (LTOE)
[2025-07-18 09:30:10.530] [info] Frame 878 (t = 4.39):	 total squared error = 0.0275708, marker error: RMS = 0.0362339, max = 0.0569364 (LTOE)
[2025-07-18 09:30:10.624] [info] Frame 879 (t = 4.395):	 total squared error = 0.0278213, marker error: RMS = 0.0363982, max = 0.0570684 (LTOE)
[2025-07-18 09:30:10.716] [info] Frame 880 (t = 4.4):	 total squared error = 0.0280712, marker error: RMS = 0.0365613, max = 0.0572090 (LTOE)
[2025-07-18 09:30:10.791] [info] Frame 881 (t = 4.40500):	 total squared error = 0.0283204, marker error: RMS = 0.0367231, max = 0.0573616 (LTOE)
[2025-07-18 09:30:10.882] [info] Frame 882 (t = 4.41):	 total squared error = 0.0285678, marker error: RMS = 0.0368832, max = 0.0575229 (LTOE)
[2025-07-18 09:30:10.947] [info] Frame 883 (t = 4.415):	 total squared error = 0.0288144, marker error: RMS = 0.0370420, max = 0.0576587 (LTOE)
[2025-07-18 09:30:11.039] [info] Frame 884 (t = 4.42):	 total squared error = 0.0290568, marker error: RMS = 0.0371975, max = 0.0577995 (LTOE)
[2025-07-18 09:30:11.117] [info] Frame 885 (t = 4.425):	 total squared error = 0.029296, marker error: RMS = 0.0373504, max = 0.0579111 (LTOE)
[2025-07-18 09:30:11.189] [info] Frame 886 (t = 4.43):	 total squared error = 0.029531, marker error: RMS = 0.0374999, max = 0.0580546 (LTOE)
[2025-07-18 09:30:11.257] [info] Frame 887 (t = 4.435):	 total squared error = 0.0297619, marker error: RMS = 0.0376462, max = 0.0582087 (LTOE)
[2025-07-18 09:30:11.333] [info] Frame 888 (t = 4.44):	 total squared error = 0.0299867, marker error: RMS = 0.0377881, max = 0.0582768 (LTOE)
[2025-07-18 09:30:11.404] [info] Frame 889 (t = 4.445):	 total squared error = 0.0302047, marker error: RMS = 0.0379252, max = 0.058424 (LTOE)
[2025-07-18 09:30:11.462] [info] Frame 890 (t = 4.45):	 total squared error = 0.0304163, marker error: RMS = 0.0380578, max = 0.0584787 (LTOE)
[2025-07-18 09:30:11.530] [info] Frame 891 (t = 4.455):	 total squared error = 0.0306205, marker error: RMS = 0.0381853, max = 0.0585608 (LTOE)
[2025-07-18 09:30:11.587] [info] Frame 892 (t = 4.46):	 total squared error = 0.0308177, marker error: RMS = 0.0383081, max = 0.0587503 (LTOE)
[2025-07-18 09:30:11.677] [info] Frame 893 (t = 4.465):	 total squared error = 0.0310082, marker error: RMS = 0.0384263, max = 0.0587203 (LTOE)
[2025-07-18 09:30:11.749] [info] Frame 894 (t = 4.47):	 total squared error = 0.0311921, marker error: RMS = 0.0385401, max = 0.0587779 (LTOE)
[2025-07-18 09:30:11.823] [info] Frame 895 (t = 4.475):	 total squared error = 0.0313692, marker error: RMS = 0.0386493, max = 0.0588284 (LTOE)
[2025-07-18 09:30:11.911] [info] Frame 896 (t = 4.48):	 total squared error = 0.0315432, marker error: RMS = 0.0387564, max = 0.0588817 (LTOE)
[2025-07-18 09:30:11.980] [info] Frame 897 (t = 4.485):	 total squared error = 0.0317119, marker error: RMS = 0.0388599, max = 0.0589378 (LTOE)
[2025-07-18 09:30:12.057] [info] Frame 898 (t = 4.49):	 total squared error = 0.0318756, marker error: RMS = 0.0389601, max = 0.0590787 (LTOE)
[2025-07-18 09:30:12.126] [info] Frame 899 (t = 4.495):	 total squared error = 0.0320381, marker error: RMS = 0.0390592, max = 0.0590193 (LTOE)
[2025-07-18 09:30:12.187] [info] Frame 900 (t = 4.5):	 total squared error = 0.0321982, marker error: RMS = 0.0391567, max = 0.0589708 (LTOE)
[2025-07-18 09:30:12.236] [info] Frame 901 (t = 4.50500):	 total squared error = 0.0323647, marker error: RMS = 0.0392578, max = 0.0590566 (LTOE)
[2025-07-18 09:30:12.329] [info] Frame 902 (t = 4.51):	 total squared error = 0.0325091, marker error: RMS = 0.0393453, max = 0.0591468 (LTOE)
[2025-07-18 09:30:12.395] [info] Frame 903 (t = 4.515):	 total squared error = 0.0326623, marker error: RMS = 0.0394379, max = 0.0590653 (LTOE)
[2025-07-18 09:30:12.479] [info] Frame 904 (t = 4.52):	 total squared error = 0.0328114, marker error: RMS = 0.0395278, max = 0.0592267 (LTOE)
[2025-07-18 09:30:12.572] [info] Frame 905 (t = 4.525):	 total squared error = 0.0329591, marker error: RMS = 0.0396167, max = 0.0592585 (LTOE)
[2025-07-18 09:30:12.647] [info] Frame 906 (t = 4.53):	 total squared error = 0.0331026, marker error: RMS = 0.0397028, max = 0.0592743 (LTOE)
[2025-07-18 09:30:12.725] [info] Frame 907 (t = 4.535):	 total squared error = 0.0332408, marker error: RMS = 0.0397856, max = 0.0593593 (LTOE)
[2025-07-18 09:30:12.805] [info] Frame 908 (t = 4.54):	 total squared error = 0.0333749, marker error: RMS = 0.0398658, max = 0.0593553 (LTOE)
[2025-07-18 09:30:12.882] [info] Frame 909 (t = 4.545):	 total squared error = 0.0335008, marker error: RMS = 0.0399409, max = 0.0593708 (LTOE)
[2025-07-18 09:30:12.947] [info] Frame 910 (t = 4.55):	 total squared error = 0.0336197, marker error: RMS = 0.0400117, max = 0.0594257 (LTOE)
[2025-07-18 09:30:13.019] [info] Frame 911 (t = 4.555):	 total squared error = 0.0337286, marker error: RMS = 0.0400765, max = 0.0594736 (LTOE)
[2025-07-18 09:30:13.083] [info] Frame 912 (t = 4.56):	 total squared error = 0.0338268, marker error: RMS = 0.0401347, max = 0.0595199 (LTOE)
[2025-07-18 09:30:13.162] [info] Frame 913 (t = 4.565):	 total squared error = 0.0339124, marker error: RMS = 0.0401855, max = 0.0594997 (LTOE)
[2025-07-18 09:30:13.218] [info] Frame 914 (t = 4.57):	 total squared error = 0.0339856, marker error: RMS = 0.0402289, max = 0.0594972 (LTOE)
[2025-07-18 09:30:13.288] [info] Frame 915 (t = 4.575):	 total squared error = 0.0340445, marker error: RMS = 0.0402637, max = 0.0594626 (LTOE)
[2025-07-18 09:30:13.352] [info] Frame 916 (t = 4.58):	 total squared error = 0.0340851, marker error: RMS = 0.0402877, max = 0.0594771 (LTOE)
[2025-07-18 09:30:13.422] [info] Frame 917 (t = 4.585):	 total squared error = 0.0341122, marker error: RMS = 0.0403038, max = 0.0594508 (LTOE)
[2025-07-18 09:30:13.492] [info] Frame 918 (t = 4.59):	 total squared error = 0.0341218, marker error: RMS = 0.0403094, max = 0.0593951 (LTOE)
[2025-07-18 09:30:13.558] [info] Frame 919 (t = 4.595):	 total squared error = 0.0341138, marker error: RMS = 0.0403047, max = 0.0593489 (LTOE)
[2025-07-18 09:30:13.635] [info] Frame 920 (t = 4.6):	 total squared error = 0.0340917, marker error: RMS = 0.0402916, max = 0.0593036 (LTOE)
[2025-07-18 09:30:13.701] [info] Frame 921 (t = 4.60500):	 total squared error = 0.0340516, marker error: RMS = 0.0402679, max = 0.0592043 (LTOE)
[2025-07-18 09:30:13.770] [info] Frame 922 (t = 4.61):	 total squared error = 0.0339984, marker error: RMS = 0.0402364, max = 0.0590576 (LTOE)
[2025-07-18 09:30:13.843] [info] Frame 923 (t = 4.615):	 total squared error = 0.0339277, marker error: RMS = 0.0401946, max = 0.0591064 (LTOE)
[2025-07-18 09:30:13.931] [info] Frame 924 (t = 4.62):	 total squared error = 0.0338437, marker error: RMS = 0.0401448, max = 0.0590313 (LTOE)
[2025-07-18 09:30:14.026] [info] Frame 925 (t = 4.625):	 total squared error = 0.033746, marker error: RMS = 0.0400868, max = 0.0588911 (LTOE)
[2025-07-18 09:30:14.139] [info] Frame 926 (t = 4.63):	 total squared error = 0.0336338, marker error: RMS = 0.0400201, max = 0.0588015 (LTOE)
[2025-07-18 09:30:14.227] [info] Frame 927 (t = 4.635):	 total squared error = 0.0335069, marker error: RMS = 0.0399446, max = 0.0586766 (LTOE)
[2025-07-18 09:30:14.296] [info] Frame 928 (t = 4.64):	 total squared error = 0.0333673, marker error: RMS = 0.0398613, max = 0.0585824 (LTOE)
[2025-07-18 09:30:14.374] [info] Frame 929 (t = 4.645):	 total squared error = 0.0332154, marker error: RMS = 0.0397704, max = 0.0584702 (LTOE)
[2025-07-18 09:30:14.455] [info] Frame 930 (t = 4.65):	 total squared error = 0.0330488, marker error: RMS = 0.0396706, max = 0.058366 (LTOE)
[2025-07-18 09:30:14.539] [info] Frame 931 (t = 4.655):	 total squared error = 0.0328685, marker error: RMS = 0.0395622, max = 0.0582564 (LTOE)
[2025-07-18 09:30:14.607] [info] Frame 932 (t = 4.66):	 total squared error = 0.0326745, marker error: RMS = 0.0394453, max = 0.0581437 (LTOE)
[2025-07-18 09:30:14.683] [info] Frame 933 (t = 4.665):	 total squared error = 0.0324666, marker error: RMS = 0.0393196, max = 0.0580251 (LTOE)
[2025-07-18 09:30:14.748] [info] Frame 934 (t = 4.67):	 total squared error = 0.0322466, marker error: RMS = 0.0391861, max = 0.0578676 (LTOE)
[2025-07-18 09:30:14.811] [info] Frame 935 (t = 4.675):	 total squared error = 0.0320150, marker error: RMS = 0.0390451, max = 0.0574924 (LTOE)
[2025-07-18 09:30:15.004] [info] Frame 936 (t = 4.68):	 total squared error = 0.0317655, marker error: RMS = 0.0388927, max = 0.0575596 (LTOE)
[2025-07-18 09:30:15.129] [info] Frame 937 (t = 4.685):	 total squared error = 0.0315061, marker error: RMS = 0.0387336, max = 0.0574003 (LTOE)
[2025-07-18 09:30:15.199] [info] Frame 938 (t = 4.69):	 total squared error = 0.0312325, marker error: RMS = 0.038565, max = 0.0571372 (LTOE)
[2025-07-18 09:30:15.273] [info] Frame 939 (t = 4.695):	 total squared error = 0.0309467, marker error: RMS = 0.0383882, max = 0.0570012 (LTOE)
[2025-07-18 09:30:15.359] [info] Frame 940 (t = 4.7):	 total squared error = 0.0306483, marker error: RMS = 0.0382027, max = 0.0567748 (LTOE)
[2025-07-18 09:30:15.426] [info] Frame 941 (t = 4.70500):	 total squared error = 0.0303370, marker error: RMS = 0.0380082, max = 0.0564934 (LTOE)
[2025-07-18 09:30:15.517] [info] Frame 942 (t = 4.71):	 total squared error = 0.0300126, marker error: RMS = 0.0378044, max = 0.0563425 (LTOE)
[2025-07-18 09:30:15.612] [info] Frame 943 (t = 4.715):	 total squared error = 0.0296755, marker error: RMS = 0.0375915, max = 0.0561020 (LTOE)
[2025-07-18 09:30:15.721] [info] Frame 944 (t = 4.72):	 total squared error = 0.0293261, marker error: RMS = 0.0373695, max = 0.0558293 (LTOE)
[2025-07-18 09:30:15.798] [info] Frame 945 (t = 4.725):	 total squared error = 0.0289644, marker error: RMS = 0.0371383, max = 0.055562 (LTOE)
[2025-07-18 09:30:15.888] [info] Frame 946 (t = 4.73):	 total squared error = 0.028591, marker error: RMS = 0.0368982, max = 0.0552759 (LTOE)
[2025-07-18 09:30:15.959] [info] Frame 947 (t = 4.735):	 total squared error = 0.0282064, marker error: RMS = 0.0366492, max = 0.0550013 (LTOE)
[2025-07-18 09:30:16.023] [info] Frame 948 (t = 4.74):	 total squared error = 0.0278116, marker error: RMS = 0.0363918, max = 0.0546904 (LTOE)
[2025-07-18 09:30:16.098] [info] Frame 949 (t = 4.745):	 total squared error = 0.0274075, marker error: RMS = 0.0361264, max = 0.0543631 (LTOE)
[2025-07-18 09:30:16.170] [info] Frame 950 (t = 4.75):	 total squared error = 0.0269944, marker error: RMS = 0.0358531, max = 0.0540646 (LTOE)
[2025-07-18 09:30:16.242] [info] Frame 951 (t = 4.755):	 total squared error = 0.0265761, marker error: RMS = 0.0355743, max = 0.0537188 (LTOE)
[2025-07-18 09:30:16.304] [info] Frame 952 (t = 4.76):	 total squared error = 0.0261519, marker error: RMS = 0.0352892, max = 0.0534108 (LTOE)
[2025-07-18 09:30:16.370] [info] Frame 953 (t = 4.765):	 total squared error = 0.02572, marker error: RMS = 0.0349966, max = 0.0530141 (LTOE)
[2025-07-18 09:30:16.441] [info] Frame 954 (t = 4.77):	 total squared error = 0.0252864, marker error: RMS = 0.0347003, max = 0.0526946 (LTOE)
[2025-07-18 09:30:16.520] [info] Frame 955 (t = 4.775):	 total squared error = 0.0248498, marker error: RMS = 0.0343995, max = 0.0523729 (LTOE)
[2025-07-18 09:30:16.599] [info] Frame 956 (t = 4.78):	 total squared error = 0.0244107, marker error: RMS = 0.0340942, max = 0.0520122 (LTOE)
[2025-07-18 09:30:16.658] [info] Frame 957 (t = 4.785):	 total squared error = 0.0239698, marker error: RMS = 0.0337849, max = 0.0515672 (LTOE)
[2025-07-18 09:30:16.743] [info] Frame 958 (t = 4.79):	 total squared error = 0.0235305, marker error: RMS = 0.0334738, max = 0.0512797 (LTOE)
[2025-07-18 09:30:16.801] [info] Frame 959 (t = 4.795):	 total squared error = 0.0230907, marker error: RMS = 0.0331596, max = 0.0509428 (LTOE)
[2025-07-18 09:30:16.869] [info] Frame 960 (t = 4.8):	 total squared error = 0.0226512, marker error: RMS = 0.0328425, max = 0.0504810 (LTOE)
[2025-07-18 09:30:16.939] [info] Frame 961 (t = 4.80500):	 total squared error = 0.0222155, marker error: RMS = 0.0325251, max = 0.0501536 (LTOE)
[2025-07-18 09:30:17.025] [info] Frame 962 (t = 4.81):	 total squared error = 0.0217821, marker error: RMS = 0.0322062, max = 0.0497841 (LTOE)
[2025-07-18 09:30:17.092] [info] Frame 963 (t = 4.815):	 total squared error = 0.0213519, marker error: RMS = 0.0318866, max = 0.0493518 (LTOE)
[2025-07-18 09:30:17.161] [info] Frame 964 (t = 4.82):	 total squared error = 0.0209250, marker error: RMS = 0.0315662, max = 0.0489571 (LTOE)
[2025-07-18 09:30:17.232] [info] Frame 965 (t = 4.825):	 total squared error = 0.0205034, marker error: RMS = 0.0312466, max = 0.048569 (LTOE)
[2025-07-18 09:30:17.303] [info] Frame 966 (t = 4.83):	 total squared error = 0.0200867, marker error: RMS = 0.0309275, max = 0.0481578 (LTOE)
[2025-07-18 09:30:17.380] [info] Frame 967 (t = 4.835):	 total squared error = 0.0196759, marker error: RMS = 0.0306096, max = 0.0477843 (LTOE)
[2025-07-18 09:30:17.465] [info] Frame 968 (t = 4.84):	 total squared error = 0.0192723, marker error: RMS = 0.0302940, max = 0.0473956 (LTOE)
[2025-07-18 09:30:17.540] [info] Frame 969 (t = 4.845):	 total squared error = 0.0188729, marker error: RMS = 0.0299785, max = 0.046989 (LTOE)
[2025-07-18 09:30:17.605] [info] Frame 970 (t = 4.85):	 total squared error = 0.0184811, marker error: RMS = 0.0296657, max = 0.0465839 (LTOE)
[2025-07-18 09:30:17.669] [info] Frame 971 (t = 4.855):	 total squared error = 0.0180975, marker error: RMS = 0.0293562, max = 0.0462262 (LTOE)
[2025-07-18 09:30:17.755] [info] Frame 972 (t = 4.86):	 total squared error = 0.0177219, marker error: RMS = 0.0290500, max = 0.0458279 (LTOE)
[2025-07-18 09:30:17.814] [info] Frame 973 (t = 4.865):	 total squared error = 0.0173529, marker error: RMS = 0.028746, max = 0.0453905 (LTOE)
[2025-07-18 09:30:17.878] [info] Frame 974 (t = 4.87):	 total squared error = 0.0169958, marker error: RMS = 0.0284486, max = 0.0450531 (LTOE)
[2025-07-18 09:30:17.942] [info] Frame 975 (t = 4.875):	 total squared error = 0.016647, marker error: RMS = 0.0281552, max = 0.0446709 (LTOE)
[2025-07-18 09:30:18.006] [info] Frame 976 (t = 4.88):	 total squared error = 0.0163085, marker error: RMS = 0.0278674, max = 0.0443097 (LTOE)
[2025-07-18 09:30:18.092] [info] Frame 977 (t = 4.885):	 total squared error = 0.01598, marker error: RMS = 0.0275854, max = 0.0439738 (LTOE)
[2025-07-18 09:30:18.168] [info] Frame 978 (t = 4.89):	 total squared error = 0.0156618, marker error: RMS = 0.0273093, max = 0.0435373 (LTOE)
[2025-07-18 09:30:18.231] [info] Frame 979 (t = 4.895):	 total squared error = 0.0153576, marker error: RMS = 0.0270428, max = 0.0432352 (LTOE)
[2025-07-18 09:30:18.314] [info] Frame 980 (t = 4.9):	 total squared error = 0.0150625, marker error: RMS = 0.0267817, max = 0.0428467 (LTOE)
[2025-07-18 09:30:18.380] [info] Frame 981 (t = 4.90500):	 total squared error = 0.0147792, marker error: RMS = 0.0265287, max = 0.0425122 (LTOE)
[2025-07-18 09:30:18.460] [info] Frame 982 (t = 4.91):	 total squared error = 0.0145073, marker error: RMS = 0.0262835, max = 0.0421602 (LTOE)
[2025-07-18 09:30:18.539] [info] Frame 983 (t = 4.915):	 total squared error = 0.0142453, marker error: RMS = 0.0260451, max = 0.0417825 (LTOE)
[2025-07-18 09:30:18.624] [info] Frame 984 (t = 4.92):	 total squared error = 0.0139935, marker error: RMS = 0.0258139, max = 0.0415006 (LTOE)
[2025-07-18 09:30:18.708] [info] Frame 985 (t = 4.925):	 total squared error = 0.0137517, marker error: RMS = 0.0255899, max = 0.0411532 (LTOE)
[2025-07-18 09:30:18.796] [info] Frame 986 (t = 4.93):	 total squared error = 0.0135186, marker error: RMS = 0.0253721, max = 0.0408339 (LTOE)
[2025-07-18 09:30:18.878] [info] Frame 987 (t = 4.935):	 total squared error = 0.0132937, marker error: RMS = 0.0251601, max = 0.0405185 (LTOE)
[2025-07-18 09:30:18.950] [info] Frame 988 (t = 4.94):	 total squared error = 0.0130769, marker error: RMS = 0.0249542, max = 0.0402530 (LTOE)
[2025-07-18 09:30:19.014] [info] Frame 989 (t = 4.945):	 total squared error = 0.0128649, marker error: RMS = 0.0247511, max = 0.039928 (LTOE)
[2025-07-18 09:30:19.068] [info] Frame 990 (t = 4.95):	 total squared error = 0.0127303, marker error: RMS = 0.0246212, max = 0.0397844 (LTOE)
[2025-07-18 09:30:19.127] [info] Frame 991 (t = 4.955):	 total squared error = 0.0124556, marker error: RMS = 0.0243542, max = 0.0393138 (LTOE)
[2025-07-18 09:30:19.196] [info] Frame 992 (t = 4.96):	 total squared error = 0.0123315, marker error: RMS = 0.0242325, max = 0.039144 (LTOE)
[2025-07-18 09:30:19.262] [info] Frame 993 (t = 4.965):	 total squared error = 0.0120634, marker error: RMS = 0.0239677, max = 0.0386352 (LTOE)
[2025-07-18 09:30:19.326] [info] Frame 994 (t = 4.97):	 total squared error = 0.0119456, marker error: RMS = 0.0238503, max = 0.0385491 (LTOE)
[2025-07-18 09:30:19.397] [info] Frame 995 (t = 4.975):	 total squared error = 0.0116831, marker error: RMS = 0.0235868, max = 0.0379666 (LTOE)
[2025-07-18 09:30:19.457] [info] Frame 996 (t = 4.98):	 total squared error = 0.0115731, marker error: RMS = 0.0234755, max = 0.0379259 (LTOE)
[2025-07-18 09:30:19.541] [info] Frame 997 (t = 4.985):	 total squared error = 0.0113194, marker error: RMS = 0.0232168, max = 0.0373836 (LTOE)
[2025-07-18 09:30:19.603] [info] Frame 998 (t = 4.99):	 total squared error = 0.0112173, marker error: RMS = 0.0231119, max = 0.0373407 (LTOE)
[2025-07-18 09:30:19.664] [info] Frame 999 (t = 4.995):	 total squared error = 0.0109694, marker error: RMS = 0.022855, max = 0.0367725 (LTOE)
[2025-07-18 09:30:19.736] [info] Frame 1000 (t = 5.0):	 total squared error = 0.0108012, marker error: RMS = 0.0226791, max = 0.0364826 (LTOE)
[2025-07-18 09:30:19.813] [info] Frame 1001 (t = 5.00500):	 total squared error = 0.0106370, marker error: RMS = 0.0225060, max = 0.0361943 (LTOE)
[2025-07-18 09:30:19.890] [info] Frame 1002 (t = 5.01):	 total squared error = 0.0104770, marker error: RMS = 0.0223362, max = 0.0359125 (LTOE)
[2025-07-18 09:30:19.982] [info] Frame 1003 (t = 5.015):	 total squared error = 0.0103216, marker error: RMS = 0.0221699, max = 0.0356561 (LTOE)
[2025-07-18 09:30:20.042] [info] Frame 1004 (t = 5.02):	 total squared error = 0.0101712, marker error: RMS = 0.0220078, max = 0.0353661 (LTOE)
[2025-07-18 09:30:20.115] [info] Frame 1005 (t = 5.025):	 total squared error = 0.0100251, marker error: RMS = 0.0218492, max = 0.0350988 (LTOE)
[2025-07-18 09:30:20.180] [info] Frame 1006 (t = 5.03):	 total squared error = 0.00988227, marker error: RMS = 0.021693, max = 0.0348713 (LTOE)
[2025-07-18 09:30:20.247] [info] Frame 1007 (t = 5.035):	 total squared error = 0.00981608, marker error: RMS = 0.0216202, max = 0.0348934 (LTOE)
[2025-07-18 09:30:20.312] [info] Frame 1008 (t = 5.04):	 total squared error = 0.00961237, marker error: RMS = 0.0213947, max = 0.034412 (LTOE)
[2025-07-18 09:30:20.387] [info] Frame 1009 (t = 5.045):	 total squared error = 0.00948346, marker error: RMS = 0.0212507, max = 0.0342173 (LTOE)
[2025-07-18 09:30:20.469] [info] Frame 1010 (t = 5.05):	 total squared error = 0.00935950, marker error: RMS = 0.0211114, max = 0.0340030 (LTOE)
[2025-07-18 09:30:20.546] [info] Frame 1011 (t = 5.055):	 total squared error = 0.00924030, marker error: RMS = 0.0209765, max = 0.0338299 (LTOE)
[2025-07-18 09:30:20.635] [info] Frame 1012 (t = 5.06):	 total squared error = 0.00912443, marker error: RMS = 0.0208446, max = 0.0336426 (LTOE)
[2025-07-18 09:30:20.698] [info] Frame 1013 (t = 5.065):	 total squared error = 0.00908286, marker error: RMS = 0.0207971, max = 0.0336942 (LTOE)
[2025-07-18 09:30:20.763] [info] Frame 1014 (t = 5.07):	 total squared error = 0.00890577, marker error: RMS = 0.0205933, max = 0.0332907 (LTOE)
[2025-07-18 09:30:20.825] [info] Frame 1015 (t = 5.075):	 total squared error = 0.00880193, marker error: RMS = 0.0204729, max = 0.0331103 (LTOE)
[2025-07-18 09:30:20.889] [info] Frame 1016 (t = 5.08):	 total squared error = 0.00870380, marker error: RMS = 0.0203585, max = 0.0330027 (LTOE)
[2025-07-18 09:30:20.948] [info] Frame 1017 (t = 5.085):	 total squared error = 0.00867828, marker error: RMS = 0.0203286, max = 0.0331332 (LTOE)
[2025-07-18 09:30:21.010] [info] Frame 1018 (t = 5.09):	 total squared error = 0.00851596, marker error: RMS = 0.0201376, max = 0.0327757 (LTOE)
[2025-07-18 09:30:21.082] [info] Frame 1019 (t = 5.095):	 total squared error = 0.00842786, marker error: RMS = 0.0200331, max = 0.0326835 (LTOE)
[2025-07-18 09:30:21.142] [info] Frame 1020 (t = 5.1):	 total squared error = 0.00834331, marker error: RMS = 0.0199324, max = 0.0325693 (LTOE)
[2025-07-18 09:30:21.221] [info] Frame 1021 (t = 5.10500):	 total squared error = 0.00825986, marker error: RMS = 0.0198325, max = 0.0323935 (LTOE)
[2025-07-18 09:30:21.288] [info] Frame 1022 (t = 5.11):	 total squared error = 0.00818169, marker error: RMS = 0.0197384, max = 0.0322926 (LTOE)
[2025-07-18 09:30:21.344] [info] Frame 1023 (t = 5.115):	 total squared error = 0.00817701, marker error: RMS = 0.0197327, max = 0.0324346 (LTOE)
[2025-07-18 09:30:21.402] [info] Frame 1024 (t = 5.12):	 total squared error = 0.00803562, marker error: RMS = 0.0195614, max = 0.032123 (LTOE)
[2025-07-18 09:30:21.457] [info] Frame 1025 (t = 5.125):	 total squared error = 0.00803828, marker error: RMS = 0.0195646, max = 0.032282 (LTOE)
[2025-07-18 09:30:21.530] [info] Frame 1026 (t = 5.13):	 total squared error = 0.00790431, marker error: RMS = 0.0194009, max = 0.0319581 (LTOE)
[2025-07-18 09:30:21.584] [info] Frame 1027 (t = 5.135):	 total squared error = 0.00791299, marker error: RMS = 0.0194116, max = 0.032112 (LTOE)
[2025-07-18 09:30:21.634] [info] Frame 1028 (t = 5.14):	 total squared error = 0.00778806, marker error: RMS = 0.0192577, max = 0.0318619 (LTOE)
[2025-07-18 09:30:21.701] [info] Frame 1029 (t = 5.145):	 total squared error = 0.00773423, marker error: RMS = 0.0191911, max = 0.0318011 (LTOE)
[2025-07-18 09:30:21.778] [info] Frame 1030 (t = 5.15):	 total squared error = 0.00768418, marker error: RMS = 0.0191289, max = 0.0317253 (LTOE)
[2025-07-18 09:30:21.835] [info] Frame 1031 (t = 5.155):	 total squared error = 0.00770796, marker error: RMS = 0.0191584, max = 0.0319355 (LTOE)
[2025-07-18 09:30:21.897] [info] Frame 1032 (t = 5.16):	 total squared error = 0.00759731, marker error: RMS = 0.0190204, max = 0.0316836 (LTOE)
[2025-07-18 09:30:21.958] [info] Frame 1033 (t = 5.165):	 total squared error = 0.00756094, marker error: RMS = 0.0189748, max = 0.0316782 (LTOE)
[2025-07-18 09:30:22.024] [info] Frame 1034 (t = 5.17):	 total squared error = 0.00752813, marker error: RMS = 0.0189336, max = 0.0317543 (LTOE)
[2025-07-18 09:30:22.089] [info] Frame 1035 (t = 5.175):	 total squared error = 0.00749859, marker error: RMS = 0.0188964, max = 0.0316741 (LTOE)
[2025-07-18 09:30:22.150] [info] Frame 1036 (t = 5.18):	 total squared error = 0.00747365, marker error: RMS = 0.018865, max = 0.03167 (LTOE)
[2025-07-18 09:30:22.202] [info] Frame 1037 (t = 5.185):	 total squared error = 0.00752090, marker error: RMS = 0.0189245, max = 0.031912 (LTOE)
[2025-07-18 09:30:22.256] [info] Frame 1038 (t = 5.19):	 total squared error = 0.00743333, marker error: RMS = 0.018814, max = 0.0316404 (LTOE)
[2025-07-18 09:30:22.323] [info] Frame 1039 (t = 5.195):	 total squared error = 0.00741965, marker error: RMS = 0.0187967, max = 0.0317183 (LTOE)
[2025-07-18 09:30:22.399] [info] Frame 1040 (t = 5.2):	 total squared error = 0.00740854, marker error: RMS = 0.0187826, max = 0.0317837 (LTOE)
[2025-07-18 09:30:22.478] [info] Frame 1041 (t = 5.20500):	 total squared error = 0.00740048, marker error: RMS = 0.0187724, max = 0.0317902 (LTOE)
[2025-07-18 09:30:22.551] [info] Frame 1042 (t = 5.21):	 total squared error = 0.00739423, marker error: RMS = 0.0187645, max = 0.0318262 (LTOE)
[2025-07-18 09:30:22.607] [info] Frame 1043 (t = 5.215):	 total squared error = 0.00745718, marker error: RMS = 0.0188442, max = 0.0320390 (LTOE)
[2025-07-18 09:30:22.666] [info] Frame 1044 (t = 5.22):	 total squared error = 0.00738603, marker error: RMS = 0.0187541, max = 0.0318784 (LTOE)
[2025-07-18 09:30:22.713] [info] Frame 1045 (t = 5.225):	 total squared error = 0.00745420, marker error: RMS = 0.0188404, max = 0.0320880 (LTOE)
[2025-07-18 09:30:22.782] [info] Frame 1046 (t = 5.23):	 total squared error = 0.00738020, marker error: RMS = 0.0187467, max = 0.0318673 (LTOE)
[2025-07-18 09:30:22.844] [info] Frame 1047 (t = 5.235):	 total squared error = 0.00737943, marker error: RMS = 0.0187457, max = 0.0319626 (LTOE)
[2025-07-18 09:30:22.922] [info] Frame 1048 (t = 5.24):	 total squared error = 0.00737509, marker error: RMS = 0.0187402, max = 0.0319681 (LTOE)
[2025-07-18 09:30:22.994] [info] Frame 1049 (t = 5.245):	 total squared error = 0.00737072, marker error: RMS = 0.0187346, max = 0.0320185 (LTOE)
[2025-07-18 09:30:23.081] [info] Frame 1050 (t = 5.25):	 total squared error = 0.00736434, marker error: RMS = 0.0187265, max = 0.0320227 (LTOE)
[2025-07-18 09:30:23.158] [info] Frame 1051 (t = 5.255):	 total squared error = 0.00742514, marker error: RMS = 0.0188037, max = 0.0322095 (LTOE)
[2025-07-18 09:30:23.218] [info] Frame 1052 (t = 5.26):	 total squared error = 0.00734483, marker error: RMS = 0.0187017, max = 0.0319903 (LTOE)
[2025-07-18 09:30:23.291] [info] Frame 1053 (t = 5.265):	 total squared error = 0.00740301, marker error: RMS = 0.0187756, max = 0.0322317 (LTOE)
[2025-07-18 09:30:23.353] [info] Frame 1054 (t = 5.27):	 total squared error = 0.00731884, marker error: RMS = 0.0186686, max = 0.031986 (LTOE)
[2025-07-18 09:30:23.432] [info] Frame 1055 (t = 5.275):	 total squared error = 0.00730420, marker error: RMS = 0.0186499, max = 0.0320530 (LTOE)
[2025-07-18 09:30:23.498] [info] Frame 1056 (t = 5.28):	 total squared error = 0.00735516, marker error: RMS = 0.0187149, max = 0.0322275 (LTOE)
[2025-07-18 09:30:23.557] [info] Frame 1057 (t = 5.285):	 total squared error = 0.00726706, marker error: RMS = 0.0186024, max = 0.0320068 (LTOE)
[2025-07-18 09:30:23.619] [info] Frame 1058 (t = 5.29):	 total squared error = 0.00731608, marker error: RMS = 0.0186651, max = 0.0321863 (LTOE)
[2025-07-18 09:30:23.696] [info] Frame 1059 (t = 5.295):	 total squared error = 0.00722706, marker error: RMS = 0.0185512, max = 0.0319795 (LTOE)
[2025-07-18 09:30:23.781] [info] Frame 1060 (t = 5.3):	 total squared error = 0.00720714, marker error: RMS = 0.0185256, max = 0.0320002 (LTOE)
[2025-07-18 09:30:23.847] [info] Frame 1061 (t = 5.30500):	 total squared error = 0.00725585, marker error: RMS = 0.0185881, max = 0.0322207 (LTOE)
[2025-07-18 09:30:23.899] [info] Frame 1062 (t = 5.31):	 total squared error = 0.00716679, marker error: RMS = 0.0184736, max = 0.0319432 (LTOE)
[2025-07-18 09:30:23.974] [info] Frame 1063 (t = 5.315):	 total squared error = 0.00721772, marker error: RMS = 0.0185392, max = 0.0321904 (LTOE)
[2025-07-18 09:30:24.039] [info] Frame 1064 (t = 5.32):	 total squared error = 0.00713142, marker error: RMS = 0.018428, max = 0.0319691 (LTOE)
[2025-07-18 09:30:24.122] [info] Frame 1065 (t = 5.325):	 total squared error = 0.00711670, marker error: RMS = 0.0184090, max = 0.0319888 (LTOE)
[2025-07-18 09:30:24.226] [info] Frame 1066 (t = 5.33):	 total squared error = 0.00710359, marker error: RMS = 0.018392, max = 0.0319823 (LTOE)
[2025-07-18 09:30:24.322] [info] Frame 1067 (t = 5.335):	 total squared error = 0.00709324, marker error: RMS = 0.0183786, max = 0.0320126 (LTOE)
[2025-07-18 09:30:24.414] [info] Frame 1068 (t = 5.34):	 total squared error = 0.00715415, marker error: RMS = 0.0184573, max = 0.0322494 (LTOE)
[2025-07-18 09:30:24.490] [info] Frame 1069 (t = 5.345):	 total squared error = 0.00707850, marker error: RMS = 0.0183595, max = 0.0320440 (LTOE)
[2025-07-18 09:30:24.580] [info] Frame 1070 (t = 5.35):	 total squared error = 0.00707421, marker error: RMS = 0.0183539, max = 0.0320720 (LTOE)
[2025-07-18 09:30:24.684] [info] Frame 1071 (t = 5.355):	 total squared error = 0.00707120, marker error: RMS = 0.01835, max = 0.0320945 (LTOE)
[2025-07-18 09:30:24.767] [info] Frame 1072 (t = 5.36):	 total squared error = 0.00706908, marker error: RMS = 0.0183473, max = 0.0320866 (LTOE)
[2025-07-18 09:30:24.870] [info] Frame 1073 (t = 5.365):	 total squared error = 0.00706871, marker error: RMS = 0.0183468, max = 0.0321188 (LTOE)
[2025-07-18 09:30:24.950] [info] Frame 1074 (t = 5.37):	 total squared error = 0.00706887, marker error: RMS = 0.018347, max = 0.0321136 (LTOE)
[2025-07-18 09:30:25.023] [info] Frame 1075 (t = 5.375):	 total squared error = 0.00706946, marker error: RMS = 0.0183478, max = 0.0321865 (LTOE)
[2025-07-18 09:30:25.101] [info] Frame 1076 (t = 5.38):	 total squared error = 0.00714023, marker error: RMS = 0.0184394, max = 0.0324432 (LTOE)
[2025-07-18 09:30:25.180] [info] Frame 1077 (t = 5.385):	 total squared error = 0.00707165, marker error: RMS = 0.0183506, max = 0.032274 (LTOE)
[2025-07-18 09:30:25.261] [info] Frame 1078 (t = 5.39):	 total squared error = 0.00707184, marker error: RMS = 0.0183509, max = 0.0322709 (LTOE)
[2025-07-18 09:30:25.337] [info] Frame 1079 (t = 5.395):	 total squared error = 0.00707255, marker error: RMS = 0.0183518, max = 0.0323343 (LTOE)
[2025-07-18 09:30:25.413] [info] Frame 1080 (t = 5.4):	 total squared error = 0.00707157, marker error: RMS = 0.0183505, max = 0.0323 (LTOE)
[2025-07-18 09:30:25.494] [info] Frame 1081 (t = 5.40500):	 total squared error = 0.00707140, marker error: RMS = 0.0183503, max = 0.032363 (LTOE)
[2025-07-18 09:30:25.582] [info] Frame 1082 (t = 5.41):	 total squared error = 0.00714072, marker error: RMS = 0.01844, max = 0.0325898 (LTOE)
[2025-07-18 09:30:25.644] [info] Frame 1083 (t = 5.415):	 total squared error = 0.00714058, marker error: RMS = 0.0184398, max = 0.0325781 (LTOE)
[2025-07-18 09:30:25.722] [info] Frame 1084 (t = 5.42):	 total squared error = 0.00706733, marker error: RMS = 0.018345, max = 0.0323788 (LTOE)
[2025-07-18 09:30:25.810] [info] Frame 1085 (t = 5.425):	 total squared error = 0.00706565, marker error: RMS = 0.0183428, max = 0.0324237 (LTOE)
[2025-07-18 09:30:25.909] [info] Frame 1086 (t = 5.43):	 total squared error = 0.00713408, marker error: RMS = 0.0184314, max = 0.0326776 (LTOE)
[2025-07-18 09:30:25.964] [info] Frame 1087 (t = 5.435):	 total squared error = 0.00706302, marker error: RMS = 0.0183394, max = 0.0324501 (LTOE)
[2025-07-18 09:30:26.046] [info] Frame 1088 (t = 5.44):	 total squared error = 0.00713052, marker error: RMS = 0.0184268, max = 0.0326792 (LTOE)
[2025-07-18 09:30:26.102] [info] Frame 1089 (t = 5.445):	 total squared error = 0.00705876, marker error: RMS = 0.0183339, max = 0.0324659 (LTOE)
[2025-07-18 09:30:26.182] [info] Frame 1090 (t = 5.45):	 total squared error = 0.00705594, marker error: RMS = 0.0183302, max = 0.0324845 (LTOE)
[2025-07-18 09:30:26.227] [info] Frame 1091 (t = 5.455):	 total squared error = 0.00712197, marker error: RMS = 0.0184158, max = 0.0326551 (LTOE)
[2025-07-18 09:30:26.279] [info] Frame 1092 (t = 5.46):	 total squared error = 0.00705045, marker error: RMS = 0.0183231, max = 0.0324558 (LTOE)
[2025-07-18 09:30:26.347] [info] Frame 1093 (t = 5.465):	 total squared error = 0.00711578, marker error: RMS = 0.0184078, max = 0.032745 (LTOE)
[2025-07-18 09:30:26.413] [info] Frame 1094 (t = 5.47):	 total squared error = 0.00704126, marker error: RMS = 0.0183111, max = 0.0325061 (LTOE)
[2025-07-18 09:30:26.476] [info] Frame 1095 (t = 5.475):	 total squared error = 0.00710474, marker error: RMS = 0.0183935, max = 0.0326804 (LTOE)
[2025-07-18 09:30:26.542] [info] Frame 1096 (t = 5.48):	 total squared error = 0.00702784, marker error: RMS = 0.0182937, max = 0.0324716 (LTOE)
[2025-07-18 09:30:26.606] [info] Frame 1097 (t = 5.485):	 total squared error = 0.00702014, marker error: RMS = 0.0182837, max = 0.0324712 (LTOE)
[2025-07-18 09:30:26.668] [info] Frame 1098 (t = 5.49):	 total squared error = 0.00708106, marker error: RMS = 0.0183628, max = 0.0326431 (LTOE)
[2025-07-18 09:30:26.722] [info] Frame 1099 (t = 5.495):	 total squared error = 0.00700080, marker error: RMS = 0.0182585, max = 0.0324353 (LTOE)
[2025-07-18 09:30:26.794] [info] Frame 1100 (t = 5.5):	 total squared error = 0.00698972, marker error: RMS = 0.018244, max = 0.0324672 (LTOE)
[2025-07-18 09:30:26.867] [info] Frame 1101 (t = 5.50500):	 total squared error = 0.00704523, marker error: RMS = 0.0183163, max = 0.0325907 (LTOE)
[2025-07-18 09:30:26.947] [info] Frame 1102 (t = 5.51):	 total squared error = 0.00696054, marker error: RMS = 0.0182059, max = 0.0323346 (LTOE)
[2025-07-18 09:30:27.036] [info] Frame 1103 (t = 5.515):	 total squared error = 0.00694368, marker error: RMS = 0.0181838, max = 0.0323505 (LTOE)
[2025-07-18 09:30:27.133] [info] Frame 1104 (t = 5.52):	 total squared error = 0.00692433, marker error: RMS = 0.0181585, max = 0.0322653 (LTOE)
[2025-07-18 09:30:27.202] [info] Frame 1105 (t = 5.525):	 total squared error = 0.00697367, marker error: RMS = 0.0182231, max = 0.0324749 (LTOE)
[2025-07-18 09:30:27.273] [info] Frame 1106 (t = 5.53):	 total squared error = 0.00688044, marker error: RMS = 0.0181008, max = 0.0322212 (LTOE)
[2025-07-18 09:30:27.352] [info] Frame 1107 (t = 5.535):	 total squared error = 0.00685464, marker error: RMS = 0.0180669, max = 0.0321574 (LTOE)
[2025-07-18 09:30:27.420] [info] Frame 1108 (t = 5.54):	 total squared error = 0.00689545, marker error: RMS = 0.0181206, max = 0.0322194 (LTOE)
[2025-07-18 09:30:27.515] [info] Frame 1109 (t = 5.545):	 total squared error = 0.00679609, marker error: RMS = 0.0179895, max = 0.0320423 (LTOE)
[2025-07-18 09:30:27.610] [info] Frame 1110 (t = 5.55):	 total squared error = 0.00676423, marker error: RMS = 0.0179473, max = 0.0320158 (LTOE)
[2025-07-18 09:30:27.680] [info] Frame 1111 (t = 5.555):	 total squared error = 0.00679771, marker error: RMS = 0.0179917, max = 0.0319913 (LTOE)
[2025-07-18 09:30:27.794] [info] Frame 1112 (t = 5.56):	 total squared error = 0.00669264, marker error: RMS = 0.0178521, max = 0.0318313 (LTOE)
[2025-07-18 09:30:27.891] [info] Frame 1113 (t = 5.565):	 total squared error = 0.00672300, marker error: RMS = 0.0178925, max = 0.0319693 (LTOE)
[2025-07-18 09:30:27.977] [info] Frame 1114 (t = 5.57):	 total squared error = 0.00661355, marker error: RMS = 0.0177463, max = 0.0317647 (LTOE)
[2025-07-18 09:30:28.077] [info] Frame 1115 (t = 5.575):	 total squared error = 0.00663883, marker error: RMS = 0.0177802, max = 0.0318229 (LTOE)
[2025-07-18 09:30:28.169] [info] Frame 1116 (t = 5.58):	 total squared error = 0.00652569, marker error: RMS = 0.017628, max = 0.0315137 (LTOE)
[2025-07-18 09:30:28.283] [info] Frame 1117 (t = 5.585):	 total squared error = 0.00647789, marker error: RMS = 0.0175633, max = 0.0314369 (LTOE)
[2025-07-18 09:30:28.342] [info] Frame 1118 (t = 5.59):	 total squared error = 0.00649614, marker error: RMS = 0.0175881, max = 0.0314828 (LTOE)
[2025-07-18 09:30:28.435] [info] Frame 1119 (t = 5.595):	 total squared error = 0.00637565, marker error: RMS = 0.0174242, max = 0.031191 (LTOE)
[2025-07-18 09:30:28.526] [info] Frame 1120 (t = 5.6):	 total squared error = 0.00632070, marker error: RMS = 0.0173489, max = 0.0311482 (LTOE)
[2025-07-18 09:30:28.600] [info] Frame 1121 (t = 5.60500):	 total squared error = 0.00633145, marker error: RMS = 0.0173637, max = 0.0311851 (LTOE)
[2025-07-18 09:30:28.688] [info] Frame 1122 (t = 5.61):	 total squared error = 0.00620287, marker error: RMS = 0.0171865, max = 0.0308514 (LTOE)
[2025-07-18 09:30:28.788] [info] Frame 1123 (t = 5.615):	 total squared error = 0.00614057, marker error: RMS = 0.0170999, max = 0.0307834 (LTOE)
[2025-07-18 09:30:28.907] [info] Frame 1124 (t = 5.62):	 total squared error = 0.00607516, marker error: RMS = 0.0170086, max = 0.0306419 (LTOE)
[2025-07-18 09:30:28.961] [info] Frame 1125 (t = 5.625):	 total squared error = 0.00607536, marker error: RMS = 0.0170089, max = 0.0306341 (LTOE)
[2025-07-18 09:30:29.025] [info] Frame 1126 (t = 5.63):	 total squared error = 0.00593787, marker error: RMS = 0.0168153, max = 0.0303320 (LTOE)
[2025-07-18 09:30:29.106] [info] Frame 1127 (t = 5.635):	 total squared error = 0.00586572, marker error: RMS = 0.0167129, max = 0.0301492 (LTOE)
[2025-07-18 09:30:29.186] [info] Frame 1128 (t = 5.64):	 total squared error = 0.00579221, marker error: RMS = 0.0166078, max = 0.0300527 (LTOE)
[2025-07-18 09:30:29.268] [info] Frame 1129 (t = 5.645):	 total squared error = 0.00578381, marker error: RMS = 0.0165958, max = 0.0300287 (LTOE)
[2025-07-18 09:30:29.365] [info] Frame 1130 (t = 5.65):	 total squared error = 0.00563852, marker error: RMS = 0.016386, max = 0.0297201 (LTOE)
[2025-07-18 09:30:29.458] [info] Frame 1131 (t = 5.655):	 total squared error = 0.00562626, marker error: RMS = 0.0163682, max = 0.0298062 (LTOE)
[2025-07-18 09:30:29.530] [info] Frame 1132 (t = 5.66):	 total squared error = 0.00547780, marker error: RMS = 0.0161508, max = 0.0295524 (LTOE)
[2025-07-18 09:30:29.608] [info] Frame 1133 (t = 5.665):	 total squared error = 0.00546052, marker error: RMS = 0.0161253, max = 0.0293524 (LTOE)
[2025-07-18 09:30:29.688] [info] Frame 1134 (t = 5.67):	 total squared error = 0.00530793, marker error: RMS = 0.0158984, max = 0.0290018 (LTOE)
[2025-07-18 09:30:29.753] [info] Frame 1135 (t = 5.675):	 total squared error = 0.00528645, marker error: RMS = 0.0158662, max = 0.0289815 (LTOE)
[2025-07-18 09:30:29.815] [info] Frame 1136 (t = 5.68):	 total squared error = 0.00512934, marker error: RMS = 0.0156286, max = 0.0286487 (LTOE)
[2025-07-18 09:30:29.891] [info] Frame 1137 (t = 5.685):	 total squared error = 0.00503587, marker error: RMS = 0.0154856, max = 0.0283807 (LTOE)
[2025-07-18 09:30:30.018] [info] Frame 1138 (t = 5.69):	 total squared error = 0.00493918, marker error: RMS = 0.0153362, max = 0.0281646 (LTOE)
[2025-07-18 09:30:30.085] [info] Frame 1139 (t = 5.695):	 total squared error = 0.00490752, marker error: RMS = 0.015287, max = 0.0281791 (LTOE)
[2025-07-18 09:30:30.162] [info] Frame 1140 (t = 5.7):	 total squared error = 0.00474031, marker error: RMS = 0.0150243, max = 0.0277339 (LTOE)
[2025-07-18 09:30:30.242] [info] Frame 1141 (t = 5.70500):	 total squared error = 0.00463864, marker error: RMS = 0.0148623, max = 0.0274515 (LTOE)
[2025-07-18 09:30:30.308] [info] Frame 1142 (t = 5.71):	 total squared error = 0.00460067, marker error: RMS = 0.0148013, max = 0.027423 (LTOE)
[2025-07-18 09:30:30.398] [info] Frame 1143 (t = 5.715):	 total squared error = 0.00443136, marker error: RMS = 0.0145264, max = 0.0270495 (LTOE)
[2025-07-18 09:30:30.475] [info] Frame 1144 (t = 5.72):	 total squared error = 0.00439244, marker error: RMS = 0.0144625, max = 0.0269744 (LTOE)
[2025-07-18 09:30:30.536] [info] Frame 1145 (t = 5.725):	 total squared error = 0.00422231, marker error: RMS = 0.0141796, max = 0.0265414 (LTOE)
[2025-07-18 09:30:30.641] [info] Frame 1146 (t = 5.73):	 total squared error = 0.00411549, marker error: RMS = 0.0139991, max = 0.0262391 (LTOE)
[2025-07-18 09:30:30.714] [info] Frame 1147 (t = 5.735):	 total squared error = 0.00401363, marker error: RMS = 0.0138248, max = 0.025967 (LTOE)
[2025-07-18 09:30:30.811] [info] Frame 1148 (t = 5.74):	 total squared error = 0.00390905, marker error: RMS = 0.0136435, max = 0.025743 (LTOE)
[2025-07-18 09:30:30.879] [info] Frame 1149 (t = 5.745):	 total squared error = 0.00387309, marker error: RMS = 0.0135806, max = 0.0256693 (LTOE)
[2025-07-18 09:30:30.951] [info] Frame 1150 (t = 5.75):	 total squared error = 0.00370926, marker error: RMS = 0.0132903, max = 0.0252355 (LTOE)
[2025-07-18 09:30:31.000] [info] Frame 1151 (t = 5.755):	 total squared error = 0.00367421, marker error: RMS = 0.0132273, max = 0.0251365 (LTOE)
[2025-07-18 09:30:31.051] [info] Frame 1152 (t = 5.76):	 total squared error = 0.00351424, marker error: RMS = 0.0129362, max = 0.0247505 (LTOE)
[2025-07-18 09:30:31.096] [info] Frame 1153 (t = 5.765):	 total squared error = 0.00348328, marker error: RMS = 0.0128791, max = 0.0247036 (LTOE)
[2025-07-18 09:30:31.149] [info] Frame 1154 (t = 5.77):	 total squared error = 0.00333046, marker error: RMS = 0.0125934, max = 0.0242783 (LTOE)
[2025-07-18 09:30:31.201] [info] Frame 1155 (t = 5.775):	 total squared error = 0.00330064, marker error: RMS = 0.0125369, max = 0.0242351 (LTOE)
[2025-07-18 09:30:31.268] [info] Frame 1156 (t = 5.78):	 total squared error = 0.00314819, marker error: RMS = 0.0122439, max = 0.0237906 (LTOE)
[2025-07-18 09:30:31.314] [info] Frame 1157 (t = 5.785):	 total squared error = 0.00312582, marker error: RMS = 0.0122004, max = 0.0237041 (LTOE)
[2025-07-18 09:30:31.386] [info] Frame 1158 (t = 5.79):	 total squared error = 0.00298340, marker error: RMS = 0.0119192, max = 0.0233527 (LTOE)
[2025-07-18 09:30:31.463] [info] Frame 1159 (t = 5.795):	 total squared error = 0.00290585, marker error: RMS = 0.0117632, max = 0.0231414 (LTOE)
[2025-07-18 09:30:31.513] [info] Frame 1160 (t = 5.8):	 total squared error = 0.00289303, marker error: RMS = 0.0117373, max = 0.0230868 (LTOE)
[2025-07-18 09:30:31.565] [info] Frame 1161 (t = 5.80500):	 total squared error = 0.00276476, marker error: RMS = 0.0114741, max = 0.0230312 (LM5)
[2025-07-18 09:30:31.624] [info] Frame 1162 (t = 5.81):	 total squared error = 0.00269966, marker error: RMS = 0.0113382, max = 0.0232325 (LM5)
[2025-07-18 09:30:31.674] [info] Frame 1163 (t = 5.815):	 total squared error = 0.00269480, marker error: RMS = 0.011328, max = 0.0234404 (LM5)
[2025-07-18 09:30:31.734] [info] Frame 1164 (t = 5.82):	 total squared error = 0.00258570, marker error: RMS = 0.0110963, max = 0.0234638 (LM5)
[2025-07-18 09:30:31.811] [info] Frame 1165 (t = 5.825):	 total squared error = 0.00253327, marker error: RMS = 0.0109832, max = 0.0236463 (LM5)
[2025-07-18 09:30:31.889] [info] Frame 1166 (t = 5.83):	 total squared error = 0.00248795, marker error: RMS = 0.0108846, max = 0.0237754 (LM5)
[2025-07-18 09:30:31.963] [info] Frame 1167 (t = 5.835):	 total squared error = 0.00244630, marker error: RMS = 0.0107931, max = 0.0239232 (LM5)
[2025-07-18 09:30:32.032] [info] Frame 1168 (t = 5.84):	 total squared error = 0.00240927, marker error: RMS = 0.0107111, max = 0.0240649 (LM5)
[2025-07-18 09:30:32.081] [info] Frame 1169 (t = 5.845):	 total squared error = 0.00241620, marker error: RMS = 0.0107265, max = 0.0242463 (LM5)
[2025-07-18 09:30:32.179] [info] Frame 1170 (t = 5.85):	 total squared error = 0.00234592, marker error: RMS = 0.0105693, max = 0.0243571 (LM5)
[2025-07-18 09:30:32.247] [info] Frame 1171 (t = 5.855):	 total squared error = 0.00232085, marker error: RMS = 0.0105127, max = 0.0244206 (LM5)
[2025-07-18 09:30:32.348] [info] Frame 1172 (t = 5.86):	 total squared error = 0.00229753, marker error: RMS = 0.0104598, max = 0.0245591 (LM5)
[2025-07-18 09:30:32.394] [info] Frame 1173 (t = 5.865):	 total squared error = 0.00231784, marker error: RMS = 0.0105059, max = 0.0245685 (LM5)
[2025-07-18 09:30:32.495] [info] Frame 1174 (t = 5.87):	 total squared error = 0.00226169, marker error: RMS = 0.0103778, max = 0.024699 (LM5)
[2025-07-18 09:30:32.543] [info] Frame 1175 (t = 5.875):	 total squared error = 0.00228507, marker error: RMS = 0.0104313, max = 0.0247587 (LM5)
[2025-07-18 09:30:32.636] [info] Frame 1176 (t = 5.88):	 total squared error = 0.00223773, marker error: RMS = 0.0103227, max = 0.0248353 (LM5)
[2025-07-18 09:30:32.748] [info] Frame 1177 (t = 5.885):	 total squared error = 0.00222560, marker error: RMS = 0.0102947, max = 0.0248931 (LM5)
[2025-07-18 09:30:32.872] [info] Frame 1178 (t = 5.89):	 total squared error = 0.00221749, marker error: RMS = 0.0102759, max = 0.0249558 (LM5)
[2025-07-18 09:30:32.973] [info] Frame 1179 (t = 5.895):	 total squared error = 0.00223592, marker error: RMS = 0.0103185, max = 0.0250842 (LM5)
[2025-07-18 09:30:33.054] [info] Frame 1180 (t = 5.9):	 total squared error = 0.00220464, marker error: RMS = 0.0102461, max = 0.0250202 (LM5)
[2025-07-18 09:30:33.143] [info] Frame 1181 (t = 5.90500):	 total squared error = 0.00222388, marker error: RMS = 0.0102907, max = 0.0251534 (LM5)
[2025-07-18 09:30:33.242] [info] Frame 1182 (t = 5.91):	 total squared error = 0.00219295, marker error: RMS = 0.0102189, max = 0.0250605 (LM5)
[2025-07-18 09:30:33.422] [info] Frame 1183 (t = 5.915):	 total squared error = 0.00218960, marker error: RMS = 0.0102111, max = 0.0250822 (LM5)
[2025-07-18 09:30:33.521] [info] Frame 1184 (t = 5.92):	 total squared error = 0.00221276, marker error: RMS = 0.0102650, max = 0.0252020 (LM5)
[2025-07-18 09:30:33.629] [info] Frame 1185 (t = 5.925):	 total squared error = 0.00218786, marker error: RMS = 0.0102071, max = 0.0250734 (LM5)
[2025-07-18 09:30:33.751] [info] Frame 1186 (t = 5.93):	 total squared error = 0.00218712, marker error: RMS = 0.0102053, max = 0.0251032 (LM5)
[2025-07-18 09:30:33.859] [info] Frame 1187 (t = 5.935):	 total squared error = 0.00221454, marker error: RMS = 0.0102691, max = 0.0252917 (LM5)
[2025-07-18 09:30:34.020] [info] Frame 1188 (t = 5.94):	 total squared error = 0.00219314, marker error: RMS = 0.0102194, max = 0.0251612 (LM5)
[2025-07-18 09:30:34.133] [info] Frame 1189 (t = 5.945):	 total squared error = 0.00222437, marker error: RMS = 0.0102919, max = 0.025379 (LM5)
[2025-07-18 09:30:34.267] [info] Frame 1190 (t = 5.95):	 total squared error = 0.00220609, marker error: RMS = 0.0102495, max = 0.0252231 (LM5)
[2025-07-18 09:30:34.390] [info] Frame 1191 (t = 5.955):	 total squared error = 0.00221525, marker error: RMS = 0.0102707, max = 0.0252267 (LM5)
[2025-07-18 09:30:34.482] [info] Frame 1192 (t = 5.96):	 total squared error = 0.00225277, marker error: RMS = 0.0103574, max = 0.0254707 (LM5)
[2025-07-18 09:30:34.614] [info] Frame 1193 (t = 5.965):	 total squared error = 0.00223709, marker error: RMS = 0.0103213, max = 0.0253403 (LM5)
[2025-07-18 09:30:34.710] [info] Frame 1194 (t = 5.97):	 total squared error = 0.00227280, marker error: RMS = 0.0104033, max = 0.0255669 (LM5)
[2025-07-18 09:30:34.823] [info] Frame 1195 (t = 5.975):	 total squared error = 0.00226257, marker error: RMS = 0.0103799, max = 0.0253779 (LM5)
[2025-07-18 09:30:34.921] [info] Frame 1196 (t = 5.98):	 total squared error = 0.00230088, marker error: RMS = 0.0104674, max = 0.0256525 (LM5)
[2025-07-18 09:30:35.058] [info] Frame 1197 (t = 5.985):	 total squared error = 0.00228779, marker error: RMS = 0.0104376, max = 0.0254842 (LM5)
[2025-07-18 09:30:35.153] [info] Frame 1198 (t = 5.99):	 total squared error = 0.00232481, marker error: RMS = 0.0105216, max = 0.0256595 (LM5)
[2025-07-18 09:30:35.291] [info] Frame 1199 (t = 5.995):	 total squared error = 0.00231058, marker error: RMS = 0.0104894, max = 0.0255574 (LM5)
[2025-07-18 09:30:35.424] [info] Frame 1200 (t = 6.0):	 total squared error = 0.00232054, marker error: RMS = 0.0105120, max = 0.025636 (LM5)
[2025-07-18 09:30:35.548] [info] Frame 1201 (t = 6.00500):	 total squared error = 0.00232856, marker error: RMS = 0.0105301, max = 0.0256248 (LM5)
[2025-07-18 09:30:35.677] [info] Frame 1202 (t = 6.01):	 total squared error = 0.00233526, marker error: RMS = 0.0105453, max = 0.0256406 (LM5)
[2025-07-18 09:30:35.771] [info] Frame 1203 (t = 6.015):	 total squared error = 0.00234140, marker error: RMS = 0.0105591, max = 0.0256634 (LM5)
[2025-07-18 09:30:35.878] [info] Frame 1204 (t = 6.02):	 total squared error = 0.00234519, marker error: RMS = 0.0105677, max = 0.0256855 (LM5)
[2025-07-18 09:30:36.049] [info] Frame 1205 (t = 6.025):	 total squared error = 0.00234773, marker error: RMS = 0.0105734, max = 0.0257156 (LM5)
[2025-07-18 09:30:36.065] [info] InverseKinematicsTool completed 555 frames in 41 second(s).
