[2025-06-18 14:48:05.430] [info] Updating Model file from 40000 to latest format...
[2025-06-18 14:48:05.461] [info] Loaded model Athlete_03 from file D:\athlete_03\simulations\Athlete_03_lowerBody_final.osim
[2025-06-18 14:48:05.463] [warning] Couldn't find file 'r_pelvis.vtp'.
[2025-06-18 14:48:05.463] [warning] Couldn't find file 'l_pelvis.vtp'.
[2025-06-18 14:48:05.463] [warning] Couldn't find file 'sacrum.vtp'.
[2025-06-18 14:48:05.463] [warning] Couldn't find file 'r_femur.vtp'.
[2025-06-18 14:48:05.464] [warning] Couldn't find file 'r_tibia.vtp'.
[2025-06-18 14:48:05.464] [warning] Couldn't find file 'r_fibula.vtp'.
[2025-06-18 14:48:05.464] [warning] Couldn't find file 'r_patella.vtp'.
[2025-06-18 14:48:05.464] [warning] Couldn't find file 'r_talus.vtp'.
[2025-06-18 14:48:05.464] [warning] Couldn't find file 'r_foot.vtp'.
[2025-06-18 14:48:05.464] [warning] Couldn't find file 'r_bofoot.vtp'.
[2025-06-18 14:48:05.464] [warning] Couldn't find file 'l_femur.vtp'.
[2025-06-18 14:48:05.464] [warning] Couldn't find file 'l_tibia.vtp'.
[2025-06-18 14:48:05.464] [warning] Couldn't find file 'l_fibula.vtp'.
[2025-06-18 14:48:05.464] [warning] Couldn't find file 'l_patella.vtp'.
[2025-06-18 14:48:05.464] [warning] Couldn't find file 'l_talus.vtp'.
[2025-06-18 14:48:05.464] [warning] Couldn't find file 'l_foot.vtp'.
[2025-06-18 14:48:05.465] [warning] Couldn't find file 'l_bofoot.vtp'.
[2025-06-18 14:48:05.686] [warning] Visualizer couldn't open r_pelvis.vtp because: SimTK Exception thrown at PolygonalMesh.cpp:411:
  Error detected by Simbody method PolygonalMesh::loadVtpFile(): Attempt to load a VTK PolyData (.vtp) file from file name 'C:\OpenSim 4.3\opensim\..\\Geometry\r_pelvis.vtp' failed with message:
  SimTK Exception thrown at Xml.cpp:108:
  Error detected by Simbody method Xml::readFromFile(): Failed to load the Xml file 'C:\OpenSim 4.3\opensim\..\\Geometry\r_pelvis.vtp' with error 'Failed to open file (line=0, col=0)'.
  (Required condition 'loadOK' was not met.)

  (Required condition '!"failed"' was not met.)

[2025-06-18 14:48:05.686] [warning] Visualizer couldn't open l_pelvis.vtp because: SimTK Exception thrown at PolygonalMesh.cpp:411:
  Error detected by Simbody method PolygonalMesh::loadVtpFile(): Attempt to load a VTK PolyData (.vtp) file from file name 'C:\OpenSim 4.3\opensim\..\\Geometry\l_pelvis.vtp' failed with message:
  SimTK Exception thrown at Xml.cpp:108:
  Error detected by Simbody method Xml::readFromFile(): Failed to load the Xml file 'C:\OpenSim 4.3\opensim\..\\Geometry\l_pelvis.vtp' with error 'Failed to open file (line=0, col=0)'.
  (Required condition 'loadOK' was not met.)

  (Required condition '!"failed"' was not met.)

[2025-06-18 14:48:05.689] [warning] Visualizer couldn't open sacrum.vtp because: SimTK Exception thrown at PolygonalMesh.cpp:411:
  Error detected by Simbody method PolygonalMesh::loadVtpFile(): Attempt to load a VTK PolyData (.vtp) file from file name 'C:\OpenSim 4.3\opensim\..\\Geometry\sacrum.vtp' failed with message:
  SimTK Exception thrown at Xml.cpp:108:
  Error detected by Simbody method Xml::readFromFile(): Failed to load the Xml file 'C:\OpenSim 4.3\opensim\..\\Geometry\sacrum.vtp' with error 'Failed to open file (line=0, col=0)'.
  (Required condition 'loadOK' was not met.)

  (Required condition '!"failed"' was not met.)

[2025-06-18 14:48:05.690] [warning] Visualizer couldn't open r_femur.vtp because: SimTK Exception thrown at PolygonalMesh.cpp:411:
  Error detected by Simbody method PolygonalMesh::loadVtpFile(): Attempt to load a VTK PolyData (.vtp) file from file name 'C:\OpenSim 4.3\opensim\..\\Geometry\r_femur.vtp' failed with message:
  SimTK Exception thrown at Xml.cpp:108:
  Error detected by Simbody method Xml::readFromFile(): Failed to load the Xml file 'C:\OpenSim 4.3\opensim\..\\Geometry\r_femur.vtp' with error 'Failed to open file (line=0, col=0)'.
  (Required condition 'loadOK' was not met.)

  (Required condition '!"failed"' was not met.)

[2025-06-18 14:48:05.693] [warning] Visualizer couldn't open r_tibia.vtp because: SimTK Exception thrown at PolygonalMesh.cpp:411:
  Error detected by Simbody method PolygonalMesh::loadVtpFile(): Attempt to load a VTK PolyData (.vtp) file from file name 'C:\OpenSim 4.3\opensim\..\\Geometry\r_tibia.vtp' failed with message:
  SimTK Exception thrown at Xml.cpp:108:
  Error detected by Simbody method Xml::readFromFile(): Failed to load the Xml file 'C:\OpenSim 4.3\opensim\..\\Geometry\r_tibia.vtp' with error 'Failed to open file (line=0, col=0)'.
  (Required condition 'loadOK' was not met.)

  (Required condition '!"failed"' was not met.)

[2025-06-18 14:48:05.693] [warning] Visualizer couldn't open r_fibula.vtp because: SimTK Exception thrown at PolygonalMesh.cpp:411:
  Error detected by Simbody method PolygonalMesh::loadVtpFile(): Attempt to load a VTK PolyData (.vtp) file from file name 'C:\OpenSim 4.3\opensim\..\\Geometry\r_fibula.vtp' failed with message:
  SimTK Exception thrown at Xml.cpp:108:
  Error detected by Simbody method Xml::readFromFile(): Failed to load the Xml file 'C:\OpenSim 4.3\opensim\..\\Geometry\r_fibula.vtp' with error 'Failed to open file (line=0, col=0)'.
  (Required condition 'loadOK' was not met.)

  (Required condition '!"failed"' was not met.)

[2025-06-18 14:48:05.694] [warning] Visualizer couldn't open r_patella.vtp because: SimTK Exception thrown at PolygonalMesh.cpp:411:
  Error detected by Simbody method PolygonalMesh::loadVtpFile(): Attempt to load a VTK PolyData (.vtp) file from file name 'C:\OpenSim 4.3\opensim\..\\Geometry\r_patella.vtp' failed with message:
  SimTK Exception thrown at Xml.cpp:108:
  Error detected by Simbody method Xml::readFromFile(): Failed to load the Xml file 'C:\OpenSim 4.3\opensim\..\\Geometry\r_patella.vtp' with error 'Failed to open file (line=0, col=0)'.
  (Required condition 'loadOK' was not met.)

  (Required condition '!"failed"' was not met.)

[2025-06-18 14:48:05.695] [warning] Visualizer couldn't open r_talus.vtp because: SimTK Exception thrown at PolygonalMesh.cpp:411:
  Error detected by Simbody method PolygonalMesh::loadVtpFile(): Attempt to load a VTK PolyData (.vtp) file from file name 'C:\OpenSim 4.3\opensim\..\\Geometry\r_talus.vtp' failed with message:
  SimTK Exception thrown at Xml.cpp:108:
  Error detected by Simbody method Xml::readFromFile(): Failed to load the Xml file 'C:\OpenSim 4.3\opensim\..\\Geometry\r_talus.vtp' with error 'Failed to open file (line=0, col=0)'.
  (Required condition 'loadOK' was not met.)

  (Required condition '!"failed"' was not met.)

[2025-06-18 14:48:05.695] [warning] Visualizer couldn't open r_foot.vtp because: SimTK Exception thrown at PolygonalMesh.cpp:411:
  Error detected by Simbody method PolygonalMesh::loadVtpFile(): Attempt to load a VTK PolyData (.vtp) file from file name 'C:\OpenSim 4.3\opensim\..\\Geometry\r_foot.vtp' failed with message:
  SimTK Exception thrown at Xml.cpp:108:
  Error detected by Simbody method Xml::readFromFile(): Failed to load the Xml file 'C:\OpenSim 4.3\opensim\..\\Geometry\r_foot.vtp' with error 'Failed to open file (line=0, col=0)'.
  (Required condition 'loadOK' was not met.)

  (Required condition '!"failed"' was not met.)

[2025-06-18 14:48:05.695] [warning] Visualizer couldn't open r_bofoot.vtp because: SimTK Exception thrown at PolygonalMesh.cpp:411:
  Error detected by Simbody method PolygonalMesh::loadVtpFile(): Attempt to load a VTK PolyData (.vtp) file from file name 'C:\OpenSim 4.3\opensim\..\\Geometry\r_bofoot.vtp' failed with message:
  SimTK Exception thrown at Xml.cpp:108:
  Error detected by Simbody method Xml::readFromFile(): Failed to load the Xml file 'C:\OpenSim 4.3\opensim\..\\Geometry\r_bofoot.vtp' with error 'Failed to open file (line=0, col=0)'.
  (Required condition 'loadOK' was not met.)

  (Required condition '!"failed"' was not met.)

[2025-06-18 14:48:05.696] [warning] Visualizer couldn't open l_femur.vtp because: SimTK Exception thrown at PolygonalMesh.cpp:411:
  Error detected by Simbody method PolygonalMesh::loadVtpFile(): Attempt to load a VTK PolyData (.vtp) file from file name 'C:\OpenSim 4.3\opensim\..\\Geometry\l_femur.vtp' failed with message:
  SimTK Exception thrown at Xml.cpp:108:
  Error detected by Simbody method Xml::readFromFile(): Failed to load the Xml file 'C:\OpenSim 4.3\opensim\..\\Geometry\l_femur.vtp' with error 'Failed to open file (line=0, col=0)'.
  (Required condition 'loadOK' was not met.)

  (Required condition '!"failed"' was not met.)

[2025-06-18 14:48:05.697] [warning] Visualizer couldn't open l_tibia.vtp because: SimTK Exception thrown at PolygonalMesh.cpp:411:
  Error detected by Simbody method PolygonalMesh::loadVtpFile(): Attempt to load a VTK PolyData (.vtp) file from file name 'C:\OpenSim 4.3\opensim\..\\Geometry\l_tibia.vtp' failed with message:
  SimTK Exception thrown at Xml.cpp:108:
  Error detected by Simbody method Xml::readFromFile(): Failed to load the Xml file 'C:\OpenSim 4.3\opensim\..\\Geometry\l_tibia.vtp' with error 'Failed to open file (line=0, col=0)'.
  (Required condition 'loadOK' was not met.)

  (Required condition '!"failed"' was not met.)

[2025-06-18 14:48:05.698] [warning] Visualizer couldn't open l_fibula.vtp because: SimTK Exception thrown at PolygonalMesh.cpp:411:
  Error detected by Simbody method PolygonalMesh::loadVtpFile(): Attempt to load a VTK PolyData (.vtp) file from file name 'C:\OpenSim 4.3\opensim\..\\Geometry\l_fibula.vtp' failed with message:
  SimTK Exception thrown at Xml.cpp:108:
  Error detected by Simbody method Xml::readFromFile(): Failed to load the Xml file 'C:\OpenSim 4.3\opensim\..\\Geometry\l_fibula.vtp' with error 'Failed to open file (line=0, col=0)'.
  (Required condition 'loadOK' was not met.)

  (Required condition '!"failed"' was not met.)

[2025-06-18 14:48:05.699] [warning] Visualizer couldn't open l_patella.vtp because: SimTK Exception thrown at PolygonalMesh.cpp:411:
  Error detected by Simbody method PolygonalMesh::loadVtpFile(): Attempt to load a VTK PolyData (.vtp) file from file name 'C:\OpenSim 4.3\opensim\..\\Geometry\l_patella.vtp' failed with message:
  SimTK Exception thrown at Xml.cpp:108:
  Error detected by Simbody method Xml::readFromFile(): Failed to load the Xml file 'C:\OpenSim 4.3\opensim\..\\Geometry\l_patella.vtp' with error 'Failed to open file (line=0, col=0)'.
  (Required condition 'loadOK' was not met.)

  (Required condition '!"failed"' was not met.)

[2025-06-18 14:48:05.699] [warning] Visualizer couldn't open l_talus.vtp because: SimTK Exception thrown at PolygonalMesh.cpp:411:
  Error detected by Simbody method PolygonalMesh::loadVtpFile(): Attempt to load a VTK PolyData (.vtp) file from file name 'C:\OpenSim 4.3\opensim\..\\Geometry\l_talus.vtp' failed with message:
  SimTK Exception thrown at Xml.cpp:108:
  Error detected by Simbody method Xml::readFromFile(): Failed to load the Xml file 'C:\OpenSim 4.3\opensim\..\\Geometry\l_talus.vtp' with error 'Failed to open file (line=0, col=0)'.
  (Required condition 'loadOK' was not met.)

  (Required condition '!"failed"' was not met.)

[2025-06-18 14:48:05.700] [warning] Visualizer couldn't open l_foot.vtp because: SimTK Exception thrown at PolygonalMesh.cpp:411:
  Error detected by Simbody method PolygonalMesh::loadVtpFile(): Attempt to load a VTK PolyData (.vtp) file from file name 'C:\OpenSim 4.3\opensim\..\\Geometry\l_foot.vtp' failed with message:
  SimTK Exception thrown at Xml.cpp:108:
  Error detected by Simbody method Xml::readFromFile(): Failed to load the Xml file 'C:\OpenSim 4.3\opensim\..\\Geometry\l_foot.vtp' with error 'Failed to open file (line=0, col=0)'.
  (Required condition 'loadOK' was not met.)

  (Required condition '!"failed"' was not met.)

[2025-06-18 14:48:05.700] [warning] Visualizer couldn't open l_bofoot.vtp because: SimTK Exception thrown at PolygonalMesh.cpp:411:
  Error detected by Simbody method PolygonalMesh::loadVtpFile(): Attempt to load a VTK PolyData (.vtp) file from file name 'C:\OpenSim 4.3\opensim\..\\Geometry\l_bofoot.vtp' failed with message:
  SimTK Exception thrown at Xml.cpp:108:
  Error detected by Simbody method Xml::readFromFile(): Failed to load the Xml file 'C:\OpenSim 4.3\opensim\..\\Geometry\l_bofoot.vtp' with error 'Failed to open file (line=0, col=0)'.
  (Required condition 'loadOK' was not met.)

  (Required condition '!"failed"' was not met.)

[2025-06-18 14:48:22.251] [info] Storage: read data file = D:\athlete_03\simulations\Athlete_03\dl_75\Output\IK\IK.mot (nr=370 nc=27)
[2025-06-18 14:50:22.887] [error] IO.OpenInputFile(const string&,openmode mode): failed to open ..\IK\IK.mot.
[2025-06-18 14:50:27.160] [info] Storage: read data file = D:\athlete_03\simulations\Athlete_03\dl_70\Output\IK\IK.mot (nr=338 nc=27)
[2025-06-18 15:34:23.590] [info] Updating Model file from 40000 to latest format...
[2025-06-18 15:34:24.418] [info] Loaded model Athlete_03 from file D:/athlete_03/simulations/Athlete_03_lowerBody_final.osim
[2025-06-18 15:34:24.619] [warning] Couldn't find file 'r_pelvis.vtp'.
[2025-06-18 15:34:25.425] [warning] Couldn't find file 'l_pelvis.vtp'.
[2025-06-18 15:34:25.428] [warning] Couldn't find file 'sacrum.vtp'.
[2025-06-18 15:34:25.428] [warning] Couldn't find file 'r_femur.vtp'.
[2025-06-18 15:34:25.429] [warning] Couldn't find file 'r_tibia.vtp'.
[2025-06-18 15:34:25.429] [warning] Couldn't find file 'r_fibula.vtp'.
[2025-06-18 15:34:25.429] [warning] Couldn't find file 'r_patella.vtp'.
[2025-06-18 15:34:25.430] [warning] Couldn't find file 'r_talus.vtp'.
[2025-06-18 15:34:25.430] [warning] Couldn't find file 'r_foot.vtp'.
[2025-06-18 15:34:25.430] [warning] Couldn't find file 'r_bofoot.vtp'.
[2025-06-18 15:34:25.431] [warning] Couldn't find file 'l_femur.vtp'.
[2025-06-18 15:34:25.431] [warning] Couldn't find file 'l_tibia.vtp'.
[2025-06-18 15:34:25.431] [warning] Couldn't find file 'l_fibula.vtp'.
[2025-06-18 15:34:25.431] [warning] Couldn't find file 'l_patella.vtp'.
[2025-06-18 15:34:25.432] [warning] Couldn't find file 'l_talus.vtp'.
[2025-06-18 15:34:25.432] [warning] Couldn't find file 'l_foot.vtp'.
[2025-06-18 15:34:25.433] [warning] Couldn't find file 'l_bofoot.vtp'.
[2025-06-18 15:43:57.871] [info] Updating Model file from 40000 to latest format...
[2025-06-18 15:43:57.972] [info] Loaded model Athlete_03 from file D:/athlete_03/simulations/Athlete_03_lowerBody_final.osim
[2025-06-18 15:43:57.973] [warning] Couldn't find file 'r_pelvis.vtp'.
[2025-06-18 15:43:57.973] [warning] Couldn't find file 'l_pelvis.vtp'.
[2025-06-18 15:43:57.974] [warning] Couldn't find file 'sacrum.vtp'.
[2025-06-18 15:43:57.974] [warning] Couldn't find file 'r_femur.vtp'.
[2025-06-18 15:43:57.975] [warning] Couldn't find file 'r_tibia.vtp'.
[2025-06-18 15:43:57.975] [warning] Couldn't find file 'r_fibula.vtp'.
[2025-06-18 15:43:57.975] [warning] Couldn't find file 'r_patella.vtp'.
[2025-06-18 15:43:57.976] [warning] Couldn't find file 'r_talus.vtp'.
[2025-06-18 15:43:57.976] [warning] Couldn't find file 'r_foot.vtp'.
[2025-06-18 15:43:57.977] [warning] Couldn't find file 'r_bofoot.vtp'.
[2025-06-18 15:43:57.977] [warning] Couldn't find file 'l_femur.vtp'.
[2025-06-18 15:43:57.977] [warning] Couldn't find file 'l_tibia.vtp'.
[2025-06-18 15:43:57.978] [warning] Couldn't find file 'l_fibula.vtp'.
[2025-06-18 15:43:57.978] [warning] Couldn't find file 'l_patella.vtp'.
[2025-06-18 15:43:57.979] [warning] Couldn't find file 'l_talus.vtp'.
[2025-06-18 15:43:57.979] [warning] Couldn't find file 'l_foot.vtp'.
[2025-06-18 15:43:57.980] [warning] Couldn't find file 'l_bofoot.vtp'.
