[2025-07-17 22:38:47.018] [info] Loaded model Athlete_03_scaled_updated_masses from file c:\Git\1_current_projects\powerlifing_model\models\Athlete_03_linearly_scaled_scaledMasses_increased_3.00.osim
[2025-07-17 22:43:12.604] [info] Loaded model Athlete_03_scaled_updated_masses from file c:\Git\1_current_projects\powerlifing_model\models\Athlete_03_linearly_scaled_scaledMasses_increased_3.00.osim
[2025-07-17 22:45:56.878] [info] Loaded model Athlete_03_scaled_updated_masses from file c:\Git\1_current_projects\powerlifing_model\models\Athlete_03_linearly_scaled_scaledMasses_increased_3.00.osim
[2025-07-17 22:47:21.551] [info] Loaded model Athlete_03_scaled_updated_masses from file c:\Git\1_current_projects\powerlifing_model\models\Athlete_03_linearly_scaled_scaledMasses_increased_3.00.osim
[2025-07-17 22:47:22.996] [cout] [info] 
               MODEL: Athlete_03_scaled_updated_masses
         coordinates: 26
              forces: 80
           actuators: 80
             muscles: 80
            analyses: 0
              probes: 0
              bodies: 14
              joints: 14
         constraints: 2
             markers: 33
         controllers: 0
  contact geometries: 0
misc modelcomponents: 0
[2025-07-17 22:47:22.996] [info] Running tool .
[2025-07-17 22:47:23.633] [info] Frame 613 (t = 3.065):	 total squared error = 0.000535517, marker error: RMS = 0.00530896, max = 0.00986220 (LTOE)
[2025-07-17 22:47:23.752] [info] Frame 614 (t = 3.07):	 total squared error = 0.000510052, marker error: RMS = 0.00518120, max = 0.00987027 (LTOE)
[2025-07-17 22:47:23.884] [info] Frame 615 (t = 3.075):	 total squared error = 0.000524757, marker error: RMS = 0.00525536, max = 0.00969962 (LTOE)
[2025-07-17 22:47:24.054] [info] Frame 616 (t = 3.08):	 total squared error = 0.000550386, marker error: RMS = 0.00538216, max = 0.0100879 (LTOE)
[2025-07-17 22:47:24.161] [info] Frame 617 (t = 3.085):	 total squared error = 0.000533237, marker error: RMS = 0.00529765, max = 0.0100439 (LTOE)
[2025-07-17 22:47:24.382] [info] Frame 618 (t = 3.09):	 total squared error = 0.000547101, marker error: RMS = 0.00536608, max = 0.0102325 (LTOE)
[2025-07-17 22:47:24.495] [info] Frame 619 (t = 3.095):	 total squared error = 0.000573640, marker error: RMS = 0.00549469, max = 0.0103825 (LTOE)
[2025-07-17 22:47:24.787] [info] Frame 620 (t = 3.1):	 total squared error = 0.000567715, marker error: RMS = 0.00546624, max = 0.0104913 (LTOE)
[2025-07-17 22:47:24.978] [info] Frame 621 (t = 3.10500):	 total squared error = 0.000588714, marker error: RMS = 0.00556641, max = 0.0107378 (LTOE)
[2025-07-17 22:47:25.218] [info] Frame 622 (t = 3.11):	 total squared error = 0.000596278, marker error: RMS = 0.00560206, max = 0.0108038 (LTOE)
[2025-07-17 22:47:25.357] [info] Frame 623 (t = 3.115):	 total squared error = 0.000625682, marker error: RMS = 0.00573852, max = 0.0111649 (LTOE)
[2025-07-17 22:47:25.527] [info] Frame 624 (t = 3.12):	 total squared error = 0.000630495, marker error: RMS = 0.00576055, max = 0.0110425 (LTOE)
[2025-07-17 22:47:25.667] [info] Frame 625 (t = 3.125):	 total squared error = 0.000647572, marker error: RMS = 0.00583804, max = 0.0113197 (LTOE)
[2025-07-17 22:47:25.814] [info] Frame 626 (t = 3.13):	 total squared error = 0.000677507, marker error: RMS = 0.00597146, max = 0.0115495 (LTOE)
[2025-07-17 22:47:25.938] [info] Frame 627 (t = 3.135):	 total squared error = 0.000688309, marker error: RMS = 0.00601887, max = 0.0116663 (LTOE)
[2025-07-17 22:47:26.055] [info] Frame 628 (t = 3.14):	 total squared error = 0.000711494, marker error: RMS = 0.00611940, max = 0.0117864 (LTOE)
[2025-07-17 22:47:26.216] [info] Frame 629 (t = 3.145):	 total squared error = 0.000733770, marker error: RMS = 0.00621446, max = 0.011912 (LTOE)
[2025-07-17 22:47:26.395] [info] Frame 630 (t = 3.15):	 total squared error = 0.000756654, marker error: RMS = 0.00631062, max = 0.0120427 (LTOE)
[2025-07-17 22:47:26.527] [info] Frame 631 (t = 3.155):	 total squared error = 0.000785681, marker error: RMS = 0.00643052, max = 0.0122775 (LTOE)
[2025-07-17 22:47:26.756] [info] Frame 632 (t = 3.16):	 total squared error = 0.000806580, marker error: RMS = 0.00651549, max = 0.0123934 (SACROL)
[2025-07-17 22:47:26.956] [info] Frame 633 (t = 3.165):	 total squared error = 0.000833240, marker error: RMS = 0.00662229, max = 0.012981 (SACROL)
[2025-07-17 22:47:27.098] [info] Frame 634 (t = 3.17):	 total squared error = 0.000861032, marker error: RMS = 0.00673182, max = 0.0135737 (SACROL)
[2025-07-17 22:47:27.218] [info] Frame 635 (t = 3.175):	 total squared error = 0.000893658, marker error: RMS = 0.00685818, max = 0.0142189 (SACROL)
[2025-07-17 22:47:27.395] [info] Frame 636 (t = 3.18):	 total squared error = 0.000915866, marker error: RMS = 0.00694287, max = 0.0147946 (SACROL)
[2025-07-17 22:47:27.592] [info] Frame 637 (t = 3.185):	 total squared error = 0.000944162, marker error: RMS = 0.00704931, max = 0.0152663 (SACROL)
[2025-07-17 22:47:27.719] [info] Frame 638 (t = 3.19):	 total squared error = 0.000976972, marker error: RMS = 0.00717074, max = 0.0157688 (SACROL)
[2025-07-17 22:47:27.871] [info] Frame 639 (t = 3.195):	 total squared error = 0.00101123, marker error: RMS = 0.00729538, max = 0.0163525 (SACROL)
[2025-07-17 22:47:28.050] [info] Frame 640 (t = 3.2):	 total squared error = 0.00103098, marker error: RMS = 0.00736629, max = 0.0167434 (SACROL)
[2025-07-17 22:47:28.212] [info] Frame 641 (t = 3.20500):	 total squared error = 0.00106311, marker error: RMS = 0.00748019, max = 0.0171306 (SACROL)
[2025-07-17 22:47:28.729] [info] Frame 642 (t = 3.21):	 total squared error = 0.00108854, marker error: RMS = 0.00756911, max = 0.0177056 (SACROL)
[2025-07-17 22:47:29.136] [info] Frame 643 (t = 3.215):	 total squared error = 0.00111847, marker error: RMS = 0.00767247, max = 0.018168 (SACROL)
[2025-07-17 22:47:29.440] [info] Frame 644 (t = 3.22):	 total squared error = 0.00115005, marker error: RMS = 0.00778003, max = 0.0185786 (SACROL)
[2025-07-17 22:47:29.889] [info] Frame 645 (t = 3.225):	 total squared error = 0.00117889, marker error: RMS = 0.00787699, max = 0.0191209 (SACROL)
[2025-07-17 22:47:30.184] [info] Frame 646 (t = 3.23):	 total squared error = 0.00121196, marker error: RMS = 0.00798669, max = 0.0196163 (SACROL)
[2025-07-17 22:47:30.428] [info] Frame 647 (t = 3.235):	 total squared error = 0.00124124, marker error: RMS = 0.00808259, max = 0.0200045 (SACROL)
[2025-07-17 22:47:30.655] [info] Frame 648 (t = 3.24):	 total squared error = 0.00127296, marker error: RMS = 0.00818523, max = 0.0204498 (SACROL)
[2025-07-17 22:47:30.805] [info] Frame 649 (t = 3.245):	 total squared error = 0.00130992, marker error: RMS = 0.00830321, max = 0.0210089 (SACROL)
[2025-07-17 22:47:31.019] [info] Frame 650 (t = 3.25):	 total squared error = 0.00133532, marker error: RMS = 0.00838333, max = 0.0213141 (SACROL)
[2025-07-17 22:47:31.236] [info] Frame 651 (t = 3.255):	 total squared error = 0.00136807, marker error: RMS = 0.00848549, max = 0.0217177 (SACROL)
[2025-07-17 22:47:31.397] [info] Frame 652 (t = 3.26):	 total squared error = 0.00140209, marker error: RMS = 0.00859034, max = 0.0221724 (SACROL)
[2025-07-17 22:47:31.542] [info] Frame 653 (t = 3.265):	 total squared error = 0.00143621, marker error: RMS = 0.00869424, max = 0.0226287 (SACROL)
[2025-07-17 22:47:31.639] [info] Frame 654 (t = 3.27):	 total squared error = 0.00148912, marker error: RMS = 0.00885295, max = 0.0232615 (SACROL)
[2025-07-17 22:47:31.811] [info] Frame 655 (t = 3.275):	 total squared error = 0.00150648, marker error: RMS = 0.00890441, max = 0.0234992 (SACROL)
[2025-07-17 22:47:31.915] [info] Frame 656 (t = 3.28):	 total squared error = 0.00156153, marker error: RMS = 0.00906564, max = 0.0240793 (SACROL)
[2025-07-17 22:47:32.121] [info] Frame 657 (t = 3.285):	 total squared error = 0.00157834, marker error: RMS = 0.00911432, max = 0.0243565 (SACROL)
[2025-07-17 22:47:32.253] [info] Frame 658 (t = 3.29):	 total squared error = 0.00163741, marker error: RMS = 0.00928328, max = 0.02485 (SACROL)
[2025-07-17 22:47:32.435] [info] Frame 659 (t = 3.295):	 total squared error = 0.00165538, marker error: RMS = 0.00933408, max = 0.0252105 (SACROL)
[2025-07-17 22:47:32.549] [info] Frame 660 (t = 3.3):	 total squared error = 0.00171944, marker error: RMS = 0.00951297, max = 0.025665 (SACROL)
[2025-07-17 22:47:32.722] [info] Frame 661 (t = 3.30500):	 total squared error = 0.00173540, marker error: RMS = 0.00955703, max = 0.0260234 (SACROL)
[2025-07-17 22:47:32.945] [info] Frame 662 (t = 3.31):	 total squared error = 0.00177753, marker error: RMS = 0.00967234, max = 0.0264324 (SACROL)
[2025-07-17 22:47:33.086] [info] Frame 663 (t = 3.315):	 total squared error = 0.00185512, marker error: RMS = 0.00988120, max = 0.0269509 (SACROL)
[2025-07-17 22:47:33.278] [info] Frame 664 (t = 3.32):	 total squared error = 0.00186720, marker error: RMS = 0.00991330, max = 0.0272376 (SACROL)
[2025-07-17 22:47:33.410] [info] Frame 665 (t = 3.325):	 total squared error = 0.00195235, marker error: RMS = 0.0101368, max = 0.0277427 (SACROL)
[2025-07-17 22:47:33.609] [info] Frame 666 (t = 3.33):	 total squared error = 0.00196390, marker error: RMS = 0.0101668, max = 0.0280251 (SACROL)
[2025-07-17 22:47:33.814] [info] Frame 667 (t = 3.335):	 total squared error = 0.00201588, marker error: RMS = 0.0103004, max = 0.028336 (SACROL)
[2025-07-17 22:47:33.970] [info] Frame 668 (t = 3.34):	 total squared error = 0.00207502, marker error: RMS = 0.0104504, max = 0.0289471 (SACROL)
[2025-07-17 22:47:34.176] [info] Frame 669 (t = 3.345):	 total squared error = 0.00212701, marker error: RMS = 0.0105805, max = 0.0290703 (SACROL)
[2025-07-17 22:47:34.323] [info] Frame 670 (t = 3.35):	 total squared error = 0.00218900, marker error: RMS = 0.0107336, max = 0.0295286 (SACROL)
[2025-07-17 22:47:34.426] [info] Frame 671 (t = 3.355):	 total squared error = 0.00230181, marker error: RMS = 0.0110067, max = 0.0299674 (SACROL)
[2025-07-17 22:47:34.607] [info] Frame 672 (t = 3.36):	 total squared error = 0.00231251, marker error: RMS = 0.0110323, max = 0.0300902 (SACROL)
[2025-07-17 22:47:34.771] [info] Frame 673 (t = 3.365):	 total squared error = 0.00238014, marker error: RMS = 0.0111924, max = 0.0305516 (SACROL)
[2025-07-17 22:47:35.003] [info] Frame 674 (t = 3.37):	 total squared error = 0.00244341, marker error: RMS = 0.0113402, max = 0.0307347 (SACROL)
[2025-07-17 22:47:35.196] [info] Frame 675 (t = 3.375):	 total squared error = 0.00251224, marker error: RMS = 0.0114988, max = 0.0312104 (SACROL)
[2025-07-17 22:47:35.373] [info] Frame 676 (t = 3.38):	 total squared error = 0.00263225, marker error: RMS = 0.0117703, max = 0.0315174 (SACROL)
[2025-07-17 22:47:35.532] [info] Frame 677 (t = 3.385):	 total squared error = 0.00264760, marker error: RMS = 0.0118046, max = 0.0315981 (SACROL)
[2025-07-17 22:47:35.686] [info] Frame 678 (t = 3.39):	 total squared error = 0.00271734, marker error: RMS = 0.011959, max = 0.0318658 (SACROL)
[2025-07-17 22:47:35.823] [info] Frame 679 (t = 3.395):	 total squared error = 0.00278921, marker error: RMS = 0.0121161, max = 0.0322858 (SACROL)
[2025-07-17 22:47:35.951] [info] Frame 680 (t = 3.4):	 total squared error = 0.00291610, marker error: RMS = 0.0123887, max = 0.0326242 (SACROL)
[2025-07-17 22:47:36.042] [info] Frame 681 (t = 3.40500):	 total squared error = 0.00293357, marker error: RMS = 0.0124257, max = 0.0326994 (SACROL)
[2025-07-17 22:47:36.161] [info] Frame 682 (t = 3.41):	 total squared error = 0.00306064, marker error: RMS = 0.012692, max = 0.0330990 (SACROL)
[2025-07-17 22:47:36.254] [info] Frame 683 (t = 3.415):	 total squared error = 0.00307579, marker error: RMS = 0.0127234, max = 0.0331020 (SACROL)
[2025-07-17 22:47:36.367] [info] Frame 684 (t = 3.42):	 total squared error = 0.00320900, marker error: RMS = 0.012996, max = 0.0336428 (SACROL)
[2025-07-17 22:47:36.477] [info] Frame 685 (t = 3.425):	 total squared error = 0.00322287, marker error: RMS = 0.0130240, max = 0.0336479 (SACROL)
[2025-07-17 22:47:36.593] [info] Frame 686 (t = 3.43):	 total squared error = 0.00329788, marker error: RMS = 0.0131747, max = 0.033965 (SACROL)
[2025-07-17 22:47:36.693] [info] Frame 687 (t = 3.435):	 total squared error = 0.00337240, marker error: RMS = 0.0133227, max = 0.0342409 (SACROL)
[2025-07-17 22:47:36.791] [info] Frame 688 (t = 3.44):	 total squared error = 0.00344751, marker error: RMS = 0.0134703, max = 0.0342088 (SACROL)
[2025-07-17 22:47:36.890] [info] Frame 689 (t = 3.445):	 total squared error = 0.00358034, marker error: RMS = 0.0137273, max = 0.0346702 (SACROL)
[2025-07-17 22:47:37.038] [info] Frame 690 (t = 3.45):	 total squared error = 0.00359343, marker error: RMS = 0.0137524, max = 0.0347659 (SACROL)
[2025-07-17 22:47:37.188] [info] Frame 691 (t = 3.455):	 total squared error = 0.00366694, marker error: RMS = 0.0138923, max = 0.0349654 (SACROL)
[2025-07-17 22:47:37.366] [info] Frame 692 (t = 3.46):	 total squared error = 0.00373885, marker error: RMS = 0.0140279, max = 0.0350888 (SACROL)
[2025-07-17 22:47:37.522] [info] Frame 693 (t = 3.465):	 total squared error = 0.00381074, marker error: RMS = 0.0141621, max = 0.0352131 (SACROL)
[2025-07-17 22:47:37.670] [info] Frame 694 (t = 3.47):	 total squared error = 0.00394358, marker error: RMS = 0.0144068, max = 0.0354082 (SACROL)
[2025-07-17 22:47:37.830] [info] Frame 695 (t = 3.475):	 total squared error = 0.00395346, marker error: RMS = 0.0144249, max = 0.0354771 (SACROL)
[2025-07-17 22:47:37.976] [info] Frame 696 (t = 3.48):	 total squared error = 0.00408570, marker error: RMS = 0.0146641, max = 0.0356442 (SACROL)
[2025-07-17 22:47:38.141] [info] Frame 697 (t = 3.485):	 total squared error = 0.00409430, marker error: RMS = 0.0146796, max = 0.0356818 (SACROL)
[2025-07-17 22:47:38.341] [info] Frame 698 (t = 3.49):	 total squared error = 0.00416420, marker error: RMS = 0.0148043, max = 0.0357457 (SACROL)
[2025-07-17 22:47:38.483] [info] Frame 699 (t = 3.495):	 total squared error = 0.00429614, marker error: RMS = 0.0150370, max = 0.0358597 (SACROL)
[2025-07-17 22:47:38.602] [info] Frame 700 (t = 3.5):	 total squared error = 0.00430259, marker error: RMS = 0.0150483, max = 0.0358967 (SACROL)
[2025-07-17 22:47:38.761] [info] Frame 701 (t = 3.50500):	 total squared error = 0.00437236, marker error: RMS = 0.0151698, max = 0.0359335 (SACROL)
[2025-07-17 22:47:38.911] [info] Frame 702 (t = 3.51):	 total squared error = 0.00444202, marker error: RMS = 0.0152902, max = 0.0360138 (SACROL)
[2025-07-17 22:47:39.039] [info] Frame 703 (t = 3.515):	 total squared error = 0.00451177, marker error: RMS = 0.0154098, max = 0.0361424 (SACROL)
[2025-07-17 22:47:39.154] [info] Frame 704 (t = 3.52):	 total squared error = 0.00458046, marker error: RMS = 0.0155266, max = 0.0361252 (SACROL)
[2025-07-17 22:47:39.269] [info] Frame 705 (t = 3.525):	 total squared error = 0.00471495, marker error: RMS = 0.0157529, max = 0.0362616 (SACROL)
[2025-07-17 22:47:39.399] [info] Frame 706 (t = 3.53):	 total squared error = 0.00471777, marker error: RMS = 0.0157577, max = 0.036129 (SACROL)
[2025-07-17 22:47:39.535] [info] Frame 707 (t = 3.535):	 total squared error = 0.00485451, marker error: RMS = 0.0159844, max = 0.0364425 (SACROL)
[2025-07-17 22:47:39.651] [info] Frame 708 (t = 3.54):	 total squared error = 0.00485664, marker error: RMS = 0.0159879, max = 0.0362248 (SACROL)
[2025-07-17 22:47:39.840] [info] Frame 709 (t = 3.545):	 total squared error = 0.00492632, marker error: RMS = 0.0161022, max = 0.0363435 (SACROL)
[2025-07-17 22:47:40.031] [info] Frame 710 (t = 3.55):	 total squared error = 0.00499410, marker error: RMS = 0.0162126, max = 0.036336 (SACROL)
[2025-07-17 22:47:40.313] [info] Frame 711 (t = 3.555):	 total squared error = 0.00512943, marker error: RMS = 0.0164308, max = 0.0364523 (SACROL)
[2025-07-17 22:47:40.488] [info] Frame 712 (t = 3.56):	 total squared error = 0.00512887, marker error: RMS = 0.0164299, max = 0.0363253 (SACROL)
[2025-07-17 22:47:40.614] [info] Frame 713 (t = 3.565):	 total squared error = 0.00526664, marker error: RMS = 0.0166491, max = 0.0365994 (SACROL)
[2025-07-17 22:47:40.741] [info] Frame 714 (t = 3.57):	 total squared error = 0.00526202, marker error: RMS = 0.0166418, max = 0.0363546 (SACROL)
[2025-07-17 22:47:40.901] [info] Frame 715 (t = 3.575):	 total squared error = 0.00539903, marker error: RMS = 0.016857, max = 0.0364994 (SACROL)
[2025-07-17 22:47:41.027] [info] Frame 716 (t = 3.58):	 total squared error = 0.00539438, marker error: RMS = 0.0168498, max = 0.0363275 (SACROL)
[2025-07-17 22:47:41.210] [info] Frame 717 (t = 3.585):	 total squared error = 0.00545938, marker error: RMS = 0.016951, max = 0.0363427 (SACROL)
[2025-07-17 22:47:41.380] [info] Frame 718 (t = 3.59):	 total squared error = 0.00552447, marker error: RMS = 0.0170517, max = 0.0363089 (SACROL)
[2025-07-17 22:47:41.543] [info] Frame 719 (t = 3.595):	 total squared error = 0.00558881, marker error: RMS = 0.0171507, max = 0.0363465 (SACROL)
[2025-07-17 22:47:41.666] [info] Frame 720 (t = 3.6):	 total squared error = 0.00572579, marker error: RMS = 0.0173596, max = 0.0364601 (SACROL)
[2025-07-17 22:47:41.786] [info] Frame 721 (t = 3.60500):	 total squared error = 0.00571783, marker error: RMS = 0.0173476, max = 0.0362726 (SACROL)
[2025-07-17 22:47:41.913] [info] Frame 722 (t = 3.61):	 total squared error = 0.00577892, marker error: RMS = 0.01744, max = 0.036129 (SACROL)
[2025-07-17 22:47:42.018] [info] Frame 723 (t = 3.615):	 total squared error = 0.00591635, marker error: RMS = 0.0176462, max = 0.0362858 (SACROL)
[2025-07-17 22:47:42.115] [info] Frame 724 (t = 3.62):	 total squared error = 0.00590227, marker error: RMS = 0.0176251, max = 0.0359729 (SACROL)
[2025-07-17 22:47:42.272] [info] Frame 725 (t = 3.625):	 total squared error = 0.00595940, marker error: RMS = 0.0177102, max = 0.0360244 (SACROL)
[2025-07-17 22:47:42.450] [info] Frame 726 (t = 3.63):	 total squared error = 0.00601401, marker error: RMS = 0.0177912, max = 0.0359683 (SACROL)
[2025-07-17 22:47:42.684] [info] Frame 727 (t = 3.635):	 total squared error = 0.00606943, marker error: RMS = 0.017873, max = 0.0358732 (SACROL)
[2025-07-17 22:47:42.859] [info] Frame 728 (t = 3.64):	 total squared error = 0.00612156, marker error: RMS = 0.0179496, max = 0.0358722 (SACROL)
[2025-07-17 22:47:43.018] [info] Frame 729 (t = 3.645):	 total squared error = 0.00617353, marker error: RMS = 0.0180256, max = 0.0357895 (SACROL)
[2025-07-17 22:47:43.134] [info] Frame 730 (t = 3.65):	 total squared error = 0.00630490, marker error: RMS = 0.0182164, max = 0.0358687 (SACROL)
[2025-07-17 22:47:43.236] [info] Frame 731 (t = 3.655):	 total squared error = 0.00626813, marker error: RMS = 0.0181632, max = 0.0356337 (SACROL)
[2025-07-17 22:47:43.366] [info] Frame 732 (t = 3.66):	 total squared error = 0.00639773, marker error: RMS = 0.01835, max = 0.0357831 (SACROL)
[2025-07-17 22:47:43.487] [info] Frame 733 (t = 3.665):	 total squared error = 0.00635699, marker error: RMS = 0.0182915, max = 0.0355179 (SACROL)
[2025-07-17 22:47:43.593] [info] Frame 734 (t = 3.67):	 total squared error = 0.00648782, marker error: RMS = 0.0184788, max = 0.0356109 (SACROL)
[2025-07-17 22:47:43.701] [info] Frame 735 (t = 3.675):	 total squared error = 0.00644292, marker error: RMS = 0.0184147, max = 0.0353365 (SACROL)
[2025-07-17 22:47:43.865] [info] Frame 736 (t = 3.68):	 total squared error = 0.00648662, marker error: RMS = 0.018477, max = 0.0352523 (SACROL)
[2025-07-17 22:47:43.993] [info] Frame 737 (t = 3.685):	 total squared error = 0.00662336, marker error: RMS = 0.0186708, max = 0.0353608 (SACROL)
[2025-07-17 22:47:44.095] [info] Frame 738 (t = 3.69):	 total squared error = 0.00657864, marker error: RMS = 0.0186076, max = 0.0351382 (SACROL)
[2025-07-17 22:47:44.215] [info] Frame 739 (t = 3.695):	 total squared error = 0.00672021, marker error: RMS = 0.0188068, max = 0.0353241 (SACROL)
[2025-07-17 22:47:44.322] [info] Frame 740 (t = 3.7):	 total squared error = 0.00667715, marker error: RMS = 0.0187464, max = 0.0349402 (SACROL)
[2025-07-17 22:47:44.506] [info] Frame 741 (t = 3.70500):	 total squared error = 0.00672820, marker error: RMS = 0.018818, max = 0.0349005 (SACROL)
[2025-07-17 22:47:44.669] [info] Frame 742 (t = 3.71):	 total squared error = 0.00678166, marker error: RMS = 0.0188926, max = 0.0348429 (SACROL)
[2025-07-17 22:47:44.922] [info] Frame 743 (t = 3.715):	 total squared error = 0.00683638, marker error: RMS = 0.0189686, max = 0.0347628 (SACROL)
[2025-07-17 22:47:45.172] [info] Frame 744 (t = 3.72):	 total squared error = 0.00699288, marker error: RMS = 0.0191845, max = 0.0348131 (SACROL)
[2025-07-17 22:47:45.365] [info] Frame 745 (t = 3.725):	 total squared error = 0.00695048, marker error: RMS = 0.0191263, max = 0.0347158 (SACROL)
[2025-07-17 22:47:45.602] [info] Frame 746 (t = 3.73):	 total squared error = 0.00700619, marker error: RMS = 0.0192028, max = 0.0345659 (SACROL)
[2025-07-17 22:47:45.810] [info] Frame 747 (t = 3.735):	 total squared error = 0.00706370, marker error: RMS = 0.0192814, max = 0.0344583 (SACROL)
[2025-07-17 22:47:46.017] [info] Frame 748 (t = 3.74):	 total squared error = 0.00712207, marker error: RMS = 0.0193609, max = 0.0344226 (SACROL)
[2025-07-17 22:47:46.237] [info] Frame 749 (t = 3.745):	 total squared error = 0.00718097, marker error: RMS = 0.0194408, max = 0.0343692 (SACROL)
[2025-07-17 22:47:46.529] [info] Frame 750 (t = 3.75):	 total squared error = 0.00724053, marker error: RMS = 0.0195213, max = 0.0342915 (SACROL)
[2025-07-17 22:47:46.757] [info] Frame 751 (t = 3.755):	 total squared error = 0.00730091, marker error: RMS = 0.0196025, max = 0.0341992 (SACROL)
[2025-07-17 22:47:46.945] [info] Frame 752 (t = 3.76):	 total squared error = 0.00747276, marker error: RMS = 0.0198319, max = 0.0343565 (SACROL)
[2025-07-17 22:47:47.133] [info] Frame 753 (t = 3.765):	 total squared error = 0.00742577, marker error: RMS = 0.0197694, max = 0.0340893 (SACROL)
[2025-07-17 22:47:47.397] [info] Frame 754 (t = 3.77):	 total squared error = 0.00748813, marker error: RMS = 0.0198523, max = 0.0340588 (SACROL)
[2025-07-17 22:47:47.681] [info] Frame 755 (t = 3.775):	 total squared error = 0.00755260, marker error: RMS = 0.0199375, max = 0.0340268 (SACROL)
[2025-07-17 22:47:47.867] [info] Frame 756 (t = 3.78):	 total squared error = 0.00773555, marker error: RMS = 0.0201776, max = 0.0342257 (SACROL)
[2025-07-17 22:47:48.109] [info] Frame 757 (t = 3.785):	 total squared error = 0.00768484, marker error: RMS = 0.0201113, max = 0.0339615 (SACROL)
[2025-07-17 22:47:48.343] [info] Frame 758 (t = 3.79):	 total squared error = 0.00775230, marker error: RMS = 0.0201994, max = 0.0339554 (SACROL)
[2025-07-17 22:47:48.509] [info] Frame 759 (t = 3.795):	 total squared error = 0.00793981, marker error: RMS = 0.0204422, max = 0.0341059 (SACROL)
[2025-07-17 22:47:48.696] [info] Frame 760 (t = 3.8):	 total squared error = 0.00788902, marker error: RMS = 0.0203767, max = 0.0339347 (SACROL)
[2025-07-17 22:47:48.924] [info] Frame 761 (t = 3.80500):	 total squared error = 0.00795754, marker error: RMS = 0.0204650, max = 0.033974 (SACROL)
[2025-07-17 22:47:49.134] [info] Frame 762 (t = 3.81):	 total squared error = 0.00802631, marker error: RMS = 0.0205533, max = 0.0339368 (SACROL)
[2025-07-17 22:47:49.378] [info] Frame 763 (t = 3.815):	 total squared error = 0.00809355, marker error: RMS = 0.0206392, max = 0.0339304 (SACROL)
[2025-07-17 22:47:49.588] [info] Frame 764 (t = 3.82):	 total squared error = 0.00816042, marker error: RMS = 0.0207243, max = 0.0339384 (SACROL)
[2025-07-17 22:47:49.777] [info] Frame 765 (t = 3.825):	 total squared error = 0.00822633, marker error: RMS = 0.0208078, max = 0.0339295 (SACROL)
[2025-07-17 22:47:49.921] [info] Frame 766 (t = 3.83):	 total squared error = 0.00841692, marker error: RMS = 0.0210475, max = 0.0340711 (SACROL)
[2025-07-17 22:47:50.105] [info] Frame 767 (t = 3.835):	 total squared error = 0.00835532, marker error: RMS = 0.0209703, max = 0.0340284 (SACROL)
[2025-07-17 22:47:50.294] [info] Frame 768 (t = 3.84):	 total squared error = 0.00854138, marker error: RMS = 0.0212025, max = 0.0341118 (SACROL)
[2025-07-17 22:47:50.449] [info] Frame 769 (t = 3.845):	 total squared error = 0.00847739, marker error: RMS = 0.0211229, max = 0.0340905 (SACROL)
[2025-07-17 22:47:50.594] [info] Frame 770 (t = 3.85):	 total squared error = 0.00866080, marker error: RMS = 0.0213502, max = 0.0341182 (SACROL)
[2025-07-17 22:47:50.824] [info] Frame 771 (t = 3.855):	 total squared error = 0.00859015, marker error: RMS = 0.0212629, max = 0.0341435 (SACROL)
[2025-07-17 22:47:50.964] [info] Frame 772 (t = 3.86):	 total squared error = 0.00877480, marker error: RMS = 0.0214903, max = 0.0342021 (SACROL)
[2025-07-17 22:47:51.136] [info] Frame 773 (t = 3.865):	 total squared error = 0.00869952, marker error: RMS = 0.0213979, max = 0.0341921 (SACROL)
[2025-07-17 22:47:51.297] [info] Frame 774 (t = 3.87):	 total squared error = 0.00888060, marker error: RMS = 0.0216194, max = 0.0342634 (SACROL)
[2025-07-17 22:47:51.521] [info] Frame 775 (t = 3.875):	 total squared error = 0.00880310, marker error: RMS = 0.0215249, max = 0.0342557 (SACROL)
[2025-07-17 22:47:51.755] [info] Frame 776 (t = 3.88):	 total squared error = 0.00885467, marker error: RMS = 0.0215878, max = 0.0342533 (SACROL)
[2025-07-17 22:47:51.970] [info] Frame 777 (t = 3.885):	 total squared error = 0.00903247, marker error: RMS = 0.0218035, max = 0.0342362 (SACROL)
[2025-07-17 22:47:52.143] [info] Frame 778 (t = 3.89):	 total squared error = 0.00895399, marker error: RMS = 0.0217086, max = 0.0342533 (SACROL)
[2025-07-17 22:47:52.368] [info] Frame 779 (t = 3.895):	 total squared error = 0.00900261, marker error: RMS = 0.0217674, max = 0.0343077 (SACROL)
[2025-07-17 22:47:52.570] [info] Frame 780 (t = 3.9):	 total squared error = 0.00905232, marker error: RMS = 0.0218275, max = 0.0343111 (SACROL)
[2025-07-17 22:47:52.795] [info] Frame 781 (t = 3.90500):	 total squared error = 0.00910187, marker error: RMS = 0.0218871, max = 0.0343113 (SACROL)
[2025-07-17 22:47:53.027] [info] Frame 782 (t = 3.91):	 total squared error = 0.00915308, marker error: RMS = 0.0219486, max = 0.0343075 (SACROL)
[2025-07-17 22:47:53.184] [info] Frame 783 (t = 3.915):	 total squared error = 0.00933378, marker error: RMS = 0.0221642, max = 0.0342397 (SACROL)
[2025-07-17 22:47:53.419] [info] Frame 784 (t = 3.92):	 total squared error = 0.00925478, marker error: RMS = 0.0220702, max = 0.0343221 (SACROL)
[2025-07-17 22:47:53.637] [info] Frame 785 (t = 3.925):	 total squared error = 0.00930677, marker error: RMS = 0.0221321, max = 0.0343448 (SACROL)
[2025-07-17 22:47:53.839] [info] Frame 786 (t = 3.93):	 total squared error = 0.00949002, marker error: RMS = 0.0223489, max = 0.0342399 (SACROL)
[2025-07-17 22:47:54.044] [info] Frame 787 (t = 3.935):	 total squared error = 0.00941026, marker error: RMS = 0.0222548, max = 0.0343606 (SACROL)
[2025-07-17 22:47:54.249] [info] Frame 788 (t = 3.94):	 total squared error = 0.00946356, marker error: RMS = 0.0223178, max = 0.0343722 (SACROL)
[2025-07-17 22:47:54.412] [info] Frame 789 (t = 3.945):	 total squared error = 0.00964570, marker error: RMS = 0.0225315, max = 0.0342446 (SACROL)
[2025-07-17 22:47:54.602] [info] Frame 790 (t = 3.95):	 total squared error = 0.00956460, marker error: RMS = 0.0224366, max = 0.0343755 (SACROL)
[2025-07-17 22:47:54.787] [info] Frame 791 (t = 3.955):	 total squared error = 0.00961567, marker error: RMS = 0.0224964, max = 0.0343634 (SACROL)
[2025-07-17 22:47:55.017] [info] Frame 792 (t = 3.96):	 total squared error = 0.00966615, marker error: RMS = 0.0225554, max = 0.0343501 (SACROL)
[2025-07-17 22:47:55.215] [info] Frame 793 (t = 3.965):	 total squared error = 0.00971753, marker error: RMS = 0.0226152, max = 0.0343558 (SACROL)
[2025-07-17 22:47:55.425] [info] Frame 794 (t = 3.97):	 total squared error = 0.00976589, marker error: RMS = 0.0226714, max = 0.0343486 (SACROL)
[2025-07-17 22:47:55.659] [info] Frame 795 (t = 3.975):	 total squared error = 0.00981603, marker error: RMS = 0.0227296, max = 0.0343374 (SACROL)
[2025-07-17 22:47:55.821] [info] Frame 796 (t = 3.98):	 total squared error = 0.00999843, marker error: RMS = 0.0229398, max = 0.034154 (SACROL)
[2025-07-17 22:47:55.967] [info] Frame 797 (t = 3.985):	 total squared error = 0.00992018, marker error: RMS = 0.0228498, max = 0.0343013 (SACROL)
[2025-07-17 22:47:56.161] [info] Frame 798 (t = 3.99):	 total squared error = 0.00997382, marker error: RMS = 0.0229115, max = 0.0342688 (SACROL)
[2025-07-17 22:47:56.383] [info] Frame 799 (t = 3.995):	 total squared error = 0.0100282, marker error: RMS = 0.0229739, max = 0.0342495 (SACROL)
[2025-07-17 22:47:56.592] [info] Frame 800 (t = 4.0):	 total squared error = 0.0100867, marker error: RMS = 0.0230408, max = 0.0341944 (SACROL)
[2025-07-17 22:47:56.755] [info] Frame 801 (t = 4.00500):	 total squared error = 0.0102793, marker error: RMS = 0.0232598, max = 0.0339392 (SACROL)
[2025-07-17 22:47:56.944] [info] Frame 802 (t = 4.01):	 total squared error = 0.0102127, marker error: RMS = 0.0231843, max = 0.0341041 (SACROL)
[2025-07-17 22:47:57.155] [info] Frame 803 (t = 4.015):	 total squared error = 0.0102801, marker error: RMS = 0.0232607, max = 0.0340668 (SACROL)
[2025-07-17 22:47:57.402] [info] Frame 804 (t = 4.02):	 total squared error = 0.0103521, marker error: RMS = 0.023342, max = 0.0340905 (SACROL)
[2025-07-17 22:47:57.611] [info] Frame 805 (t = 4.025):	 total squared error = 0.0104304, marker error: RMS = 0.0234301, max = 0.0340031 (SACROL)
[2025-07-17 22:47:57.856] [info] Frame 806 (t = 4.03):	 total squared error = 0.0105125, marker error: RMS = 0.0235221, max = 0.0340258 (SACROL)
[2025-07-17 22:47:58.036] [info] Frame 807 (t = 4.035):	 total squared error = 0.0107351, marker error: RMS = 0.0237698, max = 0.0337486 (SACROL)
[2025-07-17 22:47:58.234] [info] Frame 808 (t = 4.04):	 total squared error = 0.0106938, marker error: RMS = 0.0237241, max = 0.0340095 (SACROL)
[2025-07-17 22:47:58.411] [info] Frame 809 (t = 4.045):	 total squared error = 0.0107928, marker error: RMS = 0.0238337, max = 0.0340473 (SACROL)
[2025-07-17 22:47:58.572] [info] Frame 810 (t = 4.05):	 total squared error = 0.0110294, marker error: RMS = 0.0240935, max = 0.0338106 (SACROL)
[2025-07-17 22:47:58.745] [info] Frame 811 (t = 4.055):	 total squared error = 0.0110043, marker error: RMS = 0.0240661, max = 0.0341216 (SACROL)
[2025-07-17 22:47:58.942] [info] Frame 812 (t = 4.06):	 total squared error = 0.0111157, marker error: RMS = 0.0241875, max = 0.0342288 (SACROL)
[2025-07-17 22:47:59.205] [info] Frame 813 (t = 4.065):	 total squared error = 0.011232, marker error: RMS = 0.0243137, max = 0.0342549 (SACROL)
[2025-07-17 22:47:59.441] [info] Frame 814 (t = 4.07):	 total squared error = 0.011353, marker error: RMS = 0.0244444, max = 0.0343696 (SACROL)
[2025-07-17 22:47:59.716] [info] Frame 815 (t = 4.075):	 total squared error = 0.011476, marker error: RMS = 0.0245764, max = 0.0344091 (SACROL)
[2025-07-17 22:47:59.924] [info] Frame 816 (t = 4.08):	 total squared error = 0.0116010, marker error: RMS = 0.0247099, max = 0.0345659 (SACROL)
[2025-07-17 22:48:00.216] [info] Frame 817 (t = 4.085):	 total squared error = 0.0117278, marker error: RMS = 0.0248445, max = 0.0346267 (SACROL)
[2025-07-17 22:48:00.489] [info] Frame 818 (t = 4.09):	 total squared error = 0.0118549, marker error: RMS = 0.0249788, max = 0.0347552 (SACROL)
[2025-07-17 22:48:00.820] [info] Frame 819 (t = 4.095):	 total squared error = 0.0119821, marker error: RMS = 0.0251125, max = 0.0348641 (SACROL)
[2025-07-17 22:48:01.061] [info] Frame 820 (t = 4.1):	 total squared error = 0.0121093, marker error: RMS = 0.0252454, max = 0.0349716 (SACROL)
[2025-07-17 22:48:01.271] [info] Frame 821 (t = 4.10500):	 total squared error = 0.0122348, marker error: RMS = 0.0253759, max = 0.0350468 (SACROL)
[2025-07-17 22:48:01.477] [info] Frame 822 (t = 4.11):	 total squared error = 0.0123564, marker error: RMS = 0.0255017, max = 0.0352070 (SACROL)
[2025-07-17 22:48:01.698] [info] Frame 823 (t = 4.115):	 total squared error = 0.0124787, marker error: RMS = 0.0256276, max = 0.0353927 (SACROL)
[2025-07-17 22:48:01.893] [info] Frame 824 (t = 4.12):	 total squared error = 0.0125945, marker error: RMS = 0.0257462, max = 0.0354472 (SACROL)
[2025-07-17 22:48:02.126] [info] Frame 825 (t = 4.125):	 total squared error = 0.01271, marker error: RMS = 0.0258641, max = 0.0355108 (SACROL)
[2025-07-17 22:48:02.326] [info] Frame 826 (t = 4.13):	 total squared error = 0.0128216, marker error: RMS = 0.0259773, max = 0.0356361 (SACROL)
[2025-07-17 22:48:02.554] [info] Frame 827 (t = 4.135):	 total squared error = 0.0130672, marker error: RMS = 0.0262249, max = 0.0353169 (SACROL)
[2025-07-17 22:48:02.726] [info] Frame 828 (t = 4.14):	 total squared error = 0.0130413, marker error: RMS = 0.0261989, max = 0.0356212 (SACROL)
[2025-07-17 22:48:02.939] [info] Frame 829 (t = 4.145):	 total squared error = 0.0131475, marker error: RMS = 0.0263054, max = 0.035779 (SACROL)
[2025-07-17 22:48:03.203] [info] Frame 830 (t = 4.15):	 total squared error = 0.0132533, marker error: RMS = 0.0264111, max = 0.0358125 (SACROL)
[2025-07-17 22:48:03.476] [info] Frame 831 (t = 4.155):	 total squared error = 0.0133595, marker error: RMS = 0.0265166, max = 0.0358085 (SACROL)
[2025-07-17 22:48:03.740] [info] Frame 832 (t = 4.16):	 total squared error = 0.013466, marker error: RMS = 0.0266221, max = 0.0358164 (SACROL)
[2025-07-17 22:48:03.894] [info] Frame 833 (t = 4.165):	 total squared error = 0.0137092, marker error: RMS = 0.0268614, max = 0.0355352 (SACROL)
[2025-07-17 22:48:04.112] [info] Frame 834 (t = 4.17):	 total squared error = 0.0136814, marker error: RMS = 0.0268341, max = 0.0357867 (SACROL)
[2025-07-17 22:48:04.346] [info] Frame 835 (t = 4.175):	 total squared error = 0.0137923, marker error: RMS = 0.0269427, max = 0.0357676 (SACROL)
[2025-07-17 22:48:04.618] [info] Frame 836 (t = 4.18):	 total squared error = 0.0139022, marker error: RMS = 0.0270498, max = 0.0357181 (SACROL)
[2025-07-17 22:48:04.893] [info] Frame 837 (t = 4.185):	 total squared error = 0.0140125, marker error: RMS = 0.0271569, max = 0.0356935 (SACROL)
[2025-07-17 22:48:05.093] [info] Frame 838 (t = 4.19):	 total squared error = 0.0141221, marker error: RMS = 0.0272629, max = 0.0356626 (SACROL)
[2025-07-17 22:48:05.231] [info] Frame 839 (t = 4.195):	 total squared error = 0.0143657, marker error: RMS = 0.0274971, max = 0.035252 (SACROL)
[2025-07-17 22:48:05.452] [info] Frame 840 (t = 4.2):	 total squared error = 0.0143368, marker error: RMS = 0.0274694, max = 0.0355682 (SACROL)
[2025-07-17 22:48:05.699] [info] Frame 841 (t = 4.20500):	 total squared error = 0.0144457, marker error: RMS = 0.0275735, max = 0.0354358 (SACROL)
[2025-07-17 22:48:05.928] [info] Frame 842 (t = 4.21):	 total squared error = 0.014547, marker error: RMS = 0.02767, max = 0.0354146 (SACROL)
[2025-07-17 22:48:06.193] [info] Frame 843 (t = 4.215):	 total squared error = 0.0146501, marker error: RMS = 0.027768, max = 0.0353364 (SACROL)
[2025-07-17 22:48:06.425] [info] Frame 844 (t = 4.22):	 total squared error = 0.014751, marker error: RMS = 0.0278634, max = 0.0352577 (SACROL)
[2025-07-17 22:48:06.693] [info] Frame 845 (t = 4.225):	 total squared error = 0.0148544, marker error: RMS = 0.0279608, max = 0.0351495 (SACROL)
[2025-07-17 22:48:06.948] [info] Frame 846 (t = 4.23):	 total squared error = 0.0149521, marker error: RMS = 0.0280527, max = 0.0350994 (SACROL)
[2025-07-17 22:48:07.217] [info] Frame 847 (t = 4.235):	 total squared error = 0.0150547, marker error: RMS = 0.0281487, max = 0.0350762 (LSHAOL)
[2025-07-17 22:48:07.459] [info] Frame 848 (t = 4.24):	 total squared error = 0.0151556, marker error: RMS = 0.0282429, max = 0.0351233 (LSHAOL)
[2025-07-17 22:48:07.720] [info] Frame 849 (t = 4.245):	 total squared error = 0.0152614, marker error: RMS = 0.0283413, max = 0.0352034 (LSHAOL)
[2025-07-17 22:48:07.989] [info] Frame 850 (t = 4.25):	 total squared error = 0.0153671, marker error: RMS = 0.0284393, max = 0.0352663 (LSHAOL)
[2025-07-17 22:48:08.313] [info] Frame 851 (t = 4.255):	 total squared error = 0.015476, marker error: RMS = 0.0285399, max = 0.0353336 (LSHAOL)
[2025-07-17 22:48:08.597] [info] Frame 852 (t = 4.26):	 total squared error = 0.0155874, marker error: RMS = 0.0286424, max = 0.0354681 (LTH2)
[2025-07-17 22:48:08.817] [info] Frame 853 (t = 4.265):	 total squared error = 0.0157019, marker error: RMS = 0.0287474, max = 0.035588 (LTH2)
[2025-07-17 22:48:09.040] [info] Frame 854 (t = 4.27):	 total squared error = 0.0158191, marker error: RMS = 0.0288546, max = 0.0357872 (LTH2)
[2025-07-17 22:48:09.272] [info] Frame 855 (t = 4.275):	 total squared error = 0.0159388, marker error: RMS = 0.0289635, max = 0.0360247 (LTH2)
[2025-07-17 22:48:09.518] [info] Frame 856 (t = 4.28):	 total squared error = 0.0160598, marker error: RMS = 0.0290732, max = 0.0361567 (LTH2)
[2025-07-17 22:48:09.804] [info] Frame 857 (t = 4.285):	 total squared error = 0.0161839, marker error: RMS = 0.0291853, max = 0.0364038 (LTH2)
[2025-07-17 22:48:10.091] [info] Frame 858 (t = 4.29):	 total squared error = 0.0163090, marker error: RMS = 0.0292979, max = 0.0365497 (LTH2)
[2025-07-17 22:48:10.387] [info] Frame 859 (t = 4.295):	 total squared error = 0.0164368, marker error: RMS = 0.0294125, max = 0.0367172 (LTH2)
[2025-07-17 22:48:10.584] [info] Frame 860 (t = 4.3):	 total squared error = 0.0165672, marker error: RMS = 0.0295289, max = 0.0368841 (LTH2)
[2025-07-17 22:48:10.860] [info] Frame 861 (t = 4.30500):	 total squared error = 0.0166992, marker error: RMS = 0.0296463, max = 0.0370811 (LTH2)
[2025-07-17 22:48:11.136] [info] Frame 862 (t = 4.31):	 total squared error = 0.0168325, marker error: RMS = 0.0297644, max = 0.0372392 (LTH2)
[2025-07-17 22:48:11.350] [info] Frame 863 (t = 4.315):	 total squared error = 0.0169672, marker error: RMS = 0.0298833, max = 0.0373908 (LTH2)
[2025-07-17 22:48:11.623] [info] Frame 864 (t = 4.32):	 total squared error = 0.0171038, marker error: RMS = 0.0300034, max = 0.0375707 (LTH2)
[2025-07-17 22:48:11.830] [info] Frame 865 (t = 4.325):	 total squared error = 0.0172398, marker error: RMS = 0.0301224, max = 0.0376713 (LTH2)
[2025-07-17 22:48:12.096] [info] Frame 866 (t = 4.33):	 total squared error = 0.0173779, marker error: RMS = 0.0302428, max = 0.0378748 (LTH2)
[2025-07-17 22:48:12.364] [info] Frame 867 (t = 4.335):	 total squared error = 0.0175148, marker error: RMS = 0.0303617, max = 0.0380214 (LTH2)
[2025-07-17 22:48:12.539] [info] Frame 868 (t = 4.34):	 total squared error = 0.017653, marker error: RMS = 0.0304812, max = 0.0381412 (LTH2)
[2025-07-17 22:48:12.767] [info] Frame 869 (t = 4.345):	 total squared error = 0.0177853, marker error: RMS = 0.0305952, max = 0.0382561 (LTH2)
[2025-07-17 22:48:12.988] [info] Frame 870 (t = 4.35):	 total squared error = 0.0179178, marker error: RMS = 0.0307090, max = 0.038423 (LTH2)
[2025-07-17 22:48:13.225] [info] Frame 871 (t = 4.355):	 total squared error = 0.0180466, marker error: RMS = 0.0308192, max = 0.0385481 (LTH2)
[2025-07-17 22:48:13.458] [info] Frame 872 (t = 4.36):	 total squared error = 0.0181713, marker error: RMS = 0.0309254, max = 0.038651 (LTH2)
[2025-07-17 22:48:13.620] [info] Frame 873 (t = 4.365):	 total squared error = 0.0182923, marker error: RMS = 0.0310282, max = 0.038791 (LTH2)
[2025-07-17 22:48:13.939] [info] Frame 874 (t = 4.37):	 total squared error = 0.0184036, marker error: RMS = 0.0311225, max = 0.0388895 (LTH2)
[2025-07-17 22:48:14.246] [info] Frame 875 (t = 4.375):	 total squared error = 0.0185097, marker error: RMS = 0.0312121, max = 0.0390049 (LTH2)
[2025-07-17 22:48:14.500] [info] Frame 876 (t = 4.38):	 total squared error = 0.0186075, marker error: RMS = 0.0312945, max = 0.0390464 (LTH2)
[2025-07-17 22:48:14.754] [info] Frame 877 (t = 4.385):	 total squared error = 0.0186972, marker error: RMS = 0.0313698, max = 0.0391743 (LTH2)
[2025-07-17 22:48:15.034] [info] Frame 878 (t = 4.39):	 total squared error = 0.0187774, marker error: RMS = 0.031437, max = 0.0392669 (LTH2)
[2025-07-17 22:48:15.301] [info] Frame 879 (t = 4.395):	 total squared error = 0.0188476, marker error: RMS = 0.0314957, max = 0.0393307 (LTH2)
[2025-07-17 22:48:15.517] [info] Frame 880 (t = 4.4):	 total squared error = 0.0189069, marker error: RMS = 0.0315452, max = 0.0393234 (LTH2)
[2025-07-17 22:48:15.752] [info] Frame 881 (t = 4.40500):	 total squared error = 0.0189572, marker error: RMS = 0.0315871, max = 0.0394446 (LTH2)
[2025-07-17 22:48:16.025] [info] Frame 882 (t = 4.41):	 total squared error = 0.0189964, marker error: RMS = 0.0316198, max = 0.0394917 (LTH2)
[2025-07-17 22:48:16.253] [info] Frame 883 (t = 4.415):	 total squared error = 0.0190251, marker error: RMS = 0.0316437, max = 0.0395007 (LTH2)
[2025-07-17 22:48:16.495] [info] Frame 884 (t = 4.42):	 total squared error = 0.0190429, marker error: RMS = 0.0316584, max = 0.0394625 (LTH2)
[2025-07-17 22:48:16.782] [info] Frame 885 (t = 4.425):	 total squared error = 0.0190523, marker error: RMS = 0.0316663, max = 0.0395921 (LTH2)
[2025-07-17 22:48:17.054] [info] Frame 886 (t = 4.43):	 total squared error = 0.0190502, marker error: RMS = 0.0316646, max = 0.0395928 (LTH2)
[2025-07-17 22:48:17.333] [info] Frame 887 (t = 4.435):	 total squared error = 0.0190388, marker error: RMS = 0.031655, max = 0.0395994 (LTH2)
[2025-07-17 22:48:17.574] [info] Frame 888 (t = 4.44):	 total squared error = 0.0190182, marker error: RMS = 0.0316379, max = 0.0395475 (LTH2)
[2025-07-17 22:48:17.825] [info] Frame 889 (t = 4.445):	 total squared error = 0.0189883, marker error: RMS = 0.031613, max = 0.0395349 (LTH2)
[2025-07-17 22:48:18.152] [info] Frame 890 (t = 4.45):	 total squared error = 0.0189502, marker error: RMS = 0.0315813, max = 0.0395493 (LTH2)
[2025-07-17 22:48:18.382] [info] Frame 891 (t = 4.455):	 total squared error = 0.0189023, marker error: RMS = 0.0315414, max = 0.0394897 (LTH2)
[2025-07-17 22:48:18.582] [info] Frame 892 (t = 4.46):	 total squared error = 0.0188467, marker error: RMS = 0.031495, max = 0.0394664 (LTH2)
[2025-07-17 22:48:18.786] [info] Frame 893 (t = 4.465):	 total squared error = 0.0187825, marker error: RMS = 0.0314413, max = 0.0394196 (LTH2)
[2025-07-17 22:48:19.003] [info] Frame 894 (t = 4.47):	 total squared error = 0.01871, marker error: RMS = 0.0313805, max = 0.0393543 (LTH2)
[2025-07-17 22:48:19.230] [info] Frame 895 (t = 4.475):	 total squared error = 0.0186295, marker error: RMS = 0.0313129, max = 0.0392441 (LTH2)
[2025-07-17 22:48:19.452] [info] Frame 896 (t = 4.48):	 total squared error = 0.0185416, marker error: RMS = 0.0312389, max = 0.0391581 (LTH2)
[2025-07-17 22:48:19.638] [info] Frame 897 (t = 4.485):	 total squared error = 0.0184481, marker error: RMS = 0.0311601, max = 0.0390940 (LTH2)
[2025-07-17 22:48:19.917] [info] Frame 898 (t = 4.49):	 total squared error = 0.0183435, marker error: RMS = 0.0310716, max = 0.0389235 (LTH2)
[2025-07-17 22:48:20.204] [info] Frame 899 (t = 4.495):	 total squared error = 0.0182345, marker error: RMS = 0.0309792, max = 0.0388717 (LTH2)
[2025-07-17 22:48:20.442] [info] Frame 900 (t = 4.5):	 total squared error = 0.0181179, marker error: RMS = 0.0308800, max = 0.0387245 (LTH2)
[2025-07-17 22:48:20.683] [info] Frame 901 (t = 4.50500):	 total squared error = 0.0179945, marker error: RMS = 0.0307747, max = 0.0385471 (LTH2)
[2025-07-17 22:48:20.911] [info] Frame 902 (t = 4.51):	 total squared error = 0.0178648, marker error: RMS = 0.0306635, max = 0.0384316 (LTH2)
[2025-07-17 22:48:21.141] [info] Frame 903 (t = 4.515):	 total squared error = 0.017728, marker error: RMS = 0.0305459, max = 0.0382812 (LTH2)
[2025-07-17 22:48:21.433] [info] Frame 904 (t = 4.52):	 total squared error = 0.0175844, marker error: RMS = 0.0304220, max = 0.0381388 (LTH2)
[2025-07-17 22:48:21.698] [info] Frame 905 (t = 4.525):	 total squared error = 0.0174335, marker error: RMS = 0.0302911, max = 0.0379658 (LTH2)
[2025-07-17 22:48:22.034] [info] Frame 906 (t = 4.53):	 total squared error = 0.0172753, marker error: RMS = 0.0301533, max = 0.037772 (LTH2)
[2025-07-17 22:48:22.352] [info] Frame 907 (t = 4.535):	 total squared error = 0.0171095, marker error: RMS = 0.0300083, max = 0.0375717 (LTH2)
[2025-07-17 22:48:22.680] [info] Frame 908 (t = 4.54):	 total squared error = 0.0169358, marker error: RMS = 0.0298556, max = 0.0373576 (LTH2)
[2025-07-17 22:48:22.909] [info] Frame 909 (t = 4.545):	 total squared error = 0.0167543, marker error: RMS = 0.0296952, max = 0.037119 (LTH2)
[2025-07-17 22:48:23.120] [info] Frame 910 (t = 4.55):	 total squared error = 0.0165639, marker error: RMS = 0.029526, max = 0.0368635 (LTH2)
[2025-07-17 22:48:23.408] [info] Frame 911 (t = 4.555):	 total squared error = 0.0163656, marker error: RMS = 0.0293487, max = 0.0366246 (LTH2)
[2025-07-17 22:48:23.677] [info] Frame 912 (t = 4.56):	 total squared error = 0.0161583, marker error: RMS = 0.0291622, max = 0.0363373 (LTH2)
[2025-07-17 22:48:23.907] [info] Frame 913 (t = 4.565):	 total squared error = 0.0159426, marker error: RMS = 0.0289669, max = 0.0360478 (LTH2)
[2025-07-17 22:48:24.183] [info] Frame 914 (t = 4.57):	 total squared error = 0.0157186, marker error: RMS = 0.0287627, max = 0.0358517 (LTH2)
[2025-07-17 22:48:24.466] [info] Frame 915 (t = 4.575):	 total squared error = 0.0154856, marker error: RMS = 0.0285487, max = 0.0355372 (LTH2)
[2025-07-17 22:48:24.725] [info] Frame 916 (t = 4.58):	 total squared error = 0.0152446, marker error: RMS = 0.0283258, max = 0.0352062 (LTH2)
[2025-07-17 22:48:24.942] [info] Frame 917 (t = 4.585):	 total squared error = 0.0149991, marker error: RMS = 0.0280968, max = 0.0349578 (LTH2)
[2025-07-17 22:48:25.153] [info] Frame 918 (t = 4.59):	 total squared error = 0.0147399, marker error: RMS = 0.0278529, max = 0.0347203 (SACROL)
[2025-07-17 22:48:25.411] [info] Frame 919 (t = 4.595):	 total squared error = 0.0144778, marker error: RMS = 0.0276041, max = 0.0346541 (SACROL)
[2025-07-17 22:48:25.678] [info] Frame 920 (t = 4.6):	 total squared error = 0.0142124, marker error: RMS = 0.02735, max = 0.0346186 (SACROL)
[2025-07-17 22:48:25.932] [info] Frame 921 (t = 4.60500):	 total squared error = 0.0139376, marker error: RMS = 0.0270842, max = 0.0345961 (SACROL)
[2025-07-17 22:48:26.274] [info] Frame 922 (t = 4.61):	 total squared error = 0.0136628, marker error: RMS = 0.0268159, max = 0.0345484 (SACROL)
[2025-07-17 22:48:26.560] [info] Frame 923 (t = 4.615):	 total squared error = 0.0133839, marker error: RMS = 0.0265408, max = 0.0345363 (SACROL)
[2025-07-17 22:48:26.801] [info] Frame 924 (t = 4.62):	 total squared error = 0.0131055, marker error: RMS = 0.0262633, max = 0.0345177 (SACROL)
[2025-07-17 22:48:27.072] [info] Frame 925 (t = 4.625):	 total squared error = 0.0128224, marker error: RMS = 0.0259782, max = 0.0344149 (SACROL)
[2025-07-17 22:48:27.383] [info] Frame 926 (t = 4.63):	 total squared error = 0.0125418, marker error: RMS = 0.0256923, max = 0.0343682 (SACROL)
[2025-07-17 22:48:27.589] [info] Frame 927 (t = 4.635):	 total squared error = 0.0123889, marker error: RMS = 0.0255352, max = 0.0340835 (SACROL)
[2025-07-17 22:48:27.872] [info] Frame 928 (t = 4.64):	 total squared error = 0.011984, marker error: RMS = 0.0251145, max = 0.0342434 (SACROL)
[2025-07-17 22:48:28.158] [info] Frame 929 (t = 4.645):	 total squared error = 0.0117093, marker error: RMS = 0.0248249, max = 0.034234 (SACROL)
[2025-07-17 22:48:28.433] [info] Frame 930 (t = 4.65):	 total squared error = 0.0114375, marker error: RMS = 0.0245352, max = 0.0340973 (SACROL)
[2025-07-17 22:48:28.711] [info] Frame 931 (t = 4.655):	 total squared error = 0.0111704, marker error: RMS = 0.024247, max = 0.0340039 (SACROL)
[2025-07-17 22:48:29.055] [info] Frame 932 (t = 4.66):	 total squared error = 0.0109083, marker error: RMS = 0.0239608, max = 0.0339101 (SACROL)
[2025-07-17 22:48:29.283] [info] Frame 933 (t = 4.665):	 total squared error = 0.0107767, marker error: RMS = 0.0238159, max = 0.0337702 (SACROL)
[2025-07-17 22:48:29.537] [info] Frame 934 (t = 4.67):	 total squared error = 0.0104012, marker error: RMS = 0.0233972, max = 0.0337143 (SACROL)
[2025-07-17 22:48:29.854] [info] Frame 935 (t = 4.675):	 total squared error = 0.0101560, marker error: RMS = 0.0231198, max = 0.0336326 (SACROL)
[2025-07-17 22:48:30.088] [info] Frame 936 (t = 4.68):	 total squared error = 0.00991792, marker error: RMS = 0.0228472, max = 0.0334772 (SACROL)
[2025-07-17 22:48:30.411] [info] Frame 937 (t = 4.685):	 total squared error = 0.00981392, marker error: RMS = 0.0227271, max = 0.0331867 (SACROL)
[2025-07-17 22:48:30.636] [info] Frame 938 (t = 4.69):	 total squared error = 0.00946592, marker error: RMS = 0.0223205, max = 0.0331766 (SACROL)
[2025-07-17 22:48:30.862] [info] Frame 939 (t = 4.695):	 total squared error = 0.00925095, marker error: RMS = 0.0220656, max = 0.0330588 (SACROL)
[2025-07-17 22:48:31.119] [info] Frame 940 (t = 4.7):	 total squared error = 0.00916974, marker error: RMS = 0.0219686, max = 0.0328099 (SACROL)
[2025-07-17 22:48:31.347] [info] Frame 941 (t = 4.70500):	 total squared error = 0.00884614, marker error: RMS = 0.0215774, max = 0.0326957 (SACROL)
[2025-07-17 22:48:31.597] [info] Frame 942 (t = 4.71):	 total squared error = 0.00865556, marker error: RMS = 0.0213438, max = 0.0326026 (SACROL)
[2025-07-17 22:48:31.842] [info] Frame 943 (t = 4.715):	 total squared error = 0.00847209, marker error: RMS = 0.0211163, max = 0.0324582 (SACROL)
[2025-07-17 22:48:32.081] [info] Frame 944 (t = 4.72):	 total squared error = 0.00829657, marker error: RMS = 0.0208964, max = 0.0323189 (SACROL)
[2025-07-17 22:48:32.357] [info] Frame 945 (t = 4.725):	 total squared error = 0.00813012, marker error: RMS = 0.0206858, max = 0.0321507 (SACROL)
[2025-07-17 22:48:32.536] [info] Frame 946 (t = 4.73):	 total squared error = 0.00809072, marker error: RMS = 0.0206356, max = 0.0320165 (SACROL)
[2025-07-17 22:48:32.796] [info] Frame 947 (t = 4.735):	 total squared error = 0.00781062, marker error: RMS = 0.0202752, max = 0.0318607 (SACROL)
[2025-07-17 22:48:33.061] [info] Frame 948 (t = 4.74):	 total squared error = 0.00766134, marker error: RMS = 0.0200805, max = 0.0317414 (SACROL)
[2025-07-17 22:48:33.334] [info] Frame 949 (t = 4.745):	 total squared error = 0.00751733, marker error: RMS = 0.0198909, max = 0.031569 (SACROL)
[2025-07-17 22:48:33.593] [info] Frame 950 (t = 4.75):	 total squared error = 0.00737889, marker error: RMS = 0.0197069, max = 0.0314534 (SACROL)
[2025-07-17 22:48:33.872] [info] Frame 951 (t = 4.755):	 total squared error = 0.00724326, marker error: RMS = 0.019525, max = 0.0313561 (SACROL)
[2025-07-17 22:48:34.099] [info] Frame 952 (t = 4.76):	 total squared error = 0.00723454, marker error: RMS = 0.0195132, max = 0.0313106 (SACROL)
[2025-07-17 22:48:34.307] [info] Frame 953 (t = 4.765):	 total squared error = 0.00698605, marker error: RMS = 0.0191752, max = 0.0311089 (SACROL)
[2025-07-17 22:48:34.560] [info] Frame 954 (t = 4.77):	 total squared error = 0.00686471, marker error: RMS = 0.0190079, max = 0.0310042 (SACROL)
[2025-07-17 22:48:34.925] [info] Frame 955 (t = 4.775):	 total squared error = 0.00674457, marker error: RMS = 0.0188408, max = 0.0308833 (SACROL)
[2025-07-17 22:48:35.150] [info] Frame 956 (t = 4.78):	 total squared error = 0.00662721, marker error: RMS = 0.0186762, max = 0.0307887 (SACROL)
[2025-07-17 22:48:35.386] [info] Frame 957 (t = 4.785):	 total squared error = 0.00663144, marker error: RMS = 0.0186822, max = 0.0308093 (SACROL)
[2025-07-17 22:48:35.590] [info] Frame 958 (t = 4.79):	 total squared error = 0.00639713, marker error: RMS = 0.0183491, max = 0.0305522 (SACROL)
[2025-07-17 22:48:35.828] [info] Frame 959 (t = 4.795):	 total squared error = 0.00628691, marker error: RMS = 0.0181904, max = 0.0304332 (SACROL)
[2025-07-17 22:48:36.040] [info] Frame 960 (t = 4.8):	 total squared error = 0.00629638, marker error: RMS = 0.0182041, max = 0.0304932 (SACROL)
[2025-07-17 22:48:36.256] [info] Frame 961 (t = 4.80500):	 total squared error = 0.00606874, marker error: RMS = 0.017872, max = 0.0302000 (SACROL)
[2025-07-17 22:48:36.486] [info] Frame 962 (t = 4.81):	 total squared error = 0.00608214, marker error: RMS = 0.0178917, max = 0.0301840 (SACROL)
[2025-07-17 22:48:36.784] [info] Frame 963 (t = 4.815):	 total squared error = 0.00585862, marker error: RMS = 0.0175598, max = 0.0298748 (SACROL)
[2025-07-17 22:48:37.027] [info] Frame 964 (t = 4.82):	 total squared error = 0.00575692, marker error: RMS = 0.0174068, max = 0.0297299 (SACROL)
[2025-07-17 22:48:37.309] [info] Frame 965 (t = 4.825):	 total squared error = 0.00565698, marker error: RMS = 0.017255, max = 0.0295505 (SACROL)
[2025-07-17 22:48:37.594] [info] Frame 966 (t = 4.83):	 total squared error = 0.00555927, marker error: RMS = 0.0171054, max = 0.0293886 (SACROL)
[2025-07-17 22:48:37.828] [info] Frame 967 (t = 4.835):	 total squared error = 0.00558226, marker error: RMS = 0.0171407, max = 0.0294776 (SACROL)
[2025-07-17 22:48:38.107] [info] Frame 968 (t = 4.84):	 total squared error = 0.00537269, marker error: RMS = 0.0168159, max = 0.0290072 (SACROL)
[2025-07-17 22:48:38.352] [info] Frame 969 (t = 4.845):	 total squared error = 0.00528441, marker error: RMS = 0.0166771, max = 0.0288251 (SACROL)
[2025-07-17 22:48:38.596] [info] Frame 970 (t = 4.85):	 total squared error = 0.00519952, marker error: RMS = 0.0165426, max = 0.0286306 (SACROL)
[2025-07-17 22:48:38.817] [info] Frame 971 (t = 4.855):	 total squared error = 0.00523340, marker error: RMS = 0.0165965, max = 0.0287809 (SACROL)
[2025-07-17 22:48:39.044] [info] Frame 972 (t = 4.86):	 total squared error = 0.00503904, marker error: RMS = 0.0162854, max = 0.0282675 (SACROL)
[2025-07-17 22:48:39.263] [info] Frame 973 (t = 4.865):	 total squared error = 0.00507951, marker error: RMS = 0.0163506, max = 0.0284304 (SACROL)
[2025-07-17 22:48:39.440] [info] Frame 974 (t = 4.87):	 total squared error = 0.00489231, marker error: RMS = 0.0160465, max = 0.0278465 (SACROL)
[2025-07-17 22:48:39.718] [info] Frame 975 (t = 4.875):	 total squared error = 0.00493883, marker error: RMS = 0.0161226, max = 0.0280574 (SACROL)
[2025-07-17 22:48:40.005] [info] Frame 976 (t = 4.88):	 total squared error = 0.00475807, marker error: RMS = 0.0158248, max = 0.027439 (SACROL)
[2025-07-17 22:48:40.257] [info] Frame 977 (t = 4.885):	 total squared error = 0.00469526, marker error: RMS = 0.01572, max = 0.0272571 (SACROL)
[2025-07-17 22:48:40.457] [info] Frame 978 (t = 4.89):	 total squared error = 0.00474875, marker error: RMS = 0.0158093, max = 0.0275451 (SACROL)
[2025-07-17 22:48:40.771] [info] Frame 979 (t = 4.895):	 total squared error = 0.00457809, marker error: RMS = 0.0155226, max = 0.0268805 (SACROL)
[2025-07-17 22:48:41.030] [info] Frame 980 (t = 4.9):	 total squared error = 0.00463628, marker error: RMS = 0.015621, max = 0.0272138 (SACROL)
[2025-07-17 22:48:41.254] [info] Frame 981 (t = 4.90500):	 total squared error = 0.00447054, marker error: RMS = 0.0153392, max = 0.0265623 (SACROL)
[2025-07-17 22:48:41.517] [info] Frame 982 (t = 4.91):	 total squared error = 0.00453185, marker error: RMS = 0.015444, max = 0.0269068 (SACROL)
[2025-07-17 22:48:41.784] [info] Frame 983 (t = 4.915):	 total squared error = 0.00437124, marker error: RMS = 0.0151679, max = 0.0262226 (SACROL)
[2025-07-17 22:48:42.002] [info] Frame 984 (t = 4.92):	 total squared error = 0.00432446, marker error: RMS = 0.0150865, max = 0.0260743 (SACROL)
[2025-07-17 22:48:42.261] [info] Frame 985 (t = 4.925):	 total squared error = 0.00438939, marker error: RMS = 0.0151994, max = 0.0265213 (SACROL)
[2025-07-17 22:48:42.552] [info] Frame 986 (t = 4.93):	 total squared error = 0.00423626, marker error: RMS = 0.0149319, max = 0.0258192 (SACROL)
[2025-07-17 22:48:42.752] [info] Frame 987 (t = 4.935):	 total squared error = 0.00430339, marker error: RMS = 0.0150497, max = 0.0263131 (SACROL)
[2025-07-17 22:48:42.949] [info] Frame 988 (t = 4.94):	 total squared error = 0.00415401, marker error: RMS = 0.0147862, max = 0.025588 (SACROL)
[2025-07-17 22:48:43.215] [info] Frame 989 (t = 4.945):	 total squared error = 0.00411427, marker error: RMS = 0.0147153, max = 0.0254697 (SACROL)
[2025-07-17 22:48:43.447] [info] Frame 990 (t = 4.95):	 total squared error = 0.00407595, marker error: RMS = 0.0146466, max = 0.0253537 (SACROL)
[2025-07-17 22:48:43.664] [info] Frame 991 (t = 4.955):	 total squared error = 0.00403894, marker error: RMS = 0.01458, max = 0.0252746 (SACROL)
[2025-07-17 22:48:43.897] [info] Frame 992 (t = 4.96):	 total squared error = 0.00410767, marker error: RMS = 0.0147035, max = 0.0258392 (SACROL)
[2025-07-17 22:48:44.141] [info] Frame 993 (t = 4.965):	 total squared error = 0.00396840, marker error: RMS = 0.0144521, max = 0.0250875 (SACROL)
[2025-07-17 22:48:44.295] [info] Frame 994 (t = 4.97):	 total squared error = 0.00403866, marker error: RMS = 0.0145795, max = 0.0256951 (SACROL)
[2025-07-17 22:48:44.500] [info] Frame 995 (t = 4.975):	 total squared error = 0.00390380, marker error: RMS = 0.014334, max = 0.0249521 (SACROL)
[2025-07-17 22:48:44.733] [info] Frame 996 (t = 4.98):	 total squared error = 0.00387442, marker error: RMS = 0.0142799, max = 0.0248817 (SACROL)
[2025-07-17 22:48:44.935] [info] Frame 997 (t = 4.985):	 total squared error = 0.00394785, marker error: RMS = 0.0144146, max = 0.0256299 (SACROL)
[2025-07-17 22:48:45.127] [info] Frame 998 (t = 4.99):	 total squared error = 0.00382019, marker error: RMS = 0.0141797, max = 0.0248444 (SACROL)
[2025-07-17 22:48:45.355] [info] Frame 999 (t = 4.995):	 total squared error = 0.00379527, marker error: RMS = 0.0141333, max = 0.0248063 (SACROL)
[2025-07-17 22:48:45.593] [info] Frame 1000 (t = 5.0):	 total squared error = 0.00377273, marker error: RMS = 0.0140913, max = 0.0247664 (SACROL)
[2025-07-17 22:48:45.920] [info] Frame 1001 (t = 5.00500):	 total squared error = 0.00375169, marker error: RMS = 0.0140519, max = 0.0247361 (SACROL)
[2025-07-17 22:48:46.241] [info] Frame 1002 (t = 5.01):	 total squared error = 0.00382819, marker error: RMS = 0.0141945, max = 0.0254677 (SACROL)
[2025-07-17 22:48:46.472] [info] Frame 1003 (t = 5.015):	 total squared error = 0.00371555, marker error: RMS = 0.0139841, max = 0.0247647 (SACROL)
[2025-07-17 22:48:46.707] [info] Frame 1004 (t = 5.02):	 total squared error = 0.00369992, marker error: RMS = 0.0139547, max = 0.024788 (SACROL)
[2025-07-17 22:48:46.899] [info] Frame 1005 (t = 5.025):	 total squared error = 0.00377949, marker error: RMS = 0.0141039, max = 0.0255817 (SACROL)
[2025-07-17 22:48:47.100] [info] Frame 1006 (t = 5.03):	 total squared error = 0.00367344, marker error: RMS = 0.0139046, max = 0.024899 (SACROL)
[2025-07-17 22:48:47.271] [info] Frame 1007 (t = 5.035):	 total squared error = 0.00375426, marker error: RMS = 0.0140568, max = 0.0256956 (SACROL)
[2025-07-17 22:48:47.465] [info] Frame 1008 (t = 5.04):	 total squared error = 0.00365115, marker error: RMS = 0.0138624, max = 0.0250330 (SACROL)
[2025-07-17 22:48:47.709] [info] Frame 1009 (t = 5.045):	 total squared error = 0.00364132, marker error: RMS = 0.0138437, max = 0.0250943 (SACROL)
[2025-07-17 22:48:48.093] [info] Frame 1010 (t = 5.05):	 total squared error = 0.00363206, marker error: RMS = 0.0138261, max = 0.0251384 (SACROL)
[2025-07-17 22:48:48.540] [info] Frame 1011 (t = 5.055):	 total squared error = 0.00371218, marker error: RMS = 0.0139778, max = 0.0258828 (SACROL)
[2025-07-17 22:48:49.345] [info] Frame 1012 (t = 5.06):	 total squared error = 0.00361417, marker error: RMS = 0.013792, max = 0.0253437 (SACROL)
[2025-07-17 22:48:50.152] [info] Frame 1013 (t = 5.065):	 total squared error = 0.00360631, marker error: RMS = 0.013777, max = 0.0253887 (SACROL)
[2025-07-17 22:48:50.564] [info] Frame 1014 (t = 5.07):	 total squared error = 0.00368638, marker error: RMS = 0.0139291, max = 0.0261525 (SACROL)
[2025-07-17 22:48:51.269] [info] Frame 1015 (t = 5.075):	 total squared error = 0.00359132, marker error: RMS = 0.0137483, max = 0.0255678 (SACROL)
[2025-07-17 22:48:51.939] [info] Frame 1016 (t = 5.08):	 total squared error = 0.00367313, marker error: RMS = 0.0139040, max = 0.0262615 (SACROL)
[2025-07-17 22:48:53.286] [info] Frame 1017 (t = 5.085):	 total squared error = 0.00357857, marker error: RMS = 0.0137239, max = 0.0257161 (SACROL)
[2025-07-17 22:48:53.817] [info] Frame 1018 (t = 5.09):	 total squared error = 0.00365949, marker error: RMS = 0.0138782, max = 0.0264689 (SACROL)
[2025-07-17 22:48:54.178] [info] Frame 1019 (t = 5.095):	 total squared error = 0.00356977, marker error: RMS = 0.0137070, max = 0.0259478 (SACROL)
[2025-07-17 22:48:54.442] [info] Frame 1020 (t = 5.1):	 total squared error = 0.00365291, marker error: RMS = 0.0138657, max = 0.0267532 (SACROL)
[2025-07-17 22:48:54.769] [info] Frame 1021 (t = 5.10500):	 total squared error = 0.00356447, marker error: RMS = 0.0136968, max = 0.026185 (SACROL)
[2025-07-17 22:48:55.117] [info] Frame 1022 (t = 5.11):	 total squared error = 0.00356351, marker error: RMS = 0.013695, max = 0.0262971 (SACROL)
[2025-07-17 22:48:55.344] [info] Frame 1023 (t = 5.115):	 total squared error = 0.00364681, marker error: RMS = 0.0138541, max = 0.0271162 (SACROL)
[2025-07-17 22:48:55.642] [info] Frame 1024 (t = 5.12):	 total squared error = 0.00356309, marker error: RMS = 0.0136942, max = 0.0265669 (SACROL)
[2025-07-17 22:48:56.023] [info] Frame 1025 (t = 5.125):	 total squared error = 0.00356357, marker error: RMS = 0.0136951, max = 0.0266934 (SACROL)
[2025-07-17 22:48:56.356] [info] Frame 1026 (t = 5.13):	 total squared error = 0.00356389, marker error: RMS = 0.0136957, max = 0.0268432 (SACROL)
[2025-07-17 22:48:56.644] [info] Frame 1027 (t = 5.135):	 total squared error = 0.00356355, marker error: RMS = 0.0136951, max = 0.0269633 (SACROL)
[2025-07-17 22:48:56.845] [info] Frame 1028 (t = 5.14):	 total squared error = 0.00364592, marker error: RMS = 0.0138524, max = 0.0277095 (SACROL)
[2025-07-17 22:48:57.119] [info] Frame 1029 (t = 5.145):	 total squared error = 0.00356043, marker error: RMS = 0.0136891, max = 0.0272139 (SACROL)
[2025-07-17 22:48:57.405] [info] Frame 1030 (t = 5.15):	 total squared error = 0.00363589, marker error: RMS = 0.0138334, max = 0.0278403 (SACROL)
[2025-07-17 22:48:57.607] [info] Frame 1031 (t = 5.155):	 total squared error = 0.00355439, marker error: RMS = 0.0136775, max = 0.0275274 (SACROL)
[2025-07-17 22:48:57.860] [info] Frame 1032 (t = 5.16):	 total squared error = 0.00355040, marker error: RMS = 0.0136698, max = 0.0277214 (SACROL)
[2025-07-17 22:48:58.105] [info] Frame 1033 (t = 5.165):	 total squared error = 0.00362240, marker error: RMS = 0.0138077, max = 0.0282064 (SACROL)
[2025-07-17 22:48:58.305] [info] Frame 1034 (t = 5.17):	 total squared error = 0.00353843, marker error: RMS = 0.0136467, max = 0.0278131 (SACROL)
[2025-07-17 22:48:58.475] [info] Frame 1035 (t = 5.175):	 total squared error = 0.00360752, marker error: RMS = 0.0137793, max = 0.0284858 (SACROL)
[2025-07-17 22:48:58.679] [info] Frame 1036 (t = 5.18):	 total squared error = 0.00352548, marker error: RMS = 0.0136217, max = 0.0280676 (SACROL)
[2025-07-17 22:48:58.851] [info] Frame 1037 (t = 5.185):	 total squared error = 0.00359300, marker error: RMS = 0.0137515, max = 0.0286922 (SACROL)
[2025-07-17 22:48:59.044] [info] Frame 1038 (t = 5.19):	 total squared error = 0.00351281, marker error: RMS = 0.0135972, max = 0.0283785 (SACROL)
[2025-07-17 22:48:59.247] [info] Frame 1039 (t = 5.195):	 total squared error = 0.00350687, marker error: RMS = 0.0135857, max = 0.0285244 (SACROL)
[2025-07-17 22:48:59.429] [info] Frame 1040 (t = 5.2):	 total squared error = 0.00357398, marker error: RMS = 0.0137151, max = 0.0290996 (SACROL)
[2025-07-17 22:48:59.637] [info] Frame 1041 (t = 5.20500):	 total squared error = 0.00349505, marker error: RMS = 0.0135628, max = 0.0287565 (SACROL)
[2025-07-17 22:48:59.853] [info] Frame 1042 (t = 5.21):	 total squared error = 0.00348997, marker error: RMS = 0.013553, max = 0.0288101 (SACROL)
[2025-07-17 22:49:00.044] [info] Frame 1043 (t = 5.215):	 total squared error = 0.00355557, marker error: RMS = 0.0136797, max = 0.0294972 (SACROL)
[2025-07-17 22:49:00.213] [info] Frame 1044 (t = 5.22):	 total squared error = 0.00348015, marker error: RMS = 0.0135339, max = 0.0291703 (SACROL)
[2025-07-17 22:49:00.432] [info] Frame 1045 (t = 5.225):	 total squared error = 0.00347393, marker error: RMS = 0.0135218, max = 0.0292586 (SACROL)
[2025-07-17 22:49:00.633] [info] Frame 1046 (t = 5.23):	 total squared error = 0.00346781, marker error: RMS = 0.0135099, max = 0.0293482 (SACROL)
[2025-07-17 22:49:00.846] [info] Frame 1047 (t = 5.235):	 total squared error = 0.00346131, marker error: RMS = 0.0134972, max = 0.029484 (SACROL)
[2025-07-17 22:49:01.017] [info] Frame 1048 (t = 5.24):	 total squared error = 0.00345407, marker error: RMS = 0.0134831, max = 0.0296442 (SACROL)
[2025-07-17 22:49:01.225] [info] Frame 1049 (t = 5.245):	 total squared error = 0.00344561, marker error: RMS = 0.0134665, max = 0.029789 (SACROL)
[2025-07-17 22:49:01.489] [info] Frame 1050 (t = 5.25):	 total squared error = 0.00343545, marker error: RMS = 0.0134467, max = 0.0298152 (SACROL)
[2025-07-17 22:49:01.649] [info] Frame 1051 (t = 5.255):	 total squared error = 0.00349139, marker error: RMS = 0.0135557, max = 0.0303797 (SACROL)
[2025-07-17 22:49:01.800] [info] Frame 1052 (t = 5.26):	 total squared error = 0.00341348, marker error: RMS = 0.0134036, max = 0.0301699 (SACROL)
[2025-07-17 22:49:02.006] [info] Frame 1053 (t = 5.265):	 total squared error = 0.00339888, marker error: RMS = 0.0133749, max = 0.0302215 (SACROL)
[2025-07-17 22:49:02.184] [info] Frame 1054 (t = 5.27):	 total squared error = 0.00338313, marker error: RMS = 0.0133439, max = 0.0302213 (SACROL)
[2025-07-17 22:49:02.393] [info] Frame 1055 (t = 5.275):	 total squared error = 0.00336690, marker error: RMS = 0.0133118, max = 0.0303371 (SACROL)
[2025-07-17 22:49:02.606] [info] Frame 1056 (t = 5.28):	 total squared error = 0.00334984, marker error: RMS = 0.0132781, max = 0.0304927 (SACROL)
[2025-07-17 22:49:02.813] [info] Frame 1057 (t = 5.285):	 total squared error = 0.00333149, marker error: RMS = 0.0132417, max = 0.0306088 (SACROL)
[2025-07-17 22:49:02.945] [info] Frame 1058 (t = 5.29):	 total squared error = 0.00337482, marker error: RMS = 0.0133275, max = 0.0309351 (SACROL)
[2025-07-17 22:49:03.129] [info] Frame 1059 (t = 5.295):	 total squared error = 0.00329074, marker error: RMS = 0.0131604, max = 0.0307289 (SACROL)
[2025-07-17 22:49:03.277] [info] Frame 1060 (t = 5.3):	 total squared error = 0.00333042, marker error: RMS = 0.0132395, max = 0.0311007 (SACROL)
[2025-07-17 22:49:03.493] [info] Frame 1061 (t = 5.30500):	 total squared error = 0.00324392, marker error: RMS = 0.0130665, max = 0.0307464 (SACROL)
[2025-07-17 22:49:03.676] [info] Frame 1062 (t = 5.31):	 total squared error = 0.00328045, marker error: RMS = 0.0131398, max = 0.0311424 (SACROL)
[2025-07-17 22:49:03.857] [info] Frame 1063 (t = 5.315):	 total squared error = 0.00319142, marker error: RMS = 0.0129603, max = 0.0308604 (SACROL)
[2025-07-17 22:49:04.029] [info] Frame 1064 (t = 5.32):	 total squared error = 0.00322446, marker error: RMS = 0.0130272, max = 0.0311561 (SACROL)
[2025-07-17 22:49:04.191] [info] Frame 1065 (t = 5.325):	 total squared error = 0.00313438, marker error: RMS = 0.012844, max = 0.0307551 (SACROL)
[2025-07-17 22:49:04.389] [info] Frame 1066 (t = 5.33):	 total squared error = 0.00316362, marker error: RMS = 0.0129037, max = 0.0311707 (SACROL)
[2025-07-17 22:49:04.565] [info] Frame 1067 (t = 5.335):	 total squared error = 0.00307186, marker error: RMS = 0.0127152, max = 0.0308966 (SACROL)
[2025-07-17 22:49:04.779] [info] Frame 1068 (t = 5.34):	 total squared error = 0.00303987, marker error: RMS = 0.0126488, max = 0.0308845 (SACROL)
[2025-07-17 22:49:05.007] [info] Frame 1069 (t = 5.345):	 total squared error = 0.00300654, marker error: RMS = 0.0125793, max = 0.0308678 (SACROL)
[2025-07-17 22:49:05.248] [info] Frame 1070 (t = 5.35):	 total squared error = 0.00297199, marker error: RMS = 0.0125068, max = 0.0308527 (SACROL)
[2025-07-17 22:49:05.490] [info] Frame 1071 (t = 5.355):	 total squared error = 0.00293716, marker error: RMS = 0.0124333, max = 0.0308289 (SACROL)
[2025-07-17 22:49:05.674] [info] Frame 1072 (t = 5.36):	 total squared error = 0.00290165, marker error: RMS = 0.0123579, max = 0.0307705 (SACROL)
[2025-07-17 22:49:05.847] [info] Frame 1073 (t = 5.365):	 total squared error = 0.00292288, marker error: RMS = 0.0124030, max = 0.0310537 (SACROL)
[2025-07-17 22:49:06.073] [info] Frame 1074 (t = 5.37):	 total squared error = 0.00282842, marker error: RMS = 0.0122010, max = 0.0307253 (SACROL)
[2025-07-17 22:49:06.243] [info] Frame 1075 (t = 5.375):	 total squared error = 0.00284346, marker error: RMS = 0.0122334, max = 0.0306581 (SACROL)
[2025-07-17 22:49:06.455] [info] Frame 1076 (t = 5.38):	 total squared error = 0.00275127, marker error: RMS = 0.0120334, max = 0.0305608 (SACROL)
[2025-07-17 22:49:06.617] [info] Frame 1077 (t = 5.385):	 total squared error = 0.00276585, marker error: RMS = 0.0120653, max = 0.0306953 (SACROL)
[2025-07-17 22:49:06.832] [info] Frame 1078 (t = 5.39):	 total squared error = 0.00267186, marker error: RMS = 0.0118585, max = 0.0303579 (SACROL)
[2025-07-17 22:49:07.015] [info] Frame 1079 (t = 5.395):	 total squared error = 0.00268281, marker error: RMS = 0.0118828, max = 0.0304086 (SACROL)
[2025-07-17 22:49:07.194] [info] Frame 1080 (t = 5.4):	 total squared error = 0.00259090, marker error: RMS = 0.0116775, max = 0.0301533 (SACROL)
[2025-07-17 22:49:07.354] [info] Frame 1081 (t = 5.40500):	 total squared error = 0.00255092, marker error: RMS = 0.011587, max = 0.0301233 (SACROL)
[2025-07-17 22:49:07.564] [info] Frame 1082 (t = 5.41):	 total squared error = 0.00251142, marker error: RMS = 0.011497, max = 0.0300720 (SACROL)
[2025-07-17 22:49:07.758] [info] Frame 1083 (t = 5.415):	 total squared error = 0.00251394, marker error: RMS = 0.0115027, max = 0.0299196 (SACROL)
[2025-07-17 22:49:08.018] [info] Frame 1084 (t = 5.42):	 total squared error = 0.00242208, marker error: RMS = 0.0112906, max = 0.0295291 (SACROL)
[2025-07-17 22:49:08.190] [info] Frame 1085 (t = 5.425):	 total squared error = 0.00242609, marker error: RMS = 0.0113, max = 0.0294821 (SACROL)
[2025-07-17 22:49:08.360] [info] Frame 1086 (t = 5.43):	 total squared error = 0.00238668, marker error: RMS = 0.0112078, max = 0.0294564 (SACROL)
[2025-07-17 22:49:08.608] [info] Frame 1087 (t = 5.435):	 total squared error = 0.00229439, marker error: RMS = 0.0109890, max = 0.0289849 (SACROL)
[2025-07-17 22:49:08.738] [info] Frame 1088 (t = 5.44):	 total squared error = 0.00226005, marker error: RMS = 0.0109064, max = 0.0292274 (SACROL)
[2025-07-17 22:49:08.955] [info] Frame 1089 (t = 5.445):	 total squared error = 0.00221052, marker error: RMS = 0.0107862, max = 0.0285596 (SACROL)
[2025-07-17 22:49:09.118] [info] Frame 1090 (t = 5.45):	 total squared error = 0.00220775, marker error: RMS = 0.0107795, max = 0.0285212 (SACROL)
[2025-07-17 22:49:09.410] [info] Frame 1091 (t = 5.455):	 total squared error = 0.00212314, marker error: RMS = 0.0105709, max = 0.0280547 (SACROL)
[2025-07-17 22:49:09.645] [info] Frame 1092 (t = 5.46):	 total squared error = 0.00208184, marker error: RMS = 0.0104676, max = 0.0278387 (SACROL)
[2025-07-17 22:49:09.785] [info] Frame 1093 (t = 5.465):	 total squared error = 0.00207816, marker error: RMS = 0.0104583, max = 0.0278020 (SACROL)
[2025-07-17 22:49:10.027] [info] Frame 1094 (t = 5.47):	 total squared error = 0.00199536, marker error: RMS = 0.0102479, max = 0.0272081 (SACROL)
[2025-07-17 22:49:10.300] [info] Frame 1095 (t = 5.475):	 total squared error = 0.00195602, marker error: RMS = 0.0101464, max = 0.0268703 (SACROL)
[2025-07-17 22:49:10.589] [info] Frame 1096 (t = 5.48):	 total squared error = 0.00191114, marker error: RMS = 0.0100293, max = 0.0265908 (SACROL)
[2025-07-17 22:49:10.843] [info] Frame 1097 (t = 5.485):	 total squared error = 0.00186906, marker error: RMS = 0.00991825, max = 0.0262371 (SACROL)
[2025-07-17 22:49:11.120] [info] Frame 1098 (t = 5.49):	 total squared error = 0.00182483, marker error: RMS = 0.00980018, max = 0.0258568 (SACROL)
[2025-07-17 22:49:11.425] [info] Frame 1099 (t = 5.495):	 total squared error = 0.00178279, marker error: RMS = 0.00968663, max = 0.0255143 (SACROL)
[2025-07-17 22:49:11.727] [info] Frame 1100 (t = 5.5):	 total squared error = 0.00174217, marker error: RMS = 0.00957565, max = 0.0251649 (SACROL)
[2025-07-17 22:49:12.043] [info] Frame 1101 (t = 5.50500):	 total squared error = 0.00170091, marker error: RMS = 0.00946158, max = 0.0247921 (SACROL)
[2025-07-17 22:49:12.316] [info] Frame 1102 (t = 5.51):	 total squared error = 0.00166164, marker error: RMS = 0.00935172, max = 0.0244179 (SACROL)
[2025-07-17 22:49:12.553] [info] Frame 1103 (t = 5.515):	 total squared error = 0.00162209, marker error: RMS = 0.00923976, max = 0.0240313 (SACROL)
[2025-07-17 22:49:12.814] [info] Frame 1104 (t = 5.52):	 total squared error = 0.00158136, marker error: RMS = 0.00912301, max = 0.023635 (SACROL)
[2025-07-17 22:49:13.052] [info] Frame 1105 (t = 5.525):	 total squared error = 0.00154325, marker error: RMS = 0.00901241, max = 0.0232439 (SACROL)
[2025-07-17 22:49:13.251] [info] Frame 1106 (t = 5.53):	 total squared error = 0.00150584, marker error: RMS = 0.00890251, max = 0.0229476 (SACROL)
[2025-07-17 22:49:13.532] [info] Frame 1107 (t = 5.535):	 total squared error = 0.00146475, marker error: RMS = 0.00878020, max = 0.0224578 (SACROL)
[2025-07-17 22:49:13.702] [info] Frame 1108 (t = 5.54):	 total squared error = 0.00143991, marker error: RMS = 0.00870545, max = 0.0222106 (SACROL)
[2025-07-17 22:49:13.891] [info] Frame 1109 (t = 5.545):	 total squared error = 0.00139170, marker error: RMS = 0.00855846, max = 0.0217261 (SACROL)
[2025-07-17 22:49:14.118] [info] Frame 1110 (t = 5.55):	 total squared error = 0.00135250, marker error: RMS = 0.00843708, max = 0.0212424 (SACROL)
[2025-07-17 22:49:14.442] [info] Frame 1111 (t = 5.555):	 total squared error = 0.00131612, marker error: RMS = 0.00832282, max = 0.0208099 (SACROL)
[2025-07-17 22:49:14.693] [info] Frame 1112 (t = 5.56):	 total squared error = 0.00128144, marker error: RMS = 0.00821245, max = 0.0203562 (SACROL)
[2025-07-17 22:49:14.918] [info] Frame 1113 (t = 5.565):	 total squared error = 0.00124650, marker error: RMS = 0.00809970, max = 0.0199046 (SACROL)
[2025-07-17 22:49:15.116] [info] Frame 1114 (t = 5.57):	 total squared error = 0.00121249, marker error: RMS = 0.00798845, max = 0.0194419 (SACROL)
[2025-07-17 22:49:15.262] [info] Frame 1115 (t = 5.575):	 total squared error = 0.00117874, marker error: RMS = 0.00787646, max = 0.0189118 (SACROL)
[2025-07-17 22:49:15.355] [info] Frame 1116 (t = 5.58):	 total squared error = 0.00114288, marker error: RMS = 0.00775576, max = 0.0183695 (SACROL)
[2025-07-17 22:49:15.417] [info] Frame 1117 (t = 5.585):	 total squared error = 0.00111214, marker error: RMS = 0.00765071, max = 0.0178227 (SACROL)
[2025-07-17 22:49:15.491] [info] Frame 1118 (t = 5.59):	 total squared error = 0.00107870, marker error: RMS = 0.00753482, max = 0.0173688 (SACROL)
[2025-07-17 22:49:15.569] [info] Frame 1119 (t = 5.595):	 total squared error = 0.00104777, marker error: RMS = 0.00742601, max = 0.0168578 (SACROL)
[2025-07-17 22:49:15.621] [info] Frame 1120 (t = 5.6):	 total squared error = 0.00102306, marker error: RMS = 0.00733794, max = 0.0161334 (SACROL)
[2025-07-17 22:49:15.704] [info] Frame 1121 (t = 5.60500):	 total squared error = 0.000987567, marker error: RMS = 0.00720952, max = 0.0157938 (SACROL)
[2025-07-17 22:49:15.812] [info] Frame 1122 (t = 5.61):	 total squared error = 0.000959419, marker error: RMS = 0.00710604, max = 0.0152057 (SACROL)
[2025-07-17 22:49:15.924] [info] Frame 1123 (t = 5.615):	 total squared error = 0.000932395, marker error: RMS = 0.00700524, max = 0.0147283 (SACROL)
[2025-07-17 22:49:16.075] [info] Frame 1124 (t = 5.62):	 total squared error = 0.000906384, marker error: RMS = 0.00690684, max = 0.0141668 (SACROL)
[2025-07-17 22:49:16.209] [info] Frame 1125 (t = 5.625):	 total squared error = 0.000881948, marker error: RMS = 0.00681310, max = 0.0136629 (SACROL)
[2025-07-17 22:49:16.338] [info] Frame 1126 (t = 5.63):	 total squared error = 0.000859050, marker error: RMS = 0.00672407, max = 0.0131773 (SACROL)
[2025-07-17 22:49:16.484] [info] Frame 1127 (t = 5.635):	 total squared error = 0.000837239, marker error: RMS = 0.00663816, max = 0.0130650 (LTOE)
[2025-07-17 22:49:16.632] [info] Frame 1128 (t = 5.64):	 total squared error = 0.000817182, marker error: RMS = 0.00655817, max = 0.0128477 (LTOE)
[2025-07-17 22:49:16.779] [info] Frame 1129 (t = 5.645):	 total squared error = 0.000798837, marker error: RMS = 0.00648414, max = 0.0127984 (LTOE)
[2025-07-17 22:49:16.986] [info] Frame 1130 (t = 5.65):	 total squared error = 0.000782106, marker error: RMS = 0.00641588, max = 0.0126874 (LTOE)
[2025-07-17 22:49:17.134] [info] Frame 1131 (t = 5.655):	 total squared error = 0.000766780, marker error: RMS = 0.00635271, max = 0.0125962 (LTOE)
[2025-07-17 22:49:17.380] [info] Frame 1132 (t = 5.66):	 total squared error = 0.000753147, marker error: RMS = 0.00629598, max = 0.0125185 (LTOE)
[2025-07-17 22:49:17.664] [info] Frame 1133 (t = 5.665):	 total squared error = 0.000741082, marker error: RMS = 0.00624534, max = 0.0122892 (LTOE)
[2025-07-17 22:49:17.920] [info] Frame 1134 (t = 5.67):	 total squared error = 0.000728483, marker error: RMS = 0.00619203, max = 0.0122769 (LTOE)
[2025-07-17 22:49:18.127] [info] Frame 1135 (t = 5.675):	 total squared error = 0.000717393, marker error: RMS = 0.00614472, max = 0.0121369 (LTOE)
[2025-07-17 22:49:18.325] [info] Frame 1136 (t = 5.68):	 total squared error = 0.000717169, marker error: RMS = 0.00614376, max = 0.0120991 (LTOE)
[2025-07-17 22:49:18.521] [info] Frame 1137 (t = 5.685):	 total squared error = 0.000702148, marker error: RMS = 0.00607908, max = 0.0119303 (LTOE)
[2025-07-17 22:49:18.742] [info] Frame 1138 (t = 5.69):	 total squared error = 0.000703579, marker error: RMS = 0.00608527, max = 0.0119477 (LTOE)
[2025-07-17 22:49:18.768] [info] InverseKinematicsTool completed 526 frames in 115 second(s) (1 minute(s), 55 second(s)).
[2025-07-17 22:49:18.894] [info] Loaded model Athlete_03_scaled_updated_masses from file c:\Git\1_current_projects\powerlifing_model\models\Athlete_03_linearly_scaled_scaledMasses_increased_3.00.osim
[2025-07-17 22:49:19.265] [info] Storage: read data file = c:\Git\1_current_projects\powerlifing_model\simulations\Athlete_03\22_07_06\sq_75\joint_angles.mot (nr=526 nc=27)
[2025-07-17 22:49:19.503] [info] Loaded model Athlete_03_scaled_updated_masses from file c:\Git\1_current_projects\powerlifing_model\models\Athlete_03_linearly_scaled_scaledMasses_increased_3.00.osim
[2025-07-17 22:49:19.864] [cout] [info] 
               MODEL: Athlete_03_scaled_updated_masses
         coordinates: 26
              forces: 80
           actuators: 80
             muscles: 80
            analyses: 0
              probes: 0
              bodies: 14
              joints: 14
         constraints: 2
             markers: 33
         controllers: 0
  contact geometries: 0
misc modelcomponents: 0
[2025-07-17 22:49:19.865] [info] Running tool ...
[2025-07-17 22:49:20.169] [info] Storage: read data file = grf.mot (nr=6550 nc=19)
[2025-07-17 22:49:20.401] [info] ExternalForce::grf_r_1 Data source being set to grf
[2025-07-17 22:49:20.401] [info] ExternalForce::grf_l_2 Data source being set to grf
[2025-07-17 22:49:20.443] [info] Storage: read data file = c:\Git\1_current_projects\powerlifing_model\simulations\Athlete_03\22_07_06\sq_75\joint_angles.mot (nr=526 nc=27)
[2025-07-17 22:49:20.471] [info] Low-pass filtering coordinates data with a cutoff frequency of 6.0...
[2025-07-17 22:49:24.884] [info] InverseDynamicsTool: 526 time frames in 4 second(s).
