[2025-07-04 13:19:10.734] [info] Updating Model file from 30000 to latest format...
[2025-07-04 13:19:10.810] [info] Loaded model 009 from file C:\Users\Bas\ucloud\ceinms_troubleshoot\ceinms-nn\runA1\..\009_Rajagopal2015_FAI_v3.osim
[2025-07-04 13:19:10.821] [warning] GeometryPath 'path' has subcomponents with duplicate name 'pathwrap'. The duplicate is being renamed to 'pathwrap_0'.
[2025-07-04 13:19:10.821] [warning] GeometryPath 'path' has subcomponents with duplicate name 'pathwrap'. The duplicate is being renamed to 'pathwrap_0'.
[2025-07-04 13:19:10.822] [warning] GeometryPath 'path' has subcomponents with duplicate name 'pathwrap'. The duplicate is being renamed to 'pathwrap_0'.
[2025-07-04 13:19:10.824] [warning] GeometryPath 'path' has subcomponents with duplicate name 'pathwrap'. The duplicate is being renamed to 'pathwrap_0'.
[2025-07-04 13:19:10.824] [warning] GeometryPath 'path' has subcomponents with duplicate name 'pathwrap'. The duplicate is being renamed to 'pathwrap_0'.
[2025-07-04 13:19:10.825] [warning] GeometryPath 'path' has subcomponents with duplicate name 'pathwrap'. The duplicate is being renamed to 'pathwrap_0'.
[2025-07-04 13:19:10.825] [warning] GeometryPath 'path' has subcomponents with duplicate name 'pathwrap'. The duplicate is being renamed to 'pathwrap_0'.
[2025-07-04 13:19:10.825] [warning] GeometryPath 'path' has subcomponents with duplicate name 'pathwrap'. The duplicate is being renamed to 'pathwrap_0'.
[2025-07-04 13:19:10.826] [warning] GeometryPath 'path' has subcomponents with duplicate name 'pathwrap'. The duplicate is being renamed to 'pathwrap_0'.
[2025-07-04 13:19:10.827] [warning] GeometryPath 'path' has subcomponents with duplicate name 'pathwrap'. The duplicate is being renamed to 'pathwrap_0'.
[2025-07-04 13:19:10.827] [warning] GeometryPath 'path' has subcomponents with duplicate name 'pathwrap'. The duplicate is being renamed to 'pathwrap_0'.
[2025-07-04 13:19:10.828] [warning] GeometryPath 'path' has subcomponents with duplicate name 'pathwrap'. The duplicate is being renamed to 'pathwrap_0'.
[2025-07-04 13:20:27.566] [info] Updating Model file from 30000 to latest format...
[2025-07-04 13:20:27.677] [info] Loaded model 009 from file C:\Users\Bas\ucloud\ceinms_troubleshoot\ceinms-nn\runA1\..\009_Rajagopal2015_FAI_v3.osim
[2025-07-04 13:20:27.691] [warning] GeometryPath 'path' has subcomponents with duplicate name 'pathwrap'. The duplicate is being renamed to 'pathwrap_0'.
[2025-07-04 13:20:27.692] [warning] GeometryPath 'path' has subcomponents with duplicate name 'pathwrap'. The duplicate is being renamed to 'pathwrap_0'.
[2025-07-04 13:20:27.692] [warning] GeometryPath 'path' has subcomponents with duplicate name 'pathwrap'. The duplicate is being renamed to 'pathwrap_0'.
[2025-07-04 13:20:27.694] [warning] GeometryPath 'path' has subcomponents with duplicate name 'pathwrap'. The duplicate is being renamed to 'pathwrap_0'.
[2025-07-04 13:20:27.695] [warning] GeometryPath 'path' has subcomponents with duplicate name 'pathwrap'. The duplicate is being renamed to 'pathwrap_0'.
[2025-07-04 13:20:27.695] [warning] GeometryPath 'path' has subcomponents with duplicate name 'pathwrap'. The duplicate is being renamed to 'pathwrap_0'.
[2025-07-04 13:20:27.696] [warning] GeometryPath 'path' has subcomponents with duplicate name 'pathwrap'. The duplicate is being renamed to 'pathwrap_0'.
[2025-07-04 13:20:27.696] [warning] GeometryPath 'path' has subcomponents with duplicate name 'pathwrap'. The duplicate is being renamed to 'pathwrap_0'.
[2025-07-04 13:20:27.696] [warning] GeometryPath 'path' has subcomponents with duplicate name 'pathwrap'. The duplicate is being renamed to 'pathwrap_0'.
[2025-07-04 13:20:27.699] [warning] GeometryPath 'path' has subcomponents with duplicate name 'pathwrap'. The duplicate is being renamed to 'pathwrap_0'.
[2025-07-04 13:20:27.700] [warning] GeometryPath 'path' has subcomponents with duplicate name 'pathwrap'. The duplicate is being renamed to 'pathwrap_0'.
[2025-07-04 13:20:27.700] [warning] GeometryPath 'path' has subcomponents with duplicate name 'pathwrap'. The duplicate is being renamed to 'pathwrap_0'.
[2025-07-04 13:20:27.758] [info] Storage: read data file = C:\Users\Bas\ucloud\ceinms_troubleshoot\ceinms-nn\runA1\joint_angles.mot (nr=95 nc=40)
[2025-07-04 13:20:27.780] [info] AbstractTool  loading model C:\Users\Bas\ucloud\ceinms_troubleshoot\ceinms-nn\runA1\..\009_Rajagopal2015_FAI_v3.osim
[2025-07-04 13:20:27.805] [info] Updating Model file from 30000 to latest format...
[2025-07-04 13:20:27.917] [info] Loaded model 009 from file C:\Users\Bas\ucloud\ceinms_troubleshoot\ceinms-nn\runA1\..\009_Rajagopal2015_FAI_v3.osim
[2025-07-04 13:20:27.930] [warning] GeometryPath 'path' has subcomponents with duplicate name 'pathwrap'. The duplicate is being renamed to 'pathwrap_0'.
[2025-07-04 13:20:27.931] [warning] GeometryPath 'path' has subcomponents with duplicate name 'pathwrap'. The duplicate is being renamed to 'pathwrap_0'.
[2025-07-04 13:20:27.931] [warning] GeometryPath 'path' has subcomponents with duplicate name 'pathwrap'. The duplicate is being renamed to 'pathwrap_0'.
[2025-07-04 13:20:27.933] [warning] GeometryPath 'path' has subcomponents with duplicate name 'pathwrap'. The duplicate is being renamed to 'pathwrap_0'.
[2025-07-04 13:20:27.934] [warning] GeometryPath 'path' has subcomponents with duplicate name 'pathwrap'. The duplicate is being renamed to 'pathwrap_0'.
[2025-07-04 13:20:27.934] [warning] GeometryPath 'path' has subcomponents with duplicate name 'pathwrap'. The duplicate is being renamed to 'pathwrap_0'.
[2025-07-04 13:20:27.935] [warning] GeometryPath 'path' has subcomponents with duplicate name 'pathwrap'. The duplicate is being renamed to 'pathwrap_0'.
[2025-07-04 13:20:27.936] [warning] GeometryPath 'path' has subcomponents with duplicate name 'pathwrap'. The duplicate is being renamed to 'pathwrap_0'.
[2025-07-04 13:20:27.936] [warning] GeometryPath 'path' has subcomponents with duplicate name 'pathwrap'. The duplicate is being renamed to 'pathwrap_0'.
[2025-07-04 13:20:27.938] [warning] GeometryPath 'path' has subcomponents with duplicate name 'pathwrap'. The duplicate is being renamed to 'pathwrap_0'.
[2025-07-04 13:20:27.938] [warning] GeometryPath 'path' has subcomponents with duplicate name 'pathwrap'. The duplicate is being renamed to 'pathwrap_0'.
[2025-07-04 13:20:27.939] [warning] GeometryPath 'path' has subcomponents with duplicate name 'pathwrap'. The duplicate is being renamed to 'pathwrap_0'.
[2025-07-04 13:20:27.994] [info] Running tool ''.
